[2024-10-18T08:22:05.589+0000] {processor.py:161} INFO - Started process (PID=48) to work on /home/airflow/.local/lib/python3.12/site-packages/airflow/example_dags/example_short_circuit_operator.py
[2024-10-18T08:22:05.590+0000] {processor.py:830} INFO - Processing file /home/airflow/.local/lib/python3.12/site-packages/airflow/example_dags/example_short_circuit_operator.py for tasks to queue
[2024-10-18T08:22:05.591+0000] {logging_mixin.py:188} INFO - [2024-10-18T08:22:05.591+0000] {dagbag.py:545} INFO - Filling up the DagBag from /home/airflow/.local/lib/python3.12/site-packages/airflow/example_dags/example_short_circuit_operator.py
[2024-10-18T08:22:05.602+0000] {processor.py:840} INFO - DAG(s) 'example_short_circuit_operator' retrieved from /home/airflow/.local/lib/python3.12/site-packages/airflow/example_dags/example_short_circuit_operator.py
[2024-10-18T08:22:05.611+0000] {logging_mixin.py:188} INFO - [2024-10-18T08:22:05.611+0000] {dag.py:3096} INFO - Sync 1 DAGs
[2024-10-18T08:22:05.632+0000] {logging_mixin.py:188} INFO - [2024-10-18T08:22:05.632+0000] {dag.py:3954} INFO - Setting next_dagrun for example_short_circuit_operator to 2024-10-17 00:00:00+00:00, run_after=2024-10-18 00:00:00+00:00
[2024-10-18T08:22:05.648+0000] {processor.py:183} INFO - Processing /home/airflow/.local/lib/python3.12/site-packages/airflow/example_dags/example_short_circuit_operator.py took 0.064 seconds
[2024-10-18T08:22:36.003+0000] {processor.py:161} INFO - Started process (PID=106) to work on /home/airflow/.local/lib/python3.12/site-packages/airflow/example_dags/example_short_circuit_operator.py
[2024-10-18T08:22:36.004+0000] {processor.py:830} INFO - Processing file /home/airflow/.local/lib/python3.12/site-packages/airflow/example_dags/example_short_circuit_operator.py for tasks to queue
[2024-10-18T08:22:36.005+0000] {logging_mixin.py:188} INFO - [2024-10-18T08:22:36.005+0000] {dagbag.py:545} INFO - Filling up the DagBag from /home/airflow/.local/lib/python3.12/site-packages/airflow/example_dags/example_short_circuit_operator.py
[2024-10-18T08:22:36.010+0000] {processor.py:840} INFO - DAG(s) 'example_short_circuit_operator' retrieved from /home/airflow/.local/lib/python3.12/site-packages/airflow/example_dags/example_short_circuit_operator.py
[2024-10-18T08:22:36.079+0000] {logging_mixin.py:188} INFO - [2024-10-18T08:22:36.079+0000] {dag.py:3096} INFO - Sync 1 DAGs
[2024-10-18T08:22:36.092+0000] {logging_mixin.py:188} INFO - [2024-10-18T08:22:36.092+0000] {dag.py:3954} INFO - Setting next_dagrun for example_short_circuit_operator to 2024-10-17 00:00:00+00:00, run_after=2024-10-18 00:00:00+00:00
[2024-10-18T08:22:36.104+0000] {processor.py:183} INFO - Processing /home/airflow/.local/lib/python3.12/site-packages/airflow/example_dags/example_short_circuit_operator.py took 0.106 seconds
[2024-10-18T08:23:06.358+0000] {processor.py:161} INFO - Started process (PID=164) to work on /home/airflow/.local/lib/python3.12/site-packages/airflow/example_dags/example_short_circuit_operator.py
[2024-10-18T08:23:06.359+0000] {processor.py:830} INFO - Processing file /home/airflow/.local/lib/python3.12/site-packages/airflow/example_dags/example_short_circuit_operator.py for tasks to queue
[2024-10-18T08:23:06.360+0000] {logging_mixin.py:188} INFO - [2024-10-18T08:23:06.360+0000] {dagbag.py:545} INFO - Filling up the DagBag from /home/airflow/.local/lib/python3.12/site-packages/airflow/example_dags/example_short_circuit_operator.py
[2024-10-18T08:23:06.365+0000] {processor.py:840} INFO - DAG(s) 'example_short_circuit_operator' retrieved from /home/airflow/.local/lib/python3.12/site-packages/airflow/example_dags/example_short_circuit_operator.py
[2024-10-18T08:23:06.379+0000] {logging_mixin.py:188} INFO - [2024-10-18T08:23:06.379+0000] {dag.py:3096} INFO - Sync 1 DAGs
[2024-10-18T08:23:06.394+0000] {logging_mixin.py:188} INFO - [2024-10-18T08:23:06.394+0000] {dag.py:3954} INFO - Setting next_dagrun for example_short_circuit_operator to 2024-10-17 00:00:00+00:00, run_after=2024-10-18 00:00:00+00:00
[2024-10-18T08:23:06.410+0000] {processor.py:183} INFO - Processing /home/airflow/.local/lib/python3.12/site-packages/airflow/example_dags/example_short_circuit_operator.py took 0.055 seconds
[2024-10-18T08:23:36.471+0000] {processor.py:161} INFO - Started process (PID=222) to work on /home/airflow/.local/lib/python3.12/site-packages/airflow/example_dags/example_short_circuit_operator.py
[2024-10-18T08:23:36.471+0000] {processor.py:830} INFO - Processing file /home/airflow/.local/lib/python3.12/site-packages/airflow/example_dags/example_short_circuit_operator.py for tasks to queue
[2024-10-18T08:23:36.473+0000] {logging_mixin.py:188} INFO - [2024-10-18T08:23:36.472+0000] {dagbag.py:545} INFO - Filling up the DagBag from /home/airflow/.local/lib/python3.12/site-packages/airflow/example_dags/example_short_circuit_operator.py
[2024-10-18T08:23:36.477+0000] {processor.py:840} INFO - DAG(s) 'example_short_circuit_operator' retrieved from /home/airflow/.local/lib/python3.12/site-packages/airflow/example_dags/example_short_circuit_operator.py
[2024-10-18T08:23:36.491+0000] {logging_mixin.py:188} INFO - [2024-10-18T08:23:36.491+0000] {dag.py:3096} INFO - Sync 1 DAGs
[2024-10-18T08:23:36.505+0000] {logging_mixin.py:188} INFO - [2024-10-18T08:23:36.505+0000] {dag.py:3954} INFO - Setting next_dagrun for example_short_circuit_operator to 2024-10-17 00:00:00+00:00, run_after=2024-10-18 00:00:00+00:00
[2024-10-18T08:23:36.521+0000] {processor.py:183} INFO - Processing /home/airflow/.local/lib/python3.12/site-packages/airflow/example_dags/example_short_circuit_operator.py took 0.054 seconds
[2024-10-18T08:24:06.557+0000] {processor.py:161} INFO - Started process (PID=280) to work on /home/airflow/.local/lib/python3.12/site-packages/airflow/example_dags/example_short_circuit_operator.py
[2024-10-18T08:24:06.558+0000] {processor.py:830} INFO - Processing file /home/airflow/.local/lib/python3.12/site-packages/airflow/example_dags/example_short_circuit_operator.py for tasks to queue
[2024-10-18T08:24:06.559+0000] {logging_mixin.py:188} INFO - [2024-10-18T08:24:06.559+0000] {dagbag.py:545} INFO - Filling up the DagBag from /home/airflow/.local/lib/python3.12/site-packages/airflow/example_dags/example_short_circuit_operator.py
[2024-10-18T08:24:06.564+0000] {processor.py:840} INFO - DAG(s) 'example_short_circuit_operator' retrieved from /home/airflow/.local/lib/python3.12/site-packages/airflow/example_dags/example_short_circuit_operator.py
[2024-10-18T08:24:06.578+0000] {logging_mixin.py:188} INFO - [2024-10-18T08:24:06.578+0000] {dag.py:3096} INFO - Sync 1 DAGs
[2024-10-18T08:24:06.592+0000] {logging_mixin.py:188} INFO - [2024-10-18T08:24:06.592+0000] {dag.py:3954} INFO - Setting next_dagrun for example_short_circuit_operator to 2024-10-17 00:00:00+00:00, run_after=2024-10-18 00:00:00+00:00
[2024-10-18T08:24:06.609+0000] {processor.py:183} INFO - Processing /home/airflow/.local/lib/python3.12/site-packages/airflow/example_dags/example_short_circuit_operator.py took 0.056 seconds
[2024-10-18T08:24:36.717+0000] {processor.py:161} INFO - Started process (PID=338) to work on /home/airflow/.local/lib/python3.12/site-packages/airflow/example_dags/example_short_circuit_operator.py
[2024-10-18T08:24:36.718+0000] {processor.py:830} INFO - Processing file /home/airflow/.local/lib/python3.12/site-packages/airflow/example_dags/example_short_circuit_operator.py for tasks to queue
[2024-10-18T08:24:36.719+0000] {logging_mixin.py:188} INFO - [2024-10-18T08:24:36.719+0000] {dagbag.py:545} INFO - Filling up the DagBag from /home/airflow/.local/lib/python3.12/site-packages/airflow/example_dags/example_short_circuit_operator.py
[2024-10-18T08:24:36.724+0000] {processor.py:840} INFO - DAG(s) 'example_short_circuit_operator' retrieved from /home/airflow/.local/lib/python3.12/site-packages/airflow/example_dags/example_short_circuit_operator.py
[2024-10-18T08:24:36.738+0000] {logging_mixin.py:188} INFO - [2024-10-18T08:24:36.738+0000] {dag.py:3096} INFO - Sync 1 DAGs
[2024-10-18T08:24:36.752+0000] {logging_mixin.py:188} INFO - [2024-10-18T08:24:36.752+0000] {dag.py:3954} INFO - Setting next_dagrun for example_short_circuit_operator to 2024-10-17 00:00:00+00:00, run_after=2024-10-18 00:00:00+00:00
[2024-10-18T08:24:36.768+0000] {processor.py:183} INFO - Processing /home/airflow/.local/lib/python3.12/site-packages/airflow/example_dags/example_short_circuit_operator.py took 0.055 seconds
[2024-10-18T08:25:06.897+0000] {processor.py:161} INFO - Started process (PID=396) to work on /home/airflow/.local/lib/python3.12/site-packages/airflow/example_dags/example_short_circuit_operator.py
[2024-10-18T08:25:06.897+0000] {processor.py:830} INFO - Processing file /home/airflow/.local/lib/python3.12/site-packages/airflow/example_dags/example_short_circuit_operator.py for tasks to queue
[2024-10-18T08:25:06.898+0000] {logging_mixin.py:188} INFO - [2024-10-18T08:25:06.898+0000] {dagbag.py:545} INFO - Filling up the DagBag from /home/airflow/.local/lib/python3.12/site-packages/airflow/example_dags/example_short_circuit_operator.py
[2024-10-18T08:25:06.903+0000] {processor.py:840} INFO - DAG(s) 'example_short_circuit_operator' retrieved from /home/airflow/.local/lib/python3.12/site-packages/airflow/example_dags/example_short_circuit_operator.py
[2024-10-18T08:25:06.916+0000] {logging_mixin.py:188} INFO - [2024-10-18T08:25:06.916+0000] {dag.py:3096} INFO - Sync 1 DAGs
[2024-10-18T08:25:06.930+0000] {logging_mixin.py:188} INFO - [2024-10-18T08:25:06.930+0000] {dag.py:3954} INFO - Setting next_dagrun for example_short_circuit_operator to 2024-10-17 00:00:00+00:00, run_after=2024-10-18 00:00:00+00:00
[2024-10-18T08:25:06.946+0000] {processor.py:183} INFO - Processing /home/airflow/.local/lib/python3.12/site-packages/airflow/example_dags/example_short_circuit_operator.py took 0.053 seconds
[2024-10-18T08:25:37.230+0000] {processor.py:161} INFO - Started process (PID=454) to work on /home/airflow/.local/lib/python3.12/site-packages/airflow/example_dags/example_short_circuit_operator.py
[2024-10-18T08:25:37.230+0000] {processor.py:830} INFO - Processing file /home/airflow/.local/lib/python3.12/site-packages/airflow/example_dags/example_short_circuit_operator.py for tasks to queue
[2024-10-18T08:25:37.231+0000] {logging_mixin.py:188} INFO - [2024-10-18T08:25:37.231+0000] {dagbag.py:545} INFO - Filling up the DagBag from /home/airflow/.local/lib/python3.12/site-packages/airflow/example_dags/example_short_circuit_operator.py
[2024-10-18T08:25:37.236+0000] {processor.py:840} INFO - DAG(s) 'example_short_circuit_operator' retrieved from /home/airflow/.local/lib/python3.12/site-packages/airflow/example_dags/example_short_circuit_operator.py
[2024-10-18T08:25:37.250+0000] {logging_mixin.py:188} INFO - [2024-10-18T08:25:37.249+0000] {dag.py:3096} INFO - Sync 1 DAGs
[2024-10-18T08:25:37.264+0000] {logging_mixin.py:188} INFO - [2024-10-18T08:25:37.264+0000] {dag.py:3954} INFO - Setting next_dagrun for example_short_circuit_operator to 2024-10-17 00:00:00+00:00, run_after=2024-10-18 00:00:00+00:00
[2024-10-18T08:25:37.276+0000] {processor.py:183} INFO - Processing /home/airflow/.local/lib/python3.12/site-packages/airflow/example_dags/example_short_circuit_operator.py took 0.050 seconds
[2024-10-18T08:26:07.404+0000] {processor.py:161} INFO - Started process (PID=511) to work on /home/airflow/.local/lib/python3.12/site-packages/airflow/example_dags/example_short_circuit_operator.py
[2024-10-18T08:26:07.405+0000] {processor.py:830} INFO - Processing file /home/airflow/.local/lib/python3.12/site-packages/airflow/example_dags/example_short_circuit_operator.py for tasks to queue
[2024-10-18T08:26:07.406+0000] {logging_mixin.py:188} INFO - [2024-10-18T08:26:07.406+0000] {dagbag.py:545} INFO - Filling up the DagBag from /home/airflow/.local/lib/python3.12/site-packages/airflow/example_dags/example_short_circuit_operator.py
[2024-10-18T08:26:07.410+0000] {processor.py:840} INFO - DAG(s) 'example_short_circuit_operator' retrieved from /home/airflow/.local/lib/python3.12/site-packages/airflow/example_dags/example_short_circuit_operator.py
[2024-10-18T08:26:07.424+0000] {logging_mixin.py:188} INFO - [2024-10-18T08:26:07.424+0000] {dag.py:3096} INFO - Sync 1 DAGs
[2024-10-18T08:26:07.439+0000] {logging_mixin.py:188} INFO - [2024-10-18T08:26:07.439+0000] {dag.py:3954} INFO - Setting next_dagrun for example_short_circuit_operator to 2024-10-17 00:00:00+00:00, run_after=2024-10-18 00:00:00+00:00
[2024-10-18T08:26:07.455+0000] {processor.py:183} INFO - Processing /home/airflow/.local/lib/python3.12/site-packages/airflow/example_dags/example_short_circuit_operator.py took 0.055 seconds
[2024-10-18T08:26:37.609+0000] {processor.py:161} INFO - Started process (PID=575) to work on /home/airflow/.local/lib/python3.12/site-packages/airflow/example_dags/example_short_circuit_operator.py
[2024-10-18T08:26:37.610+0000] {processor.py:830} INFO - Processing file /home/airflow/.local/lib/python3.12/site-packages/airflow/example_dags/example_short_circuit_operator.py for tasks to queue
[2024-10-18T08:26:37.611+0000] {logging_mixin.py:188} INFO - [2024-10-18T08:26:37.611+0000] {dagbag.py:545} INFO - Filling up the DagBag from /home/airflow/.local/lib/python3.12/site-packages/airflow/example_dags/example_short_circuit_operator.py
[2024-10-18T08:26:37.617+0000] {processor.py:840} INFO - DAG(s) 'example_short_circuit_operator' retrieved from /home/airflow/.local/lib/python3.12/site-packages/airflow/example_dags/example_short_circuit_operator.py
[2024-10-18T08:26:37.639+0000] {logging_mixin.py:188} INFO - [2024-10-18T08:26:37.639+0000] {dag.py:3096} INFO - Sync 1 DAGs
[2024-10-18T08:26:37.656+0000] {logging_mixin.py:188} INFO - [2024-10-18T08:26:37.656+0000] {dag.py:3954} INFO - Setting next_dagrun for example_short_circuit_operator to 2024-10-17 00:00:00+00:00, run_after=2024-10-18 00:00:00+00:00
[2024-10-18T08:26:37.669+0000] {processor.py:183} INFO - Processing /home/airflow/.local/lib/python3.12/site-packages/airflow/example_dags/example_short_circuit_operator.py took 0.064 seconds
[2024-10-18T08:31:17.102+0000] {processor.py:161} INFO - Started process (PID=48) to work on /home/airflow/.local/lib/python3.12/site-packages/airflow/example_dags/example_short_circuit_operator.py
[2024-10-18T08:31:17.109+0000] {processor.py:830} INFO - Processing file /home/airflow/.local/lib/python3.12/site-packages/airflow/example_dags/example_short_circuit_operator.py for tasks to queue
[2024-10-18T08:31:17.110+0000] {logging_mixin.py:188} INFO - [2024-10-18T08:31:17.110+0000] {dagbag.py:545} INFO - Filling up the DagBag from /home/airflow/.local/lib/python3.12/site-packages/airflow/example_dags/example_short_circuit_operator.py
[2024-10-18T08:31:17.144+0000] {processor.py:840} INFO - DAG(s) 'example_short_circuit_operator' retrieved from /home/airflow/.local/lib/python3.12/site-packages/airflow/example_dags/example_short_circuit_operator.py
[2024-10-18T08:31:17.166+0000] {logging_mixin.py:188} INFO - [2024-10-18T08:31:17.166+0000] {dag.py:3096} INFO - Sync 1 DAGs
[2024-10-18T08:31:17.205+0000] {logging_mixin.py:188} INFO - [2024-10-18T08:31:17.205+0000] {dag.py:3954} INFO - Setting next_dagrun for example_short_circuit_operator to 2024-10-17 00:00:00+00:00, run_after=2024-10-18 00:00:00+00:00
[2024-10-18T08:31:17.232+0000] {processor.py:183} INFO - Processing /home/airflow/.local/lib/python3.12/site-packages/airflow/example_dags/example_short_circuit_operator.py took 0.151 seconds
[2024-10-18T08:31:48.012+0000] {processor.py:161} INFO - Started process (PID=108) to work on /home/airflow/.local/lib/python3.12/site-packages/airflow/example_dags/example_short_circuit_operator.py
[2024-10-18T08:31:48.013+0000] {processor.py:830} INFO - Processing file /home/airflow/.local/lib/python3.12/site-packages/airflow/example_dags/example_short_circuit_operator.py for tasks to queue
[2024-10-18T08:31:48.014+0000] {logging_mixin.py:188} INFO - [2024-10-18T08:31:48.014+0000] {dagbag.py:545} INFO - Filling up the DagBag from /home/airflow/.local/lib/python3.12/site-packages/airflow/example_dags/example_short_circuit_operator.py
[2024-10-18T08:31:48.019+0000] {processor.py:840} INFO - DAG(s) 'example_short_circuit_operator' retrieved from /home/airflow/.local/lib/python3.12/site-packages/airflow/example_dags/example_short_circuit_operator.py
[2024-10-18T08:31:48.095+0000] {logging_mixin.py:188} INFO - [2024-10-18T08:31:48.094+0000] {dag.py:3096} INFO - Sync 1 DAGs
[2024-10-18T08:31:48.109+0000] {logging_mixin.py:188} INFO - [2024-10-18T08:31:48.109+0000] {dag.py:3954} INFO - Setting next_dagrun for example_short_circuit_operator to 2024-10-17 00:00:00+00:00, run_after=2024-10-18 00:00:00+00:00
[2024-10-18T08:31:48.126+0000] {processor.py:183} INFO - Processing /home/airflow/.local/lib/python3.12/site-packages/airflow/example_dags/example_short_circuit_operator.py took 0.117 seconds
[2024-10-18T08:33:27.018+0000] {processor.py:161} INFO - Started process (PID=40) to work on /home/airflow/.local/lib/python3.12/site-packages/airflow/example_dags/example_short_circuit_operator.py
[2024-10-18T08:33:27.020+0000] {processor.py:830} INFO - Processing file /home/airflow/.local/lib/python3.12/site-packages/airflow/example_dags/example_short_circuit_operator.py for tasks to queue
[2024-10-18T08:33:27.021+0000] {logging_mixin.py:188} INFO - [2024-10-18T08:33:27.021+0000] {dagbag.py:545} INFO - Filling up the DagBag from /home/airflow/.local/lib/python3.12/site-packages/airflow/example_dags/example_short_circuit_operator.py
[2024-10-18T08:33:27.033+0000] {processor.py:840} INFO - DAG(s) 'example_short_circuit_operator' retrieved from /home/airflow/.local/lib/python3.12/site-packages/airflow/example_dags/example_short_circuit_operator.py
[2024-10-18T08:33:27.047+0000] {logging_mixin.py:188} INFO - [2024-10-18T08:33:27.046+0000] {dag.py:3096} INFO - Sync 1 DAGs
[2024-10-18T08:33:27.085+0000] {logging_mixin.py:188} INFO - [2024-10-18T08:33:27.085+0000] {dag.py:3954} INFO - Setting next_dagrun for example_short_circuit_operator to 2024-10-17 00:00:00+00:00, run_after=2024-10-18 00:00:00+00:00
[2024-10-18T08:33:27.107+0000] {processor.py:183} INFO - Processing /home/airflow/.local/lib/python3.12/site-packages/airflow/example_dags/example_short_circuit_operator.py took 0.094 seconds
[2024-10-18T08:35:23.607+0000] {processor.py:161} INFO - Started process (PID=48) to work on /home/airflow/.local/lib/python3.12/site-packages/airflow/example_dags/example_short_circuit_operator.py
[2024-10-18T08:35:23.608+0000] {processor.py:830} INFO - Processing file /home/airflow/.local/lib/python3.12/site-packages/airflow/example_dags/example_short_circuit_operator.py for tasks to queue
[2024-10-18T08:35:23.610+0000] {logging_mixin.py:188} INFO - [2024-10-18T08:35:23.609+0000] {dagbag.py:545} INFO - Filling up the DagBag from /home/airflow/.local/lib/python3.12/site-packages/airflow/example_dags/example_short_circuit_operator.py
[2024-10-18T08:35:23.621+0000] {processor.py:840} INFO - DAG(s) 'example_short_circuit_operator' retrieved from /home/airflow/.local/lib/python3.12/site-packages/airflow/example_dags/example_short_circuit_operator.py
[2024-10-18T08:35:23.633+0000] {logging_mixin.py:188} INFO - [2024-10-18T08:35:23.633+0000] {dag.py:3096} INFO - Sync 1 DAGs
[2024-10-18T08:35:23.655+0000] {logging_mixin.py:188} INFO - [2024-10-18T08:35:23.654+0000] {dag.py:3954} INFO - Setting next_dagrun for example_short_circuit_operator to 2024-10-17 00:00:00+00:00, run_after=2024-10-18 00:00:00+00:00
[2024-10-18T08:35:23.670+0000] {processor.py:183} INFO - Processing /home/airflow/.local/lib/python3.12/site-packages/airflow/example_dags/example_short_circuit_operator.py took 0.069 seconds
[2024-10-18T08:35:53.916+0000] {processor.py:161} INFO - Started process (PID=107) to work on /home/airflow/.local/lib/python3.12/site-packages/airflow/example_dags/example_short_circuit_operator.py
[2024-10-18T08:35:53.917+0000] {processor.py:830} INFO - Processing file /home/airflow/.local/lib/python3.12/site-packages/airflow/example_dags/example_short_circuit_operator.py for tasks to queue
[2024-10-18T08:35:53.918+0000] {logging_mixin.py:188} INFO - [2024-10-18T08:35:53.918+0000] {dagbag.py:545} INFO - Filling up the DagBag from /home/airflow/.local/lib/python3.12/site-packages/airflow/example_dags/example_short_circuit_operator.py
[2024-10-18T08:35:53.923+0000] {processor.py:840} INFO - DAG(s) 'example_short_circuit_operator' retrieved from /home/airflow/.local/lib/python3.12/site-packages/airflow/example_dags/example_short_circuit_operator.py
[2024-10-18T08:35:53.991+0000] {logging_mixin.py:188} INFO - [2024-10-18T08:35:53.990+0000] {dag.py:3096} INFO - Sync 1 DAGs
[2024-10-18T08:35:54.003+0000] {logging_mixin.py:188} INFO - [2024-10-18T08:35:54.003+0000] {dag.py:3954} INFO - Setting next_dagrun for example_short_circuit_operator to 2024-10-17 00:00:00+00:00, run_after=2024-10-18 00:00:00+00:00
[2024-10-18T08:35:54.016+0000] {processor.py:183} INFO - Processing /home/airflow/.local/lib/python3.12/site-packages/airflow/example_dags/example_short_circuit_operator.py took 0.103 seconds
[2024-10-18T08:36:25.022+0000] {processor.py:161} INFO - Started process (PID=166) to work on /home/airflow/.local/lib/python3.12/site-packages/airflow/example_dags/example_short_circuit_operator.py
[2024-10-18T08:36:25.023+0000] {processor.py:830} INFO - Processing file /home/airflow/.local/lib/python3.12/site-packages/airflow/example_dags/example_short_circuit_operator.py for tasks to queue
[2024-10-18T08:36:25.025+0000] {logging_mixin.py:188} INFO - [2024-10-18T08:36:25.024+0000] {dagbag.py:545} INFO - Filling up the DagBag from /home/airflow/.local/lib/python3.12/site-packages/airflow/example_dags/example_short_circuit_operator.py
[2024-10-18T08:36:25.030+0000] {processor.py:840} INFO - DAG(s) 'example_short_circuit_operator' retrieved from /home/airflow/.local/lib/python3.12/site-packages/airflow/example_dags/example_short_circuit_operator.py
[2024-10-18T08:36:25.045+0000] {logging_mixin.py:188} INFO - [2024-10-18T08:36:25.045+0000] {dag.py:3096} INFO - Sync 1 DAGs
[2024-10-18T08:36:25.064+0000] {logging_mixin.py:188} INFO - [2024-10-18T08:36:25.064+0000] {dag.py:3954} INFO - Setting next_dagrun for example_short_circuit_operator to 2024-10-17 00:00:00+00:00, run_after=2024-10-18 00:00:00+00:00
[2024-10-18T08:36:25.081+0000] {processor.py:183} INFO - Processing /home/airflow/.local/lib/python3.12/site-packages/airflow/example_dags/example_short_circuit_operator.py took 0.062 seconds
[2024-10-18T08:36:55.242+0000] {processor.py:161} INFO - Started process (PID=225) to work on /home/airflow/.local/lib/python3.12/site-packages/airflow/example_dags/example_short_circuit_operator.py
[2024-10-18T08:36:55.243+0000] {processor.py:830} INFO - Processing file /home/airflow/.local/lib/python3.12/site-packages/airflow/example_dags/example_short_circuit_operator.py for tasks to queue
[2024-10-18T08:36:55.244+0000] {logging_mixin.py:188} INFO - [2024-10-18T08:36:55.244+0000] {dagbag.py:545} INFO - Filling up the DagBag from /home/airflow/.local/lib/python3.12/site-packages/airflow/example_dags/example_short_circuit_operator.py
[2024-10-18T08:36:55.249+0000] {processor.py:840} INFO - DAG(s) 'example_short_circuit_operator' retrieved from /home/airflow/.local/lib/python3.12/site-packages/airflow/example_dags/example_short_circuit_operator.py
[2024-10-18T08:36:55.266+0000] {logging_mixin.py:188} INFO - [2024-10-18T08:36:55.266+0000] {dag.py:3096} INFO - Sync 1 DAGs
[2024-10-18T08:36:55.282+0000] {logging_mixin.py:188} INFO - [2024-10-18T08:36:55.282+0000] {dag.py:3954} INFO - Setting next_dagrun for example_short_circuit_operator to 2024-10-17 00:00:00+00:00, run_after=2024-10-18 00:00:00+00:00
[2024-10-18T08:36:55.298+0000] {processor.py:183} INFO - Processing /home/airflow/.local/lib/python3.12/site-packages/airflow/example_dags/example_short_circuit_operator.py took 0.060 seconds
[2024-10-18T08:37:25.436+0000] {processor.py:161} INFO - Started process (PID=290) to work on /home/airflow/.local/lib/python3.12/site-packages/airflow/example_dags/example_short_circuit_operator.py
[2024-10-18T08:37:25.437+0000] {processor.py:830} INFO - Processing file /home/airflow/.local/lib/python3.12/site-packages/airflow/example_dags/example_short_circuit_operator.py for tasks to queue
[2024-10-18T08:37:25.438+0000] {logging_mixin.py:188} INFO - [2024-10-18T08:37:25.438+0000] {dagbag.py:545} INFO - Filling up the DagBag from /home/airflow/.local/lib/python3.12/site-packages/airflow/example_dags/example_short_circuit_operator.py
[2024-10-18T08:37:25.443+0000] {processor.py:840} INFO - DAG(s) 'example_short_circuit_operator' retrieved from /home/airflow/.local/lib/python3.12/site-packages/airflow/example_dags/example_short_circuit_operator.py
[2024-10-18T08:37:25.462+0000] {logging_mixin.py:188} INFO - [2024-10-18T08:37:25.462+0000] {dag.py:3096} INFO - Sync 1 DAGs
[2024-10-18T08:37:25.482+0000] {logging_mixin.py:188} INFO - [2024-10-18T08:37:25.482+0000] {dag.py:3954} INFO - Setting next_dagrun for example_short_circuit_operator to 2024-10-17 00:00:00+00:00, run_after=2024-10-18 00:00:00+00:00
[2024-10-18T08:37:25.497+0000] {processor.py:183} INFO - Processing /home/airflow/.local/lib/python3.12/site-packages/airflow/example_dags/example_short_circuit_operator.py took 0.065 seconds
[2024-10-18T08:37:55.777+0000] {processor.py:161} INFO - Started process (PID=349) to work on /home/airflow/.local/lib/python3.12/site-packages/airflow/example_dags/example_short_circuit_operator.py
[2024-10-18T08:37:55.777+0000] {processor.py:830} INFO - Processing file /home/airflow/.local/lib/python3.12/site-packages/airflow/example_dags/example_short_circuit_operator.py for tasks to queue
[2024-10-18T08:37:55.779+0000] {logging_mixin.py:188} INFO - [2024-10-18T08:37:55.778+0000] {dagbag.py:545} INFO - Filling up the DagBag from /home/airflow/.local/lib/python3.12/site-packages/airflow/example_dags/example_short_circuit_operator.py
[2024-10-18T08:37:55.783+0000] {processor.py:840} INFO - DAG(s) 'example_short_circuit_operator' retrieved from /home/airflow/.local/lib/python3.12/site-packages/airflow/example_dags/example_short_circuit_operator.py
[2024-10-18T08:37:55.801+0000] {logging_mixin.py:188} INFO - [2024-10-18T08:37:55.801+0000] {dag.py:3096} INFO - Sync 1 DAGs
[2024-10-18T08:37:55.816+0000] {logging_mixin.py:188} INFO - [2024-10-18T08:37:55.816+0000] {dag.py:3954} INFO - Setting next_dagrun for example_short_circuit_operator to 2024-10-17 00:00:00+00:00, run_after=2024-10-18 00:00:00+00:00
[2024-10-18T08:37:55.828+0000] {processor.py:183} INFO - Processing /home/airflow/.local/lib/python3.12/site-packages/airflow/example_dags/example_short_circuit_operator.py took 0.056 seconds
[2024-10-18T08:38:25.956+0000] {processor.py:161} INFO - Started process (PID=408) to work on /home/airflow/.local/lib/python3.12/site-packages/airflow/example_dags/example_short_circuit_operator.py
[2024-10-18T08:38:25.957+0000] {processor.py:830} INFO - Processing file /home/airflow/.local/lib/python3.12/site-packages/airflow/example_dags/example_short_circuit_operator.py for tasks to queue
[2024-10-18T08:38:25.958+0000] {logging_mixin.py:188} INFO - [2024-10-18T08:38:25.958+0000] {dagbag.py:545} INFO - Filling up the DagBag from /home/airflow/.local/lib/python3.12/site-packages/airflow/example_dags/example_short_circuit_operator.py
[2024-10-18T08:38:25.963+0000] {processor.py:840} INFO - DAG(s) 'example_short_circuit_operator' retrieved from /home/airflow/.local/lib/python3.12/site-packages/airflow/example_dags/example_short_circuit_operator.py
[2024-10-18T08:38:25.979+0000] {logging_mixin.py:188} INFO - [2024-10-18T08:38:25.979+0000] {dag.py:3096} INFO - Sync 1 DAGs
[2024-10-18T08:38:25.994+0000] {logging_mixin.py:188} INFO - [2024-10-18T08:38:25.993+0000] {dag.py:3954} INFO - Setting next_dagrun for example_short_circuit_operator to 2024-10-17 00:00:00+00:00, run_after=2024-10-18 00:00:00+00:00
[2024-10-18T08:38:26.009+0000] {processor.py:183} INFO - Processing /home/airflow/.local/lib/python3.12/site-packages/airflow/example_dags/example_short_circuit_operator.py took 0.057 seconds
[2024-10-18T08:38:56.281+0000] {processor.py:161} INFO - Started process (PID=467) to work on /home/airflow/.local/lib/python3.12/site-packages/airflow/example_dags/example_short_circuit_operator.py
[2024-10-18T08:38:56.281+0000] {processor.py:830} INFO - Processing file /home/airflow/.local/lib/python3.12/site-packages/airflow/example_dags/example_short_circuit_operator.py for tasks to queue
[2024-10-18T08:38:56.283+0000] {logging_mixin.py:188} INFO - [2024-10-18T08:38:56.282+0000] {dagbag.py:545} INFO - Filling up the DagBag from /home/airflow/.local/lib/python3.12/site-packages/airflow/example_dags/example_short_circuit_operator.py
[2024-10-18T08:38:56.287+0000] {processor.py:840} INFO - DAG(s) 'example_short_circuit_operator' retrieved from /home/airflow/.local/lib/python3.12/site-packages/airflow/example_dags/example_short_circuit_operator.py
[2024-10-18T08:38:56.307+0000] {logging_mixin.py:188} INFO - [2024-10-18T08:38:56.306+0000] {dag.py:3096} INFO - Sync 1 DAGs
[2024-10-18T08:38:56.326+0000] {logging_mixin.py:188} INFO - [2024-10-18T08:38:56.326+0000] {dag.py:3954} INFO - Setting next_dagrun for example_short_circuit_operator to 2024-10-17 00:00:00+00:00, run_after=2024-10-18 00:00:00+00:00
[2024-10-18T08:38:56.342+0000] {processor.py:183} INFO - Processing /home/airflow/.local/lib/python3.12/site-packages/airflow/example_dags/example_short_circuit_operator.py took 0.066 seconds
[2024-10-18T08:40:01.695+0000] {processor.py:161} INFO - Started process (PID=47) to work on /home/airflow/.local/lib/python3.12/site-packages/airflow/example_dags/example_short_circuit_operator.py
[2024-10-18T08:40:01.696+0000] {processor.py:830} INFO - Processing file /home/airflow/.local/lib/python3.12/site-packages/airflow/example_dags/example_short_circuit_operator.py for tasks to queue
[2024-10-18T08:40:01.698+0000] {logging_mixin.py:188} INFO - [2024-10-18T08:40:01.697+0000] {dagbag.py:545} INFO - Filling up the DagBag from /home/airflow/.local/lib/python3.12/site-packages/airflow/example_dags/example_short_circuit_operator.py
[2024-10-18T08:40:01.709+0000] {processor.py:840} INFO - DAG(s) 'example_short_circuit_operator' retrieved from /home/airflow/.local/lib/python3.12/site-packages/airflow/example_dags/example_short_circuit_operator.py
[2024-10-18T08:40:01.719+0000] {logging_mixin.py:188} INFO - [2024-10-18T08:40:01.719+0000] {dag.py:3096} INFO - Sync 1 DAGs
[2024-10-18T08:40:01.740+0000] {logging_mixin.py:188} INFO - [2024-10-18T08:40:01.740+0000] {dag.py:3954} INFO - Setting next_dagrun for example_short_circuit_operator to 2024-10-17 00:00:00+00:00, run_after=2024-10-18 00:00:00+00:00
[2024-10-18T08:40:01.756+0000] {processor.py:183} INFO - Processing /home/airflow/.local/lib/python3.12/site-packages/airflow/example_dags/example_short_circuit_operator.py took 0.067 seconds
[2024-10-18T08:40:32.196+0000] {processor.py:161} INFO - Started process (PID=118) to work on /home/airflow/.local/lib/python3.12/site-packages/airflow/example_dags/example_short_circuit_operator.py
[2024-10-18T08:40:32.196+0000] {processor.py:830} INFO - Processing file /home/airflow/.local/lib/python3.12/site-packages/airflow/example_dags/example_short_circuit_operator.py for tasks to queue
[2024-10-18T08:40:32.197+0000] {logging_mixin.py:188} INFO - [2024-10-18T08:40:32.197+0000] {dagbag.py:545} INFO - Filling up the DagBag from /home/airflow/.local/lib/python3.12/site-packages/airflow/example_dags/example_short_circuit_operator.py
[2024-10-18T08:40:32.202+0000] {processor.py:840} INFO - DAG(s) 'example_short_circuit_operator' retrieved from /home/airflow/.local/lib/python3.12/site-packages/airflow/example_dags/example_short_circuit_operator.py
[2024-10-18T08:40:32.302+0000] {logging_mixin.py:188} INFO - [2024-10-18T08:40:32.301+0000] {dag.py:3096} INFO - Sync 1 DAGs
[2024-10-18T08:40:32.320+0000] {logging_mixin.py:188} INFO - [2024-10-18T08:40:32.320+0000] {dag.py:3954} INFO - Setting next_dagrun for example_short_circuit_operator to 2024-10-17 00:00:00+00:00, run_after=2024-10-18 00:00:00+00:00
[2024-10-18T08:40:32.337+0000] {processor.py:183} INFO - Processing /home/airflow/.local/lib/python3.12/site-packages/airflow/example_dags/example_short_circuit_operator.py took 0.145 seconds
[2024-10-18T08:41:02.789+0000] {processor.py:161} INFO - Started process (PID=177) to work on /home/airflow/.local/lib/python3.12/site-packages/airflow/example_dags/example_short_circuit_operator.py
[2024-10-18T08:41:02.790+0000] {processor.py:830} INFO - Processing file /home/airflow/.local/lib/python3.12/site-packages/airflow/example_dags/example_short_circuit_operator.py for tasks to queue
[2024-10-18T08:41:02.791+0000] {logging_mixin.py:188} INFO - [2024-10-18T08:41:02.791+0000] {dagbag.py:545} INFO - Filling up the DagBag from /home/airflow/.local/lib/python3.12/site-packages/airflow/example_dags/example_short_circuit_operator.py
[2024-10-18T08:41:02.796+0000] {processor.py:840} INFO - DAG(s) 'example_short_circuit_operator' retrieved from /home/airflow/.local/lib/python3.12/site-packages/airflow/example_dags/example_short_circuit_operator.py
[2024-10-18T08:41:02.811+0000] {logging_mixin.py:188} INFO - [2024-10-18T08:41:02.811+0000] {dag.py:3096} INFO - Sync 1 DAGs
[2024-10-18T08:41:02.825+0000] {logging_mixin.py:188} INFO - [2024-10-18T08:41:02.825+0000] {dag.py:3954} INFO - Setting next_dagrun for example_short_circuit_operator to 2024-10-17 00:00:00+00:00, run_after=2024-10-18 00:00:00+00:00
[2024-10-18T08:41:02.837+0000] {processor.py:183} INFO - Processing /home/airflow/.local/lib/python3.12/site-packages/airflow/example_dags/example_short_circuit_operator.py took 0.052 seconds
