[2024-10-18T08:22:08.165+0000] {processor.py:161} INFO - Started process (PID=92) to work on /home/airflow/.local/lib/python3.12/site-packages/airflow/example_dags/example_short_circuit_decorator.py
[2024-10-18T08:22:08.166+0000] {processor.py:830} INFO - Processing file /home/airflow/.local/lib/python3.12/site-packages/airflow/example_dags/example_short_circuit_decorator.py for tasks to queue
[2024-10-18T08:22:08.167+0000] {logging_mixin.py:188} INFO - [2024-10-18T08:22:08.167+0000] {dagbag.py:545} INFO - Filling up the DagBag from /home/airflow/.local/lib/python3.12/site-packages/airflow/example_dags/example_short_circuit_decorator.py
[2024-10-18T08:22:08.177+0000] {processor.py:840} INFO - DAG(s) 'example_short_circuit_decorator' retrieved from /home/airflow/.local/lib/python3.12/site-packages/airflow/example_dags/example_short_circuit_decorator.py
[2024-10-18T08:22:08.196+0000] {logging_mixin.py:188} INFO - [2024-10-18T08:22:08.195+0000] {dag.py:3096} INFO - Sync 1 DAGs
[2024-10-18T08:22:08.230+0000] {logging_mixin.py:188} INFO - [2024-10-18T08:22:08.230+0000] {dag.py:3954} INFO - Setting next_dagrun for example_short_circuit_decorator to 2024-10-17 00:00:00+00:00, run_after=2024-10-18 00:00:00+00:00
[2024-10-18T08:22:08.263+0000] {processor.py:183} INFO - Processing /home/airflow/.local/lib/python3.12/site-packages/airflow/example_dags/example_short_circuit_decorator.py took 0.105 seconds
[2024-10-18T08:22:38.733+0000] {processor.py:161} INFO - Started process (PID=150) to work on /home/airflow/.local/lib/python3.12/site-packages/airflow/example_dags/example_short_circuit_decorator.py
[2024-10-18T08:22:38.733+0000] {processor.py:830} INFO - Processing file /home/airflow/.local/lib/python3.12/site-packages/airflow/example_dags/example_short_circuit_decorator.py for tasks to queue
[2024-10-18T08:22:38.734+0000] {logging_mixin.py:188} INFO - [2024-10-18T08:22:38.734+0000] {dagbag.py:545} INFO - Filling up the DagBag from /home/airflow/.local/lib/python3.12/site-packages/airflow/example_dags/example_short_circuit_decorator.py
[2024-10-18T08:22:38.739+0000] {processor.py:840} INFO - DAG(s) 'example_short_circuit_decorator' retrieved from /home/airflow/.local/lib/python3.12/site-packages/airflow/example_dags/example_short_circuit_decorator.py
[2024-10-18T08:22:38.804+0000] {logging_mixin.py:188} INFO - [2024-10-18T08:22:38.804+0000] {dag.py:3096} INFO - Sync 1 DAGs
[2024-10-18T08:22:38.821+0000] {logging_mixin.py:188} INFO - [2024-10-18T08:22:38.821+0000] {dag.py:3954} INFO - Setting next_dagrun for example_short_circuit_decorator to 2024-10-17 00:00:00+00:00, run_after=2024-10-18 00:00:00+00:00
[2024-10-18T08:22:38.835+0000] {processor.py:183} INFO - Processing /home/airflow/.local/lib/python3.12/site-packages/airflow/example_dags/example_short_circuit_decorator.py took 0.106 seconds
[2024-10-18T08:23:08.902+0000] {processor.py:161} INFO - Started process (PID=208) to work on /home/airflow/.local/lib/python3.12/site-packages/airflow/example_dags/example_short_circuit_decorator.py
[2024-10-18T08:23:08.903+0000] {processor.py:830} INFO - Processing file /home/airflow/.local/lib/python3.12/site-packages/airflow/example_dags/example_short_circuit_decorator.py for tasks to queue
[2024-10-18T08:23:08.905+0000] {logging_mixin.py:188} INFO - [2024-10-18T08:23:08.904+0000] {dagbag.py:545} INFO - Filling up the DagBag from /home/airflow/.local/lib/python3.12/site-packages/airflow/example_dags/example_short_circuit_decorator.py
[2024-10-18T08:23:08.912+0000] {processor.py:840} INFO - DAG(s) 'example_short_circuit_decorator' retrieved from /home/airflow/.local/lib/python3.12/site-packages/airflow/example_dags/example_short_circuit_decorator.py
[2024-10-18T08:23:08.933+0000] {logging_mixin.py:188} INFO - [2024-10-18T08:23:08.933+0000] {dag.py:3096} INFO - Sync 1 DAGs
[2024-10-18T08:23:08.955+0000] {logging_mixin.py:188} INFO - [2024-10-18T08:23:08.955+0000] {dag.py:3954} INFO - Setting next_dagrun for example_short_circuit_decorator to 2024-10-17 00:00:00+00:00, run_after=2024-10-18 00:00:00+00:00
[2024-10-18T08:23:08.972+0000] {processor.py:183} INFO - Processing /home/airflow/.local/lib/python3.12/site-packages/airflow/example_dags/example_short_circuit_decorator.py took 0.075 seconds
[2024-10-18T08:23:39.802+0000] {processor.py:161} INFO - Started process (PID=266) to work on /home/airflow/.local/lib/python3.12/site-packages/airflow/example_dags/example_short_circuit_decorator.py
[2024-10-18T08:23:39.803+0000] {processor.py:830} INFO - Processing file /home/airflow/.local/lib/python3.12/site-packages/airflow/example_dags/example_short_circuit_decorator.py for tasks to queue
[2024-10-18T08:23:39.804+0000] {logging_mixin.py:188} INFO - [2024-10-18T08:23:39.804+0000] {dagbag.py:545} INFO - Filling up the DagBag from /home/airflow/.local/lib/python3.12/site-packages/airflow/example_dags/example_short_circuit_decorator.py
[2024-10-18T08:23:39.809+0000] {processor.py:840} INFO - DAG(s) 'example_short_circuit_decorator' retrieved from /home/airflow/.local/lib/python3.12/site-packages/airflow/example_dags/example_short_circuit_decorator.py
[2024-10-18T08:23:39.823+0000] {logging_mixin.py:188} INFO - [2024-10-18T08:23:39.823+0000] {dag.py:3096} INFO - Sync 1 DAGs
[2024-10-18T08:23:39.838+0000] {logging_mixin.py:188} INFO - [2024-10-18T08:23:39.838+0000] {dag.py:3954} INFO - Setting next_dagrun for example_short_circuit_decorator to 2024-10-17 00:00:00+00:00, run_after=2024-10-18 00:00:00+00:00
[2024-10-18T08:23:39.850+0000] {processor.py:183} INFO - Processing /home/airflow/.local/lib/python3.12/site-packages/airflow/example_dags/example_short_circuit_decorator.py took 0.052 seconds
[2024-10-18T08:24:09.908+0000] {processor.py:161} INFO - Started process (PID=324) to work on /home/airflow/.local/lib/python3.12/site-packages/airflow/example_dags/example_short_circuit_decorator.py
[2024-10-18T08:24:09.909+0000] {processor.py:830} INFO - Processing file /home/airflow/.local/lib/python3.12/site-packages/airflow/example_dags/example_short_circuit_decorator.py for tasks to queue
[2024-10-18T08:24:09.910+0000] {logging_mixin.py:188} INFO - [2024-10-18T08:24:09.910+0000] {dagbag.py:545} INFO - Filling up the DagBag from /home/airflow/.local/lib/python3.12/site-packages/airflow/example_dags/example_short_circuit_decorator.py
[2024-10-18T08:24:09.916+0000] {processor.py:840} INFO - DAG(s) 'example_short_circuit_decorator' retrieved from /home/airflow/.local/lib/python3.12/site-packages/airflow/example_dags/example_short_circuit_decorator.py
[2024-10-18T08:24:09.930+0000] {logging_mixin.py:188} INFO - [2024-10-18T08:24:09.930+0000] {dag.py:3096} INFO - Sync 1 DAGs
[2024-10-18T08:24:09.945+0000] {logging_mixin.py:188} INFO - [2024-10-18T08:24:09.945+0000] {dag.py:3954} INFO - Setting next_dagrun for example_short_circuit_decorator to 2024-10-17 00:00:00+00:00, run_after=2024-10-18 00:00:00+00:00
[2024-10-18T08:24:09.964+0000] {processor.py:183} INFO - Processing /home/airflow/.local/lib/python3.12/site-packages/airflow/example_dags/example_short_circuit_decorator.py took 0.060 seconds
[2024-10-18T08:24:40.165+0000] {processor.py:161} INFO - Started process (PID=382) to work on /home/airflow/.local/lib/python3.12/site-packages/airflow/example_dags/example_short_circuit_decorator.py
[2024-10-18T08:24:40.166+0000] {processor.py:830} INFO - Processing file /home/airflow/.local/lib/python3.12/site-packages/airflow/example_dags/example_short_circuit_decorator.py for tasks to queue
[2024-10-18T08:24:40.167+0000] {logging_mixin.py:188} INFO - [2024-10-18T08:24:40.167+0000] {dagbag.py:545} INFO - Filling up the DagBag from /home/airflow/.local/lib/python3.12/site-packages/airflow/example_dags/example_short_circuit_decorator.py
[2024-10-18T08:24:40.172+0000] {processor.py:840} INFO - DAG(s) 'example_short_circuit_decorator' retrieved from /home/airflow/.local/lib/python3.12/site-packages/airflow/example_dags/example_short_circuit_decorator.py
[2024-10-18T08:24:40.187+0000] {logging_mixin.py:188} INFO - [2024-10-18T08:24:40.186+0000] {dag.py:3096} INFO - Sync 1 DAGs
[2024-10-18T08:24:40.200+0000] {logging_mixin.py:188} INFO - [2024-10-18T08:24:40.200+0000] {dag.py:3954} INFO - Setting next_dagrun for example_short_circuit_decorator to 2024-10-17 00:00:00+00:00, run_after=2024-10-18 00:00:00+00:00
[2024-10-18T08:24:40.212+0000] {processor.py:183} INFO - Processing /home/airflow/.local/lib/python3.12/site-packages/airflow/example_dags/example_short_circuit_decorator.py took 0.051 seconds
[2024-10-18T08:25:10.438+0000] {processor.py:161} INFO - Started process (PID=440) to work on /home/airflow/.local/lib/python3.12/site-packages/airflow/example_dags/example_short_circuit_decorator.py
[2024-10-18T08:25:10.439+0000] {processor.py:830} INFO - Processing file /home/airflow/.local/lib/python3.12/site-packages/airflow/example_dags/example_short_circuit_decorator.py for tasks to queue
[2024-10-18T08:25:10.440+0000] {logging_mixin.py:188} INFO - [2024-10-18T08:25:10.440+0000] {dagbag.py:545} INFO - Filling up the DagBag from /home/airflow/.local/lib/python3.12/site-packages/airflow/example_dags/example_short_circuit_decorator.py
[2024-10-18T08:25:10.445+0000] {processor.py:840} INFO - DAG(s) 'example_short_circuit_decorator' retrieved from /home/airflow/.local/lib/python3.12/site-packages/airflow/example_dags/example_short_circuit_decorator.py
[2024-10-18T08:25:10.460+0000] {logging_mixin.py:188} INFO - [2024-10-18T08:25:10.459+0000] {dag.py:3096} INFO - Sync 1 DAGs
[2024-10-18T08:25:10.474+0000] {logging_mixin.py:188} INFO - [2024-10-18T08:25:10.474+0000] {dag.py:3954} INFO - Setting next_dagrun for example_short_circuit_decorator to 2024-10-17 00:00:00+00:00, run_after=2024-10-18 00:00:00+00:00
[2024-10-18T08:25:10.490+0000] {processor.py:183} INFO - Processing /home/airflow/.local/lib/python3.12/site-packages/airflow/example_dags/example_short_circuit_decorator.py took 0.055 seconds
[2024-10-18T08:25:40.592+0000] {processor.py:161} INFO - Started process (PID=497) to work on /home/airflow/.local/lib/python3.12/site-packages/airflow/example_dags/example_short_circuit_decorator.py
[2024-10-18T08:25:40.593+0000] {processor.py:830} INFO - Processing file /home/airflow/.local/lib/python3.12/site-packages/airflow/example_dags/example_short_circuit_decorator.py for tasks to queue
[2024-10-18T08:25:40.594+0000] {logging_mixin.py:188} INFO - [2024-10-18T08:25:40.593+0000] {dagbag.py:545} INFO - Filling up the DagBag from /home/airflow/.local/lib/python3.12/site-packages/airflow/example_dags/example_short_circuit_decorator.py
[2024-10-18T08:25:40.599+0000] {processor.py:840} INFO - DAG(s) 'example_short_circuit_decorator' retrieved from /home/airflow/.local/lib/python3.12/site-packages/airflow/example_dags/example_short_circuit_decorator.py
[2024-10-18T08:25:40.617+0000] {logging_mixin.py:188} INFO - [2024-10-18T08:25:40.617+0000] {dag.py:3096} INFO - Sync 1 DAGs
[2024-10-18T08:25:40.635+0000] {logging_mixin.py:188} INFO - [2024-10-18T08:25:40.635+0000] {dag.py:3954} INFO - Setting next_dagrun for example_short_circuit_decorator to 2024-10-17 00:00:00+00:00, run_after=2024-10-18 00:00:00+00:00
[2024-10-18T08:25:40.651+0000] {processor.py:183} INFO - Processing /home/airflow/.local/lib/python3.12/site-packages/airflow/example_dags/example_short_circuit_decorator.py took 0.063 seconds
[2024-10-18T08:26:10.877+0000] {processor.py:161} INFO - Started process (PID=555) to work on /home/airflow/.local/lib/python3.12/site-packages/airflow/example_dags/example_short_circuit_decorator.py
[2024-10-18T08:26:10.878+0000] {processor.py:830} INFO - Processing file /home/airflow/.local/lib/python3.12/site-packages/airflow/example_dags/example_short_circuit_decorator.py for tasks to queue
[2024-10-18T08:26:10.879+0000] {logging_mixin.py:188} INFO - [2024-10-18T08:26:10.879+0000] {dagbag.py:545} INFO - Filling up the DagBag from /home/airflow/.local/lib/python3.12/site-packages/airflow/example_dags/example_short_circuit_decorator.py
[2024-10-18T08:26:10.885+0000] {processor.py:840} INFO - DAG(s) 'example_short_circuit_decorator' retrieved from /home/airflow/.local/lib/python3.12/site-packages/airflow/example_dags/example_short_circuit_decorator.py
[2024-10-18T08:26:10.899+0000] {logging_mixin.py:188} INFO - [2024-10-18T08:26:10.899+0000] {dag.py:3096} INFO - Sync 1 DAGs
[2024-10-18T08:26:10.913+0000] {logging_mixin.py:188} INFO - [2024-10-18T08:26:10.913+0000] {dag.py:3954} INFO - Setting next_dagrun for example_short_circuit_decorator to 2024-10-17 00:00:00+00:00, run_after=2024-10-18 00:00:00+00:00
[2024-10-18T08:26:10.926+0000] {processor.py:183} INFO - Processing /home/airflow/.local/lib/python3.12/site-packages/airflow/example_dags/example_short_circuit_decorator.py took 0.052 seconds
[2024-10-18T08:26:40.951+0000] {processor.py:161} INFO - Started process (PID=613) to work on /home/airflow/.local/lib/python3.12/site-packages/airflow/example_dags/example_short_circuit_decorator.py
[2024-10-18T08:26:40.952+0000] {processor.py:830} INFO - Processing file /home/airflow/.local/lib/python3.12/site-packages/airflow/example_dags/example_short_circuit_decorator.py for tasks to queue
[2024-10-18T08:26:40.953+0000] {logging_mixin.py:188} INFO - [2024-10-18T08:26:40.953+0000] {dagbag.py:545} INFO - Filling up the DagBag from /home/airflow/.local/lib/python3.12/site-packages/airflow/example_dags/example_short_circuit_decorator.py
[2024-10-18T08:26:40.958+0000] {processor.py:840} INFO - DAG(s) 'example_short_circuit_decorator' retrieved from /home/airflow/.local/lib/python3.12/site-packages/airflow/example_dags/example_short_circuit_decorator.py
[2024-10-18T08:26:40.975+0000] {logging_mixin.py:188} INFO - [2024-10-18T08:26:40.975+0000] {dag.py:3096} INFO - Sync 1 DAGs
[2024-10-18T08:26:40.992+0000] {logging_mixin.py:188} INFO - [2024-10-18T08:26:40.992+0000] {dag.py:3954} INFO - Setting next_dagrun for example_short_circuit_decorator to 2024-10-17 00:00:00+00:00, run_after=2024-10-18 00:00:00+00:00
[2024-10-18T08:26:41.004+0000] {processor.py:183} INFO - Processing /home/airflow/.local/lib/python3.12/site-packages/airflow/example_dags/example_short_circuit_decorator.py took 0.057 seconds
[2024-10-18T08:31:19.979+0000] {processor.py:161} INFO - Started process (PID=93) to work on /home/airflow/.local/lib/python3.12/site-packages/airflow/example_dags/example_short_circuit_decorator.py
[2024-10-18T08:31:19.983+0000] {processor.py:830} INFO - Processing file /home/airflow/.local/lib/python3.12/site-packages/airflow/example_dags/example_short_circuit_decorator.py for tasks to queue
[2024-10-18T08:31:19.984+0000] {logging_mixin.py:188} INFO - [2024-10-18T08:31:19.984+0000] {dagbag.py:545} INFO - Filling up the DagBag from /home/airflow/.local/lib/python3.12/site-packages/airflow/example_dags/example_short_circuit_decorator.py
[2024-10-18T08:31:20.000+0000] {processor.py:840} INFO - DAG(s) 'example_short_circuit_decorator' retrieved from /home/airflow/.local/lib/python3.12/site-packages/airflow/example_dags/example_short_circuit_decorator.py
[2024-10-18T08:31:20.017+0000] {logging_mixin.py:188} INFO - [2024-10-18T08:31:20.016+0000] {dag.py:3096} INFO - Sync 1 DAGs
[2024-10-18T08:31:20.039+0000] {logging_mixin.py:188} INFO - [2024-10-18T08:31:20.038+0000] {dag.py:3954} INFO - Setting next_dagrun for example_short_circuit_decorator to 2024-10-17 00:00:00+00:00, run_after=2024-10-18 00:00:00+00:00
[2024-10-18T08:31:20.058+0000] {processor.py:183} INFO - Processing /home/airflow/.local/lib/python3.12/site-packages/airflow/example_dags/example_short_circuit_decorator.py took 0.084 seconds
[2024-10-18T08:31:51.201+0000] {processor.py:161} INFO - Started process (PID=152) to work on /home/airflow/.local/lib/python3.12/site-packages/airflow/example_dags/example_short_circuit_decorator.py
[2024-10-18T08:31:51.202+0000] {processor.py:830} INFO - Processing file /home/airflow/.local/lib/python3.12/site-packages/airflow/example_dags/example_short_circuit_decorator.py for tasks to queue
[2024-10-18T08:31:51.203+0000] {logging_mixin.py:188} INFO - [2024-10-18T08:31:51.203+0000] {dagbag.py:545} INFO - Filling up the DagBag from /home/airflow/.local/lib/python3.12/site-packages/airflow/example_dags/example_short_circuit_decorator.py
[2024-10-18T08:31:51.209+0000] {processor.py:840} INFO - DAG(s) 'example_short_circuit_decorator' retrieved from /home/airflow/.local/lib/python3.12/site-packages/airflow/example_dags/example_short_circuit_decorator.py
[2024-10-18T08:31:51.279+0000] {logging_mixin.py:188} INFO - [2024-10-18T08:31:51.279+0000] {dag.py:3096} INFO - Sync 1 DAGs
[2024-10-18T08:31:51.292+0000] {logging_mixin.py:188} INFO - [2024-10-18T08:31:51.292+0000] {dag.py:3954} INFO - Setting next_dagrun for example_short_circuit_decorator to 2024-10-17 00:00:00+00:00, run_after=2024-10-18 00:00:00+00:00
[2024-10-18T08:31:51.308+0000] {processor.py:183} INFO - Processing /home/airflow/.local/lib/python3.12/site-packages/airflow/example_dags/example_short_circuit_decorator.py took 0.111 seconds
[2024-10-18T08:33:29.103+0000] {processor.py:161} INFO - Started process (PID=78) to work on /home/airflow/.local/lib/python3.12/site-packages/airflow/example_dags/example_short_circuit_decorator.py
[2024-10-18T08:33:29.104+0000] {processor.py:830} INFO - Processing file /home/airflow/.local/lib/python3.12/site-packages/airflow/example_dags/example_short_circuit_decorator.py for tasks to queue
[2024-10-18T08:33:29.105+0000] {logging_mixin.py:188} INFO - [2024-10-18T08:33:29.105+0000] {dagbag.py:545} INFO - Filling up the DagBag from /home/airflow/.local/lib/python3.12/site-packages/airflow/example_dags/example_short_circuit_decorator.py
[2024-10-18T08:33:29.113+0000] {processor.py:840} INFO - DAG(s) 'example_short_circuit_decorator' retrieved from /home/airflow/.local/lib/python3.12/site-packages/airflow/example_dags/example_short_circuit_decorator.py
[2024-10-18T08:33:29.125+0000] {logging_mixin.py:188} INFO - [2024-10-18T08:33:29.123+0000] {dag.py:3096} INFO - Sync 1 DAGs
[2024-10-18T08:33:29.146+0000] {logging_mixin.py:188} INFO - [2024-10-18T08:33:29.146+0000] {dag.py:3954} INFO - Setting next_dagrun for example_short_circuit_decorator to 2024-10-17 00:00:00+00:00, run_after=2024-10-18 00:00:00+00:00
[2024-10-18T08:33:29.164+0000] {processor.py:183} INFO - Processing /home/airflow/.local/lib/python3.12/site-packages/airflow/example_dags/example_short_circuit_decorator.py took 0.066 seconds
[2024-10-18T08:35:25.946+0000] {processor.py:161} INFO - Started process (PID=92) to work on /home/airflow/.local/lib/python3.12/site-packages/airflow/example_dags/example_short_circuit_decorator.py
[2024-10-18T08:35:25.948+0000] {processor.py:830} INFO - Processing file /home/airflow/.local/lib/python3.12/site-packages/airflow/example_dags/example_short_circuit_decorator.py for tasks to queue
[2024-10-18T08:35:25.951+0000] {logging_mixin.py:188} INFO - [2024-10-18T08:35:25.951+0000] {dagbag.py:545} INFO - Filling up the DagBag from /home/airflow/.local/lib/python3.12/site-packages/airflow/example_dags/example_short_circuit_decorator.py
[2024-10-18T08:35:25.965+0000] {processor.py:840} INFO - DAG(s) 'example_short_circuit_decorator' retrieved from /home/airflow/.local/lib/python3.12/site-packages/airflow/example_dags/example_short_circuit_decorator.py
[2024-10-18T08:35:25.982+0000] {logging_mixin.py:188} INFO - [2024-10-18T08:35:25.982+0000] {dag.py:3096} INFO - Sync 1 DAGs
[2024-10-18T08:35:26.033+0000] {logging_mixin.py:188} INFO - [2024-10-18T08:35:26.032+0000] {dag.py:3954} INFO - Setting next_dagrun for example_short_circuit_decorator to 2024-10-17 00:00:00+00:00, run_after=2024-10-18 00:00:00+00:00
[2024-10-18T08:35:26.078+0000] {processor.py:183} INFO - Processing /home/airflow/.local/lib/python3.12/site-packages/airflow/example_dags/example_short_circuit_decorator.py took 0.137 seconds
[2024-10-18T08:35:57.054+0000] {processor.py:161} INFO - Started process (PID=151) to work on /home/airflow/.local/lib/python3.12/site-packages/airflow/example_dags/example_short_circuit_decorator.py
[2024-10-18T08:35:57.055+0000] {processor.py:830} INFO - Processing file /home/airflow/.local/lib/python3.12/site-packages/airflow/example_dags/example_short_circuit_decorator.py for tasks to queue
[2024-10-18T08:35:57.056+0000] {logging_mixin.py:188} INFO - [2024-10-18T08:35:57.056+0000] {dagbag.py:545} INFO - Filling up the DagBag from /home/airflow/.local/lib/python3.12/site-packages/airflow/example_dags/example_short_circuit_decorator.py
[2024-10-18T08:35:57.061+0000] {processor.py:840} INFO - DAG(s) 'example_short_circuit_decorator' retrieved from /home/airflow/.local/lib/python3.12/site-packages/airflow/example_dags/example_short_circuit_decorator.py
[2024-10-18T08:35:57.141+0000] {logging_mixin.py:188} INFO - [2024-10-18T08:35:57.141+0000] {dag.py:3096} INFO - Sync 1 DAGs
[2024-10-18T08:35:57.160+0000] {logging_mixin.py:188} INFO - [2024-10-18T08:35:57.160+0000] {dag.py:3954} INFO - Setting next_dagrun for example_short_circuit_decorator to 2024-10-17 00:00:00+00:00, run_after=2024-10-18 00:00:00+00:00
[2024-10-18T08:35:57.181+0000] {processor.py:183} INFO - Processing /home/airflow/.local/lib/python3.12/site-packages/airflow/example_dags/example_short_circuit_decorator.py took 0.130 seconds
[2024-10-18T08:36:27.697+0000] {processor.py:161} INFO - Started process (PID=210) to work on /home/airflow/.local/lib/python3.12/site-packages/airflow/example_dags/example_short_circuit_decorator.py
[2024-10-18T08:36:27.698+0000] {processor.py:830} INFO - Processing file /home/airflow/.local/lib/python3.12/site-packages/airflow/example_dags/example_short_circuit_decorator.py for tasks to queue
[2024-10-18T08:36:27.699+0000] {logging_mixin.py:188} INFO - [2024-10-18T08:36:27.699+0000] {dagbag.py:545} INFO - Filling up the DagBag from /home/airflow/.local/lib/python3.12/site-packages/airflow/example_dags/example_short_circuit_decorator.py
[2024-10-18T08:36:27.707+0000] {processor.py:840} INFO - DAG(s) 'example_short_circuit_decorator' retrieved from /home/airflow/.local/lib/python3.12/site-packages/airflow/example_dags/example_short_circuit_decorator.py
[2024-10-18T08:36:27.727+0000] {logging_mixin.py:188} INFO - [2024-10-18T08:36:27.727+0000] {dag.py:3096} INFO - Sync 1 DAGs
[2024-10-18T08:36:27.746+0000] {logging_mixin.py:188} INFO - [2024-10-18T08:36:27.746+0000] {dag.py:3954} INFO - Setting next_dagrun for example_short_circuit_decorator to 2024-10-17 00:00:00+00:00, run_after=2024-10-18 00:00:00+00:00
[2024-10-18T08:36:27.762+0000] {processor.py:183} INFO - Processing /home/airflow/.local/lib/python3.12/site-packages/airflow/example_dags/example_short_circuit_decorator.py took 0.070 seconds
[2024-10-18T08:36:58.661+0000] {processor.py:161} INFO - Started process (PID=269) to work on /home/airflow/.local/lib/python3.12/site-packages/airflow/example_dags/example_short_circuit_decorator.py
[2024-10-18T08:36:58.662+0000] {processor.py:830} INFO - Processing file /home/airflow/.local/lib/python3.12/site-packages/airflow/example_dags/example_short_circuit_decorator.py for tasks to queue
[2024-10-18T08:36:58.664+0000] {logging_mixin.py:188} INFO - [2024-10-18T08:36:58.663+0000] {dagbag.py:545} INFO - Filling up the DagBag from /home/airflow/.local/lib/python3.12/site-packages/airflow/example_dags/example_short_circuit_decorator.py
[2024-10-18T08:36:58.672+0000] {processor.py:840} INFO - DAG(s) 'example_short_circuit_decorator' retrieved from /home/airflow/.local/lib/python3.12/site-packages/airflow/example_dags/example_short_circuit_decorator.py
[2024-10-18T08:36:58.692+0000] {logging_mixin.py:188} INFO - [2024-10-18T08:36:58.692+0000] {dag.py:3096} INFO - Sync 1 DAGs
[2024-10-18T08:36:58.706+0000] {logging_mixin.py:188} INFO - [2024-10-18T08:36:58.706+0000] {dag.py:3954} INFO - Setting next_dagrun for example_short_circuit_decorator to 2024-10-17 00:00:00+00:00, run_after=2024-10-18 00:00:00+00:00
[2024-10-18T08:36:58.719+0000] {processor.py:183} INFO - Processing /home/airflow/.local/lib/python3.12/site-packages/airflow/example_dags/example_short_circuit_decorator.py took 0.063 seconds
[2024-10-18T08:37:29.052+0000] {processor.py:161} INFO - Started process (PID=328) to work on /home/airflow/.local/lib/python3.12/site-packages/airflow/example_dags/example_short_circuit_decorator.py
[2024-10-18T08:37:29.053+0000] {processor.py:830} INFO - Processing file /home/airflow/.local/lib/python3.12/site-packages/airflow/example_dags/example_short_circuit_decorator.py for tasks to queue
[2024-10-18T08:37:29.054+0000] {logging_mixin.py:188} INFO - [2024-10-18T08:37:29.054+0000] {dagbag.py:545} INFO - Filling up the DagBag from /home/airflow/.local/lib/python3.12/site-packages/airflow/example_dags/example_short_circuit_decorator.py
[2024-10-18T08:37:29.059+0000] {processor.py:840} INFO - DAG(s) 'example_short_circuit_decorator' retrieved from /home/airflow/.local/lib/python3.12/site-packages/airflow/example_dags/example_short_circuit_decorator.py
[2024-10-18T08:37:29.074+0000] {logging_mixin.py:188} INFO - [2024-10-18T08:37:29.074+0000] {dag.py:3096} INFO - Sync 1 DAGs
[2024-10-18T08:37:29.088+0000] {logging_mixin.py:188} INFO - [2024-10-18T08:37:29.088+0000] {dag.py:3954} INFO - Setting next_dagrun for example_short_circuit_decorator to 2024-10-17 00:00:00+00:00, run_after=2024-10-18 00:00:00+00:00
[2024-10-18T08:37:29.104+0000] {processor.py:183} INFO - Processing /home/airflow/.local/lib/python3.12/site-packages/airflow/example_dags/example_short_circuit_decorator.py took 0.056 seconds
[2024-10-18T08:37:59.220+0000] {processor.py:161} INFO - Started process (PID=387) to work on /home/airflow/.local/lib/python3.12/site-packages/airflow/example_dags/example_short_circuit_decorator.py
[2024-10-18T08:37:59.221+0000] {processor.py:830} INFO - Processing file /home/airflow/.local/lib/python3.12/site-packages/airflow/example_dags/example_short_circuit_decorator.py for tasks to queue
[2024-10-18T08:37:59.222+0000] {logging_mixin.py:188} INFO - [2024-10-18T08:37:59.221+0000] {dagbag.py:545} INFO - Filling up the DagBag from /home/airflow/.local/lib/python3.12/site-packages/airflow/example_dags/example_short_circuit_decorator.py
[2024-10-18T08:37:59.227+0000] {processor.py:840} INFO - DAG(s) 'example_short_circuit_decorator' retrieved from /home/airflow/.local/lib/python3.12/site-packages/airflow/example_dags/example_short_circuit_decorator.py
[2024-10-18T08:37:59.243+0000] {logging_mixin.py:188} INFO - [2024-10-18T08:37:59.243+0000] {dag.py:3096} INFO - Sync 1 DAGs
[2024-10-18T08:37:59.257+0000] {logging_mixin.py:188} INFO - [2024-10-18T08:37:59.257+0000] {dag.py:3954} INFO - Setting next_dagrun for example_short_circuit_decorator to 2024-10-17 00:00:00+00:00, run_after=2024-10-18 00:00:00+00:00
[2024-10-18T08:37:59.273+0000] {processor.py:183} INFO - Processing /home/airflow/.local/lib/python3.12/site-packages/airflow/example_dags/example_short_circuit_decorator.py took 0.057 seconds
[2024-10-18T08:38:29.475+0000] {processor.py:161} INFO - Started process (PID=446) to work on /home/airflow/.local/lib/python3.12/site-packages/airflow/example_dags/example_short_circuit_decorator.py
[2024-10-18T08:38:29.476+0000] {processor.py:830} INFO - Processing file /home/airflow/.local/lib/python3.12/site-packages/airflow/example_dags/example_short_circuit_decorator.py for tasks to queue
[2024-10-18T08:38:29.477+0000] {logging_mixin.py:188} INFO - [2024-10-18T08:38:29.477+0000] {dagbag.py:545} INFO - Filling up the DagBag from /home/airflow/.local/lib/python3.12/site-packages/airflow/example_dags/example_short_circuit_decorator.py
[2024-10-18T08:38:29.482+0000] {processor.py:840} INFO - DAG(s) 'example_short_circuit_decorator' retrieved from /home/airflow/.local/lib/python3.12/site-packages/airflow/example_dags/example_short_circuit_decorator.py
[2024-10-18T08:38:29.499+0000] {logging_mixin.py:188} INFO - [2024-10-18T08:38:29.499+0000] {dag.py:3096} INFO - Sync 1 DAGs
[2024-10-18T08:38:29.513+0000] {logging_mixin.py:188} INFO - [2024-10-18T08:38:29.513+0000] {dag.py:3954} INFO - Setting next_dagrun for example_short_circuit_decorator to 2024-10-17 00:00:00+00:00, run_after=2024-10-18 00:00:00+00:00
[2024-10-18T08:38:29.526+0000] {processor.py:183} INFO - Processing /home/airflow/.local/lib/python3.12/site-packages/airflow/example_dags/example_short_circuit_decorator.py took 0.054 seconds
[2024-10-18T08:38:59.697+0000] {processor.py:161} INFO - Started process (PID=505) to work on /home/airflow/.local/lib/python3.12/site-packages/airflow/example_dags/example_short_circuit_decorator.py
[2024-10-18T08:38:59.698+0000] {processor.py:830} INFO - Processing file /home/airflow/.local/lib/python3.12/site-packages/airflow/example_dags/example_short_circuit_decorator.py for tasks to queue
[2024-10-18T08:38:59.699+0000] {logging_mixin.py:188} INFO - [2024-10-18T08:38:59.699+0000] {dagbag.py:545} INFO - Filling up the DagBag from /home/airflow/.local/lib/python3.12/site-packages/airflow/example_dags/example_short_circuit_decorator.py
[2024-10-18T08:38:59.705+0000] {processor.py:840} INFO - DAG(s) 'example_short_circuit_decorator' retrieved from /home/airflow/.local/lib/python3.12/site-packages/airflow/example_dags/example_short_circuit_decorator.py
[2024-10-18T08:38:59.724+0000] {logging_mixin.py:188} INFO - [2024-10-18T08:38:59.724+0000] {dag.py:3096} INFO - Sync 1 DAGs
[2024-10-18T08:38:59.742+0000] {logging_mixin.py:188} INFO - [2024-10-18T08:38:59.741+0000] {dag.py:3954} INFO - Setting next_dagrun for example_short_circuit_decorator to 2024-10-17 00:00:00+00:00, run_after=2024-10-18 00:00:00+00:00
[2024-10-18T08:38:59.756+0000] {processor.py:183} INFO - Processing /home/airflow/.local/lib/python3.12/site-packages/airflow/example_dags/example_short_circuit_decorator.py took 0.062 seconds
[2024-10-18T08:40:04.300+0000] {processor.py:161} INFO - Started process (PID=91) to work on /home/airflow/.local/lib/python3.12/site-packages/airflow/example_dags/example_short_circuit_decorator.py
[2024-10-18T08:40:04.304+0000] {processor.py:830} INFO - Processing file /home/airflow/.local/lib/python3.12/site-packages/airflow/example_dags/example_short_circuit_decorator.py for tasks to queue
[2024-10-18T08:40:04.305+0000] {logging_mixin.py:188} INFO - [2024-10-18T08:40:04.305+0000] {dagbag.py:545} INFO - Filling up the DagBag from /home/airflow/.local/lib/python3.12/site-packages/airflow/example_dags/example_short_circuit_decorator.py
[2024-10-18T08:40:04.314+0000] {processor.py:840} INFO - DAG(s) 'example_short_circuit_decorator' retrieved from /home/airflow/.local/lib/python3.12/site-packages/airflow/example_dags/example_short_circuit_decorator.py
[2024-10-18T08:40:04.334+0000] {logging_mixin.py:188} INFO - [2024-10-18T08:40:04.333+0000] {dag.py:3096} INFO - Sync 1 DAGs
[2024-10-18T08:40:04.377+0000] {logging_mixin.py:188} INFO - [2024-10-18T08:40:04.376+0000] {dag.py:3954} INFO - Setting next_dagrun for example_short_circuit_decorator to 2024-10-17 00:00:00+00:00, run_after=2024-10-18 00:00:00+00:00
[2024-10-18T08:40:04.409+0000] {processor.py:183} INFO - Processing /home/airflow/.local/lib/python3.12/site-packages/airflow/example_dags/example_short_circuit_decorator.py took 0.117 seconds
[2024-10-18T08:40:35.057+0000] {processor.py:161} INFO - Started process (PID=156) to work on /home/airflow/.local/lib/python3.12/site-packages/airflow/example_dags/example_short_circuit_decorator.py
[2024-10-18T08:40:35.057+0000] {processor.py:830} INFO - Processing file /home/airflow/.local/lib/python3.12/site-packages/airflow/example_dags/example_short_circuit_decorator.py for tasks to queue
[2024-10-18T08:40:35.059+0000] {logging_mixin.py:188} INFO - [2024-10-18T08:40:35.058+0000] {dagbag.py:545} INFO - Filling up the DagBag from /home/airflow/.local/lib/python3.12/site-packages/airflow/example_dags/example_short_circuit_decorator.py
[2024-10-18T08:40:35.064+0000] {processor.py:840} INFO - DAG(s) 'example_short_circuit_decorator' retrieved from /home/airflow/.local/lib/python3.12/site-packages/airflow/example_dags/example_short_circuit_decorator.py
[2024-10-18T08:40:35.131+0000] {logging_mixin.py:188} INFO - [2024-10-18T08:40:35.131+0000] {dag.py:3096} INFO - Sync 1 DAGs
[2024-10-18T08:40:35.144+0000] {logging_mixin.py:188} INFO - [2024-10-18T08:40:35.144+0000] {dag.py:3954} INFO - Setting next_dagrun for example_short_circuit_decorator to 2024-10-17 00:00:00+00:00, run_after=2024-10-18 00:00:00+00:00
[2024-10-18T08:40:35.156+0000] {processor.py:183} INFO - Processing /home/airflow/.local/lib/python3.12/site-packages/airflow/example_dags/example_short_circuit_decorator.py took 0.103 seconds
[2024-10-18T08:41:05.334+0000] {processor.py:161} INFO - Started process (PID=215) to work on /home/airflow/.local/lib/python3.12/site-packages/airflow/example_dags/example_short_circuit_decorator.py
[2024-10-18T08:41:05.335+0000] {processor.py:830} INFO - Processing file /home/airflow/.local/lib/python3.12/site-packages/airflow/example_dags/example_short_circuit_decorator.py for tasks to queue
[2024-10-18T08:41:05.336+0000] {logging_mixin.py:188} INFO - [2024-10-18T08:41:05.336+0000] {dagbag.py:545} INFO - Filling up the DagBag from /home/airflow/.local/lib/python3.12/site-packages/airflow/example_dags/example_short_circuit_decorator.py
[2024-10-18T08:41:05.342+0000] {processor.py:840} INFO - DAG(s) 'example_short_circuit_decorator' retrieved from /home/airflow/.local/lib/python3.12/site-packages/airflow/example_dags/example_short_circuit_decorator.py
[2024-10-18T08:41:05.355+0000] {logging_mixin.py:188} INFO - [2024-10-18T08:41:05.355+0000] {dag.py:3096} INFO - Sync 1 DAGs
[2024-10-18T08:41:05.369+0000] {logging_mixin.py:188} INFO - [2024-10-18T08:41:05.369+0000] {dag.py:3954} INFO - Setting next_dagrun for example_short_circuit_decorator to 2024-10-17 00:00:00+00:00, run_after=2024-10-18 00:00:00+00:00
[2024-10-18T08:41:05.382+0000] {processor.py:183} INFO - Processing /home/airflow/.local/lib/python3.12/site-packages/airflow/example_dags/example_short_circuit_decorator.py took 0.051 seconds
