[2024-10-18T08:22:05.996+0000] {processor.py:161} INFO - Started process (PID=57) to work on /home/airflow/.local/lib/python3.12/site-packages/airflow/example_dags/example_branch_labels.py
[2024-10-18T08:22:05.996+0000] {processor.py:830} INFO - Processing file /home/airflow/.local/lib/python3.12/site-packages/airflow/example_dags/example_branch_labels.py for tasks to queue
[2024-10-18T08:22:05.998+0000] {logging_mixin.py:188} INFO - [2024-10-18T08:22:05.998+0000] {dagbag.py:545} INFO - Filling up the DagBag from /home/airflow/.local/lib/python3.12/site-packages/airflow/example_dags/example_branch_labels.py
[2024-10-18T08:22:06.008+0000] {processor.py:840} INFO - DAG(s) 'example_branch_labels' retrieved from /home/airflow/.local/lib/python3.12/site-packages/airflow/example_dags/example_branch_labels.py
[2024-10-18T08:22:06.020+0000] {logging_mixin.py:188} INFO - [2024-10-18T08:22:06.019+0000] {dag.py:3096} INFO - Sync 1 DAGs
[2024-10-18T08:22:06.045+0000] {logging_mixin.py:188} INFO - [2024-10-18T08:22:06.045+0000] {dag.py:3954} INFO - Setting next_dagrun for example_branch_labels to 2024-10-17 00:00:00+00:00, run_after=2024-10-18 00:00:00+00:00
[2024-10-18T08:22:06.064+0000] {processor.py:183} INFO - Processing /home/airflow/.local/lib/python3.12/site-packages/airflow/example_dags/example_branch_labels.py took 0.073 seconds
[2024-10-18T08:22:36.675+0000] {processor.py:161} INFO - Started process (PID=115) to work on /home/airflow/.local/lib/python3.12/site-packages/airflow/example_dags/example_branch_labels.py
[2024-10-18T08:22:36.676+0000] {processor.py:830} INFO - Processing file /home/airflow/.local/lib/python3.12/site-packages/airflow/example_dags/example_branch_labels.py for tasks to queue
[2024-10-18T08:22:36.677+0000] {logging_mixin.py:188} INFO - [2024-10-18T08:22:36.677+0000] {dagbag.py:545} INFO - Filling up the DagBag from /home/airflow/.local/lib/python3.12/site-packages/airflow/example_dags/example_branch_labels.py
[2024-10-18T08:22:36.684+0000] {processor.py:840} INFO - DAG(s) 'example_branch_labels' retrieved from /home/airflow/.local/lib/python3.12/site-packages/airflow/example_dags/example_branch_labels.py
[2024-10-18T08:22:36.752+0000] {logging_mixin.py:188} INFO - [2024-10-18T08:22:36.752+0000] {dag.py:3096} INFO - Sync 1 DAGs
[2024-10-18T08:22:36.766+0000] {logging_mixin.py:188} INFO - [2024-10-18T08:22:36.766+0000] {dag.py:3954} INFO - Setting next_dagrun for example_branch_labels to 2024-10-17 00:00:00+00:00, run_after=2024-10-18 00:00:00+00:00
[2024-10-18T08:22:36.779+0000] {processor.py:183} INFO - Processing /home/airflow/.local/lib/python3.12/site-packages/airflow/example_dags/example_branch_labels.py took 0.110 seconds
[2024-10-18T08:23:07.694+0000] {processor.py:161} INFO - Started process (PID=179) to work on /home/airflow/.local/lib/python3.12/site-packages/airflow/example_dags/example_branch_labels.py
[2024-10-18T08:23:07.695+0000] {processor.py:830} INFO - Processing file /home/airflow/.local/lib/python3.12/site-packages/airflow/example_dags/example_branch_labels.py for tasks to queue
[2024-10-18T08:23:07.697+0000] {logging_mixin.py:188} INFO - [2024-10-18T08:23:07.697+0000] {dagbag.py:545} INFO - Filling up the DagBag from /home/airflow/.local/lib/python3.12/site-packages/airflow/example_dags/example_branch_labels.py
[2024-10-18T08:23:07.704+0000] {processor.py:840} INFO - DAG(s) 'example_branch_labels' retrieved from /home/airflow/.local/lib/python3.12/site-packages/airflow/example_dags/example_branch_labels.py
[2024-10-18T08:23:07.719+0000] {logging_mixin.py:188} INFO - [2024-10-18T08:23:07.719+0000] {dag.py:3096} INFO - Sync 1 DAGs
[2024-10-18T08:23:07.736+0000] {logging_mixin.py:188} INFO - [2024-10-18T08:23:07.735+0000] {dag.py:3954} INFO - Setting next_dagrun for example_branch_labels to 2024-10-17 00:00:00+00:00, run_after=2024-10-18 00:00:00+00:00
[2024-10-18T08:23:07.750+0000] {processor.py:183} INFO - Processing /home/airflow/.local/lib/python3.12/site-packages/airflow/example_dags/example_branch_labels.py took 0.061 seconds
[2024-10-18T08:23:37.806+0000] {processor.py:161} INFO - Started process (PID=237) to work on /home/airflow/.local/lib/python3.12/site-packages/airflow/example_dags/example_branch_labels.py
[2024-10-18T08:23:37.807+0000] {processor.py:830} INFO - Processing file /home/airflow/.local/lib/python3.12/site-packages/airflow/example_dags/example_branch_labels.py for tasks to queue
[2024-10-18T08:23:37.808+0000] {logging_mixin.py:188} INFO - [2024-10-18T08:23:37.808+0000] {dagbag.py:545} INFO - Filling up the DagBag from /home/airflow/.local/lib/python3.12/site-packages/airflow/example_dags/example_branch_labels.py
[2024-10-18T08:23:37.813+0000] {processor.py:840} INFO - DAG(s) 'example_branch_labels' retrieved from /home/airflow/.local/lib/python3.12/site-packages/airflow/example_dags/example_branch_labels.py
[2024-10-18T08:23:37.827+0000] {logging_mixin.py:188} INFO - [2024-10-18T08:23:37.826+0000] {dag.py:3096} INFO - Sync 1 DAGs
[2024-10-18T08:23:37.842+0000] {logging_mixin.py:188} INFO - [2024-10-18T08:23:37.842+0000] {dag.py:3954} INFO - Setting next_dagrun for example_branch_labels to 2024-10-17 00:00:00+00:00, run_after=2024-10-18 00:00:00+00:00
[2024-10-18T08:23:37.854+0000] {processor.py:183} INFO - Processing /home/airflow/.local/lib/python3.12/site-packages/airflow/example_dags/example_branch_labels.py took 0.052 seconds
[2024-10-18T08:24:07.951+0000] {processor.py:161} INFO - Started process (PID=295) to work on /home/airflow/.local/lib/python3.12/site-packages/airflow/example_dags/example_branch_labels.py
[2024-10-18T08:24:07.952+0000] {processor.py:830} INFO - Processing file /home/airflow/.local/lib/python3.12/site-packages/airflow/example_dags/example_branch_labels.py for tasks to queue
[2024-10-18T08:24:07.953+0000] {logging_mixin.py:188} INFO - [2024-10-18T08:24:07.953+0000] {dagbag.py:545} INFO - Filling up the DagBag from /home/airflow/.local/lib/python3.12/site-packages/airflow/example_dags/example_branch_labels.py
[2024-10-18T08:24:07.957+0000] {processor.py:840} INFO - DAG(s) 'example_branch_labels' retrieved from /home/airflow/.local/lib/python3.12/site-packages/airflow/example_dags/example_branch_labels.py
[2024-10-18T08:24:07.974+0000] {logging_mixin.py:188} INFO - [2024-10-18T08:24:07.974+0000] {dag.py:3096} INFO - Sync 1 DAGs
[2024-10-18T08:24:07.995+0000] {logging_mixin.py:188} INFO - [2024-10-18T08:24:07.995+0000] {dag.py:3954} INFO - Setting next_dagrun for example_branch_labels to 2024-10-17 00:00:00+00:00, run_after=2024-10-18 00:00:00+00:00
[2024-10-18T08:24:08.011+0000] {processor.py:183} INFO - Processing /home/airflow/.local/lib/python3.12/site-packages/airflow/example_dags/example_branch_labels.py took 0.064 seconds
[2024-10-18T08:24:38.033+0000] {processor.py:161} INFO - Started process (PID=352) to work on /home/airflow/.local/lib/python3.12/site-packages/airflow/example_dags/example_branch_labels.py
[2024-10-18T08:24:38.034+0000] {processor.py:830} INFO - Processing file /home/airflow/.local/lib/python3.12/site-packages/airflow/example_dags/example_branch_labels.py for tasks to queue
[2024-10-18T08:24:38.035+0000] {logging_mixin.py:188} INFO - [2024-10-18T08:24:38.035+0000] {dagbag.py:545} INFO - Filling up the DagBag from /home/airflow/.local/lib/python3.12/site-packages/airflow/example_dags/example_branch_labels.py
[2024-10-18T08:24:38.040+0000] {processor.py:840} INFO - DAG(s) 'example_branch_labels' retrieved from /home/airflow/.local/lib/python3.12/site-packages/airflow/example_dags/example_branch_labels.py
[2024-10-18T08:24:38.054+0000] {logging_mixin.py:188} INFO - [2024-10-18T08:24:38.054+0000] {dag.py:3096} INFO - Sync 1 DAGs
[2024-10-18T08:24:38.070+0000] {logging_mixin.py:188} INFO - [2024-10-18T08:24:38.070+0000] {dag.py:3954} INFO - Setting next_dagrun for example_branch_labels to 2024-10-17 00:00:00+00:00, run_after=2024-10-18 00:00:00+00:00
[2024-10-18T08:24:38.086+0000] {processor.py:183} INFO - Processing /home/airflow/.local/lib/python3.12/site-packages/airflow/example_dags/example_branch_labels.py took 0.058 seconds
[2024-10-18T08:25:08.227+0000] {processor.py:161} INFO - Started process (PID=411) to work on /home/airflow/.local/lib/python3.12/site-packages/airflow/example_dags/example_branch_labels.py
[2024-10-18T08:25:08.228+0000] {processor.py:830} INFO - Processing file /home/airflow/.local/lib/python3.12/site-packages/airflow/example_dags/example_branch_labels.py for tasks to queue
[2024-10-18T08:25:08.229+0000] {logging_mixin.py:188} INFO - [2024-10-18T08:25:08.229+0000] {dagbag.py:545} INFO - Filling up the DagBag from /home/airflow/.local/lib/python3.12/site-packages/airflow/example_dags/example_branch_labels.py
[2024-10-18T08:25:08.236+0000] {processor.py:840} INFO - DAG(s) 'example_branch_labels' retrieved from /home/airflow/.local/lib/python3.12/site-packages/airflow/example_dags/example_branch_labels.py
[2024-10-18T08:25:08.254+0000] {logging_mixin.py:188} INFO - [2024-10-18T08:25:08.253+0000] {dag.py:3096} INFO - Sync 1 DAGs
[2024-10-18T08:25:08.275+0000] {logging_mixin.py:188} INFO - [2024-10-18T08:25:08.275+0000] {dag.py:3954} INFO - Setting next_dagrun for example_branch_labels to 2024-10-17 00:00:00+00:00, run_after=2024-10-18 00:00:00+00:00
[2024-10-18T08:25:08.291+0000] {processor.py:183} INFO - Processing /home/airflow/.local/lib/python3.12/site-packages/airflow/example_dags/example_branch_labels.py took 0.070 seconds
[2024-10-18T08:25:38.587+0000] {processor.py:161} INFO - Started process (PID=468) to work on /home/airflow/.local/lib/python3.12/site-packages/airflow/example_dags/example_branch_labels.py
[2024-10-18T08:25:38.588+0000] {processor.py:830} INFO - Processing file /home/airflow/.local/lib/python3.12/site-packages/airflow/example_dags/example_branch_labels.py for tasks to queue
[2024-10-18T08:25:38.589+0000] {logging_mixin.py:188} INFO - [2024-10-18T08:25:38.589+0000] {dagbag.py:545} INFO - Filling up the DagBag from /home/airflow/.local/lib/python3.12/site-packages/airflow/example_dags/example_branch_labels.py
[2024-10-18T08:25:38.595+0000] {processor.py:840} INFO - DAG(s) 'example_branch_labels' retrieved from /home/airflow/.local/lib/python3.12/site-packages/airflow/example_dags/example_branch_labels.py
[2024-10-18T08:25:38.611+0000] {logging_mixin.py:188} INFO - [2024-10-18T08:25:38.611+0000] {dag.py:3096} INFO - Sync 1 DAGs
[2024-10-18T08:25:38.627+0000] {logging_mixin.py:188} INFO - [2024-10-18T08:25:38.627+0000] {dag.py:3954} INFO - Setting next_dagrun for example_branch_labels to 2024-10-17 00:00:00+00:00, run_after=2024-10-18 00:00:00+00:00
[2024-10-18T08:25:38.639+0000] {processor.py:183} INFO - Processing /home/airflow/.local/lib/python3.12/site-packages/airflow/example_dags/example_branch_labels.py took 0.056 seconds
[2024-10-18T08:26:08.766+0000] {processor.py:161} INFO - Started process (PID=526) to work on /home/airflow/.local/lib/python3.12/site-packages/airflow/example_dags/example_branch_labels.py
[2024-10-18T08:26:08.767+0000] {processor.py:830} INFO - Processing file /home/airflow/.local/lib/python3.12/site-packages/airflow/example_dags/example_branch_labels.py for tasks to queue
[2024-10-18T08:26:08.768+0000] {logging_mixin.py:188} INFO - [2024-10-18T08:26:08.768+0000] {dagbag.py:545} INFO - Filling up the DagBag from /home/airflow/.local/lib/python3.12/site-packages/airflow/example_dags/example_branch_labels.py
[2024-10-18T08:26:08.774+0000] {processor.py:840} INFO - DAG(s) 'example_branch_labels' retrieved from /home/airflow/.local/lib/python3.12/site-packages/airflow/example_dags/example_branch_labels.py
[2024-10-18T08:26:08.788+0000] {logging_mixin.py:188} INFO - [2024-10-18T08:26:08.788+0000] {dag.py:3096} INFO - Sync 1 DAGs
[2024-10-18T08:26:08.806+0000] {logging_mixin.py:188} INFO - [2024-10-18T08:26:08.806+0000] {dag.py:3954} INFO - Setting next_dagrun for example_branch_labels to 2024-10-17 00:00:00+00:00, run_after=2024-10-18 00:00:00+00:00
[2024-10-18T08:26:08.822+0000] {processor.py:183} INFO - Processing /home/airflow/.local/lib/python3.12/site-packages/airflow/example_dags/example_branch_labels.py took 0.059 seconds
[2024-10-18T08:26:38.947+0000] {processor.py:161} INFO - Started process (PID=584) to work on /home/airflow/.local/lib/python3.12/site-packages/airflow/example_dags/example_branch_labels.py
[2024-10-18T08:26:38.948+0000] {processor.py:830} INFO - Processing file /home/airflow/.local/lib/python3.12/site-packages/airflow/example_dags/example_branch_labels.py for tasks to queue
[2024-10-18T08:26:38.950+0000] {logging_mixin.py:188} INFO - [2024-10-18T08:26:38.949+0000] {dagbag.py:545} INFO - Filling up the DagBag from /home/airflow/.local/lib/python3.12/site-packages/airflow/example_dags/example_branch_labels.py
[2024-10-18T08:26:38.954+0000] {processor.py:840} INFO - DAG(s) 'example_branch_labels' retrieved from /home/airflow/.local/lib/python3.12/site-packages/airflow/example_dags/example_branch_labels.py
[2024-10-18T08:26:38.969+0000] {logging_mixin.py:188} INFO - [2024-10-18T08:26:38.969+0000] {dag.py:3096} INFO - Sync 1 DAGs
[2024-10-18T08:26:38.986+0000] {logging_mixin.py:188} INFO - [2024-10-18T08:26:38.985+0000] {dag.py:3954} INFO - Setting next_dagrun for example_branch_labels to 2024-10-17 00:00:00+00:00, run_after=2024-10-18 00:00:00+00:00
[2024-10-18T08:26:39.000+0000] {processor.py:183} INFO - Processing /home/airflow/.local/lib/python3.12/site-packages/airflow/example_dags/example_branch_labels.py took 0.056 seconds
[2024-10-18T08:31:17.832+0000] {processor.py:161} INFO - Started process (PID=57) to work on /home/airflow/.local/lib/python3.12/site-packages/airflow/example_dags/example_branch_labels.py
[2024-10-18T08:31:17.833+0000] {processor.py:830} INFO - Processing file /home/airflow/.local/lib/python3.12/site-packages/airflow/example_dags/example_branch_labels.py for tasks to queue
[2024-10-18T08:31:17.835+0000] {logging_mixin.py:188} INFO - [2024-10-18T08:31:17.835+0000] {dagbag.py:545} INFO - Filling up the DagBag from /home/airflow/.local/lib/python3.12/site-packages/airflow/example_dags/example_branch_labels.py
[2024-10-18T08:31:17.845+0000] {processor.py:840} INFO - DAG(s) 'example_branch_labels' retrieved from /home/airflow/.local/lib/python3.12/site-packages/airflow/example_dags/example_branch_labels.py
[2024-10-18T08:31:17.855+0000] {logging_mixin.py:188} INFO - [2024-10-18T08:31:17.855+0000] {dag.py:3096} INFO - Sync 1 DAGs
[2024-10-18T08:31:17.879+0000] {logging_mixin.py:188} INFO - [2024-10-18T08:31:17.879+0000] {dag.py:3954} INFO - Setting next_dagrun for example_branch_labels to 2024-10-17 00:00:00+00:00, run_after=2024-10-18 00:00:00+00:00
[2024-10-18T08:31:17.895+0000] {processor.py:183} INFO - Processing /home/airflow/.local/lib/python3.12/site-packages/airflow/example_dags/example_branch_labels.py took 0.069 seconds
[2024-10-18T08:31:48.771+0000] {processor.py:161} INFO - Started process (PID=117) to work on /home/airflow/.local/lib/python3.12/site-packages/airflow/example_dags/example_branch_labels.py
[2024-10-18T08:31:48.772+0000] {processor.py:830} INFO - Processing file /home/airflow/.local/lib/python3.12/site-packages/airflow/example_dags/example_branch_labels.py for tasks to queue
[2024-10-18T08:31:48.773+0000] {logging_mixin.py:188} INFO - [2024-10-18T08:31:48.773+0000] {dagbag.py:545} INFO - Filling up the DagBag from /home/airflow/.local/lib/python3.12/site-packages/airflow/example_dags/example_branch_labels.py
[2024-10-18T08:31:48.778+0000] {processor.py:840} INFO - DAG(s) 'example_branch_labels' retrieved from /home/airflow/.local/lib/python3.12/site-packages/airflow/example_dags/example_branch_labels.py
[2024-10-18T08:31:48.850+0000] {logging_mixin.py:188} INFO - [2024-10-18T08:31:48.850+0000] {dag.py:3096} INFO - Sync 1 DAGs
[2024-10-18T08:31:48.863+0000] {logging_mixin.py:188} INFO - [2024-10-18T08:31:48.863+0000] {dag.py:3954} INFO - Setting next_dagrun for example_branch_labels to 2024-10-17 00:00:00+00:00, run_after=2024-10-18 00:00:00+00:00
[2024-10-18T08:31:48.877+0000] {processor.py:183} INFO - Processing /home/airflow/.local/lib/python3.12/site-packages/airflow/example_dags/example_branch_labels.py took 0.110 seconds
[2024-10-18T08:33:27.422+0000] {processor.py:161} INFO - Started process (PID=49) to work on /home/airflow/.local/lib/python3.12/site-packages/airflow/example_dags/example_branch_labels.py
[2024-10-18T08:33:27.423+0000] {processor.py:830} INFO - Processing file /home/airflow/.local/lib/python3.12/site-packages/airflow/example_dags/example_branch_labels.py for tasks to queue
[2024-10-18T08:33:27.425+0000] {logging_mixin.py:188} INFO - [2024-10-18T08:33:27.425+0000] {dagbag.py:545} INFO - Filling up the DagBag from /home/airflow/.local/lib/python3.12/site-packages/airflow/example_dags/example_branch_labels.py
[2024-10-18T08:33:27.434+0000] {processor.py:840} INFO - DAG(s) 'example_branch_labels' retrieved from /home/airflow/.local/lib/python3.12/site-packages/airflow/example_dags/example_branch_labels.py
[2024-10-18T08:33:27.443+0000] {logging_mixin.py:188} INFO - [2024-10-18T08:33:27.442+0000] {dag.py:3096} INFO - Sync 1 DAGs
[2024-10-18T08:33:27.466+0000] {logging_mixin.py:188} INFO - [2024-10-18T08:33:27.465+0000] {dag.py:3954} INFO - Setting next_dagrun for example_branch_labels to 2024-10-17 00:00:00+00:00, run_after=2024-10-18 00:00:00+00:00
[2024-10-18T08:33:27.481+0000] {processor.py:183} INFO - Processing /home/airflow/.local/lib/python3.12/site-packages/airflow/example_dags/example_branch_labels.py took 0.063 seconds
[2024-10-18T08:35:24.086+0000] {processor.py:161} INFO - Started process (PID=57) to work on /home/airflow/.local/lib/python3.12/site-packages/airflow/example_dags/example_branch_labels.py
[2024-10-18T08:35:24.087+0000] {processor.py:830} INFO - Processing file /home/airflow/.local/lib/python3.12/site-packages/airflow/example_dags/example_branch_labels.py for tasks to queue
[2024-10-18T08:35:24.089+0000] {logging_mixin.py:188} INFO - [2024-10-18T08:35:24.088+0000] {dagbag.py:545} INFO - Filling up the DagBag from /home/airflow/.local/lib/python3.12/site-packages/airflow/example_dags/example_branch_labels.py
[2024-10-18T08:35:24.099+0000] {processor.py:840} INFO - DAG(s) 'example_branch_labels' retrieved from /home/airflow/.local/lib/python3.12/site-packages/airflow/example_dags/example_branch_labels.py
[2024-10-18T08:35:24.108+0000] {logging_mixin.py:188} INFO - [2024-10-18T08:35:24.108+0000] {dag.py:3096} INFO - Sync 1 DAGs
[2024-10-18T08:35:24.143+0000] {logging_mixin.py:188} INFO - [2024-10-18T08:35:24.142+0000] {dag.py:3954} INFO - Setting next_dagrun for example_branch_labels to 2024-10-17 00:00:00+00:00, run_after=2024-10-18 00:00:00+00:00
[2024-10-18T08:35:24.163+0000] {processor.py:183} INFO - Processing /home/airflow/.local/lib/python3.12/site-packages/airflow/example_dags/example_branch_labels.py took 0.082 seconds
[2024-10-18T08:35:54.706+0000] {processor.py:161} INFO - Started process (PID=116) to work on /home/airflow/.local/lib/python3.12/site-packages/airflow/example_dags/example_branch_labels.py
[2024-10-18T08:35:54.706+0000] {processor.py:830} INFO - Processing file /home/airflow/.local/lib/python3.12/site-packages/airflow/example_dags/example_branch_labels.py for tasks to queue
[2024-10-18T08:35:54.707+0000] {logging_mixin.py:188} INFO - [2024-10-18T08:35:54.707+0000] {dagbag.py:545} INFO - Filling up the DagBag from /home/airflow/.local/lib/python3.12/site-packages/airflow/example_dags/example_branch_labels.py
[2024-10-18T08:35:54.712+0000] {processor.py:840} INFO - DAG(s) 'example_branch_labels' retrieved from /home/airflow/.local/lib/python3.12/site-packages/airflow/example_dags/example_branch_labels.py
[2024-10-18T08:35:54.781+0000] {logging_mixin.py:188} INFO - [2024-10-18T08:35:54.781+0000] {dag.py:3096} INFO - Sync 1 DAGs
[2024-10-18T08:35:54.797+0000] {logging_mixin.py:188} INFO - [2024-10-18T08:35:54.797+0000] {dag.py:3954} INFO - Setting next_dagrun for example_branch_labels to 2024-10-17 00:00:00+00:00, run_after=2024-10-18 00:00:00+00:00
[2024-10-18T08:35:54.809+0000] {processor.py:183} INFO - Processing /home/airflow/.local/lib/python3.12/site-packages/airflow/example_dags/example_branch_labels.py took 0.107 seconds
[2024-10-18T08:36:25.421+0000] {processor.py:161} INFO - Started process (PID=181) to work on /home/airflow/.local/lib/python3.12/site-packages/airflow/example_dags/example_branch_labels.py
[2024-10-18T08:36:25.422+0000] {processor.py:830} INFO - Processing file /home/airflow/.local/lib/python3.12/site-packages/airflow/example_dags/example_branch_labels.py for tasks to queue
[2024-10-18T08:36:25.423+0000] {logging_mixin.py:188} INFO - [2024-10-18T08:36:25.423+0000] {dagbag.py:545} INFO - Filling up the DagBag from /home/airflow/.local/lib/python3.12/site-packages/airflow/example_dags/example_branch_labels.py
[2024-10-18T08:36:25.430+0000] {processor.py:840} INFO - DAG(s) 'example_branch_labels' retrieved from /home/airflow/.local/lib/python3.12/site-packages/airflow/example_dags/example_branch_labels.py
[2024-10-18T08:36:25.448+0000] {logging_mixin.py:188} INFO - [2024-10-18T08:36:25.448+0000] {dag.py:3096} INFO - Sync 1 DAGs
[2024-10-18T08:36:25.467+0000] {logging_mixin.py:188} INFO - [2024-10-18T08:36:25.467+0000] {dag.py:3954} INFO - Setting next_dagrun for example_branch_labels to 2024-10-17 00:00:00+00:00, run_after=2024-10-18 00:00:00+00:00
[2024-10-18T08:36:25.482+0000] {processor.py:183} INFO - Processing /home/airflow/.local/lib/python3.12/site-packages/airflow/example_dags/example_branch_labels.py took 0.066 seconds
[2024-10-18T08:36:55.569+0000] {processor.py:161} INFO - Started process (PID=240) to work on /home/airflow/.local/lib/python3.12/site-packages/airflow/example_dags/example_branch_labels.py
[2024-10-18T08:36:55.570+0000] {processor.py:830} INFO - Processing file /home/airflow/.local/lib/python3.12/site-packages/airflow/example_dags/example_branch_labels.py for tasks to queue
[2024-10-18T08:36:55.571+0000] {logging_mixin.py:188} INFO - [2024-10-18T08:36:55.571+0000] {dagbag.py:545} INFO - Filling up the DagBag from /home/airflow/.local/lib/python3.12/site-packages/airflow/example_dags/example_branch_labels.py
[2024-10-18T08:36:55.576+0000] {processor.py:840} INFO - DAG(s) 'example_branch_labels' retrieved from /home/airflow/.local/lib/python3.12/site-packages/airflow/example_dags/example_branch_labels.py
[2024-10-18T08:36:55.590+0000] {logging_mixin.py:188} INFO - [2024-10-18T08:36:55.590+0000] {dag.py:3096} INFO - Sync 1 DAGs
[2024-10-18T08:36:55.605+0000] {logging_mixin.py:188} INFO - [2024-10-18T08:36:55.605+0000] {dag.py:3954} INFO - Setting next_dagrun for example_branch_labels to 2024-10-17 00:00:00+00:00, run_after=2024-10-18 00:00:00+00:00
[2024-10-18T08:36:55.617+0000] {processor.py:183} INFO - Processing /home/airflow/.local/lib/python3.12/site-packages/airflow/example_dags/example_branch_labels.py took 0.052 seconds
[2024-10-18T08:37:25.812+0000] {processor.py:161} INFO - Started process (PID=299) to work on /home/airflow/.local/lib/python3.12/site-packages/airflow/example_dags/example_branch_labels.py
[2024-10-18T08:37:25.813+0000] {processor.py:830} INFO - Processing file /home/airflow/.local/lib/python3.12/site-packages/airflow/example_dags/example_branch_labels.py for tasks to queue
[2024-10-18T08:37:25.814+0000] {logging_mixin.py:188} INFO - [2024-10-18T08:37:25.814+0000] {dagbag.py:545} INFO - Filling up the DagBag from /home/airflow/.local/lib/python3.12/site-packages/airflow/example_dags/example_branch_labels.py
[2024-10-18T08:37:25.819+0000] {processor.py:840} INFO - DAG(s) 'example_branch_labels' retrieved from /home/airflow/.local/lib/python3.12/site-packages/airflow/example_dags/example_branch_labels.py
[2024-10-18T08:37:25.832+0000] {logging_mixin.py:188} INFO - [2024-10-18T08:37:25.832+0000] {dag.py:3096} INFO - Sync 1 DAGs
[2024-10-18T08:37:25.848+0000] {logging_mixin.py:188} INFO - [2024-10-18T08:37:25.848+0000] {dag.py:3954} INFO - Setting next_dagrun for example_branch_labels to 2024-10-17 00:00:00+00:00, run_after=2024-10-18 00:00:00+00:00
[2024-10-18T08:37:25.864+0000] {processor.py:183} INFO - Processing /home/airflow/.local/lib/python3.12/site-packages/airflow/example_dags/example_branch_labels.py took 0.055 seconds
[2024-10-18T08:37:56.075+0000] {processor.py:161} INFO - Started process (PID=358) to work on /home/airflow/.local/lib/python3.12/site-packages/airflow/example_dags/example_branch_labels.py
[2024-10-18T08:37:56.076+0000] {processor.py:830} INFO - Processing file /home/airflow/.local/lib/python3.12/site-packages/airflow/example_dags/example_branch_labels.py for tasks to queue
[2024-10-18T08:37:56.078+0000] {logging_mixin.py:188} INFO - [2024-10-18T08:37:56.077+0000] {dagbag.py:545} INFO - Filling up the DagBag from /home/airflow/.local/lib/python3.12/site-packages/airflow/example_dags/example_branch_labels.py
[2024-10-18T08:37:56.082+0000] {processor.py:840} INFO - DAG(s) 'example_branch_labels' retrieved from /home/airflow/.local/lib/python3.12/site-packages/airflow/example_dags/example_branch_labels.py
[2024-10-18T08:37:56.095+0000] {logging_mixin.py:188} INFO - [2024-10-18T08:37:56.095+0000] {dag.py:3096} INFO - Sync 1 DAGs
[2024-10-18T08:37:56.112+0000] {logging_mixin.py:188} INFO - [2024-10-18T08:37:56.112+0000] {dag.py:3954} INFO - Setting next_dagrun for example_branch_labels to 2024-10-17 00:00:00+00:00, run_after=2024-10-18 00:00:00+00:00
[2024-10-18T08:37:56.126+0000] {processor.py:183} INFO - Processing /home/airflow/.local/lib/python3.12/site-packages/airflow/example_dags/example_branch_labels.py took 0.054 seconds
[2024-10-18T08:38:26.399+0000] {processor.py:161} INFO - Started process (PID=417) to work on /home/airflow/.local/lib/python3.12/site-packages/airflow/example_dags/example_branch_labels.py
[2024-10-18T08:38:26.400+0000] {processor.py:830} INFO - Processing file /home/airflow/.local/lib/python3.12/site-packages/airflow/example_dags/example_branch_labels.py for tasks to queue
[2024-10-18T08:38:26.401+0000] {logging_mixin.py:188} INFO - [2024-10-18T08:38:26.401+0000] {dagbag.py:545} INFO - Filling up the DagBag from /home/airflow/.local/lib/python3.12/site-packages/airflow/example_dags/example_branch_labels.py
[2024-10-18T08:38:26.407+0000] {processor.py:840} INFO - DAG(s) 'example_branch_labels' retrieved from /home/airflow/.local/lib/python3.12/site-packages/airflow/example_dags/example_branch_labels.py
[2024-10-18T08:38:26.420+0000] {logging_mixin.py:188} INFO - [2024-10-18T08:38:26.420+0000] {dag.py:3096} INFO - Sync 1 DAGs
[2024-10-18T08:38:26.435+0000] {logging_mixin.py:188} INFO - [2024-10-18T08:38:26.434+0000] {dag.py:3954} INFO - Setting next_dagrun for example_branch_labels to 2024-10-17 00:00:00+00:00, run_after=2024-10-18 00:00:00+00:00
[2024-10-18T08:38:26.446+0000] {processor.py:183} INFO - Processing /home/airflow/.local/lib/python3.12/site-packages/airflow/example_dags/example_branch_labels.py took 0.051 seconds
[2024-10-18T08:38:56.658+0000] {processor.py:161} INFO - Started process (PID=476) to work on /home/airflow/.local/lib/python3.12/site-packages/airflow/example_dags/example_branch_labels.py
[2024-10-18T08:38:56.659+0000] {processor.py:830} INFO - Processing file /home/airflow/.local/lib/python3.12/site-packages/airflow/example_dags/example_branch_labels.py for tasks to queue
[2024-10-18T08:38:56.660+0000] {logging_mixin.py:188} INFO - [2024-10-18T08:38:56.660+0000] {dagbag.py:545} INFO - Filling up the DagBag from /home/airflow/.local/lib/python3.12/site-packages/airflow/example_dags/example_branch_labels.py
[2024-10-18T08:38:56.667+0000] {processor.py:840} INFO - DAG(s) 'example_branch_labels' retrieved from /home/airflow/.local/lib/python3.12/site-packages/airflow/example_dags/example_branch_labels.py
[2024-10-18T08:38:56.680+0000] {logging_mixin.py:188} INFO - [2024-10-18T08:38:56.680+0000] {dag.py:3096} INFO - Sync 1 DAGs
[2024-10-18T08:38:56.698+0000] {logging_mixin.py:188} INFO - [2024-10-18T08:38:56.697+0000] {dag.py:3954} INFO - Setting next_dagrun for example_branch_labels to 2024-10-17 00:00:00+00:00, run_after=2024-10-18 00:00:00+00:00
[2024-10-18T08:38:56.713+0000] {processor.py:183} INFO - Processing /home/airflow/.local/lib/python3.12/site-packages/airflow/example_dags/example_branch_labels.py took 0.059 seconds
[2024-10-18T08:40:02.160+0000] {processor.py:161} INFO - Started process (PID=56) to work on /home/airflow/.local/lib/python3.12/site-packages/airflow/example_dags/example_branch_labels.py
[2024-10-18T08:40:02.161+0000] {processor.py:830} INFO - Processing file /home/airflow/.local/lib/python3.12/site-packages/airflow/example_dags/example_branch_labels.py for tasks to queue
[2024-10-18T08:40:02.163+0000] {logging_mixin.py:188} INFO - [2024-10-18T08:40:02.162+0000] {dagbag.py:545} INFO - Filling up the DagBag from /home/airflow/.local/lib/python3.12/site-packages/airflow/example_dags/example_branch_labels.py
[2024-10-18T08:40:02.173+0000] {processor.py:840} INFO - DAG(s) 'example_branch_labels' retrieved from /home/airflow/.local/lib/python3.12/site-packages/airflow/example_dags/example_branch_labels.py
[2024-10-18T08:40:02.184+0000] {logging_mixin.py:188} INFO - [2024-10-18T08:40:02.183+0000] {dag.py:3096} INFO - Sync 1 DAGs
[2024-10-18T08:40:02.208+0000] {logging_mixin.py:188} INFO - [2024-10-18T08:40:02.208+0000] {dag.py:3954} INFO - Setting next_dagrun for example_branch_labels to 2024-10-17 00:00:00+00:00, run_after=2024-10-18 00:00:00+00:00
[2024-10-18T08:40:02.224+0000] {processor.py:183} INFO - Processing /home/airflow/.local/lib/python3.12/site-packages/airflow/example_dags/example_branch_labels.py took 0.069 seconds
[2024-10-18T08:40:33.036+0000] {processor.py:161} INFO - Started process (PID=127) to work on /home/airflow/.local/lib/python3.12/site-packages/airflow/example_dags/example_branch_labels.py
[2024-10-18T08:40:33.037+0000] {processor.py:830} INFO - Processing file /home/airflow/.local/lib/python3.12/site-packages/airflow/example_dags/example_branch_labels.py for tasks to queue
[2024-10-18T08:40:33.038+0000] {logging_mixin.py:188} INFO - [2024-10-18T08:40:33.038+0000] {dagbag.py:545} INFO - Filling up the DagBag from /home/airflow/.local/lib/python3.12/site-packages/airflow/example_dags/example_branch_labels.py
[2024-10-18T08:40:33.045+0000] {processor.py:840} INFO - DAG(s) 'example_branch_labels' retrieved from /home/airflow/.local/lib/python3.12/site-packages/airflow/example_dags/example_branch_labels.py
[2024-10-18T08:40:33.120+0000] {logging_mixin.py:188} INFO - [2024-10-18T08:40:33.120+0000] {dag.py:3096} INFO - Sync 1 DAGs
[2024-10-18T08:40:33.133+0000] {logging_mixin.py:188} INFO - [2024-10-18T08:40:33.133+0000] {dag.py:3954} INFO - Setting next_dagrun for example_branch_labels to 2024-10-17 00:00:00+00:00, run_after=2024-10-18 00:00:00+00:00
[2024-10-18T08:40:33.145+0000] {processor.py:183} INFO - Processing /home/airflow/.local/lib/python3.12/site-packages/airflow/example_dags/example_branch_labels.py took 0.114 seconds
[2024-10-18T08:41:03.173+0000] {processor.py:161} INFO - Started process (PID=186) to work on /home/airflow/.local/lib/python3.12/site-packages/airflow/example_dags/example_branch_labels.py
[2024-10-18T08:41:03.174+0000] {processor.py:830} INFO - Processing file /home/airflow/.local/lib/python3.12/site-packages/airflow/example_dags/example_branch_labels.py for tasks to queue
[2024-10-18T08:41:03.176+0000] {logging_mixin.py:188} INFO - [2024-10-18T08:41:03.175+0000] {dagbag.py:545} INFO - Filling up the DagBag from /home/airflow/.local/lib/python3.12/site-packages/airflow/example_dags/example_branch_labels.py
[2024-10-18T08:41:03.181+0000] {processor.py:840} INFO - DAG(s) 'example_branch_labels' retrieved from /home/airflow/.local/lib/python3.12/site-packages/airflow/example_dags/example_branch_labels.py
[2024-10-18T08:41:03.193+0000] {logging_mixin.py:188} INFO - [2024-10-18T08:41:03.193+0000] {dag.py:3096} INFO - Sync 1 DAGs
[2024-10-18T08:41:03.208+0000] {logging_mixin.py:188} INFO - [2024-10-18T08:41:03.208+0000] {dag.py:3954} INFO - Setting next_dagrun for example_branch_labels to 2024-10-17 00:00:00+00:00, run_after=2024-10-18 00:00:00+00:00
[2024-10-18T08:41:03.220+0000] {processor.py:183} INFO - Processing /home/airflow/.local/lib/python3.12/site-packages/airflow/example_dags/example_branch_labels.py took 0.050 seconds
