[2024-10-18T08:22:07.431+0000] {processor.py:161} INFO - Started process (PID=81) to work on /home/airflow/.local/lib/python3.12/site-packages/airflow/example_dags/example_subdag_operator.py
[2024-10-18T08:22:07.435+0000] {processor.py:830} INFO - Processing file /home/airflow/.local/lib/python3.12/site-packages/airflow/example_dags/example_subdag_operator.py for tasks to queue
[2024-10-18T08:22:07.437+0000] {logging_mixin.py:188} INFO - [2024-10-18T08:22:07.436+0000] {dagbag.py:545} INFO - Filling up the DagBag from /home/airflow/.local/lib/python3.12/site-packages/airflow/example_dags/example_subdag_operator.py
[2024-10-18T08:22:07.479+0000] {processor.py:840} INFO - DAG(s) 'example_subdag_operator.section-1', 'example_subdag_operator.section-2', 'example_subdag_operator' retrieved from /home/airflow/.local/lib/python3.12/site-packages/airflow/example_dags/example_subdag_operator.py
[2024-10-18T08:22:07.482+0000] {logging_mixin.py:188} INFO - [2024-10-18T08:22:07.482+0000] {dag.py:3096} INFO - Sync 3 DAGs
[2024-10-18T08:22:07.517+0000] {logging_mixin.py:188} INFO - [2024-10-18T08:22:07.517+0000] {dag.py:3954} INFO - Setting next_dagrun for example_subdag_operator to 2022-01-01 00:00:00+00:00, run_after=2022-01-01 00:00:00+00:00
[2024-10-18T08:22:07.522+0000] {logging_mixin.py:188} INFO - [2024-10-18T08:22:07.521+0000] {dag.py:3954} INFO - Setting next_dagrun for example_subdag_operator.section-1 to None, run_after=None
[2024-10-18T08:22:07.523+0000] {logging_mixin.py:188} INFO - [2024-10-18T08:22:07.523+0000] {dag.py:3954} INFO - Setting next_dagrun for example_subdag_operator.section-2 to None, run_after=None
[2024-10-18T08:22:07.529+0000] {logging_mixin.py:188} INFO - [2024-10-18T08:22:07.529+0000] {dag.py:3096} INFO - Sync 2 DAGs
[2024-10-18T08:22:07.534+0000] {logging_mixin.py:188} INFO - [2024-10-18T08:22:07.534+0000] {dag.py:3954} INFO - Setting next_dagrun for example_subdag_operator.section-1 to None, run_after=None
[2024-10-18T08:22:07.534+0000] {logging_mixin.py:188} INFO - [2024-10-18T08:22:07.534+0000] {dag.py:3954} INFO - Setting next_dagrun for example_subdag_operator.section-2 to None, run_after=None
[2024-10-18T08:22:07.553+0000] {processor.py:183} INFO - Processing /home/airflow/.local/lib/python3.12/site-packages/airflow/example_dags/example_subdag_operator.py took 0.130 seconds
[2024-10-18T08:22:38.068+0000] {processor.py:161} INFO - Started process (PID=139) to work on /home/airflow/.local/lib/python3.12/site-packages/airflow/example_dags/example_subdag_operator.py
[2024-10-18T08:22:38.068+0000] {processor.py:830} INFO - Processing file /home/airflow/.local/lib/python3.12/site-packages/airflow/example_dags/example_subdag_operator.py for tasks to queue
[2024-10-18T08:22:38.070+0000] {logging_mixin.py:188} INFO - [2024-10-18T08:22:38.069+0000] {dagbag.py:545} INFO - Filling up the DagBag from /home/airflow/.local/lib/python3.12/site-packages/airflow/example_dags/example_subdag_operator.py
[2024-10-18T08:22:38.086+0000] {processor.py:840} INFO - DAG(s) 'example_subdag_operator.section-1', 'example_subdag_operator.section-2', 'example_subdag_operator' retrieved from /home/airflow/.local/lib/python3.12/site-packages/airflow/example_dags/example_subdag_operator.py
[2024-10-18T08:22:38.154+0000] {logging_mixin.py:188} INFO - [2024-10-18T08:22:38.154+0000] {dag.py:3096} INFO - Sync 3 DAGs
[2024-10-18T08:22:38.174+0000] {logging_mixin.py:188} INFO - [2024-10-18T08:22:38.173+0000] {dag.py:3954} INFO - Setting next_dagrun for example_subdag_operator to 2022-01-01 00:00:00+00:00, run_after=2022-01-01 00:00:00+00:00
[2024-10-18T08:22:38.176+0000] {logging_mixin.py:188} INFO - [2024-10-18T08:22:38.176+0000] {dag.py:3954} INFO - Setting next_dagrun for example_subdag_operator.section-1 to None, run_after=None
[2024-10-18T08:22:38.178+0000] {logging_mixin.py:188} INFO - [2024-10-18T08:22:38.178+0000] {dag.py:3954} INFO - Setting next_dagrun for example_subdag_operator.section-2 to None, run_after=None
[2024-10-18T08:22:38.186+0000] {logging_mixin.py:188} INFO - [2024-10-18T08:22:38.185+0000] {dag.py:3096} INFO - Sync 2 DAGs
[2024-10-18T08:22:38.190+0000] {logging_mixin.py:188} INFO - [2024-10-18T08:22:38.190+0000] {dag.py:3954} INFO - Setting next_dagrun for example_subdag_operator.section-1 to None, run_after=None
[2024-10-18T08:22:38.190+0000] {logging_mixin.py:188} INFO - [2024-10-18T08:22:38.190+0000] {dag.py:3954} INFO - Setting next_dagrun for example_subdag_operator.section-2 to None, run_after=None
[2024-10-18T08:22:38.200+0000] {processor.py:183} INFO - Processing /home/airflow/.local/lib/python3.12/site-packages/airflow/example_dags/example_subdag_operator.py took 0.136 seconds
[2024-10-18T08:23:08.422+0000] {processor.py:161} INFO - Started process (PID=197) to work on /home/airflow/.local/lib/python3.12/site-packages/airflow/example_dags/example_subdag_operator.py
[2024-10-18T08:23:08.422+0000] {processor.py:830} INFO - Processing file /home/airflow/.local/lib/python3.12/site-packages/airflow/example_dags/example_subdag_operator.py for tasks to queue
[2024-10-18T08:23:08.424+0000] {logging_mixin.py:188} INFO - [2024-10-18T08:23:08.423+0000] {dagbag.py:545} INFO - Filling up the DagBag from /home/airflow/.local/lib/python3.12/site-packages/airflow/example_dags/example_subdag_operator.py
[2024-10-18T08:23:08.440+0000] {processor.py:840} INFO - DAG(s) 'example_subdag_operator.section-1', 'example_subdag_operator.section-2', 'example_subdag_operator' retrieved from /home/airflow/.local/lib/python3.12/site-packages/airflow/example_dags/example_subdag_operator.py
[2024-10-18T08:23:08.454+0000] {logging_mixin.py:188} INFO - [2024-10-18T08:23:08.454+0000] {dag.py:3096} INFO - Sync 3 DAGs
[2024-10-18T08:23:08.471+0000] {logging_mixin.py:188} INFO - [2024-10-18T08:23:08.471+0000] {dag.py:3954} INFO - Setting next_dagrun for example_subdag_operator to 2022-01-01 00:00:00+00:00, run_after=2022-01-01 00:00:00+00:00
[2024-10-18T08:23:08.475+0000] {logging_mixin.py:188} INFO - [2024-10-18T08:23:08.475+0000] {dag.py:3954} INFO - Setting next_dagrun for example_subdag_operator.section-1 to None, run_after=None
[2024-10-18T08:23:08.476+0000] {logging_mixin.py:188} INFO - [2024-10-18T08:23:08.476+0000] {dag.py:3954} INFO - Setting next_dagrun for example_subdag_operator.section-2 to None, run_after=None
[2024-10-18T08:23:08.483+0000] {logging_mixin.py:188} INFO - [2024-10-18T08:23:08.482+0000] {dag.py:3096} INFO - Sync 2 DAGs
[2024-10-18T08:23:08.488+0000] {logging_mixin.py:188} INFO - [2024-10-18T08:23:08.488+0000] {dag.py:3954} INFO - Setting next_dagrun for example_subdag_operator.section-1 to None, run_after=None
[2024-10-18T08:23:08.489+0000] {logging_mixin.py:188} INFO - [2024-10-18T08:23:08.489+0000] {dag.py:3954} INFO - Setting next_dagrun for example_subdag_operator.section-2 to None, run_after=None
[2024-10-18T08:23:08.498+0000] {processor.py:183} INFO - Processing /home/airflow/.local/lib/python3.12/site-packages/airflow/example_dags/example_subdag_operator.py took 0.080 seconds
[2024-10-18T08:23:39.455+0000] {processor.py:161} INFO - Started process (PID=255) to work on /home/airflow/.local/lib/python3.12/site-packages/airflow/example_dags/example_subdag_operator.py
[2024-10-18T08:23:39.456+0000] {processor.py:830} INFO - Processing file /home/airflow/.local/lib/python3.12/site-packages/airflow/example_dags/example_subdag_operator.py for tasks to queue
[2024-10-18T08:23:39.457+0000] {logging_mixin.py:188} INFO - [2024-10-18T08:23:39.457+0000] {dagbag.py:545} INFO - Filling up the DagBag from /home/airflow/.local/lib/python3.12/site-packages/airflow/example_dags/example_subdag_operator.py
[2024-10-18T08:23:39.472+0000] {processor.py:840} INFO - DAG(s) 'example_subdag_operator.section-1', 'example_subdag_operator.section-2', 'example_subdag_operator' retrieved from /home/airflow/.local/lib/python3.12/site-packages/airflow/example_dags/example_subdag_operator.py
[2024-10-18T08:23:39.484+0000] {logging_mixin.py:188} INFO - [2024-10-18T08:23:39.484+0000] {dag.py:3096} INFO - Sync 3 DAGs
[2024-10-18T08:23:39.499+0000] {logging_mixin.py:188} INFO - [2024-10-18T08:23:39.499+0000] {dag.py:3954} INFO - Setting next_dagrun for example_subdag_operator to 2022-01-01 00:00:00+00:00, run_after=2022-01-01 00:00:00+00:00
[2024-10-18T08:23:39.502+0000] {logging_mixin.py:188} INFO - [2024-10-18T08:23:39.502+0000] {dag.py:3954} INFO - Setting next_dagrun for example_subdag_operator.section-1 to None, run_after=None
[2024-10-18T08:23:39.503+0000] {logging_mixin.py:188} INFO - [2024-10-18T08:23:39.503+0000] {dag.py:3954} INFO - Setting next_dagrun for example_subdag_operator.section-2 to None, run_after=None
[2024-10-18T08:23:39.508+0000] {logging_mixin.py:188} INFO - [2024-10-18T08:23:39.508+0000] {dag.py:3096} INFO - Sync 2 DAGs
[2024-10-18T08:23:39.513+0000] {logging_mixin.py:188} INFO - [2024-10-18T08:23:39.513+0000] {dag.py:3954} INFO - Setting next_dagrun for example_subdag_operator.section-1 to None, run_after=None
[2024-10-18T08:23:39.514+0000] {logging_mixin.py:188} INFO - [2024-10-18T08:23:39.513+0000] {dag.py:3954} INFO - Setting next_dagrun for example_subdag_operator.section-2 to None, run_after=None
[2024-10-18T08:23:39.523+0000] {processor.py:183} INFO - Processing /home/airflow/.local/lib/python3.12/site-packages/airflow/example_dags/example_subdag_operator.py took 0.071 seconds
[2024-10-18T08:24:09.567+0000] {processor.py:161} INFO - Started process (PID=313) to work on /home/airflow/.local/lib/python3.12/site-packages/airflow/example_dags/example_subdag_operator.py
[2024-10-18T08:24:09.568+0000] {processor.py:830} INFO - Processing file /home/airflow/.local/lib/python3.12/site-packages/airflow/example_dags/example_subdag_operator.py for tasks to queue
[2024-10-18T08:24:09.569+0000] {logging_mixin.py:188} INFO - [2024-10-18T08:24:09.569+0000] {dagbag.py:545} INFO - Filling up the DagBag from /home/airflow/.local/lib/python3.12/site-packages/airflow/example_dags/example_subdag_operator.py
[2024-10-18T08:24:09.585+0000] {processor.py:840} INFO - DAG(s) 'example_subdag_operator.section-1', 'example_subdag_operator.section-2', 'example_subdag_operator' retrieved from /home/airflow/.local/lib/python3.12/site-packages/airflow/example_dags/example_subdag_operator.py
[2024-10-18T08:24:09.595+0000] {logging_mixin.py:188} INFO - [2024-10-18T08:24:09.595+0000] {dag.py:3096} INFO - Sync 3 DAGs
[2024-10-18T08:24:09.610+0000] {logging_mixin.py:188} INFO - [2024-10-18T08:24:09.609+0000] {dag.py:3954} INFO - Setting next_dagrun for example_subdag_operator to 2022-01-01 00:00:00+00:00, run_after=2022-01-01 00:00:00+00:00
[2024-10-18T08:24:09.613+0000] {logging_mixin.py:188} INFO - [2024-10-18T08:24:09.613+0000] {dag.py:3954} INFO - Setting next_dagrun for example_subdag_operator.section-1 to None, run_after=None
[2024-10-18T08:24:09.614+0000] {logging_mixin.py:188} INFO - [2024-10-18T08:24:09.614+0000] {dag.py:3954} INFO - Setting next_dagrun for example_subdag_operator.section-2 to None, run_after=None
[2024-10-18T08:24:09.620+0000] {logging_mixin.py:188} INFO - [2024-10-18T08:24:09.620+0000] {dag.py:3096} INFO - Sync 2 DAGs
[2024-10-18T08:24:09.625+0000] {logging_mixin.py:188} INFO - [2024-10-18T08:24:09.625+0000] {dag.py:3954} INFO - Setting next_dagrun for example_subdag_operator.section-1 to None, run_after=None
[2024-10-18T08:24:09.625+0000] {logging_mixin.py:188} INFO - [2024-10-18T08:24:09.625+0000] {dag.py:3954} INFO - Setting next_dagrun for example_subdag_operator.section-2 to None, run_after=None
[2024-10-18T08:24:09.634+0000] {processor.py:183} INFO - Processing /home/airflow/.local/lib/python3.12/site-packages/airflow/example_dags/example_subdag_operator.py took 0.071 seconds
[2024-10-18T08:24:39.782+0000] {processor.py:161} INFO - Started process (PID=371) to work on /home/airflow/.local/lib/python3.12/site-packages/airflow/example_dags/example_subdag_operator.py
[2024-10-18T08:24:39.783+0000] {processor.py:830} INFO - Processing file /home/airflow/.local/lib/python3.12/site-packages/airflow/example_dags/example_subdag_operator.py for tasks to queue
[2024-10-18T08:24:39.784+0000] {logging_mixin.py:188} INFO - [2024-10-18T08:24:39.784+0000] {dagbag.py:545} INFO - Filling up the DagBag from /home/airflow/.local/lib/python3.12/site-packages/airflow/example_dags/example_subdag_operator.py
[2024-10-18T08:24:39.800+0000] {processor.py:840} INFO - DAG(s) 'example_subdag_operator.section-1', 'example_subdag_operator.section-2', 'example_subdag_operator' retrieved from /home/airflow/.local/lib/python3.12/site-packages/airflow/example_dags/example_subdag_operator.py
[2024-10-18T08:24:39.814+0000] {logging_mixin.py:188} INFO - [2024-10-18T08:24:39.813+0000] {dag.py:3096} INFO - Sync 3 DAGs
[2024-10-18T08:24:39.831+0000] {logging_mixin.py:188} INFO - [2024-10-18T08:24:39.831+0000] {dag.py:3954} INFO - Setting next_dagrun for example_subdag_operator to 2022-01-01 00:00:00+00:00, run_after=2022-01-01 00:00:00+00:00
[2024-10-18T08:24:39.834+0000] {logging_mixin.py:188} INFO - [2024-10-18T08:24:39.834+0000] {dag.py:3954} INFO - Setting next_dagrun for example_subdag_operator.section-1 to None, run_after=None
[2024-10-18T08:24:39.835+0000] {logging_mixin.py:188} INFO - [2024-10-18T08:24:39.835+0000] {dag.py:3954} INFO - Setting next_dagrun for example_subdag_operator.section-2 to None, run_after=None
[2024-10-18T08:24:39.840+0000] {logging_mixin.py:188} INFO - [2024-10-18T08:24:39.840+0000] {dag.py:3096} INFO - Sync 2 DAGs
[2024-10-18T08:24:39.843+0000] {logging_mixin.py:188} INFO - [2024-10-18T08:24:39.843+0000] {dag.py:3954} INFO - Setting next_dagrun for example_subdag_operator.section-1 to None, run_after=None
[2024-10-18T08:24:39.844+0000] {logging_mixin.py:188} INFO - [2024-10-18T08:24:39.843+0000] {dag.py:3954} INFO - Setting next_dagrun for example_subdag_operator.section-2 to None, run_after=None
[2024-10-18T08:24:39.850+0000] {processor.py:183} INFO - Processing /home/airflow/.local/lib/python3.12/site-packages/airflow/example_dags/example_subdag_operator.py took 0.071 seconds
[2024-10-18T08:25:09.987+0000] {processor.py:161} INFO - Started process (PID=429) to work on /home/airflow/.local/lib/python3.12/site-packages/airflow/example_dags/example_subdag_operator.py
[2024-10-18T08:25:09.988+0000] {processor.py:830} INFO - Processing file /home/airflow/.local/lib/python3.12/site-packages/airflow/example_dags/example_subdag_operator.py for tasks to queue
[2024-10-18T08:25:09.989+0000] {logging_mixin.py:188} INFO - [2024-10-18T08:25:09.989+0000] {dagbag.py:545} INFO - Filling up the DagBag from /home/airflow/.local/lib/python3.12/site-packages/airflow/example_dags/example_subdag_operator.py
[2024-10-18T08:25:10.003+0000] {processor.py:840} INFO - DAG(s) 'example_subdag_operator.section-1', 'example_subdag_operator.section-2', 'example_subdag_operator' retrieved from /home/airflow/.local/lib/python3.12/site-packages/airflow/example_dags/example_subdag_operator.py
[2024-10-18T08:25:10.012+0000] {logging_mixin.py:188} INFO - [2024-10-18T08:25:10.012+0000] {dag.py:3096} INFO - Sync 3 DAGs
[2024-10-18T08:25:10.026+0000] {logging_mixin.py:188} INFO - [2024-10-18T08:25:10.026+0000] {dag.py:3954} INFO - Setting next_dagrun for example_subdag_operator to 2022-01-01 00:00:00+00:00, run_after=2022-01-01 00:00:00+00:00
[2024-10-18T08:25:10.029+0000] {logging_mixin.py:188} INFO - [2024-10-18T08:25:10.029+0000] {dag.py:3954} INFO - Setting next_dagrun for example_subdag_operator.section-1 to None, run_after=None
[2024-10-18T08:25:10.030+0000] {logging_mixin.py:188} INFO - [2024-10-18T08:25:10.030+0000] {dag.py:3954} INFO - Setting next_dagrun for example_subdag_operator.section-2 to None, run_after=None
[2024-10-18T08:25:10.035+0000] {logging_mixin.py:188} INFO - [2024-10-18T08:25:10.035+0000] {dag.py:3096} INFO - Sync 2 DAGs
[2024-10-18T08:25:10.039+0000] {logging_mixin.py:188} INFO - [2024-10-18T08:25:10.039+0000] {dag.py:3954} INFO - Setting next_dagrun for example_subdag_operator.section-1 to None, run_after=None
[2024-10-18T08:25:10.039+0000] {logging_mixin.py:188} INFO - [2024-10-18T08:25:10.039+0000] {dag.py:3954} INFO - Setting next_dagrun for example_subdag_operator.section-2 to None, run_after=None
[2024-10-18T08:25:10.051+0000] {processor.py:183} INFO - Processing /home/airflow/.local/lib/python3.12/site-packages/airflow/example_dags/example_subdag_operator.py took 0.068 seconds
[2024-10-18T08:25:40.275+0000] {processor.py:161} INFO - Started process (PID=486) to work on /home/airflow/.local/lib/python3.12/site-packages/airflow/example_dags/example_subdag_operator.py
[2024-10-18T08:25:40.275+0000] {processor.py:830} INFO - Processing file /home/airflow/.local/lib/python3.12/site-packages/airflow/example_dags/example_subdag_operator.py for tasks to queue
[2024-10-18T08:25:40.276+0000] {logging_mixin.py:188} INFO - [2024-10-18T08:25:40.276+0000] {dagbag.py:545} INFO - Filling up the DagBag from /home/airflow/.local/lib/python3.12/site-packages/airflow/example_dags/example_subdag_operator.py
[2024-10-18T08:25:40.293+0000] {processor.py:840} INFO - DAG(s) 'example_subdag_operator.section-1', 'example_subdag_operator.section-2', 'example_subdag_operator' retrieved from /home/airflow/.local/lib/python3.12/site-packages/airflow/example_dags/example_subdag_operator.py
[2024-10-18T08:25:40.303+0000] {logging_mixin.py:188} INFO - [2024-10-18T08:25:40.303+0000] {dag.py:3096} INFO - Sync 3 DAGs
[2024-10-18T08:25:40.317+0000] {logging_mixin.py:188} INFO - [2024-10-18T08:25:40.317+0000] {dag.py:3954} INFO - Setting next_dagrun for example_subdag_operator to 2022-01-01 00:00:00+00:00, run_after=2022-01-01 00:00:00+00:00
[2024-10-18T08:25:40.319+0000] {logging_mixin.py:188} INFO - [2024-10-18T08:25:40.319+0000] {dag.py:3954} INFO - Setting next_dagrun for example_subdag_operator.section-1 to None, run_after=None
[2024-10-18T08:25:40.320+0000] {logging_mixin.py:188} INFO - [2024-10-18T08:25:40.320+0000] {dag.py:3954} INFO - Setting next_dagrun for example_subdag_operator.section-2 to None, run_after=None
[2024-10-18T08:25:40.325+0000] {logging_mixin.py:188} INFO - [2024-10-18T08:25:40.324+0000] {dag.py:3096} INFO - Sync 2 DAGs
[2024-10-18T08:25:40.328+0000] {logging_mixin.py:188} INFO - [2024-10-18T08:25:40.328+0000] {dag.py:3954} INFO - Setting next_dagrun for example_subdag_operator.section-1 to None, run_after=None
[2024-10-18T08:25:40.328+0000] {logging_mixin.py:188} INFO - [2024-10-18T08:25:40.328+0000] {dag.py:3954} INFO - Setting next_dagrun for example_subdag_operator.section-2 to None, run_after=None
[2024-10-18T08:25:40.335+0000] {processor.py:183} INFO - Processing /home/airflow/.local/lib/python3.12/site-packages/airflow/example_dags/example_subdag_operator.py took 0.063 seconds
[2024-10-18T08:26:10.469+0000] {processor.py:161} INFO - Started process (PID=544) to work on /home/airflow/.local/lib/python3.12/site-packages/airflow/example_dags/example_subdag_operator.py
[2024-10-18T08:26:10.470+0000] {processor.py:830} INFO - Processing file /home/airflow/.local/lib/python3.12/site-packages/airflow/example_dags/example_subdag_operator.py for tasks to queue
[2024-10-18T08:26:10.471+0000] {logging_mixin.py:188} INFO - [2024-10-18T08:26:10.471+0000] {dagbag.py:545} INFO - Filling up the DagBag from /home/airflow/.local/lib/python3.12/site-packages/airflow/example_dags/example_subdag_operator.py
[2024-10-18T08:26:10.485+0000] {processor.py:840} INFO - DAG(s) 'example_subdag_operator.section-1', 'example_subdag_operator.section-2', 'example_subdag_operator' retrieved from /home/airflow/.local/lib/python3.12/site-packages/airflow/example_dags/example_subdag_operator.py
[2024-10-18T08:26:10.494+0000] {logging_mixin.py:188} INFO - [2024-10-18T08:26:10.494+0000] {dag.py:3096} INFO - Sync 3 DAGs
[2024-10-18T08:26:10.508+0000] {logging_mixin.py:188} INFO - [2024-10-18T08:26:10.508+0000] {dag.py:3954} INFO - Setting next_dagrun for example_subdag_operator to 2022-01-01 00:00:00+00:00, run_after=2022-01-01 00:00:00+00:00
[2024-10-18T08:26:10.511+0000] {logging_mixin.py:188} INFO - [2024-10-18T08:26:10.510+0000] {dag.py:3954} INFO - Setting next_dagrun for example_subdag_operator.section-1 to None, run_after=None
[2024-10-18T08:26:10.511+0000] {logging_mixin.py:188} INFO - [2024-10-18T08:26:10.511+0000] {dag.py:3954} INFO - Setting next_dagrun for example_subdag_operator.section-2 to None, run_after=None
[2024-10-18T08:26:10.516+0000] {logging_mixin.py:188} INFO - [2024-10-18T08:26:10.516+0000] {dag.py:3096} INFO - Sync 2 DAGs
[2024-10-18T08:26:10.520+0000] {logging_mixin.py:188} INFO - [2024-10-18T08:26:10.519+0000] {dag.py:3954} INFO - Setting next_dagrun for example_subdag_operator.section-1 to None, run_after=None
[2024-10-18T08:26:10.520+0000] {logging_mixin.py:188} INFO - [2024-10-18T08:26:10.520+0000] {dag.py:3954} INFO - Setting next_dagrun for example_subdag_operator.section-2 to None, run_after=None
[2024-10-18T08:26:10.526+0000] {processor.py:183} INFO - Processing /home/airflow/.local/lib/python3.12/site-packages/airflow/example_dags/example_subdag_operator.py took 0.062 seconds
[2024-10-18T08:26:40.599+0000] {processor.py:161} INFO - Started process (PID=602) to work on /home/airflow/.local/lib/python3.12/site-packages/airflow/example_dags/example_subdag_operator.py
[2024-10-18T08:26:40.600+0000] {processor.py:830} INFO - Processing file /home/airflow/.local/lib/python3.12/site-packages/airflow/example_dags/example_subdag_operator.py for tasks to queue
[2024-10-18T08:26:40.601+0000] {logging_mixin.py:188} INFO - [2024-10-18T08:26:40.601+0000] {dagbag.py:545} INFO - Filling up the DagBag from /home/airflow/.local/lib/python3.12/site-packages/airflow/example_dags/example_subdag_operator.py
[2024-10-18T08:26:40.617+0000] {processor.py:840} INFO - DAG(s) 'example_subdag_operator.section-1', 'example_subdag_operator.section-2', 'example_subdag_operator' retrieved from /home/airflow/.local/lib/python3.12/site-packages/airflow/example_dags/example_subdag_operator.py
[2024-10-18T08:26:40.627+0000] {logging_mixin.py:188} INFO - [2024-10-18T08:26:40.626+0000] {dag.py:3096} INFO - Sync 3 DAGs
[2024-10-18T08:26:40.641+0000] {logging_mixin.py:188} INFO - [2024-10-18T08:26:40.641+0000] {dag.py:3954} INFO - Setting next_dagrun for example_subdag_operator to 2022-01-01 00:00:00+00:00, run_after=2022-01-01 00:00:00+00:00
[2024-10-18T08:26:40.644+0000] {logging_mixin.py:188} INFO - [2024-10-18T08:26:40.643+0000] {dag.py:3954} INFO - Setting next_dagrun for example_subdag_operator.section-1 to None, run_after=None
[2024-10-18T08:26:40.644+0000] {logging_mixin.py:188} INFO - [2024-10-18T08:26:40.644+0000] {dag.py:3954} INFO - Setting next_dagrun for example_subdag_operator.section-2 to None, run_after=None
[2024-10-18T08:26:40.649+0000] {logging_mixin.py:188} INFO - [2024-10-18T08:26:40.649+0000] {dag.py:3096} INFO - Sync 2 DAGs
[2024-10-18T08:26:40.652+0000] {logging_mixin.py:188} INFO - [2024-10-18T08:26:40.652+0000] {dag.py:3954} INFO - Setting next_dagrun for example_subdag_operator.section-1 to None, run_after=None
[2024-10-18T08:26:40.652+0000] {logging_mixin.py:188} INFO - [2024-10-18T08:26:40.652+0000] {dag.py:3954} INFO - Setting next_dagrun for example_subdag_operator.section-2 to None, run_after=None
[2024-10-18T08:26:40.660+0000] {processor.py:183} INFO - Processing /home/airflow/.local/lib/python3.12/site-packages/airflow/example_dags/example_subdag_operator.py took 0.065 seconds
[2024-10-18T08:31:19.136+0000] {processor.py:161} INFO - Started process (PID=82) to work on /home/airflow/.local/lib/python3.12/site-packages/airflow/example_dags/example_subdag_operator.py
[2024-10-18T08:31:19.152+0000] {processor.py:830} INFO - Processing file /home/airflow/.local/lib/python3.12/site-packages/airflow/example_dags/example_subdag_operator.py for tasks to queue
[2024-10-18T08:31:19.153+0000] {logging_mixin.py:188} INFO - [2024-10-18T08:31:19.153+0000] {dagbag.py:545} INFO - Filling up the DagBag from /home/airflow/.local/lib/python3.12/site-packages/airflow/example_dags/example_subdag_operator.py
[2024-10-18T08:31:19.175+0000] {processor.py:840} INFO - DAG(s) 'example_subdag_operator.section-1', 'example_subdag_operator.section-2', 'example_subdag_operator' retrieved from /home/airflow/.local/lib/python3.12/site-packages/airflow/example_dags/example_subdag_operator.py
[2024-10-18T08:31:19.178+0000] {logging_mixin.py:188} INFO - [2024-10-18T08:31:19.178+0000] {dag.py:3096} INFO - Sync 3 DAGs
[2024-10-18T08:31:19.202+0000] {logging_mixin.py:188} INFO - [2024-10-18T08:31:19.202+0000] {dag.py:3954} INFO - Setting next_dagrun for example_subdag_operator to 2022-01-01 00:00:00+00:00, run_after=2022-01-01 00:00:00+00:00
[2024-10-18T08:31:19.206+0000] {logging_mixin.py:188} INFO - [2024-10-18T08:31:19.206+0000] {dag.py:3954} INFO - Setting next_dagrun for example_subdag_operator.section-1 to None, run_after=None
[2024-10-18T08:31:19.207+0000] {logging_mixin.py:188} INFO - [2024-10-18T08:31:19.207+0000] {dag.py:3954} INFO - Setting next_dagrun for example_subdag_operator.section-2 to None, run_after=None
[2024-10-18T08:31:19.214+0000] {logging_mixin.py:188} INFO - [2024-10-18T08:31:19.213+0000] {dag.py:3096} INFO - Sync 2 DAGs
[2024-10-18T08:31:19.218+0000] {logging_mixin.py:188} INFO - [2024-10-18T08:31:19.218+0000] {dag.py:3954} INFO - Setting next_dagrun for example_subdag_operator.section-1 to None, run_after=None
[2024-10-18T08:31:19.218+0000] {logging_mixin.py:188} INFO - [2024-10-18T08:31:19.218+0000] {dag.py:3954} INFO - Setting next_dagrun for example_subdag_operator.section-2 to None, run_after=None
[2024-10-18T08:31:19.297+0000] {processor.py:183} INFO - Processing /home/airflow/.local/lib/python3.12/site-packages/airflow/example_dags/example_subdag_operator.py took 0.168 seconds
[2024-10-18T08:31:50.325+0000] {processor.py:161} INFO - Started process (PID=141) to work on /home/airflow/.local/lib/python3.12/site-packages/airflow/example_dags/example_subdag_operator.py
[2024-10-18T08:31:50.326+0000] {processor.py:830} INFO - Processing file /home/airflow/.local/lib/python3.12/site-packages/airflow/example_dags/example_subdag_operator.py for tasks to queue
[2024-10-18T08:31:50.328+0000] {logging_mixin.py:188} INFO - [2024-10-18T08:31:50.328+0000] {dagbag.py:545} INFO - Filling up the DagBag from /home/airflow/.local/lib/python3.12/site-packages/airflow/example_dags/example_subdag_operator.py
[2024-10-18T08:31:50.342+0000] {processor.py:840} INFO - DAG(s) 'example_subdag_operator.section-1', 'example_subdag_operator.section-2', 'example_subdag_operator' retrieved from /home/airflow/.local/lib/python3.12/site-packages/airflow/example_dags/example_subdag_operator.py
[2024-10-18T08:31:50.419+0000] {logging_mixin.py:188} INFO - [2024-10-18T08:31:50.419+0000] {dag.py:3096} INFO - Sync 3 DAGs
[2024-10-18T08:31:50.435+0000] {logging_mixin.py:188} INFO - [2024-10-18T08:31:50.434+0000] {dag.py:3954} INFO - Setting next_dagrun for example_subdag_operator to 2022-01-01 00:00:00+00:00, run_after=2022-01-01 00:00:00+00:00
[2024-10-18T08:31:50.437+0000] {logging_mixin.py:188} INFO - [2024-10-18T08:31:50.437+0000] {dag.py:3954} INFO - Setting next_dagrun for example_subdag_operator.section-1 to None, run_after=None
[2024-10-18T08:31:50.438+0000] {logging_mixin.py:188} INFO - [2024-10-18T08:31:50.438+0000] {dag.py:3954} INFO - Setting next_dagrun for example_subdag_operator.section-2 to None, run_after=None
[2024-10-18T08:31:50.445+0000] {logging_mixin.py:188} INFO - [2024-10-18T08:31:50.445+0000] {dag.py:3096} INFO - Sync 2 DAGs
[2024-10-18T08:31:50.449+0000] {logging_mixin.py:188} INFO - [2024-10-18T08:31:50.449+0000] {dag.py:3954} INFO - Setting next_dagrun for example_subdag_operator.section-1 to None, run_after=None
[2024-10-18T08:31:50.449+0000] {logging_mixin.py:188} INFO - [2024-10-18T08:31:50.449+0000] {dag.py:3954} INFO - Setting next_dagrun for example_subdag_operator.section-2 to None, run_after=None
[2024-10-18T08:31:50.458+0000] {processor.py:183} INFO - Processing /home/airflow/.local/lib/python3.12/site-packages/airflow/example_dags/example_subdag_operator.py took 0.136 seconds
[2024-10-18T08:33:28.540+0000] {processor.py:161} INFO - Started process (PID=67) to work on /home/airflow/.local/lib/python3.12/site-packages/airflow/example_dags/example_subdag_operator.py
[2024-10-18T08:33:28.541+0000] {processor.py:830} INFO - Processing file /home/airflow/.local/lib/python3.12/site-packages/airflow/example_dags/example_subdag_operator.py for tasks to queue
[2024-10-18T08:33:28.543+0000] {logging_mixin.py:188} INFO - [2024-10-18T08:33:28.543+0000] {dagbag.py:545} INFO - Filling up the DagBag from /home/airflow/.local/lib/python3.12/site-packages/airflow/example_dags/example_subdag_operator.py
[2024-10-18T08:33:28.566+0000] {processor.py:840} INFO - DAG(s) 'example_subdag_operator.section-1', 'example_subdag_operator.section-2', 'example_subdag_operator' retrieved from /home/airflow/.local/lib/python3.12/site-packages/airflow/example_dags/example_subdag_operator.py
[2024-10-18T08:33:28.569+0000] {logging_mixin.py:188} INFO - [2024-10-18T08:33:28.569+0000] {dag.py:3096} INFO - Sync 3 DAGs
[2024-10-18T08:33:28.591+0000] {logging_mixin.py:188} INFO - [2024-10-18T08:33:28.591+0000] {dag.py:3954} INFO - Setting next_dagrun for example_subdag_operator to 2022-01-01 00:00:00+00:00, run_after=2022-01-01 00:00:00+00:00
[2024-10-18T08:33:28.595+0000] {logging_mixin.py:188} INFO - [2024-10-18T08:33:28.595+0000] {dag.py:3954} INFO - Setting next_dagrun for example_subdag_operator.section-1 to None, run_after=None
[2024-10-18T08:33:28.597+0000] {logging_mixin.py:188} INFO - [2024-10-18T08:33:28.596+0000] {dag.py:3954} INFO - Setting next_dagrun for example_subdag_operator.section-2 to None, run_after=None
[2024-10-18T08:33:28.603+0000] {logging_mixin.py:188} INFO - [2024-10-18T08:33:28.603+0000] {dag.py:3096} INFO - Sync 2 DAGs
[2024-10-18T08:33:28.608+0000] {logging_mixin.py:188} INFO - [2024-10-18T08:33:28.608+0000] {dag.py:3954} INFO - Setting next_dagrun for example_subdag_operator.section-1 to None, run_after=None
[2024-10-18T08:33:28.609+0000] {logging_mixin.py:188} INFO - [2024-10-18T08:33:28.608+0000] {dag.py:3954} INFO - Setting next_dagrun for example_subdag_operator.section-2 to None, run_after=None
[2024-10-18T08:33:28.625+0000] {processor.py:183} INFO - Processing /home/airflow/.local/lib/python3.12/site-packages/airflow/example_dags/example_subdag_operator.py took 0.090 seconds
[2024-10-18T08:35:25.281+0000] {processor.py:161} INFO - Started process (PID=81) to work on /home/airflow/.local/lib/python3.12/site-packages/airflow/example_dags/example_subdag_operator.py
[2024-10-18T08:35:25.282+0000] {processor.py:830} INFO - Processing file /home/airflow/.local/lib/python3.12/site-packages/airflow/example_dags/example_subdag_operator.py for tasks to queue
[2024-10-18T08:35:25.284+0000] {logging_mixin.py:188} INFO - [2024-10-18T08:35:25.283+0000] {dagbag.py:545} INFO - Filling up the DagBag from /home/airflow/.local/lib/python3.12/site-packages/airflow/example_dags/example_subdag_operator.py
[2024-10-18T08:35:25.312+0000] {processor.py:840} INFO - DAG(s) 'example_subdag_operator.section-1', 'example_subdag_operator.section-2', 'example_subdag_operator' retrieved from /home/airflow/.local/lib/python3.12/site-packages/airflow/example_dags/example_subdag_operator.py
[2024-10-18T08:35:25.315+0000] {logging_mixin.py:188} INFO - [2024-10-18T08:35:25.314+0000] {dag.py:3096} INFO - Sync 3 DAGs
[2024-10-18T08:35:25.338+0000] {logging_mixin.py:188} INFO - [2024-10-18T08:35:25.337+0000] {dag.py:3954} INFO - Setting next_dagrun for example_subdag_operator to 2022-01-01 00:00:00+00:00, run_after=2022-01-01 00:00:00+00:00
[2024-10-18T08:35:25.341+0000] {logging_mixin.py:188} INFO - [2024-10-18T08:35:25.341+0000] {dag.py:3954} INFO - Setting next_dagrun for example_subdag_operator.section-1 to None, run_after=None
[2024-10-18T08:35:25.342+0000] {logging_mixin.py:188} INFO - [2024-10-18T08:35:25.342+0000] {dag.py:3954} INFO - Setting next_dagrun for example_subdag_operator.section-2 to None, run_after=None
[2024-10-18T08:35:25.349+0000] {logging_mixin.py:188} INFO - [2024-10-18T08:35:25.349+0000] {dag.py:3096} INFO - Sync 2 DAGs
[2024-10-18T08:35:25.354+0000] {logging_mixin.py:188} INFO - [2024-10-18T08:35:25.354+0000] {dag.py:3954} INFO - Setting next_dagrun for example_subdag_operator.section-1 to None, run_after=None
[2024-10-18T08:35:25.354+0000] {logging_mixin.py:188} INFO - [2024-10-18T08:35:25.354+0000] {dag.py:3954} INFO - Setting next_dagrun for example_subdag_operator.section-2 to None, run_after=None
[2024-10-18T08:35:25.370+0000] {processor.py:183} INFO - Processing /home/airflow/.local/lib/python3.12/site-packages/airflow/example_dags/example_subdag_operator.py took 0.103 seconds
[2024-10-18T08:35:56.090+0000] {processor.py:161} INFO - Started process (PID=140) to work on /home/airflow/.local/lib/python3.12/site-packages/airflow/example_dags/example_subdag_operator.py
[2024-10-18T08:35:56.091+0000] {processor.py:830} INFO - Processing file /home/airflow/.local/lib/python3.12/site-packages/airflow/example_dags/example_subdag_operator.py for tasks to queue
[2024-10-18T08:35:56.093+0000] {logging_mixin.py:188} INFO - [2024-10-18T08:35:56.092+0000] {dagbag.py:545} INFO - Filling up the DagBag from /home/airflow/.local/lib/python3.12/site-packages/airflow/example_dags/example_subdag_operator.py
[2024-10-18T08:35:56.113+0000] {processor.py:840} INFO - DAG(s) 'example_subdag_operator.section-1', 'example_subdag_operator.section-2', 'example_subdag_operator' retrieved from /home/airflow/.local/lib/python3.12/site-packages/airflow/example_dags/example_subdag_operator.py
[2024-10-18T08:35:56.207+0000] {logging_mixin.py:188} INFO - [2024-10-18T08:35:56.207+0000] {dag.py:3096} INFO - Sync 3 DAGs
[2024-10-18T08:35:56.226+0000] {logging_mixin.py:188} INFO - [2024-10-18T08:35:56.226+0000] {dag.py:3954} INFO - Setting next_dagrun for example_subdag_operator to 2022-01-01 00:00:00+00:00, run_after=2022-01-01 00:00:00+00:00
[2024-10-18T08:35:56.228+0000] {logging_mixin.py:188} INFO - [2024-10-18T08:35:56.228+0000] {dag.py:3954} INFO - Setting next_dagrun for example_subdag_operator.section-1 to None, run_after=None
[2024-10-18T08:35:56.229+0000] {logging_mixin.py:188} INFO - [2024-10-18T08:35:56.229+0000] {dag.py:3954} INFO - Setting next_dagrun for example_subdag_operator.section-2 to None, run_after=None
[2024-10-18T08:35:56.236+0000] {logging_mixin.py:188} INFO - [2024-10-18T08:35:56.236+0000] {dag.py:3096} INFO - Sync 2 DAGs
[2024-10-18T08:35:56.241+0000] {logging_mixin.py:188} INFO - [2024-10-18T08:35:56.241+0000] {dag.py:3954} INFO - Setting next_dagrun for example_subdag_operator.section-1 to None, run_after=None
[2024-10-18T08:35:56.241+0000] {logging_mixin.py:188} INFO - [2024-10-18T08:35:56.241+0000] {dag.py:3954} INFO - Setting next_dagrun for example_subdag_operator.section-2 to None, run_after=None
[2024-10-18T08:35:56.251+0000] {processor.py:183} INFO - Processing /home/airflow/.local/lib/python3.12/site-packages/airflow/example_dags/example_subdag_operator.py took 0.166 seconds
[2024-10-18T08:36:26.314+0000] {processor.py:161} INFO - Started process (PID=199) to work on /home/airflow/.local/lib/python3.12/site-packages/airflow/example_dags/example_subdag_operator.py
[2024-10-18T08:36:26.315+0000] {processor.py:830} INFO - Processing file /home/airflow/.local/lib/python3.12/site-packages/airflow/example_dags/example_subdag_operator.py for tasks to queue
[2024-10-18T08:36:26.316+0000] {logging_mixin.py:188} INFO - [2024-10-18T08:36:26.316+0000] {dagbag.py:545} INFO - Filling up the DagBag from /home/airflow/.local/lib/python3.12/site-packages/airflow/example_dags/example_subdag_operator.py
[2024-10-18T08:36:26.331+0000] {processor.py:840} INFO - DAG(s) 'example_subdag_operator.section-1', 'example_subdag_operator.section-2', 'example_subdag_operator' retrieved from /home/airflow/.local/lib/python3.12/site-packages/airflow/example_dags/example_subdag_operator.py
[2024-10-18T08:36:26.341+0000] {logging_mixin.py:188} INFO - [2024-10-18T08:36:26.341+0000] {dag.py:3096} INFO - Sync 3 DAGs
[2024-10-18T08:36:26.355+0000] {logging_mixin.py:188} INFO - [2024-10-18T08:36:26.355+0000] {dag.py:3954} INFO - Setting next_dagrun for example_subdag_operator to 2022-01-01 00:00:00+00:00, run_after=2022-01-01 00:00:00+00:00
[2024-10-18T08:36:26.357+0000] {logging_mixin.py:188} INFO - [2024-10-18T08:36:26.357+0000] {dag.py:3954} INFO - Setting next_dagrun for example_subdag_operator.section-1 to None, run_after=None
[2024-10-18T08:36:26.358+0000] {logging_mixin.py:188} INFO - [2024-10-18T08:36:26.358+0000] {dag.py:3954} INFO - Setting next_dagrun for example_subdag_operator.section-2 to None, run_after=None
[2024-10-18T08:36:26.363+0000] {logging_mixin.py:188} INFO - [2024-10-18T08:36:26.363+0000] {dag.py:3096} INFO - Sync 2 DAGs
[2024-10-18T08:36:26.366+0000] {logging_mixin.py:188} INFO - [2024-10-18T08:36:26.366+0000] {dag.py:3954} INFO - Setting next_dagrun for example_subdag_operator.section-1 to None, run_after=None
[2024-10-18T08:36:26.367+0000] {logging_mixin.py:188} INFO - [2024-10-18T08:36:26.367+0000] {dag.py:3954} INFO - Setting next_dagrun for example_subdag_operator.section-2 to None, run_after=None
[2024-10-18T08:36:26.373+0000] {processor.py:183} INFO - Processing /home/airflow/.local/lib/python3.12/site-packages/airflow/example_dags/example_subdag_operator.py took 0.063 seconds
[2024-10-18T08:36:57.274+0000] {processor.py:161} INFO - Started process (PID=258) to work on /home/airflow/.local/lib/python3.12/site-packages/airflow/example_dags/example_subdag_operator.py
[2024-10-18T08:36:57.275+0000] {processor.py:830} INFO - Processing file /home/airflow/.local/lib/python3.12/site-packages/airflow/example_dags/example_subdag_operator.py for tasks to queue
[2024-10-18T08:36:57.276+0000] {logging_mixin.py:188} INFO - [2024-10-18T08:36:57.275+0000] {dagbag.py:545} INFO - Filling up the DagBag from /home/airflow/.local/lib/python3.12/site-packages/airflow/example_dags/example_subdag_operator.py
[2024-10-18T08:36:57.290+0000] {processor.py:840} INFO - DAG(s) 'example_subdag_operator.section-1', 'example_subdag_operator.section-2', 'example_subdag_operator' retrieved from /home/airflow/.local/lib/python3.12/site-packages/airflow/example_dags/example_subdag_operator.py
[2024-10-18T08:36:57.301+0000] {logging_mixin.py:188} INFO - [2024-10-18T08:36:57.301+0000] {dag.py:3096} INFO - Sync 3 DAGs
[2024-10-18T08:36:57.315+0000] {logging_mixin.py:188} INFO - [2024-10-18T08:36:57.315+0000] {dag.py:3954} INFO - Setting next_dagrun for example_subdag_operator to 2022-01-01 00:00:00+00:00, run_after=2022-01-01 00:00:00+00:00
[2024-10-18T08:36:57.318+0000] {logging_mixin.py:188} INFO - [2024-10-18T08:36:57.318+0000] {dag.py:3954} INFO - Setting next_dagrun for example_subdag_operator.section-1 to None, run_after=None
[2024-10-18T08:36:57.319+0000] {logging_mixin.py:188} INFO - [2024-10-18T08:36:57.319+0000] {dag.py:3954} INFO - Setting next_dagrun for example_subdag_operator.section-2 to None, run_after=None
[2024-10-18T08:36:57.324+0000] {logging_mixin.py:188} INFO - [2024-10-18T08:36:57.324+0000] {dag.py:3096} INFO - Sync 2 DAGs
[2024-10-18T08:36:57.328+0000] {logging_mixin.py:188} INFO - [2024-10-18T08:36:57.328+0000] {dag.py:3954} INFO - Setting next_dagrun for example_subdag_operator.section-1 to None, run_after=None
[2024-10-18T08:36:57.329+0000] {logging_mixin.py:188} INFO - [2024-10-18T08:36:57.328+0000] {dag.py:3954} INFO - Setting next_dagrun for example_subdag_operator.section-2 to None, run_after=None
[2024-10-18T08:36:57.337+0000] {processor.py:183} INFO - Processing /home/airflow/.local/lib/python3.12/site-packages/airflow/example_dags/example_subdag_operator.py took 0.067 seconds
[2024-10-18T08:37:27.554+0000] {processor.py:161} INFO - Started process (PID=317) to work on /home/airflow/.local/lib/python3.12/site-packages/airflow/example_dags/example_subdag_operator.py
[2024-10-18T08:37:27.554+0000] {processor.py:830} INFO - Processing file /home/airflow/.local/lib/python3.12/site-packages/airflow/example_dags/example_subdag_operator.py for tasks to queue
[2024-10-18T08:37:27.556+0000] {logging_mixin.py:188} INFO - [2024-10-18T08:37:27.556+0000] {dagbag.py:545} INFO - Filling up the DagBag from /home/airflow/.local/lib/python3.12/site-packages/airflow/example_dags/example_subdag_operator.py
[2024-10-18T08:37:27.573+0000] {processor.py:840} INFO - DAG(s) 'example_subdag_operator.section-1', 'example_subdag_operator.section-2', 'example_subdag_operator' retrieved from /home/airflow/.local/lib/python3.12/site-packages/airflow/example_dags/example_subdag_operator.py
[2024-10-18T08:37:27.586+0000] {logging_mixin.py:188} INFO - [2024-10-18T08:37:27.586+0000] {dag.py:3096} INFO - Sync 3 DAGs
[2024-10-18T08:37:27.600+0000] {logging_mixin.py:188} INFO - [2024-10-18T08:37:27.600+0000] {dag.py:3954} INFO - Setting next_dagrun for example_subdag_operator to 2022-01-01 00:00:00+00:00, run_after=2022-01-01 00:00:00+00:00
[2024-10-18T08:37:27.603+0000] {logging_mixin.py:188} INFO - [2024-10-18T08:37:27.603+0000] {dag.py:3954} INFO - Setting next_dagrun for example_subdag_operator.section-1 to None, run_after=None
[2024-10-18T08:37:27.604+0000] {logging_mixin.py:188} INFO - [2024-10-18T08:37:27.604+0000] {dag.py:3954} INFO - Setting next_dagrun for example_subdag_operator.section-2 to None, run_after=None
[2024-10-18T08:37:27.609+0000] {logging_mixin.py:188} INFO - [2024-10-18T08:37:27.609+0000] {dag.py:3096} INFO - Sync 2 DAGs
[2024-10-18T08:37:27.613+0000] {logging_mixin.py:188} INFO - [2024-10-18T08:37:27.613+0000] {dag.py:3954} INFO - Setting next_dagrun for example_subdag_operator.section-1 to None, run_after=None
[2024-10-18T08:37:27.613+0000] {logging_mixin.py:188} INFO - [2024-10-18T08:37:27.613+0000] {dag.py:3954} INFO - Setting next_dagrun for example_subdag_operator.section-2 to None, run_after=None
[2024-10-18T08:37:27.623+0000] {processor.py:183} INFO - Processing /home/airflow/.local/lib/python3.12/site-packages/airflow/example_dags/example_subdag_operator.py took 0.074 seconds
[2024-10-18T08:37:57.813+0000] {processor.py:161} INFO - Started process (PID=376) to work on /home/airflow/.local/lib/python3.12/site-packages/airflow/example_dags/example_subdag_operator.py
[2024-10-18T08:37:57.813+0000] {processor.py:830} INFO - Processing file /home/airflow/.local/lib/python3.12/site-packages/airflow/example_dags/example_subdag_operator.py for tasks to queue
[2024-10-18T08:37:57.814+0000] {logging_mixin.py:188} INFO - [2024-10-18T08:37:57.814+0000] {dagbag.py:545} INFO - Filling up the DagBag from /home/airflow/.local/lib/python3.12/site-packages/airflow/example_dags/example_subdag_operator.py
[2024-10-18T08:37:57.830+0000] {processor.py:840} INFO - DAG(s) 'example_subdag_operator.section-1', 'example_subdag_operator.section-2', 'example_subdag_operator' retrieved from /home/airflow/.local/lib/python3.12/site-packages/airflow/example_dags/example_subdag_operator.py
[2024-10-18T08:37:57.843+0000] {logging_mixin.py:188} INFO - [2024-10-18T08:37:57.843+0000] {dag.py:3096} INFO - Sync 3 DAGs
[2024-10-18T08:37:57.856+0000] {logging_mixin.py:188} INFO - [2024-10-18T08:37:57.856+0000] {dag.py:3954} INFO - Setting next_dagrun for example_subdag_operator to 2022-01-01 00:00:00+00:00, run_after=2022-01-01 00:00:00+00:00
[2024-10-18T08:37:57.859+0000] {logging_mixin.py:188} INFO - [2024-10-18T08:37:57.859+0000] {dag.py:3954} INFO - Setting next_dagrun for example_subdag_operator.section-1 to None, run_after=None
[2024-10-18T08:37:57.860+0000] {logging_mixin.py:188} INFO - [2024-10-18T08:37:57.860+0000] {dag.py:3954} INFO - Setting next_dagrun for example_subdag_operator.section-2 to None, run_after=None
[2024-10-18T08:37:57.864+0000] {logging_mixin.py:188} INFO - [2024-10-18T08:37:57.864+0000] {dag.py:3096} INFO - Sync 2 DAGs
[2024-10-18T08:37:57.868+0000] {logging_mixin.py:188} INFO - [2024-10-18T08:37:57.868+0000] {dag.py:3954} INFO - Setting next_dagrun for example_subdag_operator.section-1 to None, run_after=None
[2024-10-18T08:37:57.868+0000] {logging_mixin.py:188} INFO - [2024-10-18T08:37:57.868+0000] {dag.py:3954} INFO - Setting next_dagrun for example_subdag_operator.section-2 to None, run_after=None
[2024-10-18T08:37:57.875+0000] {processor.py:183} INFO - Processing /home/airflow/.local/lib/python3.12/site-packages/airflow/example_dags/example_subdag_operator.py took 0.066 seconds
[2024-10-18T08:38:28.059+0000] {processor.py:161} INFO - Started process (PID=435) to work on /home/airflow/.local/lib/python3.12/site-packages/airflow/example_dags/example_subdag_operator.py
[2024-10-18T08:38:28.060+0000] {processor.py:830} INFO - Processing file /home/airflow/.local/lib/python3.12/site-packages/airflow/example_dags/example_subdag_operator.py for tasks to queue
[2024-10-18T08:38:28.061+0000] {logging_mixin.py:188} INFO - [2024-10-18T08:38:28.061+0000] {dagbag.py:545} INFO - Filling up the DagBag from /home/airflow/.local/lib/python3.12/site-packages/airflow/example_dags/example_subdag_operator.py
[2024-10-18T08:38:28.078+0000] {processor.py:840} INFO - DAG(s) 'example_subdag_operator.section-1', 'example_subdag_operator.section-2', 'example_subdag_operator' retrieved from /home/airflow/.local/lib/python3.12/site-packages/airflow/example_dags/example_subdag_operator.py
[2024-10-18T08:38:28.089+0000] {logging_mixin.py:188} INFO - [2024-10-18T08:38:28.089+0000] {dag.py:3096} INFO - Sync 3 DAGs
[2024-10-18T08:38:28.104+0000] {logging_mixin.py:188} INFO - [2024-10-18T08:38:28.104+0000] {dag.py:3954} INFO - Setting next_dagrun for example_subdag_operator to 2022-01-01 00:00:00+00:00, run_after=2022-01-01 00:00:00+00:00
[2024-10-18T08:38:28.106+0000] {logging_mixin.py:188} INFO - [2024-10-18T08:38:28.106+0000] {dag.py:3954} INFO - Setting next_dagrun for example_subdag_operator.section-1 to None, run_after=None
[2024-10-18T08:38:28.107+0000] {logging_mixin.py:188} INFO - [2024-10-18T08:38:28.107+0000] {dag.py:3954} INFO - Setting next_dagrun for example_subdag_operator.section-2 to None, run_after=None
[2024-10-18T08:38:28.112+0000] {logging_mixin.py:188} INFO - [2024-10-18T08:38:28.112+0000] {dag.py:3096} INFO - Sync 2 DAGs
[2024-10-18T08:38:28.115+0000] {logging_mixin.py:188} INFO - [2024-10-18T08:38:28.115+0000] {dag.py:3954} INFO - Setting next_dagrun for example_subdag_operator.section-1 to None, run_after=None
[2024-10-18T08:38:28.115+0000] {logging_mixin.py:188} INFO - [2024-10-18T08:38:28.115+0000] {dag.py:3954} INFO - Setting next_dagrun for example_subdag_operator.section-2 to None, run_after=None
[2024-10-18T08:38:28.127+0000] {processor.py:183} INFO - Processing /home/airflow/.local/lib/python3.12/site-packages/airflow/example_dags/example_subdag_operator.py took 0.071 seconds
[2024-10-18T08:38:58.281+0000] {processor.py:161} INFO - Started process (PID=494) to work on /home/airflow/.local/lib/python3.12/site-packages/airflow/example_dags/example_subdag_operator.py
[2024-10-18T08:38:58.282+0000] {processor.py:830} INFO - Processing file /home/airflow/.local/lib/python3.12/site-packages/airflow/example_dags/example_subdag_operator.py for tasks to queue
[2024-10-18T08:38:58.283+0000] {logging_mixin.py:188} INFO - [2024-10-18T08:38:58.283+0000] {dagbag.py:545} INFO - Filling up the DagBag from /home/airflow/.local/lib/python3.12/site-packages/airflow/example_dags/example_subdag_operator.py
[2024-10-18T08:38:58.298+0000] {processor.py:840} INFO - DAG(s) 'example_subdag_operator.section-1', 'example_subdag_operator.section-2', 'example_subdag_operator' retrieved from /home/airflow/.local/lib/python3.12/site-packages/airflow/example_dags/example_subdag_operator.py
[2024-10-18T08:38:58.308+0000] {logging_mixin.py:188} INFO - [2024-10-18T08:38:58.308+0000] {dag.py:3096} INFO - Sync 3 DAGs
[2024-10-18T08:38:58.322+0000] {logging_mixin.py:188} INFO - [2024-10-18T08:38:58.321+0000] {dag.py:3954} INFO - Setting next_dagrun for example_subdag_operator to 2022-01-01 00:00:00+00:00, run_after=2022-01-01 00:00:00+00:00
[2024-10-18T08:38:58.324+0000] {logging_mixin.py:188} INFO - [2024-10-18T08:38:58.324+0000] {dag.py:3954} INFO - Setting next_dagrun for example_subdag_operator.section-1 to None, run_after=None
[2024-10-18T08:38:58.325+0000] {logging_mixin.py:188} INFO - [2024-10-18T08:38:58.325+0000] {dag.py:3954} INFO - Setting next_dagrun for example_subdag_operator.section-2 to None, run_after=None
[2024-10-18T08:38:58.330+0000] {logging_mixin.py:188} INFO - [2024-10-18T08:38:58.330+0000] {dag.py:3096} INFO - Sync 2 DAGs
[2024-10-18T08:38:58.334+0000] {logging_mixin.py:188} INFO - [2024-10-18T08:38:58.334+0000] {dag.py:3954} INFO - Setting next_dagrun for example_subdag_operator.section-1 to None, run_after=None
[2024-10-18T08:38:58.335+0000] {logging_mixin.py:188} INFO - [2024-10-18T08:38:58.334+0000] {dag.py:3954} INFO - Setting next_dagrun for example_subdag_operator.section-2 to None, run_after=None
[2024-10-18T08:38:58.344+0000] {processor.py:183} INFO - Processing /home/airflow/.local/lib/python3.12/site-packages/airflow/example_dags/example_subdag_operator.py took 0.067 seconds
[2024-10-18T08:40:03.599+0000] {processor.py:161} INFO - Started process (PID=80) to work on /home/airflow/.local/lib/python3.12/site-packages/airflow/example_dags/example_subdag_operator.py
[2024-10-18T08:40:03.603+0000] {processor.py:830} INFO - Processing file /home/airflow/.local/lib/python3.12/site-packages/airflow/example_dags/example_subdag_operator.py for tasks to queue
[2024-10-18T08:40:03.608+0000] {logging_mixin.py:188} INFO - [2024-10-18T08:40:03.607+0000] {dagbag.py:545} INFO - Filling up the DagBag from /home/airflow/.local/lib/python3.12/site-packages/airflow/example_dags/example_subdag_operator.py
[2024-10-18T08:40:03.634+0000] {processor.py:840} INFO - DAG(s) 'example_subdag_operator.section-1', 'example_subdag_operator.section-2', 'example_subdag_operator' retrieved from /home/airflow/.local/lib/python3.12/site-packages/airflow/example_dags/example_subdag_operator.py
[2024-10-18T08:40:03.637+0000] {logging_mixin.py:188} INFO - [2024-10-18T08:40:03.637+0000] {dag.py:3096} INFO - Sync 3 DAGs
[2024-10-18T08:40:03.660+0000] {logging_mixin.py:188} INFO - [2024-10-18T08:40:03.659+0000] {dag.py:3954} INFO - Setting next_dagrun for example_subdag_operator to 2022-01-01 00:00:00+00:00, run_after=2022-01-01 00:00:00+00:00
[2024-10-18T08:40:03.663+0000] {logging_mixin.py:188} INFO - [2024-10-18T08:40:03.663+0000] {dag.py:3954} INFO - Setting next_dagrun for example_subdag_operator.section-1 to None, run_after=None
[2024-10-18T08:40:03.665+0000] {logging_mixin.py:188} INFO - [2024-10-18T08:40:03.664+0000] {dag.py:3954} INFO - Setting next_dagrun for example_subdag_operator.section-2 to None, run_after=None
[2024-10-18T08:40:03.671+0000] {logging_mixin.py:188} INFO - [2024-10-18T08:40:03.671+0000] {dag.py:3096} INFO - Sync 2 DAGs
[2024-10-18T08:40:03.676+0000] {logging_mixin.py:188} INFO - [2024-10-18T08:40:03.676+0000] {dag.py:3954} INFO - Setting next_dagrun for example_subdag_operator.section-1 to None, run_after=None
[2024-10-18T08:40:03.677+0000] {logging_mixin.py:188} INFO - [2024-10-18T08:40:03.676+0000] {dag.py:3954} INFO - Setting next_dagrun for example_subdag_operator.section-2 to None, run_after=None
[2024-10-18T08:40:03.688+0000] {processor.py:183} INFO - Processing /home/airflow/.local/lib/python3.12/site-packages/airflow/example_dags/example_subdag_operator.py took 0.100 seconds
[2024-10-18T08:40:34.296+0000] {processor.py:161} INFO - Started process (PID=145) to work on /home/airflow/.local/lib/python3.12/site-packages/airflow/example_dags/example_subdag_operator.py
[2024-10-18T08:40:34.297+0000] {processor.py:830} INFO - Processing file /home/airflow/.local/lib/python3.12/site-packages/airflow/example_dags/example_subdag_operator.py for tasks to queue
[2024-10-18T08:40:34.298+0000] {logging_mixin.py:188} INFO - [2024-10-18T08:40:34.298+0000] {dagbag.py:545} INFO - Filling up the DagBag from /home/airflow/.local/lib/python3.12/site-packages/airflow/example_dags/example_subdag_operator.py
[2024-10-18T08:40:34.314+0000] {processor.py:840} INFO - DAG(s) 'example_subdag_operator.section-1', 'example_subdag_operator.section-2', 'example_subdag_operator' retrieved from /home/airflow/.local/lib/python3.12/site-packages/airflow/example_dags/example_subdag_operator.py
[2024-10-18T08:40:34.382+0000] {logging_mixin.py:188} INFO - [2024-10-18T08:40:34.381+0000] {dag.py:3096} INFO - Sync 3 DAGs
[2024-10-18T08:40:34.396+0000] {logging_mixin.py:188} INFO - [2024-10-18T08:40:34.396+0000] {dag.py:3954} INFO - Setting next_dagrun for example_subdag_operator to 2022-01-01 00:00:00+00:00, run_after=2022-01-01 00:00:00+00:00
[2024-10-18T08:40:34.398+0000] {logging_mixin.py:188} INFO - [2024-10-18T08:40:34.398+0000] {dag.py:3954} INFO - Setting next_dagrun for example_subdag_operator.section-1 to None, run_after=None
[2024-10-18T08:40:34.400+0000] {logging_mixin.py:188} INFO - [2024-10-18T08:40:34.399+0000] {dag.py:3954} INFO - Setting next_dagrun for example_subdag_operator.section-2 to None, run_after=None
[2024-10-18T08:40:34.406+0000] {logging_mixin.py:188} INFO - [2024-10-18T08:40:34.406+0000] {dag.py:3096} INFO - Sync 2 DAGs
[2024-10-18T08:40:34.410+0000] {logging_mixin.py:188} INFO - [2024-10-18T08:40:34.410+0000] {dag.py:3954} INFO - Setting next_dagrun for example_subdag_operator.section-1 to None, run_after=None
[2024-10-18T08:40:34.410+0000] {logging_mixin.py:188} INFO - [2024-10-18T08:40:34.410+0000] {dag.py:3954} INFO - Setting next_dagrun for example_subdag_operator.section-2 to None, run_after=None
[2024-10-18T08:40:34.418+0000] {processor.py:183} INFO - Processing /home/airflow/.local/lib/python3.12/site-packages/airflow/example_dags/example_subdag_operator.py took 0.126 seconds
[2024-10-18T08:41:04.920+0000] {processor.py:161} INFO - Started process (PID=204) to work on /home/airflow/.local/lib/python3.12/site-packages/airflow/example_dags/example_subdag_operator.py
[2024-10-18T08:41:04.921+0000] {processor.py:830} INFO - Processing file /home/airflow/.local/lib/python3.12/site-packages/airflow/example_dags/example_subdag_operator.py for tasks to queue
[2024-10-18T08:41:04.922+0000] {logging_mixin.py:188} INFO - [2024-10-18T08:41:04.922+0000] {dagbag.py:545} INFO - Filling up the DagBag from /home/airflow/.local/lib/python3.12/site-packages/airflow/example_dags/example_subdag_operator.py
[2024-10-18T08:41:04.941+0000] {processor.py:840} INFO - DAG(s) 'example_subdag_operator.section-1', 'example_subdag_operator.section-2', 'example_subdag_operator' retrieved from /home/airflow/.local/lib/python3.12/site-packages/airflow/example_dags/example_subdag_operator.py
[2024-10-18T08:41:04.956+0000] {logging_mixin.py:188} INFO - [2024-10-18T08:41:04.956+0000] {dag.py:3096} INFO - Sync 3 DAGs
[2024-10-18T08:41:04.976+0000] {logging_mixin.py:188} INFO - [2024-10-18T08:41:04.975+0000] {dag.py:3954} INFO - Setting next_dagrun for example_subdag_operator to 2022-01-01 00:00:00+00:00, run_after=2022-01-01 00:00:00+00:00
[2024-10-18T08:41:04.980+0000] {logging_mixin.py:188} INFO - [2024-10-18T08:41:04.980+0000] {dag.py:3954} INFO - Setting next_dagrun for example_subdag_operator.section-1 to None, run_after=None
[2024-10-18T08:41:04.981+0000] {logging_mixin.py:188} INFO - [2024-10-18T08:41:04.981+0000] {dag.py:3954} INFO - Setting next_dagrun for example_subdag_operator.section-2 to None, run_after=None
[2024-10-18T08:41:04.990+0000] {logging_mixin.py:188} INFO - [2024-10-18T08:41:04.990+0000] {dag.py:3096} INFO - Sync 2 DAGs
[2024-10-18T08:41:04.995+0000] {logging_mixin.py:188} INFO - [2024-10-18T08:41:04.994+0000] {dag.py:3954} INFO - Setting next_dagrun for example_subdag_operator.section-1 to None, run_after=None
[2024-10-18T08:41:04.995+0000] {logging_mixin.py:188} INFO - [2024-10-18T08:41:04.995+0000] {dag.py:3954} INFO - Setting next_dagrun for example_subdag_operator.section-2 to None, run_after=None
[2024-10-18T08:41:05.004+0000] {processor.py:183} INFO - Processing /home/airflow/.local/lib/python3.12/site-packages/airflow/example_dags/example_subdag_operator.py took 0.090 seconds
