[2024-10-18T08:22:07.034+0000] {processor.py:161} INFO - Started process (PID=70) to work on /home/airflow/.local/lib/python3.12/site-packages/airflow/example_dags/example_bash_operator.py
[2024-10-18T08:22:07.034+0000] {processor.py:830} INFO - Processing file /home/airflow/.local/lib/python3.12/site-packages/airflow/example_dags/example_bash_operator.py for tasks to queue
[2024-10-18T08:22:07.036+0000] {logging_mixin.py:188} INFO - [2024-10-18T08:22:07.036+0000] {dagbag.py:545} INFO - Filling up the DagBag from /home/airflow/.local/lib/python3.12/site-packages/airflow/example_dags/example_bash_operator.py
[2024-10-18T08:22:07.052+0000] {processor.py:840} INFO - DAG(s) 'example_bash_operator' retrieved from /home/airflow/.local/lib/python3.12/site-packages/airflow/example_dags/example_bash_operator.py
[2024-10-18T08:22:07.076+0000] {logging_mixin.py:188} INFO - [2024-10-18T08:22:07.076+0000] {dag.py:3096} INFO - Sync 1 DAGs
[2024-10-18T08:22:07.116+0000] {logging_mixin.py:188} INFO - [2024-10-18T08:22:07.116+0000] {dag.py:3954} INFO - Setting next_dagrun for example_bash_operator to 2024-10-17 00:00:00+00:00, run_after=2024-10-18 00:00:00+00:00
[2024-10-18T08:22:07.154+0000] {processor.py:183} INFO - Processing /home/airflow/.local/lib/python3.12/site-packages/airflow/example_dags/example_bash_operator.py took 0.126 seconds
[2024-10-18T08:22:37.736+0000] {processor.py:161} INFO - Started process (PID=134) to work on /home/airflow/.local/lib/python3.12/site-packages/airflow/example_dags/example_bash_operator.py
[2024-10-18T08:22:37.737+0000] {processor.py:830} INFO - Processing file /home/airflow/.local/lib/python3.12/site-packages/airflow/example_dags/example_bash_operator.py for tasks to queue
[2024-10-18T08:22:37.738+0000] {logging_mixin.py:188} INFO - [2024-10-18T08:22:37.738+0000] {dagbag.py:545} INFO - Filling up the DagBag from /home/airflow/.local/lib/python3.12/site-packages/airflow/example_dags/example_bash_operator.py
[2024-10-18T08:22:37.745+0000] {processor.py:840} INFO - DAG(s) 'example_bash_operator' retrieved from /home/airflow/.local/lib/python3.12/site-packages/airflow/example_dags/example_bash_operator.py
[2024-10-18T08:22:37.821+0000] {logging_mixin.py:188} INFO - [2024-10-18T08:22:37.821+0000] {dag.py:3096} INFO - Sync 1 DAGs
[2024-10-18T08:22:37.835+0000] {logging_mixin.py:188} INFO - [2024-10-18T08:22:37.835+0000] {dag.py:3954} INFO - Setting next_dagrun for example_bash_operator to 2024-10-17 00:00:00+00:00, run_after=2024-10-18 00:00:00+00:00
[2024-10-18T08:22:37.850+0000] {processor.py:183} INFO - Processing /home/airflow/.local/lib/python3.12/site-packages/airflow/example_dags/example_bash_operator.py took 0.118 seconds
[2024-10-18T08:23:08.247+0000] {processor.py:161} INFO - Started process (PID=192) to work on /home/airflow/.local/lib/python3.12/site-packages/airflow/example_dags/example_bash_operator.py
[2024-10-18T08:23:08.248+0000] {processor.py:830} INFO - Processing file /home/airflow/.local/lib/python3.12/site-packages/airflow/example_dags/example_bash_operator.py for tasks to queue
[2024-10-18T08:23:08.249+0000] {logging_mixin.py:188} INFO - [2024-10-18T08:23:08.249+0000] {dagbag.py:545} INFO - Filling up the DagBag from /home/airflow/.local/lib/python3.12/site-packages/airflow/example_dags/example_bash_operator.py
[2024-10-18T08:23:08.256+0000] {processor.py:840} INFO - DAG(s) 'example_bash_operator' retrieved from /home/airflow/.local/lib/python3.12/site-packages/airflow/example_dags/example_bash_operator.py
[2024-10-18T08:23:08.275+0000] {logging_mixin.py:188} INFO - [2024-10-18T08:23:08.275+0000] {dag.py:3096} INFO - Sync 1 DAGs
[2024-10-18T08:23:08.292+0000] {logging_mixin.py:188} INFO - [2024-10-18T08:23:08.292+0000] {dag.py:3954} INFO - Setting next_dagrun for example_bash_operator to 2024-10-17 00:00:00+00:00, run_after=2024-10-18 00:00:00+00:00
[2024-10-18T08:23:08.304+0000] {processor.py:183} INFO - Processing /home/airflow/.local/lib/python3.12/site-packages/airflow/example_dags/example_bash_operator.py took 0.060 seconds
[2024-10-18T08:23:39.264+0000] {processor.py:161} INFO - Started process (PID=250) to work on /home/airflow/.local/lib/python3.12/site-packages/airflow/example_dags/example_bash_operator.py
[2024-10-18T08:23:39.265+0000] {processor.py:830} INFO - Processing file /home/airflow/.local/lib/python3.12/site-packages/airflow/example_dags/example_bash_operator.py for tasks to queue
[2024-10-18T08:23:39.266+0000] {logging_mixin.py:188} INFO - [2024-10-18T08:23:39.265+0000] {dagbag.py:545} INFO - Filling up the DagBag from /home/airflow/.local/lib/python3.12/site-packages/airflow/example_dags/example_bash_operator.py
[2024-10-18T08:23:39.273+0000] {processor.py:840} INFO - DAG(s) 'example_bash_operator' retrieved from /home/airflow/.local/lib/python3.12/site-packages/airflow/example_dags/example_bash_operator.py
[2024-10-18T08:23:39.289+0000] {logging_mixin.py:188} INFO - [2024-10-18T08:23:39.289+0000] {dag.py:3096} INFO - Sync 1 DAGs
[2024-10-18T08:23:39.303+0000] {logging_mixin.py:188} INFO - [2024-10-18T08:23:39.303+0000] {dag.py:3954} INFO - Setting next_dagrun for example_bash_operator to 2024-10-17 00:00:00+00:00, run_after=2024-10-18 00:00:00+00:00
[2024-10-18T08:23:39.314+0000] {processor.py:183} INFO - Processing /home/airflow/.local/lib/python3.12/site-packages/airflow/example_dags/example_bash_operator.py took 0.054 seconds
[2024-10-18T08:24:09.342+0000] {processor.py:161} INFO - Started process (PID=307) to work on /home/airflow/.local/lib/python3.12/site-packages/airflow/example_dags/example_bash_operator.py
[2024-10-18T08:24:09.343+0000] {processor.py:830} INFO - Processing file /home/airflow/.local/lib/python3.12/site-packages/airflow/example_dags/example_bash_operator.py for tasks to queue
[2024-10-18T08:24:09.344+0000] {logging_mixin.py:188} INFO - [2024-10-18T08:24:09.344+0000] {dagbag.py:545} INFO - Filling up the DagBag from /home/airflow/.local/lib/python3.12/site-packages/airflow/example_dags/example_bash_operator.py
[2024-10-18T08:24:09.352+0000] {processor.py:840} INFO - DAG(s) 'example_bash_operator' retrieved from /home/airflow/.local/lib/python3.12/site-packages/airflow/example_dags/example_bash_operator.py
[2024-10-18T08:24:09.370+0000] {logging_mixin.py:188} INFO - [2024-10-18T08:24:09.370+0000] {dag.py:3096} INFO - Sync 1 DAGs
[2024-10-18T08:24:09.384+0000] {logging_mixin.py:188} INFO - [2024-10-18T08:24:09.384+0000] {dag.py:3954} INFO - Setting next_dagrun for example_bash_operator to 2024-10-17 00:00:00+00:00, run_after=2024-10-18 00:00:00+00:00
[2024-10-18T08:24:09.397+0000] {processor.py:183} INFO - Processing /home/airflow/.local/lib/python3.12/site-packages/airflow/example_dags/example_bash_operator.py took 0.059 seconds
[2024-10-18T08:24:39.510+0000] {processor.py:161} INFO - Started process (PID=365) to work on /home/airflow/.local/lib/python3.12/site-packages/airflow/example_dags/example_bash_operator.py
[2024-10-18T08:24:39.511+0000] {processor.py:830} INFO - Processing file /home/airflow/.local/lib/python3.12/site-packages/airflow/example_dags/example_bash_operator.py for tasks to queue
[2024-10-18T08:24:39.513+0000] {logging_mixin.py:188} INFO - [2024-10-18T08:24:39.512+0000] {dagbag.py:545} INFO - Filling up the DagBag from /home/airflow/.local/lib/python3.12/site-packages/airflow/example_dags/example_bash_operator.py
[2024-10-18T08:24:39.521+0000] {processor.py:840} INFO - DAG(s) 'example_bash_operator' retrieved from /home/airflow/.local/lib/python3.12/site-packages/airflow/example_dags/example_bash_operator.py
[2024-10-18T08:24:39.539+0000] {logging_mixin.py:188} INFO - [2024-10-18T08:24:39.539+0000] {dag.py:3096} INFO - Sync 1 DAGs
[2024-10-18T08:24:39.557+0000] {logging_mixin.py:188} INFO - [2024-10-18T08:24:39.557+0000] {dag.py:3954} INFO - Setting next_dagrun for example_bash_operator to 2024-10-17 00:00:00+00:00, run_after=2024-10-18 00:00:00+00:00
[2024-10-18T08:24:39.570+0000] {processor.py:183} INFO - Processing /home/airflow/.local/lib/python3.12/site-packages/airflow/example_dags/example_bash_operator.py took 0.063 seconds
[2024-10-18T08:25:09.642+0000] {processor.py:161} INFO - Started process (PID=423) to work on /home/airflow/.local/lib/python3.12/site-packages/airflow/example_dags/example_bash_operator.py
[2024-10-18T08:25:09.643+0000] {processor.py:830} INFO - Processing file /home/airflow/.local/lib/python3.12/site-packages/airflow/example_dags/example_bash_operator.py for tasks to queue
[2024-10-18T08:25:09.644+0000] {logging_mixin.py:188} INFO - [2024-10-18T08:25:09.644+0000] {dagbag.py:545} INFO - Filling up the DagBag from /home/airflow/.local/lib/python3.12/site-packages/airflow/example_dags/example_bash_operator.py
[2024-10-18T08:25:09.652+0000] {processor.py:840} INFO - DAG(s) 'example_bash_operator' retrieved from /home/airflow/.local/lib/python3.12/site-packages/airflow/example_dags/example_bash_operator.py
[2024-10-18T08:25:09.676+0000] {logging_mixin.py:188} INFO - [2024-10-18T08:25:09.676+0000] {dag.py:3096} INFO - Sync 1 DAGs
[2024-10-18T08:25:09.696+0000] {logging_mixin.py:188} INFO - [2024-10-18T08:25:09.696+0000] {dag.py:3954} INFO - Setting next_dagrun for example_bash_operator to 2024-10-17 00:00:00+00:00, run_after=2024-10-18 00:00:00+00:00
[2024-10-18T08:25:09.709+0000] {processor.py:183} INFO - Processing /home/airflow/.local/lib/python3.12/site-packages/airflow/example_dags/example_bash_operator.py took 0.071 seconds
[2024-10-18T08:25:40.050+0000] {processor.py:161} INFO - Started process (PID=481) to work on /home/airflow/.local/lib/python3.12/site-packages/airflow/example_dags/example_bash_operator.py
[2024-10-18T08:25:40.051+0000] {processor.py:830} INFO - Processing file /home/airflow/.local/lib/python3.12/site-packages/airflow/example_dags/example_bash_operator.py for tasks to queue
[2024-10-18T08:25:40.052+0000] {logging_mixin.py:188} INFO - [2024-10-18T08:25:40.052+0000] {dagbag.py:545} INFO - Filling up the DagBag from /home/airflow/.local/lib/python3.12/site-packages/airflow/example_dags/example_bash_operator.py
[2024-10-18T08:25:40.062+0000] {processor.py:840} INFO - DAG(s) 'example_bash_operator' retrieved from /home/airflow/.local/lib/python3.12/site-packages/airflow/example_dags/example_bash_operator.py
[2024-10-18T08:25:40.086+0000] {logging_mixin.py:188} INFO - [2024-10-18T08:25:40.086+0000] {dag.py:3096} INFO - Sync 1 DAGs
[2024-10-18T08:25:40.107+0000] {logging_mixin.py:188} INFO - [2024-10-18T08:25:40.107+0000] {dag.py:3954} INFO - Setting next_dagrun for example_bash_operator to 2024-10-17 00:00:00+00:00, run_after=2024-10-18 00:00:00+00:00
[2024-10-18T08:25:40.124+0000] {processor.py:183} INFO - Processing /home/airflow/.local/lib/python3.12/site-packages/airflow/example_dags/example_bash_operator.py took 0.077 seconds
[2024-10-18T08:26:10.163+0000] {processor.py:161} INFO - Started process (PID=538) to work on /home/airflow/.local/lib/python3.12/site-packages/airflow/example_dags/example_bash_operator.py
[2024-10-18T08:26:10.164+0000] {processor.py:830} INFO - Processing file /home/airflow/.local/lib/python3.12/site-packages/airflow/example_dags/example_bash_operator.py for tasks to queue
[2024-10-18T08:26:10.165+0000] {logging_mixin.py:188} INFO - [2024-10-18T08:26:10.165+0000] {dagbag.py:545} INFO - Filling up the DagBag from /home/airflow/.local/lib/python3.12/site-packages/airflow/example_dags/example_bash_operator.py
[2024-10-18T08:26:10.174+0000] {processor.py:840} INFO - DAG(s) 'example_bash_operator' retrieved from /home/airflow/.local/lib/python3.12/site-packages/airflow/example_dags/example_bash_operator.py
[2024-10-18T08:26:10.191+0000] {logging_mixin.py:188} INFO - [2024-10-18T08:26:10.191+0000] {dag.py:3096} INFO - Sync 1 DAGs
[2024-10-18T08:26:10.206+0000] {logging_mixin.py:188} INFO - [2024-10-18T08:26:10.206+0000] {dag.py:3954} INFO - Setting next_dagrun for example_bash_operator to 2024-10-17 00:00:00+00:00, run_after=2024-10-18 00:00:00+00:00
[2024-10-18T08:26:10.220+0000] {processor.py:183} INFO - Processing /home/airflow/.local/lib/python3.12/site-packages/airflow/example_dags/example_bash_operator.py took 0.060 seconds
[2024-10-18T08:26:40.336+0000] {processor.py:161} INFO - Started process (PID=596) to work on /home/airflow/.local/lib/python3.12/site-packages/airflow/example_dags/example_bash_operator.py
[2024-10-18T08:26:40.337+0000] {processor.py:830} INFO - Processing file /home/airflow/.local/lib/python3.12/site-packages/airflow/example_dags/example_bash_operator.py for tasks to queue
[2024-10-18T08:26:40.338+0000] {logging_mixin.py:188} INFO - [2024-10-18T08:26:40.338+0000] {dagbag.py:545} INFO - Filling up the DagBag from /home/airflow/.local/lib/python3.12/site-packages/airflow/example_dags/example_bash_operator.py
[2024-10-18T08:26:40.346+0000] {processor.py:840} INFO - DAG(s) 'example_bash_operator' retrieved from /home/airflow/.local/lib/python3.12/site-packages/airflow/example_dags/example_bash_operator.py
[2024-10-18T08:26:40.365+0000] {logging_mixin.py:188} INFO - [2024-10-18T08:26:40.365+0000] {dag.py:3096} INFO - Sync 1 DAGs
[2024-10-18T08:26:40.383+0000] {logging_mixin.py:188} INFO - [2024-10-18T08:26:40.382+0000] {dag.py:3954} INFO - Setting next_dagrun for example_bash_operator to 2024-10-17 00:00:00+00:00, run_after=2024-10-18 00:00:00+00:00
[2024-10-18T08:26:40.395+0000] {processor.py:183} INFO - Processing /home/airflow/.local/lib/python3.12/site-packages/airflow/example_dags/example_bash_operator.py took 0.063 seconds
[2024-10-18T08:31:18.699+0000] {processor.py:161} INFO - Started process (PID=70) to work on /home/airflow/.local/lib/python3.12/site-packages/airflow/example_dags/example_bash_operator.py
[2024-10-18T08:31:18.700+0000] {processor.py:830} INFO - Processing file /home/airflow/.local/lib/python3.12/site-packages/airflow/example_dags/example_bash_operator.py for tasks to queue
[2024-10-18T08:31:18.701+0000] {logging_mixin.py:188} INFO - [2024-10-18T08:31:18.701+0000] {dagbag.py:545} INFO - Filling up the DagBag from /home/airflow/.local/lib/python3.12/site-packages/airflow/example_dags/example_bash_operator.py
[2024-10-18T08:31:18.710+0000] {processor.py:840} INFO - DAG(s) 'example_bash_operator' retrieved from /home/airflow/.local/lib/python3.12/site-packages/airflow/example_dags/example_bash_operator.py
[2024-10-18T08:31:18.718+0000] {logging_mixin.py:188} INFO - [2024-10-18T08:31:18.717+0000] {dag.py:3096} INFO - Sync 1 DAGs
[2024-10-18T08:31:18.734+0000] {logging_mixin.py:188} INFO - [2024-10-18T08:31:18.733+0000] {dag.py:3954} INFO - Setting next_dagrun for example_bash_operator to 2024-10-17 00:00:00+00:00, run_after=2024-10-18 00:00:00+00:00
[2024-10-18T08:31:18.778+0000] {processor.py:183} INFO - Processing /home/airflow/.local/lib/python3.12/site-packages/airflow/example_dags/example_bash_operator.py took 0.082 seconds
[2024-10-18T08:31:49.955+0000] {processor.py:161} INFO - Started process (PID=136) to work on /home/airflow/.local/lib/python3.12/site-packages/airflow/example_dags/example_bash_operator.py
[2024-10-18T08:31:49.956+0000] {processor.py:830} INFO - Processing file /home/airflow/.local/lib/python3.12/site-packages/airflow/example_dags/example_bash_operator.py for tasks to queue
[2024-10-18T08:31:49.957+0000] {logging_mixin.py:188} INFO - [2024-10-18T08:31:49.956+0000] {dagbag.py:545} INFO - Filling up the DagBag from /home/airflow/.local/lib/python3.12/site-packages/airflow/example_dags/example_bash_operator.py
[2024-10-18T08:31:49.964+0000] {processor.py:840} INFO - DAG(s) 'example_bash_operator' retrieved from /home/airflow/.local/lib/python3.12/site-packages/airflow/example_dags/example_bash_operator.py
[2024-10-18T08:31:50.037+0000] {logging_mixin.py:188} INFO - [2024-10-18T08:31:50.037+0000] {dag.py:3096} INFO - Sync 1 DAGs
[2024-10-18T08:31:50.051+0000] {logging_mixin.py:188} INFO - [2024-10-18T08:31:50.051+0000] {dag.py:3954} INFO - Setting next_dagrun for example_bash_operator to 2024-10-17 00:00:00+00:00, run_after=2024-10-18 00:00:00+00:00
[2024-10-18T08:31:50.069+0000] {processor.py:183} INFO - Processing /home/airflow/.local/lib/python3.12/site-packages/airflow/example_dags/example_bash_operator.py took 0.118 seconds
[2024-10-18T08:33:28.198+0000] {processor.py:161} INFO - Started process (PID=62) to work on /home/airflow/.local/lib/python3.12/site-packages/airflow/example_dags/example_bash_operator.py
[2024-10-18T08:33:28.201+0000] {processor.py:830} INFO - Processing file /home/airflow/.local/lib/python3.12/site-packages/airflow/example_dags/example_bash_operator.py for tasks to queue
[2024-10-18T08:33:28.203+0000] {logging_mixin.py:188} INFO - [2024-10-18T08:33:28.203+0000] {dagbag.py:545} INFO - Filling up the DagBag from /home/airflow/.local/lib/python3.12/site-packages/airflow/example_dags/example_bash_operator.py
[2024-10-18T08:33:28.224+0000] {processor.py:840} INFO - DAG(s) 'example_bash_operator' retrieved from /home/airflow/.local/lib/python3.12/site-packages/airflow/example_dags/example_bash_operator.py
[2024-10-18T08:33:28.235+0000] {logging_mixin.py:188} INFO - [2024-10-18T08:33:28.234+0000] {dag.py:3096} INFO - Sync 1 DAGs
[2024-10-18T08:33:28.257+0000] {logging_mixin.py:188} INFO - [2024-10-18T08:33:28.257+0000] {dag.py:3954} INFO - Setting next_dagrun for example_bash_operator to 2024-10-17 00:00:00+00:00, run_after=2024-10-18 00:00:00+00:00
[2024-10-18T08:33:28.280+0000] {processor.py:183} INFO - Processing /home/airflow/.local/lib/python3.12/site-packages/airflow/example_dags/example_bash_operator.py took 0.087 seconds
[2024-10-18T08:35:24.819+0000] {processor.py:161} INFO - Started process (PID=70) to work on /home/airflow/.local/lib/python3.12/site-packages/airflow/example_dags/example_bash_operator.py
[2024-10-18T08:35:24.820+0000] {processor.py:830} INFO - Processing file /home/airflow/.local/lib/python3.12/site-packages/airflow/example_dags/example_bash_operator.py for tasks to queue
[2024-10-18T08:35:24.822+0000] {logging_mixin.py:188} INFO - [2024-10-18T08:35:24.821+0000] {dagbag.py:545} INFO - Filling up the DagBag from /home/airflow/.local/lib/python3.12/site-packages/airflow/example_dags/example_bash_operator.py
[2024-10-18T08:35:24.842+0000] {processor.py:840} INFO - DAG(s) 'example_bash_operator' retrieved from /home/airflow/.local/lib/python3.12/site-packages/airflow/example_dags/example_bash_operator.py
[2024-10-18T08:35:24.852+0000] {logging_mixin.py:188} INFO - [2024-10-18T08:35:24.852+0000] {dag.py:3096} INFO - Sync 1 DAGs
[2024-10-18T08:35:24.883+0000] {logging_mixin.py:188} INFO - [2024-10-18T08:35:24.883+0000] {dag.py:3954} INFO - Setting next_dagrun for example_bash_operator to 2024-10-17 00:00:00+00:00, run_after=2024-10-18 00:00:00+00:00
[2024-10-18T08:35:24.910+0000] {processor.py:183} INFO - Processing /home/airflow/.local/lib/python3.12/site-packages/airflow/example_dags/example_bash_operator.py took 0.096 seconds
[2024-10-18T08:35:55.697+0000] {processor.py:161} INFO - Started process (PID=135) to work on /home/airflow/.local/lib/python3.12/site-packages/airflow/example_dags/example_bash_operator.py
[2024-10-18T08:35:55.698+0000] {processor.py:830} INFO - Processing file /home/airflow/.local/lib/python3.12/site-packages/airflow/example_dags/example_bash_operator.py for tasks to queue
[2024-10-18T08:35:55.700+0000] {logging_mixin.py:188} INFO - [2024-10-18T08:35:55.699+0000] {dagbag.py:545} INFO - Filling up the DagBag from /home/airflow/.local/lib/python3.12/site-packages/airflow/example_dags/example_bash_operator.py
[2024-10-18T08:35:55.709+0000] {processor.py:840} INFO - DAG(s) 'example_bash_operator' retrieved from /home/airflow/.local/lib/python3.12/site-packages/airflow/example_dags/example_bash_operator.py
[2024-10-18T08:35:55.793+0000] {logging_mixin.py:188} INFO - [2024-10-18T08:35:55.793+0000] {dag.py:3096} INFO - Sync 1 DAGs
[2024-10-18T08:35:55.809+0000] {logging_mixin.py:188} INFO - [2024-10-18T08:35:55.809+0000] {dag.py:3954} INFO - Setting next_dagrun for example_bash_operator to 2024-10-17 00:00:00+00:00, run_after=2024-10-18 00:00:00+00:00
[2024-10-18T08:35:55.822+0000] {processor.py:183} INFO - Processing /home/airflow/.local/lib/python3.12/site-packages/airflow/example_dags/example_bash_operator.py took 0.130 seconds
[2024-10-18T08:36:26.039+0000] {processor.py:161} INFO - Started process (PID=194) to work on /home/airflow/.local/lib/python3.12/site-packages/airflow/example_dags/example_bash_operator.py
[2024-10-18T08:36:26.040+0000] {processor.py:830} INFO - Processing file /home/airflow/.local/lib/python3.12/site-packages/airflow/example_dags/example_bash_operator.py for tasks to queue
[2024-10-18T08:36:26.041+0000] {logging_mixin.py:188} INFO - [2024-10-18T08:36:26.041+0000] {dagbag.py:545} INFO - Filling up the DagBag from /home/airflow/.local/lib/python3.12/site-packages/airflow/example_dags/example_bash_operator.py
[2024-10-18T08:36:26.048+0000] {processor.py:840} INFO - DAG(s) 'example_bash_operator' retrieved from /home/airflow/.local/lib/python3.12/site-packages/airflow/example_dags/example_bash_operator.py
[2024-10-18T08:36:26.066+0000] {logging_mixin.py:188} INFO - [2024-10-18T08:36:26.066+0000] {dag.py:3096} INFO - Sync 1 DAGs
[2024-10-18T08:36:26.082+0000] {logging_mixin.py:188} INFO - [2024-10-18T08:36:26.082+0000] {dag.py:3954} INFO - Setting next_dagrun for example_bash_operator to 2024-10-17 00:00:00+00:00, run_after=2024-10-18 00:00:00+00:00
[2024-10-18T08:36:26.095+0000] {processor.py:183} INFO - Processing /home/airflow/.local/lib/python3.12/site-packages/airflow/example_dags/example_bash_operator.py took 0.060 seconds
[2024-10-18T08:36:57.054+0000] {processor.py:161} INFO - Started process (PID=253) to work on /home/airflow/.local/lib/python3.12/site-packages/airflow/example_dags/example_bash_operator.py
[2024-10-18T08:36:57.054+0000] {processor.py:830} INFO - Processing file /home/airflow/.local/lib/python3.12/site-packages/airflow/example_dags/example_bash_operator.py for tasks to queue
[2024-10-18T08:36:57.056+0000] {logging_mixin.py:188} INFO - [2024-10-18T08:36:57.055+0000] {dagbag.py:545} INFO - Filling up the DagBag from /home/airflow/.local/lib/python3.12/site-packages/airflow/example_dags/example_bash_operator.py
[2024-10-18T08:36:57.063+0000] {processor.py:840} INFO - DAG(s) 'example_bash_operator' retrieved from /home/airflow/.local/lib/python3.12/site-packages/airflow/example_dags/example_bash_operator.py
[2024-10-18T08:36:57.081+0000] {logging_mixin.py:188} INFO - [2024-10-18T08:36:57.080+0000] {dag.py:3096} INFO - Sync 1 DAGs
[2024-10-18T08:36:57.097+0000] {logging_mixin.py:188} INFO - [2024-10-18T08:36:57.097+0000] {dag.py:3954} INFO - Setting next_dagrun for example_bash_operator to 2024-10-17 00:00:00+00:00, run_after=2024-10-18 00:00:00+00:00
[2024-10-18T08:36:57.108+0000] {processor.py:183} INFO - Processing /home/airflow/.local/lib/python3.12/site-packages/airflow/example_dags/example_bash_operator.py took 0.058 seconds
[2024-10-18T08:37:27.322+0000] {processor.py:161} INFO - Started process (PID=312) to work on /home/airflow/.local/lib/python3.12/site-packages/airflow/example_dags/example_bash_operator.py
[2024-10-18T08:37:27.323+0000] {processor.py:830} INFO - Processing file /home/airflow/.local/lib/python3.12/site-packages/airflow/example_dags/example_bash_operator.py for tasks to queue
[2024-10-18T08:37:27.324+0000] {logging_mixin.py:188} INFO - [2024-10-18T08:37:27.324+0000] {dagbag.py:545} INFO - Filling up the DagBag from /home/airflow/.local/lib/python3.12/site-packages/airflow/example_dags/example_bash_operator.py
[2024-10-18T08:37:27.332+0000] {processor.py:840} INFO - DAG(s) 'example_bash_operator' retrieved from /home/airflow/.local/lib/python3.12/site-packages/airflow/example_dags/example_bash_operator.py
[2024-10-18T08:37:27.349+0000] {logging_mixin.py:188} INFO - [2024-10-18T08:37:27.349+0000] {dag.py:3096} INFO - Sync 1 DAGs
[2024-10-18T08:37:27.365+0000] {logging_mixin.py:188} INFO - [2024-10-18T08:37:27.365+0000] {dag.py:3954} INFO - Setting next_dagrun for example_bash_operator to 2024-10-17 00:00:00+00:00, run_after=2024-10-18 00:00:00+00:00
[2024-10-18T08:37:27.377+0000] {processor.py:183} INFO - Processing /home/airflow/.local/lib/python3.12/site-packages/airflow/example_dags/example_bash_operator.py took 0.059 seconds
[2024-10-18T08:37:57.574+0000] {processor.py:161} INFO - Started process (PID=371) to work on /home/airflow/.local/lib/python3.12/site-packages/airflow/example_dags/example_bash_operator.py
[2024-10-18T08:37:57.575+0000] {processor.py:830} INFO - Processing file /home/airflow/.local/lib/python3.12/site-packages/airflow/example_dags/example_bash_operator.py for tasks to queue
[2024-10-18T08:37:57.576+0000] {logging_mixin.py:188} INFO - [2024-10-18T08:37:57.575+0000] {dagbag.py:545} INFO - Filling up the DagBag from /home/airflow/.local/lib/python3.12/site-packages/airflow/example_dags/example_bash_operator.py
[2024-10-18T08:37:57.583+0000] {processor.py:840} INFO - DAG(s) 'example_bash_operator' retrieved from /home/airflow/.local/lib/python3.12/site-packages/airflow/example_dags/example_bash_operator.py
[2024-10-18T08:37:57.602+0000] {logging_mixin.py:188} INFO - [2024-10-18T08:37:57.602+0000] {dag.py:3096} INFO - Sync 1 DAGs
[2024-10-18T08:37:57.618+0000] {logging_mixin.py:188} INFO - [2024-10-18T08:37:57.618+0000] {dag.py:3954} INFO - Setting next_dagrun for example_bash_operator to 2024-10-17 00:00:00+00:00, run_after=2024-10-18 00:00:00+00:00
[2024-10-18T08:37:57.632+0000] {processor.py:183} INFO - Processing /home/airflow/.local/lib/python3.12/site-packages/airflow/example_dags/example_bash_operator.py took 0.062 seconds
[2024-10-18T08:38:27.810+0000] {processor.py:161} INFO - Started process (PID=430) to work on /home/airflow/.local/lib/python3.12/site-packages/airflow/example_dags/example_bash_operator.py
[2024-10-18T08:38:27.811+0000] {processor.py:830} INFO - Processing file /home/airflow/.local/lib/python3.12/site-packages/airflow/example_dags/example_bash_operator.py for tasks to queue
[2024-10-18T08:38:27.812+0000] {logging_mixin.py:188} INFO - [2024-10-18T08:38:27.812+0000] {dagbag.py:545} INFO - Filling up the DagBag from /home/airflow/.local/lib/python3.12/site-packages/airflow/example_dags/example_bash_operator.py
[2024-10-18T08:38:27.819+0000] {processor.py:840} INFO - DAG(s) 'example_bash_operator' retrieved from /home/airflow/.local/lib/python3.12/site-packages/airflow/example_dags/example_bash_operator.py
[2024-10-18T08:38:27.844+0000] {logging_mixin.py:188} INFO - [2024-10-18T08:38:27.844+0000] {dag.py:3096} INFO - Sync 1 DAGs
[2024-10-18T08:38:27.865+0000] {logging_mixin.py:188} INFO - [2024-10-18T08:38:27.865+0000] {dag.py:3954} INFO - Setting next_dagrun for example_bash_operator to 2024-10-17 00:00:00+00:00, run_after=2024-10-18 00:00:00+00:00
[2024-10-18T08:38:27.883+0000] {processor.py:183} INFO - Processing /home/airflow/.local/lib/python3.12/site-packages/airflow/example_dags/example_bash_operator.py took 0.077 seconds
[2024-10-18T08:38:58.051+0000] {processor.py:161} INFO - Started process (PID=489) to work on /home/airflow/.local/lib/python3.12/site-packages/airflow/example_dags/example_bash_operator.py
[2024-10-18T08:38:58.052+0000] {processor.py:830} INFO - Processing file /home/airflow/.local/lib/python3.12/site-packages/airflow/example_dags/example_bash_operator.py for tasks to queue
[2024-10-18T08:38:58.053+0000] {logging_mixin.py:188} INFO - [2024-10-18T08:38:58.053+0000] {dagbag.py:545} INFO - Filling up the DagBag from /home/airflow/.local/lib/python3.12/site-packages/airflow/example_dags/example_bash_operator.py
[2024-10-18T08:38:58.060+0000] {processor.py:840} INFO - DAG(s) 'example_bash_operator' retrieved from /home/airflow/.local/lib/python3.12/site-packages/airflow/example_dags/example_bash_operator.py
[2024-10-18T08:38:58.086+0000] {logging_mixin.py:188} INFO - [2024-10-18T08:38:58.085+0000] {dag.py:3096} INFO - Sync 1 DAGs
[2024-10-18T08:38:58.106+0000] {logging_mixin.py:188} INFO - [2024-10-18T08:38:58.106+0000] {dag.py:3954} INFO - Setting next_dagrun for example_bash_operator to 2024-10-17 00:00:00+00:00, run_after=2024-10-18 00:00:00+00:00
[2024-10-18T08:38:58.119+0000] {processor.py:183} INFO - Processing /home/airflow/.local/lib/python3.12/site-packages/airflow/example_dags/example_bash_operator.py took 0.072 seconds
[2024-10-18T08:40:03.104+0000] {processor.py:161} INFO - Started process (PID=69) to work on /home/airflow/.local/lib/python3.12/site-packages/airflow/example_dags/example_bash_operator.py
[2024-10-18T08:40:03.108+0000] {processor.py:830} INFO - Processing file /home/airflow/.local/lib/python3.12/site-packages/airflow/example_dags/example_bash_operator.py for tasks to queue
[2024-10-18T08:40:03.109+0000] {logging_mixin.py:188} INFO - [2024-10-18T08:40:03.109+0000] {dagbag.py:545} INFO - Filling up the DagBag from /home/airflow/.local/lib/python3.12/site-packages/airflow/example_dags/example_bash_operator.py
[2024-10-18T08:40:03.150+0000] {processor.py:840} INFO - DAG(s) 'example_bash_operator' retrieved from /home/airflow/.local/lib/python3.12/site-packages/airflow/example_dags/example_bash_operator.py
[2024-10-18T08:40:03.179+0000] {logging_mixin.py:188} INFO - [2024-10-18T08:40:03.178+0000] {dag.py:3096} INFO - Sync 1 DAGs
[2024-10-18T08:40:03.228+0000] {logging_mixin.py:188} INFO - [2024-10-18T08:40:03.228+0000] {dag.py:3954} INFO - Setting next_dagrun for example_bash_operator to 2024-10-17 00:00:00+00:00, run_after=2024-10-18 00:00:00+00:00
[2024-10-18T08:40:03.261+0000] {processor.py:183} INFO - Processing /home/airflow/.local/lib/python3.12/site-packages/airflow/example_dags/example_bash_operator.py took 0.163 seconds
[2024-10-18T08:40:34.021+0000] {processor.py:161} INFO - Started process (PID=140) to work on /home/airflow/.local/lib/python3.12/site-packages/airflow/example_dags/example_bash_operator.py
[2024-10-18T08:40:34.021+0000] {processor.py:830} INFO - Processing file /home/airflow/.local/lib/python3.12/site-packages/airflow/example_dags/example_bash_operator.py for tasks to queue
[2024-10-18T08:40:34.023+0000] {logging_mixin.py:188} INFO - [2024-10-18T08:40:34.022+0000] {dagbag.py:545} INFO - Filling up the DagBag from /home/airflow/.local/lib/python3.12/site-packages/airflow/example_dags/example_bash_operator.py
[2024-10-18T08:40:34.030+0000] {processor.py:840} INFO - DAG(s) 'example_bash_operator' retrieved from /home/airflow/.local/lib/python3.12/site-packages/airflow/example_dags/example_bash_operator.py
[2024-10-18T08:40:34.105+0000] {logging_mixin.py:188} INFO - [2024-10-18T08:40:34.105+0000] {dag.py:3096} INFO - Sync 1 DAGs
[2024-10-18T08:40:34.119+0000] {logging_mixin.py:188} INFO - [2024-10-18T08:40:34.119+0000] {dag.py:3954} INFO - Setting next_dagrun for example_bash_operator to 2024-10-17 00:00:00+00:00, run_after=2024-10-18 00:00:00+00:00
[2024-10-18T08:40:34.132+0000] {processor.py:183} INFO - Processing /home/airflow/.local/lib/python3.12/site-packages/airflow/example_dags/example_bash_operator.py took 0.115 seconds
[2024-10-18T08:41:04.742+0000] {processor.py:161} INFO - Started process (PID=199) to work on /home/airflow/.local/lib/python3.12/site-packages/airflow/example_dags/example_bash_operator.py
[2024-10-18T08:41:04.743+0000] {processor.py:830} INFO - Processing file /home/airflow/.local/lib/python3.12/site-packages/airflow/example_dags/example_bash_operator.py for tasks to queue
[2024-10-18T08:41:04.744+0000] {logging_mixin.py:188} INFO - [2024-10-18T08:41:04.744+0000] {dagbag.py:545} INFO - Filling up the DagBag from /home/airflow/.local/lib/python3.12/site-packages/airflow/example_dags/example_bash_operator.py
[2024-10-18T08:41:04.753+0000] {processor.py:840} INFO - DAG(s) 'example_bash_operator' retrieved from /home/airflow/.local/lib/python3.12/site-packages/airflow/example_dags/example_bash_operator.py
[2024-10-18T08:41:04.779+0000] {logging_mixin.py:188} INFO - [2024-10-18T08:41:04.778+0000] {dag.py:3096} INFO - Sync 1 DAGs
[2024-10-18T08:41:04.798+0000] {logging_mixin.py:188} INFO - [2024-10-18T08:41:04.798+0000] {dag.py:3954} INFO - Setting next_dagrun for example_bash_operator to 2024-10-17 00:00:00+00:00, run_after=2024-10-18 00:00:00+00:00
[2024-10-18T08:41:04.814+0000] {processor.py:183} INFO - Processing /home/airflow/.local/lib/python3.12/site-packages/airflow/example_dags/example_bash_operator.py took 0.076 seconds
