[2024-10-18T08:22:07.787+0000] {processor.py:161} INFO - Started process (PID=86) to work on /home/airflow/.local/lib/python3.12/site-packages/airflow/example_dags/example_sensors.py
[2024-10-18T08:22:07.788+0000] {processor.py:830} INFO - Processing file /home/airflow/.local/lib/python3.12/site-packages/airflow/example_dags/example_sensors.py for tasks to queue
[2024-10-18T08:22:07.790+0000] {logging_mixin.py:188} INFO - [2024-10-18T08:22:07.789+0000] {dagbag.py:545} INFO - Filling up the DagBag from /home/airflow/.local/lib/python3.12/site-packages/airflow/example_dags/example_sensors.py
[2024-10-18T08:22:07.809+0000] {processor.py:840} INFO - DAG(s) 'example_sensors' retrieved from /home/airflow/.local/lib/python3.12/site-packages/airflow/example_dags/example_sensors.py
[2024-10-18T08:22:07.823+0000] {logging_mixin.py:188} INFO - [2024-10-18T08:22:07.823+0000] {dag.py:3096} INFO - Sync 1 DAGs
[2024-10-18T08:22:07.850+0000] {logging_mixin.py:188} INFO - [2024-10-18T08:22:07.849+0000] {dag.py:3954} INFO - Setting next_dagrun for example_sensors to None, run_after=None
[2024-10-18T08:22:07.881+0000] {processor.py:183} INFO - Processing /home/airflow/.local/lib/python3.12/site-packages/airflow/example_dags/example_sensors.py took 0.105 seconds
[2024-10-18T08:22:38.403+0000] {processor.py:161} INFO - Started process (PID=144) to work on /home/airflow/.local/lib/python3.12/site-packages/airflow/example_dags/example_sensors.py
[2024-10-18T08:22:38.403+0000] {processor.py:830} INFO - Processing file /home/airflow/.local/lib/python3.12/site-packages/airflow/example_dags/example_sensors.py for tasks to queue
[2024-10-18T08:22:38.404+0000] {logging_mixin.py:188} INFO - [2024-10-18T08:22:38.404+0000] {dagbag.py:545} INFO - Filling up the DagBag from /home/airflow/.local/lib/python3.12/site-packages/airflow/example_dags/example_sensors.py
[2024-10-18T08:22:38.410+0000] {processor.py:840} INFO - DAG(s) 'example_sensors' retrieved from /home/airflow/.local/lib/python3.12/site-packages/airflow/example_dags/example_sensors.py
[2024-10-18T08:22:38.478+0000] {logging_mixin.py:188} INFO - [2024-10-18T08:22:38.478+0000] {dag.py:3096} INFO - Sync 1 DAGs
[2024-10-18T08:22:38.486+0000] {logging_mixin.py:188} INFO - [2024-10-18T08:22:38.485+0000] {dag.py:3954} INFO - Setting next_dagrun for example_sensors to None, run_after=None
[2024-10-18T08:22:38.498+0000] {processor.py:183} INFO - Processing /home/airflow/.local/lib/python3.12/site-packages/airflow/example_dags/example_sensors.py took 0.099 seconds
[2024-10-18T08:23:08.650+0000] {processor.py:161} INFO - Started process (PID=202) to work on /home/airflow/.local/lib/python3.12/site-packages/airflow/example_dags/example_sensors.py
[2024-10-18T08:23:08.651+0000] {processor.py:830} INFO - Processing file /home/airflow/.local/lib/python3.12/site-packages/airflow/example_dags/example_sensors.py for tasks to queue
[2024-10-18T08:23:08.652+0000] {logging_mixin.py:188} INFO - [2024-10-18T08:23:08.652+0000] {dagbag.py:545} INFO - Filling up the DagBag from /home/airflow/.local/lib/python3.12/site-packages/airflow/example_dags/example_sensors.py
[2024-10-18T08:23:08.657+0000] {processor.py:840} INFO - DAG(s) 'example_sensors' retrieved from /home/airflow/.local/lib/python3.12/site-packages/airflow/example_dags/example_sensors.py
[2024-10-18T08:23:08.674+0000] {logging_mixin.py:188} INFO - [2024-10-18T08:23:08.674+0000] {dag.py:3096} INFO - Sync 1 DAGs
[2024-10-18T08:23:08.682+0000] {logging_mixin.py:188} INFO - [2024-10-18T08:23:08.682+0000] {dag.py:3954} INFO - Setting next_dagrun for example_sensors to None, run_after=None
[2024-10-18T08:23:08.694+0000] {processor.py:183} INFO - Processing /home/airflow/.local/lib/python3.12/site-packages/airflow/example_dags/example_sensors.py took 0.048 seconds
[2024-10-18T08:23:39.627+0000] {processor.py:161} INFO - Started process (PID=260) to work on /home/airflow/.local/lib/python3.12/site-packages/airflow/example_dags/example_sensors.py
[2024-10-18T08:23:39.628+0000] {processor.py:830} INFO - Processing file /home/airflow/.local/lib/python3.12/site-packages/airflow/example_dags/example_sensors.py for tasks to queue
[2024-10-18T08:23:39.629+0000] {logging_mixin.py:188} INFO - [2024-10-18T08:23:39.629+0000] {dagbag.py:545} INFO - Filling up the DagBag from /home/airflow/.local/lib/python3.12/site-packages/airflow/example_dags/example_sensors.py
[2024-10-18T08:23:39.635+0000] {processor.py:840} INFO - DAG(s) 'example_sensors' retrieved from /home/airflow/.local/lib/python3.12/site-packages/airflow/example_dags/example_sensors.py
[2024-10-18T08:23:39.654+0000] {logging_mixin.py:188} INFO - [2024-10-18T08:23:39.654+0000] {dag.py:3096} INFO - Sync 1 DAGs
[2024-10-18T08:23:39.664+0000] {logging_mixin.py:188} INFO - [2024-10-18T08:23:39.663+0000] {dag.py:3954} INFO - Setting next_dagrun for example_sensors to None, run_after=None
[2024-10-18T08:23:39.675+0000] {processor.py:183} INFO - Processing /home/airflow/.local/lib/python3.12/site-packages/airflow/example_dags/example_sensors.py took 0.052 seconds
[2024-10-18T08:24:09.725+0000] {processor.py:161} INFO - Started process (PID=318) to work on /home/airflow/.local/lib/python3.12/site-packages/airflow/example_dags/example_sensors.py
[2024-10-18T08:24:09.726+0000] {processor.py:830} INFO - Processing file /home/airflow/.local/lib/python3.12/site-packages/airflow/example_dags/example_sensors.py for tasks to queue
[2024-10-18T08:24:09.727+0000] {logging_mixin.py:188} INFO - [2024-10-18T08:24:09.727+0000] {dagbag.py:545} INFO - Filling up the DagBag from /home/airflow/.local/lib/python3.12/site-packages/airflow/example_dags/example_sensors.py
[2024-10-18T08:24:09.732+0000] {processor.py:840} INFO - DAG(s) 'example_sensors' retrieved from /home/airflow/.local/lib/python3.12/site-packages/airflow/example_dags/example_sensors.py
[2024-10-18T08:24:09.753+0000] {logging_mixin.py:188} INFO - [2024-10-18T08:24:09.753+0000] {dag.py:3096} INFO - Sync 1 DAGs
[2024-10-18T08:24:09.763+0000] {logging_mixin.py:188} INFO - [2024-10-18T08:24:09.763+0000] {dag.py:3954} INFO - Setting next_dagrun for example_sensors to None, run_after=None
[2024-10-18T08:24:09.777+0000] {processor.py:183} INFO - Processing /home/airflow/.local/lib/python3.12/site-packages/airflow/example_dags/example_sensors.py took 0.056 seconds
[2024-10-18T08:24:39.982+0000] {processor.py:161} INFO - Started process (PID=376) to work on /home/airflow/.local/lib/python3.12/site-packages/airflow/example_dags/example_sensors.py
[2024-10-18T08:24:39.983+0000] {processor.py:830} INFO - Processing file /home/airflow/.local/lib/python3.12/site-packages/airflow/example_dags/example_sensors.py for tasks to queue
[2024-10-18T08:24:39.985+0000] {logging_mixin.py:188} INFO - [2024-10-18T08:24:39.984+0000] {dagbag.py:545} INFO - Filling up the DagBag from /home/airflow/.local/lib/python3.12/site-packages/airflow/example_dags/example_sensors.py
[2024-10-18T08:24:39.991+0000] {processor.py:840} INFO - DAG(s) 'example_sensors' retrieved from /home/airflow/.local/lib/python3.12/site-packages/airflow/example_dags/example_sensors.py
[2024-10-18T08:24:40.006+0000] {logging_mixin.py:188} INFO - [2024-10-18T08:24:40.006+0000] {dag.py:3096} INFO - Sync 1 DAGs
[2024-10-18T08:24:40.014+0000] {logging_mixin.py:188} INFO - [2024-10-18T08:24:40.014+0000] {dag.py:3954} INFO - Setting next_dagrun for example_sensors to None, run_after=None
[2024-10-18T08:24:40.026+0000] {processor.py:183} INFO - Processing /home/airflow/.local/lib/python3.12/site-packages/airflow/example_dags/example_sensors.py took 0.047 seconds
[2024-10-18T08:25:10.199+0000] {processor.py:161} INFO - Started process (PID=434) to work on /home/airflow/.local/lib/python3.12/site-packages/airflow/example_dags/example_sensors.py
[2024-10-18T08:25:10.200+0000] {processor.py:830} INFO - Processing file /home/airflow/.local/lib/python3.12/site-packages/airflow/example_dags/example_sensors.py for tasks to queue
[2024-10-18T08:25:10.201+0000] {logging_mixin.py:188} INFO - [2024-10-18T08:25:10.201+0000] {dagbag.py:545} INFO - Filling up the DagBag from /home/airflow/.local/lib/python3.12/site-packages/airflow/example_dags/example_sensors.py
[2024-10-18T08:25:10.207+0000] {processor.py:840} INFO - DAG(s) 'example_sensors' retrieved from /home/airflow/.local/lib/python3.12/site-packages/airflow/example_dags/example_sensors.py
[2024-10-18T08:25:10.228+0000] {logging_mixin.py:188} INFO - [2024-10-18T08:25:10.228+0000] {dag.py:3096} INFO - Sync 1 DAGs
[2024-10-18T08:25:10.239+0000] {logging_mixin.py:188} INFO - [2024-10-18T08:25:10.239+0000] {dag.py:3954} INFO - Setting next_dagrun for example_sensors to None, run_after=None
[2024-10-18T08:25:10.255+0000] {processor.py:183} INFO - Processing /home/airflow/.local/lib/python3.12/site-packages/airflow/example_dags/example_sensors.py took 0.059 seconds
[2024-10-18T08:25:40.422+0000] {processor.py:161} INFO - Started process (PID=491) to work on /home/airflow/.local/lib/python3.12/site-packages/airflow/example_dags/example_sensors.py
[2024-10-18T08:25:40.422+0000] {processor.py:830} INFO - Processing file /home/airflow/.local/lib/python3.12/site-packages/airflow/example_dags/example_sensors.py for tasks to queue
[2024-10-18T08:25:40.423+0000] {logging_mixin.py:188} INFO - [2024-10-18T08:25:40.423+0000] {dagbag.py:545} INFO - Filling up the DagBag from /home/airflow/.local/lib/python3.12/site-packages/airflow/example_dags/example_sensors.py
[2024-10-18T08:25:40.429+0000] {processor.py:840} INFO - DAG(s) 'example_sensors' retrieved from /home/airflow/.local/lib/python3.12/site-packages/airflow/example_dags/example_sensors.py
[2024-10-18T08:25:40.444+0000] {logging_mixin.py:188} INFO - [2024-10-18T08:25:40.444+0000] {dag.py:3096} INFO - Sync 1 DAGs
[2024-10-18T08:25:40.451+0000] {logging_mixin.py:188} INFO - [2024-10-18T08:25:40.451+0000] {dag.py:3954} INFO - Setting next_dagrun for example_sensors to None, run_after=None
[2024-10-18T08:25:40.463+0000] {processor.py:183} INFO - Processing /home/airflow/.local/lib/python3.12/site-packages/airflow/example_dags/example_sensors.py took 0.045 seconds
[2024-10-18T08:26:10.625+0000] {processor.py:161} INFO - Started process (PID=549) to work on /home/airflow/.local/lib/python3.12/site-packages/airflow/example_dags/example_sensors.py
[2024-10-18T08:26:10.626+0000] {processor.py:830} INFO - Processing file /home/airflow/.local/lib/python3.12/site-packages/airflow/example_dags/example_sensors.py for tasks to queue
[2024-10-18T08:26:10.627+0000] {logging_mixin.py:188} INFO - [2024-10-18T08:26:10.626+0000] {dagbag.py:545} INFO - Filling up the DagBag from /home/airflow/.local/lib/python3.12/site-packages/airflow/example_dags/example_sensors.py
[2024-10-18T08:26:10.632+0000] {processor.py:840} INFO - DAG(s) 'example_sensors' retrieved from /home/airflow/.local/lib/python3.12/site-packages/airflow/example_dags/example_sensors.py
[2024-10-18T08:26:10.647+0000] {logging_mixin.py:188} INFO - [2024-10-18T08:26:10.647+0000] {dag.py:3096} INFO - Sync 1 DAGs
[2024-10-18T08:26:10.655+0000] {logging_mixin.py:188} INFO - [2024-10-18T08:26:10.654+0000] {dag.py:3954} INFO - Setting next_dagrun for example_sensors to None, run_after=None
[2024-10-18T08:26:10.667+0000] {processor.py:183} INFO - Processing /home/airflow/.local/lib/python3.12/site-packages/airflow/example_dags/example_sensors.py took 0.046 seconds
[2024-10-18T08:26:40.776+0000] {processor.py:161} INFO - Started process (PID=607) to work on /home/airflow/.local/lib/python3.12/site-packages/airflow/example_dags/example_sensors.py
[2024-10-18T08:26:40.777+0000] {processor.py:830} INFO - Processing file /home/airflow/.local/lib/python3.12/site-packages/airflow/example_dags/example_sensors.py for tasks to queue
[2024-10-18T08:26:40.778+0000] {logging_mixin.py:188} INFO - [2024-10-18T08:26:40.778+0000] {dagbag.py:545} INFO - Filling up the DagBag from /home/airflow/.local/lib/python3.12/site-packages/airflow/example_dags/example_sensors.py
[2024-10-18T08:26:40.783+0000] {processor.py:840} INFO - DAG(s) 'example_sensors' retrieved from /home/airflow/.local/lib/python3.12/site-packages/airflow/example_dags/example_sensors.py
[2024-10-18T08:26:40.801+0000] {logging_mixin.py:188} INFO - [2024-10-18T08:26:40.800+0000] {dag.py:3096} INFO - Sync 1 DAGs
[2024-10-18T08:26:40.809+0000] {logging_mixin.py:188} INFO - [2024-10-18T08:26:40.809+0000] {dag.py:3954} INFO - Setting next_dagrun for example_sensors to None, run_after=None
[2024-10-18T08:26:40.820+0000] {processor.py:183} INFO - Processing /home/airflow/.local/lib/python3.12/site-packages/airflow/example_dags/example_sensors.py took 0.048 seconds
[2024-10-18T08:31:19.559+0000] {processor.py:161} INFO - Started process (PID=87) to work on /home/airflow/.local/lib/python3.12/site-packages/airflow/example_dags/example_sensors.py
[2024-10-18T08:31:19.560+0000] {processor.py:830} INFO - Processing file /home/airflow/.local/lib/python3.12/site-packages/airflow/example_dags/example_sensors.py for tasks to queue
[2024-10-18T08:31:19.562+0000] {logging_mixin.py:188} INFO - [2024-10-18T08:31:19.561+0000] {dagbag.py:545} INFO - Filling up the DagBag from /home/airflow/.local/lib/python3.12/site-packages/airflow/example_dags/example_sensors.py
[2024-10-18T08:31:19.572+0000] {processor.py:840} INFO - DAG(s) 'example_sensors' retrieved from /home/airflow/.local/lib/python3.12/site-packages/airflow/example_dags/example_sensors.py
[2024-10-18T08:31:19.582+0000] {logging_mixin.py:188} INFO - [2024-10-18T08:31:19.582+0000] {dag.py:3096} INFO - Sync 1 DAGs
[2024-10-18T08:31:19.597+0000] {logging_mixin.py:188} INFO - [2024-10-18T08:31:19.597+0000] {dag.py:3954} INFO - Setting next_dagrun for example_sensors to None, run_after=None
[2024-10-18T08:31:19.613+0000] {processor.py:183} INFO - Processing /home/airflow/.local/lib/python3.12/site-packages/airflow/example_dags/example_sensors.py took 0.060 seconds
[2024-10-18T08:31:50.723+0000] {processor.py:161} INFO - Started process (PID=146) to work on /home/airflow/.local/lib/python3.12/site-packages/airflow/example_dags/example_sensors.py
[2024-10-18T08:31:50.724+0000] {processor.py:830} INFO - Processing file /home/airflow/.local/lib/python3.12/site-packages/airflow/example_dags/example_sensors.py for tasks to queue
[2024-10-18T08:31:50.725+0000] {logging_mixin.py:188} INFO - [2024-10-18T08:31:50.725+0000] {dagbag.py:545} INFO - Filling up the DagBag from /home/airflow/.local/lib/python3.12/site-packages/airflow/example_dags/example_sensors.py
[2024-10-18T08:31:50.731+0000] {processor.py:840} INFO - DAG(s) 'example_sensors' retrieved from /home/airflow/.local/lib/python3.12/site-packages/airflow/example_dags/example_sensors.py
[2024-10-18T08:31:50.800+0000] {logging_mixin.py:188} INFO - [2024-10-18T08:31:50.800+0000] {dag.py:3096} INFO - Sync 1 DAGs
[2024-10-18T08:31:50.808+0000] {logging_mixin.py:188} INFO - [2024-10-18T08:31:50.808+0000] {dag.py:3954} INFO - Setting next_dagrun for example_sensors to None, run_after=None
[2024-10-18T08:31:50.825+0000] {processor.py:183} INFO - Processing /home/airflow/.local/lib/python3.12/site-packages/airflow/example_dags/example_sensors.py took 0.106 seconds
[2024-10-18T08:33:28.833+0000] {processor.py:161} INFO - Started process (PID=72) to work on /home/airflow/.local/lib/python3.12/site-packages/airflow/example_dags/example_sensors.py
[2024-10-18T08:33:28.834+0000] {processor.py:830} INFO - Processing file /home/airflow/.local/lib/python3.12/site-packages/airflow/example_dags/example_sensors.py for tasks to queue
[2024-10-18T08:33:28.835+0000] {logging_mixin.py:188} INFO - [2024-10-18T08:33:28.835+0000] {dagbag.py:545} INFO - Filling up the DagBag from /home/airflow/.local/lib/python3.12/site-packages/airflow/example_dags/example_sensors.py
[2024-10-18T08:33:28.841+0000] {processor.py:840} INFO - DAG(s) 'example_sensors' retrieved from /home/airflow/.local/lib/python3.12/site-packages/airflow/example_dags/example_sensors.py
[2024-10-18T08:33:28.848+0000] {logging_mixin.py:188} INFO - [2024-10-18T08:33:28.848+0000] {dag.py:3096} INFO - Sync 1 DAGs
[2024-10-18T08:33:28.862+0000] {logging_mixin.py:188} INFO - [2024-10-18T08:33:28.862+0000] {dag.py:3954} INFO - Setting next_dagrun for example_sensors to None, run_after=None
[2024-10-18T08:33:28.878+0000] {processor.py:183} INFO - Processing /home/airflow/.local/lib/python3.12/site-packages/airflow/example_dags/example_sensors.py took 0.048 seconds
[2024-10-18T08:35:25.616+0000] {processor.py:161} INFO - Started process (PID=86) to work on /home/airflow/.local/lib/python3.12/site-packages/airflow/example_dags/example_sensors.py
[2024-10-18T08:35:25.620+0000] {processor.py:830} INFO - Processing file /home/airflow/.local/lib/python3.12/site-packages/airflow/example_dags/example_sensors.py for tasks to queue
[2024-10-18T08:35:25.621+0000] {logging_mixin.py:188} INFO - [2024-10-18T08:35:25.621+0000] {dagbag.py:545} INFO - Filling up the DagBag from /home/airflow/.local/lib/python3.12/site-packages/airflow/example_dags/example_sensors.py
[2024-10-18T08:35:25.637+0000] {processor.py:840} INFO - DAG(s) 'example_sensors' retrieved from /home/airflow/.local/lib/python3.12/site-packages/airflow/example_dags/example_sensors.py
[2024-10-18T08:35:25.646+0000] {logging_mixin.py:188} INFO - [2024-10-18T08:35:25.646+0000] {dag.py:3096} INFO - Sync 1 DAGs
[2024-10-18T08:35:25.660+0000] {logging_mixin.py:188} INFO - [2024-10-18T08:35:25.660+0000] {dag.py:3954} INFO - Setting next_dagrun for example_sensors to None, run_after=None
[2024-10-18T08:35:25.677+0000] {processor.py:183} INFO - Processing /home/airflow/.local/lib/python3.12/site-packages/airflow/example_dags/example_sensors.py took 0.066 seconds
[2024-10-18T08:35:56.558+0000] {processor.py:161} INFO - Started process (PID=145) to work on /home/airflow/.local/lib/python3.12/site-packages/airflow/example_dags/example_sensors.py
[2024-10-18T08:35:56.559+0000] {processor.py:830} INFO - Processing file /home/airflow/.local/lib/python3.12/site-packages/airflow/example_dags/example_sensors.py for tasks to queue
[2024-10-18T08:35:56.560+0000] {logging_mixin.py:188} INFO - [2024-10-18T08:35:56.560+0000] {dagbag.py:545} INFO - Filling up the DagBag from /home/airflow/.local/lib/python3.12/site-packages/airflow/example_dags/example_sensors.py
[2024-10-18T08:35:56.568+0000] {processor.py:840} INFO - DAG(s) 'example_sensors' retrieved from /home/airflow/.local/lib/python3.12/site-packages/airflow/example_dags/example_sensors.py
[2024-10-18T08:35:56.645+0000] {logging_mixin.py:188} INFO - [2024-10-18T08:35:56.644+0000] {dag.py:3096} INFO - Sync 1 DAGs
[2024-10-18T08:35:56.653+0000] {logging_mixin.py:188} INFO - [2024-10-18T08:35:56.653+0000] {dag.py:3954} INFO - Setting next_dagrun for example_sensors to None, run_after=None
[2024-10-18T08:35:56.668+0000] {processor.py:183} INFO - Processing /home/airflow/.local/lib/python3.12/site-packages/airflow/example_dags/example_sensors.py took 0.114 seconds
[2024-10-18T08:36:27.460+0000] {processor.py:161} INFO - Started process (PID=204) to work on /home/airflow/.local/lib/python3.12/site-packages/airflow/example_dags/example_sensors.py
[2024-10-18T08:36:27.460+0000] {processor.py:830} INFO - Processing file /home/airflow/.local/lib/python3.12/site-packages/airflow/example_dags/example_sensors.py for tasks to queue
[2024-10-18T08:36:27.461+0000] {logging_mixin.py:188} INFO - [2024-10-18T08:36:27.461+0000] {dagbag.py:545} INFO - Filling up the DagBag from /home/airflow/.local/lib/python3.12/site-packages/airflow/example_dags/example_sensors.py
[2024-10-18T08:36:27.468+0000] {processor.py:840} INFO - DAG(s) 'example_sensors' retrieved from /home/airflow/.local/lib/python3.12/site-packages/airflow/example_dags/example_sensors.py
[2024-10-18T08:36:27.490+0000] {logging_mixin.py:188} INFO - [2024-10-18T08:36:27.489+0000] {dag.py:3096} INFO - Sync 1 DAGs
[2024-10-18T08:36:27.498+0000] {logging_mixin.py:188} INFO - [2024-10-18T08:36:27.497+0000] {dag.py:3954} INFO - Setting next_dagrun for example_sensors to None, run_after=None
[2024-10-18T08:36:27.511+0000] {processor.py:183} INFO - Processing /home/airflow/.local/lib/python3.12/site-packages/airflow/example_dags/example_sensors.py took 0.055 seconds
[2024-10-18T08:36:58.462+0000] {processor.py:161} INFO - Started process (PID=263) to work on /home/airflow/.local/lib/python3.12/site-packages/airflow/example_dags/example_sensors.py
[2024-10-18T08:36:58.463+0000] {processor.py:830} INFO - Processing file /home/airflow/.local/lib/python3.12/site-packages/airflow/example_dags/example_sensors.py for tasks to queue
[2024-10-18T08:36:58.464+0000] {logging_mixin.py:188} INFO - [2024-10-18T08:36:58.464+0000] {dagbag.py:545} INFO - Filling up the DagBag from /home/airflow/.local/lib/python3.12/site-packages/airflow/example_dags/example_sensors.py
[2024-10-18T08:36:58.473+0000] {processor.py:840} INFO - DAG(s) 'example_sensors' retrieved from /home/airflow/.local/lib/python3.12/site-packages/airflow/example_dags/example_sensors.py
[2024-10-18T08:36:58.489+0000] {logging_mixin.py:188} INFO - [2024-10-18T08:36:58.489+0000] {dag.py:3096} INFO - Sync 1 DAGs
[2024-10-18T08:36:58.498+0000] {logging_mixin.py:188} INFO - [2024-10-18T08:36:58.498+0000] {dag.py:3954} INFO - Setting next_dagrun for example_sensors to None, run_after=None
[2024-10-18T08:36:58.511+0000] {processor.py:183} INFO - Processing /home/airflow/.local/lib/python3.12/site-packages/airflow/example_dags/example_sensors.py took 0.054 seconds
[2024-10-18T08:37:28.735+0000] {processor.py:161} INFO - Started process (PID=322) to work on /home/airflow/.local/lib/python3.12/site-packages/airflow/example_dags/example_sensors.py
[2024-10-18T08:37:28.736+0000] {processor.py:830} INFO - Processing file /home/airflow/.local/lib/python3.12/site-packages/airflow/example_dags/example_sensors.py for tasks to queue
[2024-10-18T08:37:28.737+0000] {logging_mixin.py:188} INFO - [2024-10-18T08:37:28.737+0000] {dagbag.py:545} INFO - Filling up the DagBag from /home/airflow/.local/lib/python3.12/site-packages/airflow/example_dags/example_sensors.py
[2024-10-18T08:37:28.743+0000] {processor.py:840} INFO - DAG(s) 'example_sensors' retrieved from /home/airflow/.local/lib/python3.12/site-packages/airflow/example_dags/example_sensors.py
[2024-10-18T08:37:28.764+0000] {logging_mixin.py:188} INFO - [2024-10-18T08:37:28.764+0000] {dag.py:3096} INFO - Sync 1 DAGs
[2024-10-18T08:37:28.775+0000] {logging_mixin.py:188} INFO - [2024-10-18T08:37:28.775+0000] {dag.py:3954} INFO - Setting next_dagrun for example_sensors to None, run_after=None
[2024-10-18T08:37:28.791+0000] {processor.py:183} INFO - Processing /home/airflow/.local/lib/python3.12/site-packages/airflow/example_dags/example_sensors.py took 0.060 seconds
[2024-10-18T08:37:58.998+0000] {processor.py:161} INFO - Started process (PID=381) to work on /home/airflow/.local/lib/python3.12/site-packages/airflow/example_dags/example_sensors.py
[2024-10-18T08:37:58.999+0000] {processor.py:830} INFO - Processing file /home/airflow/.local/lib/python3.12/site-packages/airflow/example_dags/example_sensors.py for tasks to queue
[2024-10-18T08:37:59.000+0000] {logging_mixin.py:188} INFO - [2024-10-18T08:37:59.000+0000] {dagbag.py:545} INFO - Filling up the DagBag from /home/airflow/.local/lib/python3.12/site-packages/airflow/example_dags/example_sensors.py
[2024-10-18T08:37:59.007+0000] {processor.py:840} INFO - DAG(s) 'example_sensors' retrieved from /home/airflow/.local/lib/python3.12/site-packages/airflow/example_dags/example_sensors.py
[2024-10-18T08:37:59.023+0000] {logging_mixin.py:188} INFO - [2024-10-18T08:37:59.023+0000] {dag.py:3096} INFO - Sync 1 DAGs
[2024-10-18T08:37:59.031+0000] {logging_mixin.py:188} INFO - [2024-10-18T08:37:59.031+0000] {dag.py:3954} INFO - Setting next_dagrun for example_sensors to None, run_after=None
[2024-10-18T08:37:59.043+0000] {processor.py:183} INFO - Processing /home/airflow/.local/lib/python3.12/site-packages/airflow/example_dags/example_sensors.py took 0.048 seconds
[2024-10-18T08:38:29.236+0000] {processor.py:161} INFO - Started process (PID=440) to work on /home/airflow/.local/lib/python3.12/site-packages/airflow/example_dags/example_sensors.py
[2024-10-18T08:38:29.237+0000] {processor.py:830} INFO - Processing file /home/airflow/.local/lib/python3.12/site-packages/airflow/example_dags/example_sensors.py for tasks to queue
[2024-10-18T08:38:29.238+0000] {logging_mixin.py:188} INFO - [2024-10-18T08:38:29.238+0000] {dagbag.py:545} INFO - Filling up the DagBag from /home/airflow/.local/lib/python3.12/site-packages/airflow/example_dags/example_sensors.py
[2024-10-18T08:38:29.244+0000] {processor.py:840} INFO - DAG(s) 'example_sensors' retrieved from /home/airflow/.local/lib/python3.12/site-packages/airflow/example_dags/example_sensors.py
[2024-10-18T08:38:29.264+0000] {logging_mixin.py:188} INFO - [2024-10-18T08:38:29.264+0000] {dag.py:3096} INFO - Sync 1 DAGs
[2024-10-18T08:38:29.275+0000] {logging_mixin.py:188} INFO - [2024-10-18T08:38:29.275+0000] {dag.py:3954} INFO - Setting next_dagrun for example_sensors to None, run_after=None
[2024-10-18T08:38:29.289+0000] {processor.py:183} INFO - Processing /home/airflow/.local/lib/python3.12/site-packages/airflow/example_dags/example_sensors.py took 0.056 seconds
[2024-10-18T08:38:59.460+0000] {processor.py:161} INFO - Started process (PID=499) to work on /home/airflow/.local/lib/python3.12/site-packages/airflow/example_dags/example_sensors.py
[2024-10-18T08:38:59.461+0000] {processor.py:830} INFO - Processing file /home/airflow/.local/lib/python3.12/site-packages/airflow/example_dags/example_sensors.py for tasks to queue
[2024-10-18T08:38:59.462+0000] {logging_mixin.py:188} INFO - [2024-10-18T08:38:59.462+0000] {dagbag.py:545} INFO - Filling up the DagBag from /home/airflow/.local/lib/python3.12/site-packages/airflow/example_dags/example_sensors.py
[2024-10-18T08:38:59.468+0000] {processor.py:840} INFO - DAG(s) 'example_sensors' retrieved from /home/airflow/.local/lib/python3.12/site-packages/airflow/example_dags/example_sensors.py
[2024-10-18T08:38:59.489+0000] {logging_mixin.py:188} INFO - [2024-10-18T08:38:59.489+0000] {dag.py:3096} INFO - Sync 1 DAGs
[2024-10-18T08:38:59.498+0000] {logging_mixin.py:188} INFO - [2024-10-18T08:38:59.497+0000] {dag.py:3954} INFO - Setting next_dagrun for example_sensors to None, run_after=None
[2024-10-18T08:38:59.510+0000] {processor.py:183} INFO - Processing /home/airflow/.local/lib/python3.12/site-packages/airflow/example_dags/example_sensors.py took 0.053 seconds
[2024-10-18T08:40:03.906+0000] {processor.py:161} INFO - Started process (PID=85) to work on /home/airflow/.local/lib/python3.12/site-packages/airflow/example_dags/example_sensors.py
[2024-10-18T08:40:03.907+0000] {processor.py:830} INFO - Processing file /home/airflow/.local/lib/python3.12/site-packages/airflow/example_dags/example_sensors.py for tasks to queue
[2024-10-18T08:40:03.909+0000] {logging_mixin.py:188} INFO - [2024-10-18T08:40:03.908+0000] {dagbag.py:545} INFO - Filling up the DagBag from /home/airflow/.local/lib/python3.12/site-packages/airflow/example_dags/example_sensors.py
[2024-10-18T08:40:03.918+0000] {processor.py:840} INFO - DAG(s) 'example_sensors' retrieved from /home/airflow/.local/lib/python3.12/site-packages/airflow/example_dags/example_sensors.py
[2024-10-18T08:40:03.928+0000] {logging_mixin.py:188} INFO - [2024-10-18T08:40:03.928+0000] {dag.py:3096} INFO - Sync 1 DAGs
[2024-10-18T08:40:03.942+0000] {logging_mixin.py:188} INFO - [2024-10-18T08:40:03.941+0000] {dag.py:3954} INFO - Setting next_dagrun for example_sensors to None, run_after=None
[2024-10-18T08:40:03.958+0000] {processor.py:183} INFO - Processing /home/airflow/.local/lib/python3.12/site-packages/airflow/example_dags/example_sensors.py took 0.057 seconds
[2024-10-18T08:40:34.667+0000] {processor.py:161} INFO - Started process (PID=150) to work on /home/airflow/.local/lib/python3.12/site-packages/airflow/example_dags/example_sensors.py
[2024-10-18T08:40:34.668+0000] {processor.py:830} INFO - Processing file /home/airflow/.local/lib/python3.12/site-packages/airflow/example_dags/example_sensors.py for tasks to queue
[2024-10-18T08:40:34.669+0000] {logging_mixin.py:188} INFO - [2024-10-18T08:40:34.669+0000] {dagbag.py:545} INFO - Filling up the DagBag from /home/airflow/.local/lib/python3.12/site-packages/airflow/example_dags/example_sensors.py
[2024-10-18T08:40:34.675+0000] {processor.py:840} INFO - DAG(s) 'example_sensors' retrieved from /home/airflow/.local/lib/python3.12/site-packages/airflow/example_dags/example_sensors.py
[2024-10-18T08:40:34.749+0000] {logging_mixin.py:188} INFO - [2024-10-18T08:40:34.749+0000] {dag.py:3096} INFO - Sync 1 DAGs
[2024-10-18T08:40:34.757+0000] {logging_mixin.py:188} INFO - [2024-10-18T08:40:34.757+0000] {dag.py:3954} INFO - Setting next_dagrun for example_sensors to None, run_after=None
[2024-10-18T08:40:34.779+0000] {processor.py:183} INFO - Processing /home/airflow/.local/lib/python3.12/site-packages/airflow/example_dags/example_sensors.py took 0.116 seconds
[2024-10-18T08:41:05.122+0000] {processor.py:161} INFO - Started process (PID=209) to work on /home/airflow/.local/lib/python3.12/site-packages/airflow/example_dags/example_sensors.py
[2024-10-18T08:41:05.123+0000] {processor.py:830} INFO - Processing file /home/airflow/.local/lib/python3.12/site-packages/airflow/example_dags/example_sensors.py for tasks to queue
[2024-10-18T08:41:05.125+0000] {logging_mixin.py:188} INFO - [2024-10-18T08:41:05.124+0000] {dagbag.py:545} INFO - Filling up the DagBag from /home/airflow/.local/lib/python3.12/site-packages/airflow/example_dags/example_sensors.py
[2024-10-18T08:41:05.133+0000] {processor.py:840} INFO - DAG(s) 'example_sensors' retrieved from /home/airflow/.local/lib/python3.12/site-packages/airflow/example_dags/example_sensors.py
[2024-10-18T08:41:05.155+0000] {logging_mixin.py:188} INFO - [2024-10-18T08:41:05.155+0000] {dag.py:3096} INFO - Sync 1 DAGs
[2024-10-18T08:41:05.164+0000] {logging_mixin.py:188} INFO - [2024-10-18T08:41:05.164+0000] {dag.py:3954} INFO - Setting next_dagrun for example_sensors to None, run_after=None
[2024-10-18T08:41:05.180+0000] {processor.py:183} INFO - Processing /home/airflow/.local/lib/python3.12/site-packages/airflow/example_dags/example_sensors.py took 0.063 seconds
