[2024-10-18T08:22:07.586+0000] {processor.py:161} INFO - Started process (PID=83) to work on /home/airflow/.local/lib/python3.12/site-packages/airflow/example_dags/example_latest_only_with_trigger.py
[2024-10-18T08:22:07.587+0000] {processor.py:830} INFO - Processing file /home/airflow/.local/lib/python3.12/site-packages/airflow/example_dags/example_latest_only_with_trigger.py for tasks to queue
[2024-10-18T08:22:07.589+0000] {logging_mixin.py:188} INFO - [2024-10-18T08:22:07.588+0000] {dagbag.py:545} INFO - Filling up the DagBag from /home/airflow/.local/lib/python3.12/site-packages/airflow/example_dags/example_latest_only_with_trigger.py
[2024-10-18T08:22:07.607+0000] {processor.py:840} INFO - DAG(s) 'latest_only_with_trigger' retrieved from /home/airflow/.local/lib/python3.12/site-packages/airflow/example_dags/example_latest_only_with_trigger.py
[2024-10-18T08:22:07.623+0000] {logging_mixin.py:188} INFO - [2024-10-18T08:22:07.622+0000] {dag.py:3096} INFO - Sync 1 DAGs
[2024-10-18T08:22:07.667+0000] {logging_mixin.py:188} INFO - [2024-10-18T08:22:07.667+0000] {dag.py:3954} INFO - Setting next_dagrun for latest_only_with_trigger to 2024-10-18 04:00:00+00:00, run_after=2024-10-18 08:00:00+00:00
[2024-10-18T08:22:07.701+0000] {processor.py:183} INFO - Processing /home/airflow/.local/lib/python3.12/site-packages/airflow/example_dags/example_latest_only_with_trigger.py took 0.122 seconds
[2024-10-18T08:22:38.217+0000] {processor.py:161} INFO - Started process (PID=141) to work on /home/airflow/.local/lib/python3.12/site-packages/airflow/example_dags/example_latest_only_with_trigger.py
[2024-10-18T08:22:38.217+0000] {processor.py:830} INFO - Processing file /home/airflow/.local/lib/python3.12/site-packages/airflow/example_dags/example_latest_only_with_trigger.py for tasks to queue
[2024-10-18T08:22:38.218+0000] {logging_mixin.py:188} INFO - [2024-10-18T08:22:38.218+0000] {dagbag.py:545} INFO - Filling up the DagBag from /home/airflow/.local/lib/python3.12/site-packages/airflow/example_dags/example_latest_only_with_trigger.py
[2024-10-18T08:22:38.222+0000] {processor.py:840} INFO - DAG(s) 'latest_only_with_trigger' retrieved from /home/airflow/.local/lib/python3.12/site-packages/airflow/example_dags/example_latest_only_with_trigger.py
[2024-10-18T08:22:38.293+0000] {logging_mixin.py:188} INFO - [2024-10-18T08:22:38.293+0000] {dag.py:3096} INFO - Sync 1 DAGs
[2024-10-18T08:22:38.311+0000] {logging_mixin.py:188} INFO - [2024-10-18T08:22:38.311+0000] {dag.py:3954} INFO - Setting next_dagrun for latest_only_with_trigger to 2024-10-18 04:00:00+00:00, run_after=2024-10-18 08:00:00+00:00
[2024-10-18T08:22:38.325+0000] {processor.py:183} INFO - Processing /home/airflow/.local/lib/python3.12/site-packages/airflow/example_dags/example_latest_only_with_trigger.py took 0.112 seconds
[2024-10-18T08:23:08.516+0000] {processor.py:161} INFO - Started process (PID=199) to work on /home/airflow/.local/lib/python3.12/site-packages/airflow/example_dags/example_latest_only_with_trigger.py
[2024-10-18T08:23:08.517+0000] {processor.py:830} INFO - Processing file /home/airflow/.local/lib/python3.12/site-packages/airflow/example_dags/example_latest_only_with_trigger.py for tasks to queue
[2024-10-18T08:23:08.519+0000] {logging_mixin.py:188} INFO - [2024-10-18T08:23:08.518+0000] {dagbag.py:545} INFO - Filling up the DagBag from /home/airflow/.local/lib/python3.12/site-packages/airflow/example_dags/example_latest_only_with_trigger.py
[2024-10-18T08:23:08.524+0000] {processor.py:840} INFO - DAG(s) 'latest_only_with_trigger' retrieved from /home/airflow/.local/lib/python3.12/site-packages/airflow/example_dags/example_latest_only_with_trigger.py
[2024-10-18T08:23:08.538+0000] {logging_mixin.py:188} INFO - [2024-10-18T08:23:08.538+0000] {dag.py:3096} INFO - Sync 1 DAGs
[2024-10-18T08:23:08.553+0000] {logging_mixin.py:188} INFO - [2024-10-18T08:23:08.552+0000] {dag.py:3954} INFO - Setting next_dagrun for latest_only_with_trigger to 2024-10-18 04:00:00+00:00, run_after=2024-10-18 08:00:00+00:00
[2024-10-18T08:23:08.567+0000] {processor.py:183} INFO - Processing /home/airflow/.local/lib/python3.12/site-packages/airflow/example_dags/example_latest_only_with_trigger.py took 0.056 seconds
[2024-10-18T08:23:39.539+0000] {processor.py:161} INFO - Started process (PID=257) to work on /home/airflow/.local/lib/python3.12/site-packages/airflow/example_dags/example_latest_only_with_trigger.py
[2024-10-18T08:23:39.540+0000] {processor.py:830} INFO - Processing file /home/airflow/.local/lib/python3.12/site-packages/airflow/example_dags/example_latest_only_with_trigger.py for tasks to queue
[2024-10-18T08:23:39.541+0000] {logging_mixin.py:188} INFO - [2024-10-18T08:23:39.540+0000] {dagbag.py:545} INFO - Filling up the DagBag from /home/airflow/.local/lib/python3.12/site-packages/airflow/example_dags/example_latest_only_with_trigger.py
[2024-10-18T08:23:39.544+0000] {processor.py:840} INFO - DAG(s) 'latest_only_with_trigger' retrieved from /home/airflow/.local/lib/python3.12/site-packages/airflow/example_dags/example_latest_only_with_trigger.py
[2024-10-18T08:23:39.559+0000] {logging_mixin.py:188} INFO - [2024-10-18T08:23:39.558+0000] {dag.py:3096} INFO - Sync 1 DAGs
[2024-10-18T08:23:39.574+0000] {logging_mixin.py:188} INFO - [2024-10-18T08:23:39.574+0000] {dag.py:3954} INFO - Setting next_dagrun for latest_only_with_trigger to 2024-10-18 04:00:00+00:00, run_after=2024-10-18 08:00:00+00:00
[2024-10-18T08:23:39.588+0000] {processor.py:183} INFO - Processing /home/airflow/.local/lib/python3.12/site-packages/airflow/example_dags/example_latest_only_with_trigger.py took 0.054 seconds
[2024-10-18T08:24:09.650+0000] {processor.py:161} INFO - Started process (PID=315) to work on /home/airflow/.local/lib/python3.12/site-packages/airflow/example_dags/example_latest_only_with_trigger.py
[2024-10-18T08:24:09.652+0000] {processor.py:830} INFO - Processing file /home/airflow/.local/lib/python3.12/site-packages/airflow/example_dags/example_latest_only_with_trigger.py for tasks to queue
[2024-10-18T08:24:09.653+0000] {logging_mixin.py:188} INFO - [2024-10-18T08:24:09.653+0000] {dagbag.py:545} INFO - Filling up the DagBag from /home/airflow/.local/lib/python3.12/site-packages/airflow/example_dags/example_latest_only_with_trigger.py
[2024-10-18T08:24:09.657+0000] {processor.py:840} INFO - DAG(s) 'latest_only_with_trigger' retrieved from /home/airflow/.local/lib/python3.12/site-packages/airflow/example_dags/example_latest_only_with_trigger.py
[2024-10-18T08:24:09.669+0000] {logging_mixin.py:188} INFO - [2024-10-18T08:24:09.669+0000] {dag.py:3096} INFO - Sync 1 DAGs
[2024-10-18T08:24:09.683+0000] {logging_mixin.py:188} INFO - [2024-10-18T08:24:09.683+0000] {dag.py:3954} INFO - Setting next_dagrun for latest_only_with_trigger to 2024-10-18 04:00:00+00:00, run_after=2024-10-18 08:00:00+00:00
[2024-10-18T08:24:09.695+0000] {processor.py:183} INFO - Processing /home/airflow/.local/lib/python3.12/site-packages/airflow/example_dags/example_latest_only_with_trigger.py took 0.048 seconds
[2024-10-18T08:24:39.866+0000] {processor.py:161} INFO - Started process (PID=373) to work on /home/airflow/.local/lib/python3.12/site-packages/airflow/example_dags/example_latest_only_with_trigger.py
[2024-10-18T08:24:39.867+0000] {processor.py:830} INFO - Processing file /home/airflow/.local/lib/python3.12/site-packages/airflow/example_dags/example_latest_only_with_trigger.py for tasks to queue
[2024-10-18T08:24:39.868+0000] {logging_mixin.py:188} INFO - [2024-10-18T08:24:39.868+0000] {dagbag.py:545} INFO - Filling up the DagBag from /home/airflow/.local/lib/python3.12/site-packages/airflow/example_dags/example_latest_only_with_trigger.py
[2024-10-18T08:24:39.871+0000] {processor.py:840} INFO - DAG(s) 'latest_only_with_trigger' retrieved from /home/airflow/.local/lib/python3.12/site-packages/airflow/example_dags/example_latest_only_with_trigger.py
[2024-10-18T08:24:39.883+0000] {logging_mixin.py:188} INFO - [2024-10-18T08:24:39.883+0000] {dag.py:3096} INFO - Sync 1 DAGs
[2024-10-18T08:24:39.897+0000] {logging_mixin.py:188} INFO - [2024-10-18T08:24:39.896+0000] {dag.py:3954} INFO - Setting next_dagrun for latest_only_with_trigger to 2024-10-18 04:00:00+00:00, run_after=2024-10-18 08:00:00+00:00
[2024-10-18T08:24:39.910+0000] {processor.py:183} INFO - Processing /home/airflow/.local/lib/python3.12/site-packages/airflow/example_dags/example_latest_only_with_trigger.py took 0.048 seconds
[2024-10-18T08:25:10.068+0000] {processor.py:161} INFO - Started process (PID=431) to work on /home/airflow/.local/lib/python3.12/site-packages/airflow/example_dags/example_latest_only_with_trigger.py
[2024-10-18T08:25:10.069+0000] {processor.py:830} INFO - Processing file /home/airflow/.local/lib/python3.12/site-packages/airflow/example_dags/example_latest_only_with_trigger.py for tasks to queue
[2024-10-18T08:25:10.070+0000] {logging_mixin.py:188} INFO - [2024-10-18T08:25:10.070+0000] {dagbag.py:545} INFO - Filling up the DagBag from /home/airflow/.local/lib/python3.12/site-packages/airflow/example_dags/example_latest_only_with_trigger.py
[2024-10-18T08:25:10.074+0000] {processor.py:840} INFO - DAG(s) 'latest_only_with_trigger' retrieved from /home/airflow/.local/lib/python3.12/site-packages/airflow/example_dags/example_latest_only_with_trigger.py
[2024-10-18T08:25:10.089+0000] {logging_mixin.py:188} INFO - [2024-10-18T08:25:10.089+0000] {dag.py:3096} INFO - Sync 1 DAGs
[2024-10-18T08:25:10.107+0000] {logging_mixin.py:188} INFO - [2024-10-18T08:25:10.107+0000] {dag.py:3954} INFO - Setting next_dagrun for latest_only_with_trigger to 2024-10-18 04:00:00+00:00, run_after=2024-10-18 08:00:00+00:00
[2024-10-18T08:25:10.126+0000] {processor.py:183} INFO - Processing /home/airflow/.local/lib/python3.12/site-packages/airflow/example_dags/example_latest_only_with_trigger.py took 0.061 seconds
[2024-10-18T08:25:40.348+0000] {processor.py:161} INFO - Started process (PID=488) to work on /home/airflow/.local/lib/python3.12/site-packages/airflow/example_dags/example_latest_only_with_trigger.py
[2024-10-18T08:25:40.348+0000] {processor.py:830} INFO - Processing file /home/airflow/.local/lib/python3.12/site-packages/airflow/example_dags/example_latest_only_with_trigger.py for tasks to queue
[2024-10-18T08:25:40.349+0000] {logging_mixin.py:188} INFO - [2024-10-18T08:25:40.349+0000] {dagbag.py:545} INFO - Filling up the DagBag from /home/airflow/.local/lib/python3.12/site-packages/airflow/example_dags/example_latest_only_with_trigger.py
[2024-10-18T08:25:40.353+0000] {processor.py:840} INFO - DAG(s) 'latest_only_with_trigger' retrieved from /home/airflow/.local/lib/python3.12/site-packages/airflow/example_dags/example_latest_only_with_trigger.py
[2024-10-18T08:25:40.365+0000] {logging_mixin.py:188} INFO - [2024-10-18T08:25:40.365+0000] {dag.py:3096} INFO - Sync 1 DAGs
[2024-10-18T08:25:40.378+0000] {logging_mixin.py:188} INFO - [2024-10-18T08:25:40.378+0000] {dag.py:3954} INFO - Setting next_dagrun for latest_only_with_trigger to 2024-10-18 04:00:00+00:00, run_after=2024-10-18 08:00:00+00:00
[2024-10-18T08:25:40.390+0000] {processor.py:183} INFO - Processing /home/airflow/.local/lib/python3.12/site-packages/airflow/example_dags/example_latest_only_with_trigger.py took 0.046 seconds
[2024-10-18T08:26:10.542+0000] {processor.py:161} INFO - Started process (PID=546) to work on /home/airflow/.local/lib/python3.12/site-packages/airflow/example_dags/example_latest_only_with_trigger.py
[2024-10-18T08:26:10.543+0000] {processor.py:830} INFO - Processing file /home/airflow/.local/lib/python3.12/site-packages/airflow/example_dags/example_latest_only_with_trigger.py for tasks to queue
[2024-10-18T08:26:10.544+0000] {logging_mixin.py:188} INFO - [2024-10-18T08:26:10.544+0000] {dagbag.py:545} INFO - Filling up the DagBag from /home/airflow/.local/lib/python3.12/site-packages/airflow/example_dags/example_latest_only_with_trigger.py
[2024-10-18T08:26:10.548+0000] {processor.py:840} INFO - DAG(s) 'latest_only_with_trigger' retrieved from /home/airflow/.local/lib/python3.12/site-packages/airflow/example_dags/example_latest_only_with_trigger.py
[2024-10-18T08:26:10.563+0000] {logging_mixin.py:188} INFO - [2024-10-18T08:26:10.562+0000] {dag.py:3096} INFO - Sync 1 DAGs
[2024-10-18T08:26:10.581+0000] {logging_mixin.py:188} INFO - [2024-10-18T08:26:10.581+0000] {dag.py:3954} INFO - Setting next_dagrun for latest_only_with_trigger to 2024-10-18 04:00:00+00:00, run_after=2024-10-18 08:00:00+00:00
[2024-10-18T08:26:10.597+0000] {processor.py:183} INFO - Processing /home/airflow/.local/lib/python3.12/site-packages/airflow/example_dags/example_latest_only_with_trigger.py took 0.059 seconds
[2024-10-18T08:26:40.675+0000] {processor.py:161} INFO - Started process (PID=604) to work on /home/airflow/.local/lib/python3.12/site-packages/airflow/example_dags/example_latest_only_with_trigger.py
[2024-10-18T08:26:40.676+0000] {processor.py:830} INFO - Processing file /home/airflow/.local/lib/python3.12/site-packages/airflow/example_dags/example_latest_only_with_trigger.py for tasks to queue
[2024-10-18T08:26:40.677+0000] {logging_mixin.py:188} INFO - [2024-10-18T08:26:40.677+0000] {dagbag.py:545} INFO - Filling up the DagBag from /home/airflow/.local/lib/python3.12/site-packages/airflow/example_dags/example_latest_only_with_trigger.py
[2024-10-18T08:26:40.680+0000] {processor.py:840} INFO - DAG(s) 'latest_only_with_trigger' retrieved from /home/airflow/.local/lib/python3.12/site-packages/airflow/example_dags/example_latest_only_with_trigger.py
[2024-10-18T08:26:40.692+0000] {logging_mixin.py:188} INFO - [2024-10-18T08:26:40.692+0000] {dag.py:3096} INFO - Sync 1 DAGs
[2024-10-18T08:26:40.707+0000] {logging_mixin.py:188} INFO - [2024-10-18T08:26:40.706+0000] {dag.py:3954} INFO - Setting next_dagrun for latest_only_with_trigger to 2024-10-18 04:00:00+00:00, run_after=2024-10-18 08:00:00+00:00
[2024-10-18T08:26:40.718+0000] {processor.py:183} INFO - Processing /home/airflow/.local/lib/python3.12/site-packages/airflow/example_dags/example_latest_only_with_trigger.py took 0.047 seconds
[2024-10-18T08:31:19.319+0000] {processor.py:161} INFO - Started process (PID=84) to work on /home/airflow/.local/lib/python3.12/site-packages/airflow/example_dags/example_latest_only_with_trigger.py
[2024-10-18T08:31:19.321+0000] {processor.py:830} INFO - Processing file /home/airflow/.local/lib/python3.12/site-packages/airflow/example_dags/example_latest_only_with_trigger.py for tasks to queue
[2024-10-18T08:31:19.323+0000] {logging_mixin.py:188} INFO - [2024-10-18T08:31:19.323+0000] {dagbag.py:545} INFO - Filling up the DagBag from /home/airflow/.local/lib/python3.12/site-packages/airflow/example_dags/example_latest_only_with_trigger.py
[2024-10-18T08:31:19.330+0000] {processor.py:840} INFO - DAG(s) 'latest_only_with_trigger' retrieved from /home/airflow/.local/lib/python3.12/site-packages/airflow/example_dags/example_latest_only_with_trigger.py
[2024-10-18T08:31:19.341+0000] {logging_mixin.py:188} INFO - [2024-10-18T08:31:19.341+0000] {dag.py:3096} INFO - Sync 1 DAGs
[2024-10-18T08:31:19.369+0000] {logging_mixin.py:188} INFO - [2024-10-18T08:31:19.368+0000] {dag.py:3954} INFO - Setting next_dagrun for latest_only_with_trigger to 2024-10-18 04:00:00+00:00, run_after=2024-10-18 08:00:00+00:00
[2024-10-18T08:31:19.394+0000] {processor.py:183} INFO - Processing /home/airflow/.local/lib/python3.12/site-packages/airflow/example_dags/example_latest_only_with_trigger.py took 0.080 seconds
[2024-10-18T08:31:50.475+0000] {processor.py:161} INFO - Started process (PID=143) to work on /home/airflow/.local/lib/python3.12/site-packages/airflow/example_dags/example_latest_only_with_trigger.py
[2024-10-18T08:31:50.476+0000] {processor.py:830} INFO - Processing file /home/airflow/.local/lib/python3.12/site-packages/airflow/example_dags/example_latest_only_with_trigger.py for tasks to queue
[2024-10-18T08:31:50.477+0000] {logging_mixin.py:188} INFO - [2024-10-18T08:31:50.477+0000] {dagbag.py:545} INFO - Filling up the DagBag from /home/airflow/.local/lib/python3.12/site-packages/airflow/example_dags/example_latest_only_with_trigger.py
[2024-10-18T08:31:50.480+0000] {processor.py:840} INFO - DAG(s) 'latest_only_with_trigger' retrieved from /home/airflow/.local/lib/python3.12/site-packages/airflow/example_dags/example_latest_only_with_trigger.py
[2024-10-18T08:31:50.547+0000] {logging_mixin.py:188} INFO - [2024-10-18T08:31:50.547+0000] {dag.py:3096} INFO - Sync 1 DAGs
[2024-10-18T08:31:50.561+0000] {logging_mixin.py:188} INFO - [2024-10-18T08:31:50.561+0000] {dag.py:3954} INFO - Setting next_dagrun for latest_only_with_trigger to 2024-10-18 04:00:00+00:00, run_after=2024-10-18 08:00:00+00:00
[2024-10-18T08:31:50.577+0000] {processor.py:183} INFO - Processing /home/airflow/.local/lib/python3.12/site-packages/airflow/example_dags/example_latest_only_with_trigger.py took 0.106 seconds
[2024-10-18T08:33:28.643+0000] {processor.py:161} INFO - Started process (PID=69) to work on /home/airflow/.local/lib/python3.12/site-packages/airflow/example_dags/example_latest_only_with_trigger.py
[2024-10-18T08:33:28.644+0000] {processor.py:830} INFO - Processing file /home/airflow/.local/lib/python3.12/site-packages/airflow/example_dags/example_latest_only_with_trigger.py for tasks to queue
[2024-10-18T08:33:28.646+0000] {logging_mixin.py:188} INFO - [2024-10-18T08:33:28.646+0000] {dagbag.py:545} INFO - Filling up the DagBag from /home/airflow/.local/lib/python3.12/site-packages/airflow/example_dags/example_latest_only_with_trigger.py
[2024-10-18T08:33:28.651+0000] {processor.py:840} INFO - DAG(s) 'latest_only_with_trigger' retrieved from /home/airflow/.local/lib/python3.12/site-packages/airflow/example_dags/example_latest_only_with_trigger.py
[2024-10-18T08:33:28.661+0000] {logging_mixin.py:188} INFO - [2024-10-18T08:33:28.661+0000] {dag.py:3096} INFO - Sync 1 DAGs
[2024-10-18T08:33:28.684+0000] {logging_mixin.py:188} INFO - [2024-10-18T08:33:28.684+0000] {dag.py:3954} INFO - Setting next_dagrun for latest_only_with_trigger to 2024-10-18 04:00:00+00:00, run_after=2024-10-18 08:00:00+00:00
[2024-10-18T08:33:28.701+0000] {processor.py:183} INFO - Processing /home/airflow/.local/lib/python3.12/site-packages/airflow/example_dags/example_latest_only_with_trigger.py took 0.063 seconds
[2024-10-18T08:35:25.409+0000] {processor.py:161} INFO - Started process (PID=83) to work on /home/airflow/.local/lib/python3.12/site-packages/airflow/example_dags/example_latest_only_with_trigger.py
[2024-10-18T08:35:25.410+0000] {processor.py:830} INFO - Processing file /home/airflow/.local/lib/python3.12/site-packages/airflow/example_dags/example_latest_only_with_trigger.py for tasks to queue
[2024-10-18T08:35:25.412+0000] {logging_mixin.py:188} INFO - [2024-10-18T08:35:25.411+0000] {dagbag.py:545} INFO - Filling up the DagBag from /home/airflow/.local/lib/python3.12/site-packages/airflow/example_dags/example_latest_only_with_trigger.py
[2024-10-18T08:35:25.418+0000] {processor.py:840} INFO - DAG(s) 'latest_only_with_trigger' retrieved from /home/airflow/.local/lib/python3.12/site-packages/airflow/example_dags/example_latest_only_with_trigger.py
[2024-10-18T08:35:25.428+0000] {logging_mixin.py:188} INFO - [2024-10-18T08:35:25.427+0000] {dag.py:3096} INFO - Sync 1 DAGs
[2024-10-18T08:35:25.460+0000] {logging_mixin.py:188} INFO - [2024-10-18T08:35:25.459+0000] {dag.py:3954} INFO - Setting next_dagrun for latest_only_with_trigger to 2024-10-18 04:00:00+00:00, run_after=2024-10-18 08:00:00+00:00
[2024-10-18T08:35:25.492+0000] {processor.py:183} INFO - Processing /home/airflow/.local/lib/python3.12/site-packages/airflow/example_dags/example_latest_only_with_trigger.py took 0.095 seconds
[2024-10-18T08:35:56.269+0000] {processor.py:161} INFO - Started process (PID=142) to work on /home/airflow/.local/lib/python3.12/site-packages/airflow/example_dags/example_latest_only_with_trigger.py
[2024-10-18T08:35:56.270+0000] {processor.py:830} INFO - Processing file /home/airflow/.local/lib/python3.12/site-packages/airflow/example_dags/example_latest_only_with_trigger.py for tasks to queue
[2024-10-18T08:35:56.271+0000] {logging_mixin.py:188} INFO - [2024-10-18T08:35:56.271+0000] {dagbag.py:545} INFO - Filling up the DagBag from /home/airflow/.local/lib/python3.12/site-packages/airflow/example_dags/example_latest_only_with_trigger.py
[2024-10-18T08:35:56.275+0000] {processor.py:840} INFO - DAG(s) 'latest_only_with_trigger' retrieved from /home/airflow/.local/lib/python3.12/site-packages/airflow/example_dags/example_latest_only_with_trigger.py
[2024-10-18T08:35:56.376+0000] {logging_mixin.py:188} INFO - [2024-10-18T08:35:56.376+0000] {dag.py:3096} INFO - Sync 1 DAGs
[2024-10-18T08:35:56.395+0000] {logging_mixin.py:188} INFO - [2024-10-18T08:35:56.395+0000] {dag.py:3954} INFO - Setting next_dagrun for latest_only_with_trigger to 2024-10-18 04:00:00+00:00, run_after=2024-10-18 08:00:00+00:00
[2024-10-18T08:35:56.416+0000] {processor.py:183} INFO - Processing /home/airflow/.local/lib/python3.12/site-packages/airflow/example_dags/example_latest_only_with_trigger.py took 0.151 seconds
[2024-10-18T08:36:27.331+0000] {processor.py:161} INFO - Started process (PID=201) to work on /home/airflow/.local/lib/python3.12/site-packages/airflow/example_dags/example_latest_only_with_trigger.py
[2024-10-18T08:36:27.332+0000] {processor.py:830} INFO - Processing file /home/airflow/.local/lib/python3.12/site-packages/airflow/example_dags/example_latest_only_with_trigger.py for tasks to queue
[2024-10-18T08:36:27.333+0000] {logging_mixin.py:188} INFO - [2024-10-18T08:36:27.333+0000] {dagbag.py:545} INFO - Filling up the DagBag from /home/airflow/.local/lib/python3.12/site-packages/airflow/example_dags/example_latest_only_with_trigger.py
[2024-10-18T08:36:27.338+0000] {processor.py:840} INFO - DAG(s) 'latest_only_with_trigger' retrieved from /home/airflow/.local/lib/python3.12/site-packages/airflow/example_dags/example_latest_only_with_trigger.py
[2024-10-18T08:36:27.353+0000] {logging_mixin.py:188} INFO - [2024-10-18T08:36:27.353+0000] {dag.py:3096} INFO - Sync 1 DAGs
[2024-10-18T08:36:27.367+0000] {logging_mixin.py:188} INFO - [2024-10-18T08:36:27.367+0000] {dag.py:3954} INFO - Setting next_dagrun for latest_only_with_trigger to 2024-10-18 04:00:00+00:00, run_after=2024-10-18 08:00:00+00:00
[2024-10-18T08:36:27.379+0000] {processor.py:183} INFO - Processing /home/airflow/.local/lib/python3.12/site-packages/airflow/example_dags/example_latest_only_with_trigger.py took 0.054 seconds
[2024-10-18T08:36:58.324+0000] {processor.py:161} INFO - Started process (PID=260) to work on /home/airflow/.local/lib/python3.12/site-packages/airflow/example_dags/example_latest_only_with_trigger.py
[2024-10-18T08:36:58.325+0000] {processor.py:830} INFO - Processing file /home/airflow/.local/lib/python3.12/site-packages/airflow/example_dags/example_latest_only_with_trigger.py for tasks to queue
[2024-10-18T08:36:58.326+0000] {logging_mixin.py:188} INFO - [2024-10-18T08:36:58.326+0000] {dagbag.py:545} INFO - Filling up the DagBag from /home/airflow/.local/lib/python3.12/site-packages/airflow/example_dags/example_latest_only_with_trigger.py
[2024-10-18T08:36:58.331+0000] {processor.py:840} INFO - DAG(s) 'latest_only_with_trigger' retrieved from /home/airflow/.local/lib/python3.12/site-packages/airflow/example_dags/example_latest_only_with_trigger.py
[2024-10-18T08:36:58.350+0000] {logging_mixin.py:188} INFO - [2024-10-18T08:36:58.350+0000] {dag.py:3096} INFO - Sync 1 DAGs
[2024-10-18T08:36:58.370+0000] {logging_mixin.py:188} INFO - [2024-10-18T08:36:58.370+0000] {dag.py:3954} INFO - Setting next_dagrun for latest_only_with_trigger to 2024-10-18 04:00:00+00:00, run_after=2024-10-18 08:00:00+00:00
[2024-10-18T08:36:58.387+0000] {processor.py:183} INFO - Processing /home/airflow/.local/lib/python3.12/site-packages/airflow/example_dags/example_latest_only_with_trigger.py took 0.069 seconds
[2024-10-18T08:37:28.606+0000] {processor.py:161} INFO - Started process (PID=319) to work on /home/airflow/.local/lib/python3.12/site-packages/airflow/example_dags/example_latest_only_with_trigger.py
[2024-10-18T08:37:28.607+0000] {processor.py:830} INFO - Processing file /home/airflow/.local/lib/python3.12/site-packages/airflow/example_dags/example_latest_only_with_trigger.py for tasks to queue
[2024-10-18T08:37:28.608+0000] {logging_mixin.py:188} INFO - [2024-10-18T08:37:28.608+0000] {dagbag.py:545} INFO - Filling up the DagBag from /home/airflow/.local/lib/python3.12/site-packages/airflow/example_dags/example_latest_only_with_trigger.py
[2024-10-18T08:37:28.612+0000] {processor.py:840} INFO - DAG(s) 'latest_only_with_trigger' retrieved from /home/airflow/.local/lib/python3.12/site-packages/airflow/example_dags/example_latest_only_with_trigger.py
[2024-10-18T08:37:28.626+0000] {logging_mixin.py:188} INFO - [2024-10-18T08:37:28.626+0000] {dag.py:3096} INFO - Sync 1 DAGs
[2024-10-18T08:37:28.642+0000] {logging_mixin.py:188} INFO - [2024-10-18T08:37:28.641+0000] {dag.py:3954} INFO - Setting next_dagrun for latest_only_with_trigger to 2024-10-18 04:00:00+00:00, run_after=2024-10-18 08:00:00+00:00
[2024-10-18T08:37:28.656+0000] {processor.py:183} INFO - Processing /home/airflow/.local/lib/python3.12/site-packages/airflow/example_dags/example_latest_only_with_trigger.py took 0.054 seconds
[2024-10-18T08:37:58.860+0000] {processor.py:161} INFO - Started process (PID=378) to work on /home/airflow/.local/lib/python3.12/site-packages/airflow/example_dags/example_latest_only_with_trigger.py
[2024-10-18T08:37:58.861+0000] {processor.py:830} INFO - Processing file /home/airflow/.local/lib/python3.12/site-packages/airflow/example_dags/example_latest_only_with_trigger.py for tasks to queue
[2024-10-18T08:37:58.862+0000] {logging_mixin.py:188} INFO - [2024-10-18T08:37:58.862+0000] {dagbag.py:545} INFO - Filling up the DagBag from /home/airflow/.local/lib/python3.12/site-packages/airflow/example_dags/example_latest_only_with_trigger.py
[2024-10-18T08:37:58.866+0000] {processor.py:840} INFO - DAG(s) 'latest_only_with_trigger' retrieved from /home/airflow/.local/lib/python3.12/site-packages/airflow/example_dags/example_latest_only_with_trigger.py
[2024-10-18T08:37:58.882+0000] {logging_mixin.py:188} INFO - [2024-10-18T08:37:58.882+0000] {dag.py:3096} INFO - Sync 1 DAGs
[2024-10-18T08:37:58.902+0000] {logging_mixin.py:188} INFO - [2024-10-18T08:37:58.901+0000] {dag.py:3954} INFO - Setting next_dagrun for latest_only_with_trigger to 2024-10-18 04:00:00+00:00, run_after=2024-10-18 08:00:00+00:00
[2024-10-18T08:37:58.918+0000] {processor.py:183} INFO - Processing /home/airflow/.local/lib/python3.12/site-packages/airflow/example_dags/example_latest_only_with_trigger.py took 0.062 seconds
[2024-10-18T08:38:29.108+0000] {processor.py:161} INFO - Started process (PID=437) to work on /home/airflow/.local/lib/python3.12/site-packages/airflow/example_dags/example_latest_only_with_trigger.py
[2024-10-18T08:38:29.109+0000] {processor.py:830} INFO - Processing file /home/airflow/.local/lib/python3.12/site-packages/airflow/example_dags/example_latest_only_with_trigger.py for tasks to queue
[2024-10-18T08:38:29.110+0000] {logging_mixin.py:188} INFO - [2024-10-18T08:38:29.110+0000] {dagbag.py:545} INFO - Filling up the DagBag from /home/airflow/.local/lib/python3.12/site-packages/airflow/example_dags/example_latest_only_with_trigger.py
[2024-10-18T08:38:29.114+0000] {processor.py:840} INFO - DAG(s) 'latest_only_with_trigger' retrieved from /home/airflow/.local/lib/python3.12/site-packages/airflow/example_dags/example_latest_only_with_trigger.py
[2024-10-18T08:38:29.129+0000] {logging_mixin.py:188} INFO - [2024-10-18T08:38:29.129+0000] {dag.py:3096} INFO - Sync 1 DAGs
[2024-10-18T08:38:29.145+0000] {logging_mixin.py:188} INFO - [2024-10-18T08:38:29.145+0000] {dag.py:3954} INFO - Setting next_dagrun for latest_only_with_trigger to 2024-10-18 04:00:00+00:00, run_after=2024-10-18 08:00:00+00:00
[2024-10-18T08:38:29.160+0000] {processor.py:183} INFO - Processing /home/airflow/.local/lib/python3.12/site-packages/airflow/example_dags/example_latest_only_with_trigger.py took 0.056 seconds
[2024-10-18T08:38:59.326+0000] {processor.py:161} INFO - Started process (PID=496) to work on /home/airflow/.local/lib/python3.12/site-packages/airflow/example_dags/example_latest_only_with_trigger.py
[2024-10-18T08:38:59.327+0000] {processor.py:830} INFO - Processing file /home/airflow/.local/lib/python3.12/site-packages/airflow/example_dags/example_latest_only_with_trigger.py for tasks to queue
[2024-10-18T08:38:59.329+0000] {logging_mixin.py:188} INFO - [2024-10-18T08:38:59.328+0000] {dagbag.py:545} INFO - Filling up the DagBag from /home/airflow/.local/lib/python3.12/site-packages/airflow/example_dags/example_latest_only_with_trigger.py
[2024-10-18T08:38:59.333+0000] {processor.py:840} INFO - DAG(s) 'latest_only_with_trigger' retrieved from /home/airflow/.local/lib/python3.12/site-packages/airflow/example_dags/example_latest_only_with_trigger.py
[2024-10-18T08:38:59.351+0000] {logging_mixin.py:188} INFO - [2024-10-18T08:38:59.350+0000] {dag.py:3096} INFO - Sync 1 DAGs
[2024-10-18T08:38:59.369+0000] {logging_mixin.py:188} INFO - [2024-10-18T08:38:59.369+0000] {dag.py:3954} INFO - Setting next_dagrun for latest_only_with_trigger to 2024-10-18 04:00:00+00:00, run_after=2024-10-18 08:00:00+00:00
[2024-10-18T08:38:59.386+0000] {processor.py:183} INFO - Processing /home/airflow/.local/lib/python3.12/site-packages/airflow/example_dags/example_latest_only_with_trigger.py took 0.064 seconds
[2024-10-18T08:40:03.709+0000] {processor.py:161} INFO - Started process (PID=82) to work on /home/airflow/.local/lib/python3.12/site-packages/airflow/example_dags/example_latest_only_with_trigger.py
[2024-10-18T08:40:03.713+0000] {processor.py:830} INFO - Processing file /home/airflow/.local/lib/python3.12/site-packages/airflow/example_dags/example_latest_only_with_trigger.py for tasks to queue
[2024-10-18T08:40:03.715+0000] {logging_mixin.py:188} INFO - [2024-10-18T08:40:03.714+0000] {dagbag.py:545} INFO - Filling up the DagBag from /home/airflow/.local/lib/python3.12/site-packages/airflow/example_dags/example_latest_only_with_trigger.py
[2024-10-18T08:40:03.719+0000] {processor.py:840} INFO - DAG(s) 'latest_only_with_trigger' retrieved from /home/airflow/.local/lib/python3.12/site-packages/airflow/example_dags/example_latest_only_with_trigger.py
[2024-10-18T08:40:03.733+0000] {logging_mixin.py:188} INFO - [2024-10-18T08:40:03.732+0000] {dag.py:3096} INFO - Sync 1 DAGs
[2024-10-18T08:40:03.764+0000] {logging_mixin.py:188} INFO - [2024-10-18T08:40:03.764+0000] {dag.py:3954} INFO - Setting next_dagrun for latest_only_with_trigger to 2024-10-18 04:00:00+00:00, run_after=2024-10-18 08:00:00+00:00
[2024-10-18T08:40:03.794+0000] {processor.py:183} INFO - Processing /home/airflow/.local/lib/python3.12/site-packages/airflow/example_dags/example_latest_only_with_trigger.py took 0.090 seconds
[2024-10-18T08:40:34.435+0000] {processor.py:161} INFO - Started process (PID=147) to work on /home/airflow/.local/lib/python3.12/site-packages/airflow/example_dags/example_latest_only_with_trigger.py
[2024-10-18T08:40:34.436+0000] {processor.py:830} INFO - Processing file /home/airflow/.local/lib/python3.12/site-packages/airflow/example_dags/example_latest_only_with_trigger.py for tasks to queue
[2024-10-18T08:40:34.437+0000] {logging_mixin.py:188} INFO - [2024-10-18T08:40:34.437+0000] {dagbag.py:545} INFO - Filling up the DagBag from /home/airflow/.local/lib/python3.12/site-packages/airflow/example_dags/example_latest_only_with_trigger.py
[2024-10-18T08:40:34.441+0000] {processor.py:840} INFO - DAG(s) 'latest_only_with_trigger' retrieved from /home/airflow/.local/lib/python3.12/site-packages/airflow/example_dags/example_latest_only_with_trigger.py
[2024-10-18T08:40:34.522+0000] {logging_mixin.py:188} INFO - [2024-10-18T08:40:34.522+0000] {dag.py:3096} INFO - Sync 1 DAGs
[2024-10-18T08:40:34.538+0000] {logging_mixin.py:188} INFO - [2024-10-18T08:40:34.538+0000] {dag.py:3954} INFO - Setting next_dagrun for latest_only_with_trigger to 2024-10-18 04:00:00+00:00, run_after=2024-10-18 08:00:00+00:00
[2024-10-18T08:40:34.550+0000] {processor.py:183} INFO - Processing /home/airflow/.local/lib/python3.12/site-packages/airflow/example_dags/example_latest_only_with_trigger.py took 0.119 seconds
[2024-10-18T08:41:05.020+0000] {processor.py:161} INFO - Started process (PID=206) to work on /home/airflow/.local/lib/python3.12/site-packages/airflow/example_dags/example_latest_only_with_trigger.py
[2024-10-18T08:41:05.021+0000] {processor.py:830} INFO - Processing file /home/airflow/.local/lib/python3.12/site-packages/airflow/example_dags/example_latest_only_with_trigger.py for tasks to queue
[2024-10-18T08:41:05.022+0000] {logging_mixin.py:188} INFO - [2024-10-18T08:41:05.022+0000] {dagbag.py:545} INFO - Filling up the DagBag from /home/airflow/.local/lib/python3.12/site-packages/airflow/example_dags/example_latest_only_with_trigger.py
[2024-10-18T08:41:05.026+0000] {processor.py:840} INFO - DAG(s) 'latest_only_with_trigger' retrieved from /home/airflow/.local/lib/python3.12/site-packages/airflow/example_dags/example_latest_only_with_trigger.py
[2024-10-18T08:41:05.041+0000] {logging_mixin.py:188} INFO - [2024-10-18T08:41:05.041+0000] {dag.py:3096} INFO - Sync 1 DAGs
[2024-10-18T08:41:05.056+0000] {logging_mixin.py:188} INFO - [2024-10-18T08:41:05.055+0000] {dag.py:3954} INFO - Setting next_dagrun for latest_only_with_trigger to 2024-10-18 04:00:00+00:00, run_after=2024-10-18 08:00:00+00:00
[2024-10-18T08:41:05.069+0000] {processor.py:183} INFO - Processing /home/airflow/.local/lib/python3.12/site-packages/airflow/example_dags/example_latest_only_with_trigger.py took 0.053 seconds
