[2024-10-18T08:22:08.485+0000] {processor.py:161} INFO - Started process (PID=97) to work on /home/airflow/.local/lib/python3.12/site-packages/airflow/example_dags/example_branch_python_dop_operator_3.py
[2024-10-18T08:22:08.486+0000] {processor.py:830} INFO - Processing file /home/airflow/.local/lib/python3.12/site-packages/airflow/example_dags/example_branch_python_dop_operator_3.py for tasks to queue
[2024-10-18T08:22:08.488+0000] {logging_mixin.py:188} INFO - [2024-10-18T08:22:08.487+0000] {dagbag.py:545} INFO - Filling up the DagBag from /home/airflow/.local/lib/python3.12/site-packages/airflow/example_dags/example_branch_python_dop_operator_3.py
[2024-10-18T08:22:08.496+0000] {processor.py:840} INFO - DAG(s) 'example_branch_dop_operator_v3' retrieved from /home/airflow/.local/lib/python3.12/site-packages/airflow/example_dags/example_branch_python_dop_operator_3.py
[2024-10-18T08:22:08.508+0000] {logging_mixin.py:188} INFO - [2024-10-18T08:22:08.508+0000] {dag.py:3096} INFO - Sync 1 DAGs
[2024-10-18T08:22:08.533+0000] {logging_mixin.py:188} INFO - [2024-10-18T08:22:08.533+0000] {dag.py:3954} INFO - Setting next_dagrun for example_branch_dop_operator_v3 to 2024-10-18 08:21:00+00:00, run_after=2024-10-18 08:22:00+00:00
[2024-10-18T08:22:08.554+0000] {processor.py:183} INFO - Processing /home/airflow/.local/lib/python3.12/site-packages/airflow/example_dags/example_branch_python_dop_operator_3.py took 0.074 seconds
[2024-10-18T08:22:39.052+0000] {processor.py:161} INFO - Started process (PID=155) to work on /home/airflow/.local/lib/python3.12/site-packages/airflow/example_dags/example_branch_python_dop_operator_3.py
[2024-10-18T08:22:39.052+0000] {processor.py:830} INFO - Processing file /home/airflow/.local/lib/python3.12/site-packages/airflow/example_dags/example_branch_python_dop_operator_3.py for tasks to queue
[2024-10-18T08:22:39.053+0000] {logging_mixin.py:188} INFO - [2024-10-18T08:22:39.053+0000] {dagbag.py:545} INFO - Filling up the DagBag from /home/airflow/.local/lib/python3.12/site-packages/airflow/example_dags/example_branch_python_dop_operator_3.py
[2024-10-18T08:22:39.059+0000] {processor.py:840} INFO - DAG(s) 'example_branch_dop_operator_v3' retrieved from /home/airflow/.local/lib/python3.12/site-packages/airflow/example_dags/example_branch_python_dop_operator_3.py
[2024-10-18T08:22:39.126+0000] {logging_mixin.py:188} INFO - [2024-10-18T08:22:39.126+0000] {dag.py:3096} INFO - Sync 1 DAGs
[2024-10-18T08:22:39.142+0000] {logging_mixin.py:188} INFO - [2024-10-18T08:22:39.141+0000] {dag.py:3954} INFO - Setting next_dagrun for example_branch_dop_operator_v3 to 2024-10-18 08:21:00+00:00, run_after=2024-10-18 08:22:00+00:00
[2024-10-18T08:22:39.153+0000] {processor.py:183} INFO - Processing /home/airflow/.local/lib/python3.12/site-packages/airflow/example_dags/example_branch_python_dop_operator_3.py took 0.106 seconds
[2024-10-18T08:23:09.204+0000] {processor.py:161} INFO - Started process (PID=214) to work on /home/airflow/.local/lib/python3.12/site-packages/airflow/example_dags/example_branch_python_dop_operator_3.py
[2024-10-18T08:23:09.205+0000] {processor.py:830} INFO - Processing file /home/airflow/.local/lib/python3.12/site-packages/airflow/example_dags/example_branch_python_dop_operator_3.py for tasks to queue
[2024-10-18T08:23:09.206+0000] {logging_mixin.py:188} INFO - [2024-10-18T08:23:09.205+0000] {dagbag.py:545} INFO - Filling up the DagBag from /home/airflow/.local/lib/python3.12/site-packages/airflow/example_dags/example_branch_python_dop_operator_3.py
[2024-10-18T08:23:09.213+0000] {processor.py:840} INFO - DAG(s) 'example_branch_dop_operator_v3' retrieved from /home/airflow/.local/lib/python3.12/site-packages/airflow/example_dags/example_branch_python_dop_operator_3.py
[2024-10-18T08:23:09.226+0000] {logging_mixin.py:188} INFO - [2024-10-18T08:23:09.226+0000] {dag.py:3096} INFO - Sync 1 DAGs
[2024-10-18T08:23:09.248+0000] {logging_mixin.py:188} INFO - [2024-10-18T08:23:09.248+0000] {dag.py:3954} INFO - Setting next_dagrun for example_branch_dop_operator_v3 to 2024-10-18 08:22:00+00:00, run_after=2024-10-18 08:23:00+00:00
[2024-10-18T08:23:09.264+0000] {processor.py:183} INFO - Processing /home/airflow/.local/lib/python3.12/site-packages/airflow/example_dags/example_branch_python_dop_operator_3.py took 0.064 seconds
[2024-10-18T08:23:39.982+0000] {processor.py:161} INFO - Started process (PID=271) to work on /home/airflow/.local/lib/python3.12/site-packages/airflow/example_dags/example_branch_python_dop_operator_3.py
[2024-10-18T08:23:39.983+0000] {processor.py:830} INFO - Processing file /home/airflow/.local/lib/python3.12/site-packages/airflow/example_dags/example_branch_python_dop_operator_3.py for tasks to queue
[2024-10-18T08:23:39.984+0000] {logging_mixin.py:188} INFO - [2024-10-18T08:23:39.984+0000] {dagbag.py:545} INFO - Filling up the DagBag from /home/airflow/.local/lib/python3.12/site-packages/airflow/example_dags/example_branch_python_dop_operator_3.py
[2024-10-18T08:23:39.989+0000] {processor.py:840} INFO - DAG(s) 'example_branch_dop_operator_v3' retrieved from /home/airflow/.local/lib/python3.12/site-packages/airflow/example_dags/example_branch_python_dop_operator_3.py
[2024-10-18T08:23:40.001+0000] {logging_mixin.py:188} INFO - [2024-10-18T08:23:40.001+0000] {dag.py:3096} INFO - Sync 1 DAGs
[2024-10-18T08:23:40.019+0000] {logging_mixin.py:188} INFO - [2024-10-18T08:23:40.019+0000] {dag.py:3954} INFO - Setting next_dagrun for example_branch_dop_operator_v3 to 2024-10-18 08:22:00+00:00, run_after=2024-10-18 08:23:00+00:00
[2024-10-18T08:23:40.031+0000] {processor.py:183} INFO - Processing /home/airflow/.local/lib/python3.12/site-packages/airflow/example_dags/example_branch_python_dop_operator_3.py took 0.053 seconds
[2024-10-18T08:24:10.139+0000] {processor.py:161} INFO - Started process (PID=330) to work on /home/airflow/.local/lib/python3.12/site-packages/airflow/example_dags/example_branch_python_dop_operator_3.py
[2024-10-18T08:24:10.140+0000] {processor.py:830} INFO - Processing file /home/airflow/.local/lib/python3.12/site-packages/airflow/example_dags/example_branch_python_dop_operator_3.py for tasks to queue
[2024-10-18T08:24:10.141+0000] {logging_mixin.py:188} INFO - [2024-10-18T08:24:10.141+0000] {dagbag.py:545} INFO - Filling up the DagBag from /home/airflow/.local/lib/python3.12/site-packages/airflow/example_dags/example_branch_python_dop_operator_3.py
[2024-10-18T08:24:10.146+0000] {processor.py:840} INFO - DAG(s) 'example_branch_dop_operator_v3' retrieved from /home/airflow/.local/lib/python3.12/site-packages/airflow/example_dags/example_branch_python_dop_operator_3.py
[2024-10-18T08:24:10.158+0000] {logging_mixin.py:188} INFO - [2024-10-18T08:24:10.158+0000] {dag.py:3096} INFO - Sync 1 DAGs
[2024-10-18T08:24:10.175+0000] {logging_mixin.py:188} INFO - [2024-10-18T08:24:10.175+0000] {dag.py:3954} INFO - Setting next_dagrun for example_branch_dop_operator_v3 to 2024-10-18 08:23:00+00:00, run_after=2024-10-18 08:24:00+00:00
[2024-10-18T08:24:10.187+0000] {processor.py:183} INFO - Processing /home/airflow/.local/lib/python3.12/site-packages/airflow/example_dags/example_branch_python_dop_operator_3.py took 0.052 seconds
[2024-10-18T08:24:40.352+0000] {processor.py:161} INFO - Started process (PID=389) to work on /home/airflow/.local/lib/python3.12/site-packages/airflow/example_dags/example_branch_python_dop_operator_3.py
[2024-10-18T08:24:40.352+0000] {processor.py:830} INFO - Processing file /home/airflow/.local/lib/python3.12/site-packages/airflow/example_dags/example_branch_python_dop_operator_3.py for tasks to queue
[2024-10-18T08:24:40.353+0000] {logging_mixin.py:188} INFO - [2024-10-18T08:24:40.353+0000] {dagbag.py:545} INFO - Filling up the DagBag from /home/airflow/.local/lib/python3.12/site-packages/airflow/example_dags/example_branch_python_dop_operator_3.py
[2024-10-18T08:24:40.360+0000] {processor.py:840} INFO - DAG(s) 'example_branch_dop_operator_v3' retrieved from /home/airflow/.local/lib/python3.12/site-packages/airflow/example_dags/example_branch_python_dop_operator_3.py
[2024-10-18T08:24:40.372+0000] {logging_mixin.py:188} INFO - [2024-10-18T08:24:40.372+0000] {dag.py:3096} INFO - Sync 1 DAGs
[2024-10-18T08:24:40.388+0000] {logging_mixin.py:188} INFO - [2024-10-18T08:24:40.388+0000] {dag.py:3954} INFO - Setting next_dagrun for example_branch_dop_operator_v3 to 2024-10-18 08:23:00+00:00, run_after=2024-10-18 08:24:00+00:00
[2024-10-18T08:24:40.403+0000] {processor.py:183} INFO - Processing /home/airflow/.local/lib/python3.12/site-packages/airflow/example_dags/example_branch_python_dop_operator_3.py took 0.055 seconds
[2024-10-18T08:25:10.664+0000] {processor.py:161} INFO - Started process (PID=445) to work on /home/airflow/.local/lib/python3.12/site-packages/airflow/example_dags/example_branch_python_dop_operator_3.py
[2024-10-18T08:25:10.665+0000] {processor.py:830} INFO - Processing file /home/airflow/.local/lib/python3.12/site-packages/airflow/example_dags/example_branch_python_dop_operator_3.py for tasks to queue
[2024-10-18T08:25:10.667+0000] {logging_mixin.py:188} INFO - [2024-10-18T08:25:10.666+0000] {dagbag.py:545} INFO - Filling up the DagBag from /home/airflow/.local/lib/python3.12/site-packages/airflow/example_dags/example_branch_python_dop_operator_3.py
[2024-10-18T08:25:10.674+0000] {processor.py:840} INFO - DAG(s) 'example_branch_dop_operator_v3' retrieved from /home/airflow/.local/lib/python3.12/site-packages/airflow/example_dags/example_branch_python_dop_operator_3.py
[2024-10-18T08:25:10.690+0000] {logging_mixin.py:188} INFO - [2024-10-18T08:25:10.690+0000] {dag.py:3096} INFO - Sync 1 DAGs
[2024-10-18T08:25:10.710+0000] {logging_mixin.py:188} INFO - [2024-10-18T08:25:10.710+0000] {dag.py:3954} INFO - Setting next_dagrun for example_branch_dop_operator_v3 to 2024-10-18 08:24:00+00:00, run_after=2024-10-18 08:25:00+00:00
[2024-10-18T08:25:10.724+0000] {processor.py:183} INFO - Processing /home/airflow/.local/lib/python3.12/site-packages/airflow/example_dags/example_branch_python_dop_operator_3.py took 0.065 seconds
[2024-10-18T08:25:40.812+0000] {processor.py:161} INFO - Started process (PID=502) to work on /home/airflow/.local/lib/python3.12/site-packages/airflow/example_dags/example_branch_python_dop_operator_3.py
[2024-10-18T08:25:40.813+0000] {processor.py:830} INFO - Processing file /home/airflow/.local/lib/python3.12/site-packages/airflow/example_dags/example_branch_python_dop_operator_3.py for tasks to queue
[2024-10-18T08:25:40.814+0000] {logging_mixin.py:188} INFO - [2024-10-18T08:25:40.814+0000] {dagbag.py:545} INFO - Filling up the DagBag from /home/airflow/.local/lib/python3.12/site-packages/airflow/example_dags/example_branch_python_dop_operator_3.py
[2024-10-18T08:25:40.819+0000] {processor.py:840} INFO - DAG(s) 'example_branch_dop_operator_v3' retrieved from /home/airflow/.local/lib/python3.12/site-packages/airflow/example_dags/example_branch_python_dop_operator_3.py
[2024-10-18T08:25:40.832+0000] {logging_mixin.py:188} INFO - [2024-10-18T08:25:40.832+0000] {dag.py:3096} INFO - Sync 1 DAGs
[2024-10-18T08:25:40.850+0000] {logging_mixin.py:188} INFO - [2024-10-18T08:25:40.850+0000] {dag.py:3954} INFO - Setting next_dagrun for example_branch_dop_operator_v3 to 2024-10-18 08:24:00+00:00, run_after=2024-10-18 08:25:00+00:00
[2024-10-18T08:25:40.862+0000] {processor.py:183} INFO - Processing /home/airflow/.local/lib/python3.12/site-packages/airflow/example_dags/example_branch_python_dop_operator_3.py took 0.054 seconds
[2024-10-18T08:26:11.056+0000] {processor.py:161} INFO - Started process (PID=560) to work on /home/airflow/.local/lib/python3.12/site-packages/airflow/example_dags/example_branch_python_dop_operator_3.py
[2024-10-18T08:26:11.057+0000] {processor.py:830} INFO - Processing file /home/airflow/.local/lib/python3.12/site-packages/airflow/example_dags/example_branch_python_dop_operator_3.py for tasks to queue
[2024-10-18T08:26:11.059+0000] {logging_mixin.py:188} INFO - [2024-10-18T08:26:11.059+0000] {dagbag.py:545} INFO - Filling up the DagBag from /home/airflow/.local/lib/python3.12/site-packages/airflow/example_dags/example_branch_python_dop_operator_3.py
[2024-10-18T08:26:11.064+0000] {processor.py:840} INFO - DAG(s) 'example_branch_dop_operator_v3' retrieved from /home/airflow/.local/lib/python3.12/site-packages/airflow/example_dags/example_branch_python_dop_operator_3.py
[2024-10-18T08:26:11.076+0000] {logging_mixin.py:188} INFO - [2024-10-18T08:26:11.076+0000] {dag.py:3096} INFO - Sync 1 DAGs
[2024-10-18T08:26:11.092+0000] {logging_mixin.py:188} INFO - [2024-10-18T08:26:11.092+0000] {dag.py:3954} INFO - Setting next_dagrun for example_branch_dop_operator_v3 to 2024-10-18 08:25:00+00:00, run_after=2024-10-18 08:26:00+00:00
[2024-10-18T08:26:11.104+0000] {processor.py:183} INFO - Processing /home/airflow/.local/lib/python3.12/site-packages/airflow/example_dags/example_branch_python_dop_operator_3.py took 0.052 seconds
[2024-10-18T08:26:41.143+0000] {processor.py:161} INFO - Started process (PID=618) to work on /home/airflow/.local/lib/python3.12/site-packages/airflow/example_dags/example_branch_python_dop_operator_3.py
[2024-10-18T08:26:41.143+0000] {processor.py:830} INFO - Processing file /home/airflow/.local/lib/python3.12/site-packages/airflow/example_dags/example_branch_python_dop_operator_3.py for tasks to queue
[2024-10-18T08:26:41.144+0000] {logging_mixin.py:188} INFO - [2024-10-18T08:26:41.144+0000] {dagbag.py:545} INFO - Filling up the DagBag from /home/airflow/.local/lib/python3.12/site-packages/airflow/example_dags/example_branch_python_dop_operator_3.py
[2024-10-18T08:26:41.150+0000] {processor.py:840} INFO - DAG(s) 'example_branch_dop_operator_v3' retrieved from /home/airflow/.local/lib/python3.12/site-packages/airflow/example_dags/example_branch_python_dop_operator_3.py
[2024-10-18T08:26:41.162+0000] {logging_mixin.py:188} INFO - [2024-10-18T08:26:41.162+0000] {dag.py:3096} INFO - Sync 1 DAGs
[2024-10-18T08:26:41.177+0000] {logging_mixin.py:188} INFO - [2024-10-18T08:26:41.177+0000] {dag.py:3954} INFO - Setting next_dagrun for example_branch_dop_operator_v3 to 2024-10-18 08:25:00+00:00, run_after=2024-10-18 08:26:00+00:00
[2024-10-18T08:26:41.190+0000] {processor.py:183} INFO - Processing /home/airflow/.local/lib/python3.12/site-packages/airflow/example_dags/example_branch_python_dop_operator_3.py took 0.051 seconds
[2024-10-18T08:31:20.306+0000] {processor.py:161} INFO - Started process (PID=98) to work on /home/airflow/.local/lib/python3.12/site-packages/airflow/example_dags/example_branch_python_dop_operator_3.py
[2024-10-18T08:31:20.307+0000] {processor.py:830} INFO - Processing file /home/airflow/.local/lib/python3.12/site-packages/airflow/example_dags/example_branch_python_dop_operator_3.py for tasks to queue
[2024-10-18T08:31:20.309+0000] {logging_mixin.py:188} INFO - [2024-10-18T08:31:20.309+0000] {dagbag.py:545} INFO - Filling up the DagBag from /home/airflow/.local/lib/python3.12/site-packages/airflow/example_dags/example_branch_python_dop_operator_3.py
[2024-10-18T08:31:20.318+0000] {processor.py:840} INFO - DAG(s) 'example_branch_dop_operator_v3' retrieved from /home/airflow/.local/lib/python3.12/site-packages/airflow/example_dags/example_branch_python_dop_operator_3.py
[2024-10-18T08:31:20.329+0000] {logging_mixin.py:188} INFO - [2024-10-18T08:31:20.329+0000] {dag.py:3096} INFO - Sync 1 DAGs
[2024-10-18T08:31:20.355+0000] {logging_mixin.py:188} INFO - [2024-10-18T08:31:20.355+0000] {dag.py:3954} INFO - Setting next_dagrun for example_branch_dop_operator_v3 to 2024-10-18 08:30:00+00:00, run_after=2024-10-18 08:31:00+00:00
[2024-10-18T08:31:20.372+0000] {processor.py:183} INFO - Processing /home/airflow/.local/lib/python3.12/site-packages/airflow/example_dags/example_branch_python_dop_operator_3.py took 0.071 seconds
[2024-10-18T08:31:51.610+0000] {processor.py:161} INFO - Started process (PID=157) to work on /home/airflow/.local/lib/python3.12/site-packages/airflow/example_dags/example_branch_python_dop_operator_3.py
[2024-10-18T08:31:51.611+0000] {processor.py:830} INFO - Processing file /home/airflow/.local/lib/python3.12/site-packages/airflow/example_dags/example_branch_python_dop_operator_3.py for tasks to queue
[2024-10-18T08:31:51.612+0000] {logging_mixin.py:188} INFO - [2024-10-18T08:31:51.612+0000] {dagbag.py:545} INFO - Filling up the DagBag from /home/airflow/.local/lib/python3.12/site-packages/airflow/example_dags/example_branch_python_dop_operator_3.py
[2024-10-18T08:31:51.618+0000] {processor.py:840} INFO - DAG(s) 'example_branch_dop_operator_v3' retrieved from /home/airflow/.local/lib/python3.12/site-packages/airflow/example_dags/example_branch_python_dop_operator_3.py
[2024-10-18T08:31:51.704+0000] {logging_mixin.py:188} INFO - [2024-10-18T08:31:51.704+0000] {dag.py:3096} INFO - Sync 1 DAGs
[2024-10-18T08:31:51.725+0000] {logging_mixin.py:188} INFO - [2024-10-18T08:31:51.725+0000] {dag.py:3954} INFO - Setting next_dagrun for example_branch_dop_operator_v3 to 2024-10-18 08:30:00+00:00, run_after=2024-10-18 08:31:00+00:00
[2024-10-18T08:31:51.741+0000] {processor.py:183} INFO - Processing /home/airflow/.local/lib/python3.12/site-packages/airflow/example_dags/example_branch_python_dop_operator_3.py took 0.137 seconds
[2024-10-18T08:33:29.369+0000] {processor.py:161} INFO - Started process (PID=83) to work on /home/airflow/.local/lib/python3.12/site-packages/airflow/example_dags/example_branch_python_dop_operator_3.py
[2024-10-18T08:33:29.370+0000] {processor.py:830} INFO - Processing file /home/airflow/.local/lib/python3.12/site-packages/airflow/example_dags/example_branch_python_dop_operator_3.py for tasks to queue
[2024-10-18T08:33:29.371+0000] {logging_mixin.py:188} INFO - [2024-10-18T08:33:29.371+0000] {dagbag.py:545} INFO - Filling up the DagBag from /home/airflow/.local/lib/python3.12/site-packages/airflow/example_dags/example_branch_python_dop_operator_3.py
[2024-10-18T08:33:29.376+0000] {processor.py:840} INFO - DAG(s) 'example_branch_dop_operator_v3' retrieved from /home/airflow/.local/lib/python3.12/site-packages/airflow/example_dags/example_branch_python_dop_operator_3.py
[2024-10-18T08:33:29.384+0000] {logging_mixin.py:188} INFO - [2024-10-18T08:33:29.384+0000] {dag.py:3096} INFO - Sync 1 DAGs
[2024-10-18T08:33:29.401+0000] {logging_mixin.py:188} INFO - [2024-10-18T08:33:29.401+0000] {dag.py:3954} INFO - Setting next_dagrun for example_branch_dop_operator_v3 to 2024-10-18 08:32:00+00:00, run_after=2024-10-18 08:33:00+00:00
[2024-10-18T08:33:29.418+0000] {processor.py:183} INFO - Processing /home/airflow/.local/lib/python3.12/site-packages/airflow/example_dags/example_branch_python_dop_operator_3.py took 0.052 seconds
[2024-10-18T08:35:26.330+0000] {processor.py:161} INFO - Started process (PID=97) to work on /home/airflow/.local/lib/python3.12/site-packages/airflow/example_dags/example_branch_python_dop_operator_3.py
[2024-10-18T08:35:26.331+0000] {processor.py:830} INFO - Processing file /home/airflow/.local/lib/python3.12/site-packages/airflow/example_dags/example_branch_python_dop_operator_3.py for tasks to queue
[2024-10-18T08:35:26.333+0000] {logging_mixin.py:188} INFO - [2024-10-18T08:35:26.333+0000] {dagbag.py:545} INFO - Filling up the DagBag from /home/airflow/.local/lib/python3.12/site-packages/airflow/example_dags/example_branch_python_dop_operator_3.py
[2024-10-18T08:35:26.341+0000] {processor.py:840} INFO - DAG(s) 'example_branch_dop_operator_v3' retrieved from /home/airflow/.local/lib/python3.12/site-packages/airflow/example_dags/example_branch_python_dop_operator_3.py
[2024-10-18T08:35:26.353+0000] {logging_mixin.py:188} INFO - [2024-10-18T08:35:26.353+0000] {dag.py:3096} INFO - Sync 1 DAGs
[2024-10-18T08:35:26.379+0000] {logging_mixin.py:188} INFO - [2024-10-18T08:35:26.379+0000] {dag.py:3954} INFO - Setting next_dagrun for example_branch_dop_operator_v3 to 2024-10-18 08:34:00+00:00, run_after=2024-10-18 08:35:00+00:00
[2024-10-18T08:35:26.396+0000] {processor.py:183} INFO - Processing /home/airflow/.local/lib/python3.12/site-packages/airflow/example_dags/example_branch_python_dop_operator_3.py took 0.071 seconds
[2024-10-18T08:35:57.338+0000] {processor.py:161} INFO - Started process (PID=156) to work on /home/airflow/.local/lib/python3.12/site-packages/airflow/example_dags/example_branch_python_dop_operator_3.py
[2024-10-18T08:35:57.339+0000] {processor.py:830} INFO - Processing file /home/airflow/.local/lib/python3.12/site-packages/airflow/example_dags/example_branch_python_dop_operator_3.py for tasks to queue
[2024-10-18T08:35:57.340+0000] {logging_mixin.py:188} INFO - [2024-10-18T08:35:57.340+0000] {dagbag.py:545} INFO - Filling up the DagBag from /home/airflow/.local/lib/python3.12/site-packages/airflow/example_dags/example_branch_python_dop_operator_3.py
[2024-10-18T08:35:57.346+0000] {processor.py:840} INFO - DAG(s) 'example_branch_dop_operator_v3' retrieved from /home/airflow/.local/lib/python3.12/site-packages/airflow/example_dags/example_branch_python_dop_operator_3.py
[2024-10-18T08:35:57.410+0000] {logging_mixin.py:188} INFO - [2024-10-18T08:35:57.409+0000] {dag.py:3096} INFO - Sync 1 DAGs
[2024-10-18T08:35:57.425+0000] {logging_mixin.py:188} INFO - [2024-10-18T08:35:57.425+0000] {dag.py:3954} INFO - Setting next_dagrun for example_branch_dop_operator_v3 to 2024-10-18 08:34:00+00:00, run_after=2024-10-18 08:35:00+00:00
[2024-10-18T08:35:57.437+0000] {processor.py:183} INFO - Processing /home/airflow/.local/lib/python3.12/site-packages/airflow/example_dags/example_branch_python_dop_operator_3.py took 0.102 seconds
[2024-10-18T08:36:27.951+0000] {processor.py:161} INFO - Started process (PID=215) to work on /home/airflow/.local/lib/python3.12/site-packages/airflow/example_dags/example_branch_python_dop_operator_3.py
[2024-10-18T08:36:27.952+0000] {processor.py:830} INFO - Processing file /home/airflow/.local/lib/python3.12/site-packages/airflow/example_dags/example_branch_python_dop_operator_3.py for tasks to queue
[2024-10-18T08:36:27.954+0000] {logging_mixin.py:188} INFO - [2024-10-18T08:36:27.954+0000] {dagbag.py:545} INFO - Filling up the DagBag from /home/airflow/.local/lib/python3.12/site-packages/airflow/example_dags/example_branch_python_dop_operator_3.py
[2024-10-18T08:36:27.961+0000] {processor.py:840} INFO - DAG(s) 'example_branch_dop_operator_v3' retrieved from /home/airflow/.local/lib/python3.12/site-packages/airflow/example_dags/example_branch_python_dop_operator_3.py
[2024-10-18T08:36:27.976+0000] {logging_mixin.py:188} INFO - [2024-10-18T08:36:27.976+0000] {dag.py:3096} INFO - Sync 1 DAGs
[2024-10-18T08:36:27.997+0000] {logging_mixin.py:188} INFO - [2024-10-18T08:36:27.997+0000] {dag.py:3954} INFO - Setting next_dagrun for example_branch_dop_operator_v3 to 2024-10-18 08:35:00+00:00, run_after=2024-10-18 08:36:00+00:00
[2024-10-18T08:36:28.009+0000] {processor.py:183} INFO - Processing /home/airflow/.local/lib/python3.12/site-packages/airflow/example_dags/example_branch_python_dop_operator_3.py took 0.064 seconds
[2024-10-18T08:36:58.853+0000] {processor.py:161} INFO - Started process (PID=274) to work on /home/airflow/.local/lib/python3.12/site-packages/airflow/example_dags/example_branch_python_dop_operator_3.py
[2024-10-18T08:36:58.854+0000] {processor.py:830} INFO - Processing file /home/airflow/.local/lib/python3.12/site-packages/airflow/example_dags/example_branch_python_dop_operator_3.py for tasks to queue
[2024-10-18T08:36:58.855+0000] {logging_mixin.py:188} INFO - [2024-10-18T08:36:58.855+0000] {dagbag.py:545} INFO - Filling up the DagBag from /home/airflow/.local/lib/python3.12/site-packages/airflow/example_dags/example_branch_python_dop_operator_3.py
[2024-10-18T08:36:58.861+0000] {processor.py:840} INFO - DAG(s) 'example_branch_dop_operator_v3' retrieved from /home/airflow/.local/lib/python3.12/site-packages/airflow/example_dags/example_branch_python_dop_operator_3.py
[2024-10-18T08:36:58.877+0000] {logging_mixin.py:188} INFO - [2024-10-18T08:36:58.877+0000] {dag.py:3096} INFO - Sync 1 DAGs
[2024-10-18T08:36:58.899+0000] {logging_mixin.py:188} INFO - [2024-10-18T08:36:58.898+0000] {dag.py:3954} INFO - Setting next_dagrun for example_branch_dop_operator_v3 to 2024-10-18 08:35:00+00:00, run_after=2024-10-18 08:36:00+00:00
[2024-10-18T08:36:58.916+0000] {processor.py:183} INFO - Processing /home/airflow/.local/lib/python3.12/site-packages/airflow/example_dags/example_branch_python_dop_operator_3.py took 0.066 seconds
[2024-10-18T08:37:29.221+0000] {processor.py:161} INFO - Started process (PID=334) to work on /home/airflow/.local/lib/python3.12/site-packages/airflow/example_dags/example_branch_python_dop_operator_3.py
[2024-10-18T08:37:29.222+0000] {processor.py:830} INFO - Processing file /home/airflow/.local/lib/python3.12/site-packages/airflow/example_dags/example_branch_python_dop_operator_3.py for tasks to queue
[2024-10-18T08:37:29.223+0000] {logging_mixin.py:188} INFO - [2024-10-18T08:37:29.223+0000] {dagbag.py:545} INFO - Filling up the DagBag from /home/airflow/.local/lib/python3.12/site-packages/airflow/example_dags/example_branch_python_dop_operator_3.py
[2024-10-18T08:37:29.229+0000] {processor.py:840} INFO - DAG(s) 'example_branch_dop_operator_v3' retrieved from /home/airflow/.local/lib/python3.12/site-packages/airflow/example_dags/example_branch_python_dop_operator_3.py
[2024-10-18T08:37:29.241+0000] {logging_mixin.py:188} INFO - [2024-10-18T08:37:29.240+0000] {dag.py:3096} INFO - Sync 1 DAGs
[2024-10-18T08:37:29.259+0000] {logging_mixin.py:188} INFO - [2024-10-18T08:37:29.258+0000] {dag.py:3954} INFO - Setting next_dagrun for example_branch_dop_operator_v3 to 2024-10-18 08:36:00+00:00, run_after=2024-10-18 08:37:00+00:00
[2024-10-18T08:37:29.275+0000] {processor.py:183} INFO - Processing /home/airflow/.local/lib/python3.12/site-packages/airflow/example_dags/example_branch_python_dop_operator_3.py took 0.057 seconds
[2024-10-18T08:37:59.386+0000] {processor.py:161} INFO - Started process (PID=393) to work on /home/airflow/.local/lib/python3.12/site-packages/airflow/example_dags/example_branch_python_dop_operator_3.py
[2024-10-18T08:37:59.386+0000] {processor.py:830} INFO - Processing file /home/airflow/.local/lib/python3.12/site-packages/airflow/example_dags/example_branch_python_dop_operator_3.py for tasks to queue
[2024-10-18T08:37:59.387+0000] {logging_mixin.py:188} INFO - [2024-10-18T08:37:59.387+0000] {dagbag.py:545} INFO - Filling up the DagBag from /home/airflow/.local/lib/python3.12/site-packages/airflow/example_dags/example_branch_python_dop_operator_3.py
[2024-10-18T08:37:59.392+0000] {processor.py:840} INFO - DAG(s) 'example_branch_dop_operator_v3' retrieved from /home/airflow/.local/lib/python3.12/site-packages/airflow/example_dags/example_branch_python_dop_operator_3.py
[2024-10-18T08:37:59.404+0000] {logging_mixin.py:188} INFO - [2024-10-18T08:37:59.404+0000] {dag.py:3096} INFO - Sync 1 DAGs
[2024-10-18T08:37:59.420+0000] {logging_mixin.py:188} INFO - [2024-10-18T08:37:59.420+0000] {dag.py:3954} INFO - Setting next_dagrun for example_branch_dop_operator_v3 to 2024-10-18 08:36:00+00:00, run_after=2024-10-18 08:37:00+00:00
[2024-10-18T08:37:59.433+0000] {processor.py:183} INFO - Processing /home/airflow/.local/lib/python3.12/site-packages/airflow/example_dags/example_branch_python_dop_operator_3.py took 0.051 seconds
[2024-10-18T08:38:29.684+0000] {processor.py:161} INFO - Started process (PID=451) to work on /home/airflow/.local/lib/python3.12/site-packages/airflow/example_dags/example_branch_python_dop_operator_3.py
[2024-10-18T08:38:29.685+0000] {processor.py:830} INFO - Processing file /home/airflow/.local/lib/python3.12/site-packages/airflow/example_dags/example_branch_python_dop_operator_3.py for tasks to queue
[2024-10-18T08:38:29.686+0000] {logging_mixin.py:188} INFO - [2024-10-18T08:38:29.686+0000] {dagbag.py:545} INFO - Filling up the DagBag from /home/airflow/.local/lib/python3.12/site-packages/airflow/example_dags/example_branch_python_dop_operator_3.py
[2024-10-18T08:38:29.692+0000] {processor.py:840} INFO - DAG(s) 'example_branch_dop_operator_v3' retrieved from /home/airflow/.local/lib/python3.12/site-packages/airflow/example_dags/example_branch_python_dop_operator_3.py
[2024-10-18T08:38:29.707+0000] {logging_mixin.py:188} INFO - [2024-10-18T08:38:29.707+0000] {dag.py:3096} INFO - Sync 1 DAGs
[2024-10-18T08:38:29.724+0000] {logging_mixin.py:188} INFO - [2024-10-18T08:38:29.724+0000] {dag.py:3954} INFO - Setting next_dagrun for example_branch_dop_operator_v3 to 2024-10-18 08:37:00+00:00, run_after=2024-10-18 08:38:00+00:00
[2024-10-18T08:38:29.737+0000] {processor.py:183} INFO - Processing /home/airflow/.local/lib/python3.12/site-packages/airflow/example_dags/example_branch_python_dop_operator_3.py took 0.057 seconds
[2024-10-18T08:38:59.912+0000] {processor.py:161} INFO - Started process (PID=510) to work on /home/airflow/.local/lib/python3.12/site-packages/airflow/example_dags/example_branch_python_dop_operator_3.py
[2024-10-18T08:38:59.913+0000] {processor.py:830} INFO - Processing file /home/airflow/.local/lib/python3.12/site-packages/airflow/example_dags/example_branch_python_dop_operator_3.py for tasks to queue
[2024-10-18T08:38:59.914+0000] {logging_mixin.py:188} INFO - [2024-10-18T08:38:59.913+0000] {dagbag.py:545} INFO - Filling up the DagBag from /home/airflow/.local/lib/python3.12/site-packages/airflow/example_dags/example_branch_python_dop_operator_3.py
[2024-10-18T08:38:59.919+0000] {processor.py:840} INFO - DAG(s) 'example_branch_dop_operator_v3' retrieved from /home/airflow/.local/lib/python3.12/site-packages/airflow/example_dags/example_branch_python_dop_operator_3.py
[2024-10-18T08:38:59.931+0000] {logging_mixin.py:188} INFO - [2024-10-18T08:38:59.931+0000] {dag.py:3096} INFO - Sync 1 DAGs
[2024-10-18T08:38:59.951+0000] {logging_mixin.py:188} INFO - [2024-10-18T08:38:59.951+0000] {dag.py:3954} INFO - Setting next_dagrun for example_branch_dop_operator_v3 to 2024-10-18 08:37:00+00:00, run_after=2024-10-18 08:38:00+00:00
[2024-10-18T08:38:59.965+0000] {processor.py:183} INFO - Processing /home/airflow/.local/lib/python3.12/site-packages/airflow/example_dags/example_branch_python_dop_operator_3.py took 0.057 seconds
[2024-10-18T08:40:04.579+0000] {processor.py:161} INFO - Started process (PID=96) to work on /home/airflow/.local/lib/python3.12/site-packages/airflow/example_dags/example_branch_python_dop_operator_3.py
[2024-10-18T08:40:04.580+0000] {processor.py:830} INFO - Processing file /home/airflow/.local/lib/python3.12/site-packages/airflow/example_dags/example_branch_python_dop_operator_3.py for tasks to queue
[2024-10-18T08:40:04.583+0000] {logging_mixin.py:188} INFO - [2024-10-18T08:40:04.583+0000] {dagbag.py:545} INFO - Filling up the DagBag from /home/airflow/.local/lib/python3.12/site-packages/airflow/example_dags/example_branch_python_dop_operator_3.py
[2024-10-18T08:40:04.599+0000] {processor.py:840} INFO - DAG(s) 'example_branch_dop_operator_v3' retrieved from /home/airflow/.local/lib/python3.12/site-packages/airflow/example_dags/example_branch_python_dop_operator_3.py
[2024-10-18T08:40:04.623+0000] {logging_mixin.py:188} INFO - [2024-10-18T08:40:04.623+0000] {dag.py:3096} INFO - Sync 1 DAGs
[2024-10-18T08:40:04.671+0000] {logging_mixin.py:188} INFO - [2024-10-18T08:40:04.671+0000] {dag.py:3954} INFO - Setting next_dagrun for example_branch_dop_operator_v3 to 2024-10-18 08:39:00+00:00, run_after=2024-10-18 08:40:00+00:00
[2024-10-18T08:40:04.700+0000] {processor.py:183} INFO - Processing /home/airflow/.local/lib/python3.12/site-packages/airflow/example_dags/example_branch_python_dop_operator_3.py took 0.130 seconds
[2024-10-18T08:40:35.418+0000] {processor.py:161} INFO - Started process (PID=161) to work on /home/airflow/.local/lib/python3.12/site-packages/airflow/example_dags/example_branch_python_dop_operator_3.py
[2024-10-18T08:40:35.419+0000] {processor.py:830} INFO - Processing file /home/airflow/.local/lib/python3.12/site-packages/airflow/example_dags/example_branch_python_dop_operator_3.py for tasks to queue
[2024-10-18T08:40:35.420+0000] {logging_mixin.py:188} INFO - [2024-10-18T08:40:35.420+0000] {dagbag.py:545} INFO - Filling up the DagBag from /home/airflow/.local/lib/python3.12/site-packages/airflow/example_dags/example_branch_python_dop_operator_3.py
[2024-10-18T08:40:35.426+0000] {processor.py:840} INFO - DAG(s) 'example_branch_dop_operator_v3' retrieved from /home/airflow/.local/lib/python3.12/site-packages/airflow/example_dags/example_branch_python_dop_operator_3.py
[2024-10-18T08:40:35.491+0000] {logging_mixin.py:188} INFO - [2024-10-18T08:40:35.491+0000] {dag.py:3096} INFO - Sync 1 DAGs
[2024-10-18T08:40:35.505+0000] {logging_mixin.py:188} INFO - [2024-10-18T08:40:35.505+0000] {dag.py:3954} INFO - Setting next_dagrun for example_branch_dop_operator_v3 to 2024-10-18 08:39:00+00:00, run_after=2024-10-18 08:40:00+00:00
[2024-10-18T08:40:35.518+0000] {processor.py:183} INFO - Processing /home/airflow/.local/lib/python3.12/site-packages/airflow/example_dags/example_branch_python_dop_operator_3.py took 0.103 seconds
[2024-10-18T08:41:05.558+0000] {processor.py:161} INFO - Started process (PID=220) to work on /home/airflow/.local/lib/python3.12/site-packages/airflow/example_dags/example_branch_python_dop_operator_3.py
[2024-10-18T08:41:05.559+0000] {processor.py:830} INFO - Processing file /home/airflow/.local/lib/python3.12/site-packages/airflow/example_dags/example_branch_python_dop_operator_3.py for tasks to queue
[2024-10-18T08:41:05.560+0000] {logging_mixin.py:188} INFO - [2024-10-18T08:41:05.560+0000] {dagbag.py:545} INFO - Filling up the DagBag from /home/airflow/.local/lib/python3.12/site-packages/airflow/example_dags/example_branch_python_dop_operator_3.py
[2024-10-18T08:41:05.566+0000] {processor.py:840} INFO - DAG(s) 'example_branch_dop_operator_v3' retrieved from /home/airflow/.local/lib/python3.12/site-packages/airflow/example_dags/example_branch_python_dop_operator_3.py
[2024-10-18T08:41:05.581+0000] {logging_mixin.py:188} INFO - [2024-10-18T08:41:05.580+0000] {dag.py:3096} INFO - Sync 1 DAGs
[2024-10-18T08:41:05.597+0000] {logging_mixin.py:188} INFO - [2024-10-18T08:41:05.597+0000] {dag.py:3954} INFO - Setting next_dagrun for example_branch_dop_operator_v3 to 2024-10-18 08:40:00+00:00, run_after=2024-10-18 08:41:00+00:00
[2024-10-18T08:41:05.609+0000] {processor.py:183} INFO - Processing /home/airflow/.local/lib/python3.12/site-packages/airflow/example_dags/example_branch_python_dop_operator_3.py took 0.057 seconds
