[2024-10-18T08:22:07.179+0000] {processor.py:161} INFO - Started process (PID=77) to work on /home/airflow/.local/lib/python3.12/site-packages/airflow/example_dags/example_complex.py
[2024-10-18T08:22:07.182+0000] {processor.py:830} INFO - Processing file /home/airflow/.local/lib/python3.12/site-packages/airflow/example_dags/example_complex.py for tasks to queue
[2024-10-18T08:22:07.183+0000] {logging_mixin.py:188} INFO - [2024-10-18T08:22:07.183+0000] {dagbag.py:545} INFO - Filling up the DagBag from /home/airflow/.local/lib/python3.12/site-packages/airflow/example_dags/example_complex.py
[2024-10-18T08:22:07.199+0000] {processor.py:840} INFO - DAG(s) 'example_complex' retrieved from /home/airflow/.local/lib/python3.12/site-packages/airflow/example_dags/example_complex.py
[2024-10-18T08:22:07.213+0000] {logging_mixin.py:188} INFO - [2024-10-18T08:22:07.213+0000] {dag.py:3096} INFO - Sync 1 DAGs
[2024-10-18T08:22:07.230+0000] {logging_mixin.py:188} INFO - [2024-10-18T08:22:07.230+0000] {dag.py:3954} INFO - Setting next_dagrun for example_complex to None, run_after=None
[2024-10-18T08:22:07.264+0000] {processor.py:183} INFO - Processing /home/airflow/.local/lib/python3.12/site-packages/airflow/example_dags/example_complex.py took 0.096 seconds
[2024-10-18T08:22:37.778+0000] {processor.py:161} INFO - Started process (PID=135) to work on /home/airflow/.local/lib/python3.12/site-packages/airflow/example_dags/example_complex.py
[2024-10-18T08:22:37.779+0000] {processor.py:830} INFO - Processing file /home/airflow/.local/lib/python3.12/site-packages/airflow/example_dags/example_complex.py for tasks to queue
[2024-10-18T08:22:37.781+0000] {logging_mixin.py:188} INFO - [2024-10-18T08:22:37.780+0000] {dagbag.py:545} INFO - Filling up the DagBag from /home/airflow/.local/lib/python3.12/site-packages/airflow/example_dags/example_complex.py
[2024-10-18T08:22:37.791+0000] {processor.py:840} INFO - DAG(s) 'example_complex' retrieved from /home/airflow/.local/lib/python3.12/site-packages/airflow/example_dags/example_complex.py
[2024-10-18T08:22:37.905+0000] {logging_mixin.py:188} INFO - [2024-10-18T08:22:37.905+0000] {dag.py:3096} INFO - Sync 1 DAGs
[2024-10-18T08:22:37.915+0000] {logging_mixin.py:188} INFO - [2024-10-18T08:22:37.914+0000] {dag.py:3954} INFO - Setting next_dagrun for example_complex to None, run_after=None
[2024-10-18T08:22:37.934+0000] {processor.py:183} INFO - Processing /home/airflow/.local/lib/python3.12/site-packages/airflow/example_dags/example_complex.py took 0.161 seconds
[2024-10-18T08:23:08.291+0000] {processor.py:161} INFO - Started process (PID=193) to work on /home/airflow/.local/lib/python3.12/site-packages/airflow/example_dags/example_complex.py
[2024-10-18T08:23:08.292+0000] {processor.py:830} INFO - Processing file /home/airflow/.local/lib/python3.12/site-packages/airflow/example_dags/example_complex.py for tasks to queue
[2024-10-18T08:23:08.293+0000] {logging_mixin.py:188} INFO - [2024-10-18T08:23:08.293+0000] {dagbag.py:545} INFO - Filling up the DagBag from /home/airflow/.local/lib/python3.12/site-packages/airflow/example_dags/example_complex.py
[2024-10-18T08:23:08.303+0000] {processor.py:840} INFO - DAG(s) 'example_complex' retrieved from /home/airflow/.local/lib/python3.12/site-packages/airflow/example_dags/example_complex.py
[2024-10-18T08:23:08.325+0000] {logging_mixin.py:188} INFO - [2024-10-18T08:23:08.325+0000] {dag.py:3096} INFO - Sync 1 DAGs
[2024-10-18T08:23:08.333+0000] {logging_mixin.py:188} INFO - [2024-10-18T08:23:08.333+0000] {dag.py:3954} INFO - Setting next_dagrun for example_complex to None, run_after=None
[2024-10-18T08:23:08.346+0000] {processor.py:183} INFO - Processing /home/airflow/.local/lib/python3.12/site-packages/airflow/example_dags/example_complex.py took 0.061 seconds
[2024-10-18T08:23:39.329+0000] {processor.py:161} INFO - Started process (PID=251) to work on /home/airflow/.local/lib/python3.12/site-packages/airflow/example_dags/example_complex.py
[2024-10-18T08:23:39.330+0000] {processor.py:830} INFO - Processing file /home/airflow/.local/lib/python3.12/site-packages/airflow/example_dags/example_complex.py for tasks to queue
[2024-10-18T08:23:39.331+0000] {logging_mixin.py:188} INFO - [2024-10-18T08:23:39.331+0000] {dagbag.py:545} INFO - Filling up the DagBag from /home/airflow/.local/lib/python3.12/site-packages/airflow/example_dags/example_complex.py
[2024-10-18T08:23:39.337+0000] {processor.py:840} INFO - DAG(s) 'example_complex' retrieved from /home/airflow/.local/lib/python3.12/site-packages/airflow/example_dags/example_complex.py
[2024-10-18T08:23:39.362+0000] {logging_mixin.py:188} INFO - [2024-10-18T08:23:39.362+0000] {dag.py:3096} INFO - Sync 1 DAGs
[2024-10-18T08:23:39.370+0000] {logging_mixin.py:188} INFO - [2024-10-18T08:23:39.370+0000] {dag.py:3954} INFO - Setting next_dagrun for example_complex to None, run_after=None
[2024-10-18T08:23:39.382+0000] {processor.py:183} INFO - Processing /home/airflow/.local/lib/python3.12/site-packages/airflow/example_dags/example_complex.py took 0.056 seconds
[2024-10-18T08:24:09.412+0000] {processor.py:161} INFO - Started process (PID=309) to work on /home/airflow/.local/lib/python3.12/site-packages/airflow/example_dags/example_complex.py
[2024-10-18T08:24:09.413+0000] {processor.py:830} INFO - Processing file /home/airflow/.local/lib/python3.12/site-packages/airflow/example_dags/example_complex.py for tasks to queue
[2024-10-18T08:24:09.414+0000] {logging_mixin.py:188} INFO - [2024-10-18T08:24:09.413+0000] {dagbag.py:545} INFO - Filling up the DagBag from /home/airflow/.local/lib/python3.12/site-packages/airflow/example_dags/example_complex.py
[2024-10-18T08:24:09.420+0000] {processor.py:840} INFO - DAG(s) 'example_complex' retrieved from /home/airflow/.local/lib/python3.12/site-packages/airflow/example_dags/example_complex.py
[2024-10-18T08:24:09.440+0000] {logging_mixin.py:188} INFO - [2024-10-18T08:24:09.440+0000] {dag.py:3096} INFO - Sync 1 DAGs
[2024-10-18T08:24:09.448+0000] {logging_mixin.py:188} INFO - [2024-10-18T08:24:09.448+0000] {dag.py:3954} INFO - Setting next_dagrun for example_complex to None, run_after=None
[2024-10-18T08:24:09.460+0000] {processor.py:183} INFO - Processing /home/airflow/.local/lib/python3.12/site-packages/airflow/example_dags/example_complex.py took 0.051 seconds
[2024-10-18T08:24:39.572+0000] {processor.py:161} INFO - Started process (PID=366) to work on /home/airflow/.local/lib/python3.12/site-packages/airflow/example_dags/example_complex.py
[2024-10-18T08:24:39.573+0000] {processor.py:830} INFO - Processing file /home/airflow/.local/lib/python3.12/site-packages/airflow/example_dags/example_complex.py for tasks to queue
[2024-10-18T08:24:39.574+0000] {logging_mixin.py:188} INFO - [2024-10-18T08:24:39.574+0000] {dagbag.py:545} INFO - Filling up the DagBag from /home/airflow/.local/lib/python3.12/site-packages/airflow/example_dags/example_complex.py
[2024-10-18T08:24:39.583+0000] {processor.py:840} INFO - DAG(s) 'example_complex' retrieved from /home/airflow/.local/lib/python3.12/site-packages/airflow/example_dags/example_complex.py
[2024-10-18T08:24:39.612+0000] {logging_mixin.py:188} INFO - [2024-10-18T08:24:39.611+0000] {dag.py:3096} INFO - Sync 1 DAGs
[2024-10-18T08:24:39.623+0000] {logging_mixin.py:188} INFO - [2024-10-18T08:24:39.623+0000] {dag.py:3954} INFO - Setting next_dagrun for example_complex to None, run_after=None
[2024-10-18T08:24:39.637+0000] {processor.py:183} INFO - Processing /home/airflow/.local/lib/python3.12/site-packages/airflow/example_dags/example_complex.py took 0.069 seconds
[2024-10-18T08:25:09.711+0000] {processor.py:161} INFO - Started process (PID=424) to work on /home/airflow/.local/lib/python3.12/site-packages/airflow/example_dags/example_complex.py
[2024-10-18T08:25:09.711+0000] {processor.py:830} INFO - Processing file /home/airflow/.local/lib/python3.12/site-packages/airflow/example_dags/example_complex.py for tasks to queue
[2024-10-18T08:25:09.712+0000] {logging_mixin.py:188} INFO - [2024-10-18T08:25:09.712+0000] {dagbag.py:545} INFO - Filling up the DagBag from /home/airflow/.local/lib/python3.12/site-packages/airflow/example_dags/example_complex.py
[2024-10-18T08:25:09.722+0000] {processor.py:840} INFO - DAG(s) 'example_complex' retrieved from /home/airflow/.local/lib/python3.12/site-packages/airflow/example_dags/example_complex.py
[2024-10-18T08:25:09.750+0000] {logging_mixin.py:188} INFO - [2024-10-18T08:25:09.750+0000] {dag.py:3096} INFO - Sync 1 DAGs
[2024-10-18T08:25:09.762+0000] {logging_mixin.py:188} INFO - [2024-10-18T08:25:09.761+0000] {dag.py:3954} INFO - Setting next_dagrun for example_complex to None, run_after=None
[2024-10-18T08:25:09.779+0000] {processor.py:183} INFO - Processing /home/airflow/.local/lib/python3.12/site-packages/airflow/example_dags/example_complex.py took 0.072 seconds
[2024-10-18T08:25:40.144+0000] {processor.py:161} INFO - Started process (PID=482) to work on /home/airflow/.local/lib/python3.12/site-packages/airflow/example_dags/example_complex.py
[2024-10-18T08:25:40.144+0000] {processor.py:830} INFO - Processing file /home/airflow/.local/lib/python3.12/site-packages/airflow/example_dags/example_complex.py for tasks to queue
[2024-10-18T08:25:40.146+0000] {logging_mixin.py:188} INFO - [2024-10-18T08:25:40.146+0000] {dagbag.py:545} INFO - Filling up the DagBag from /home/airflow/.local/lib/python3.12/site-packages/airflow/example_dags/example_complex.py
[2024-10-18T08:25:40.155+0000] {processor.py:840} INFO - DAG(s) 'example_complex' retrieved from /home/airflow/.local/lib/python3.12/site-packages/airflow/example_dags/example_complex.py
[2024-10-18T08:25:40.176+0000] {logging_mixin.py:188} INFO - [2024-10-18T08:25:40.176+0000] {dag.py:3096} INFO - Sync 1 DAGs
[2024-10-18T08:25:40.185+0000] {logging_mixin.py:188} INFO - [2024-10-18T08:25:40.185+0000] {dag.py:3954} INFO - Setting next_dagrun for example_complex to None, run_after=None
[2024-10-18T08:25:40.199+0000] {processor.py:183} INFO - Processing /home/airflow/.local/lib/python3.12/site-packages/airflow/example_dags/example_complex.py took 0.061 seconds
[2024-10-18T08:26:10.236+0000] {processor.py:161} INFO - Started process (PID=540) to work on /home/airflow/.local/lib/python3.12/site-packages/airflow/example_dags/example_complex.py
[2024-10-18T08:26:10.237+0000] {processor.py:830} INFO - Processing file /home/airflow/.local/lib/python3.12/site-packages/airflow/example_dags/example_complex.py for tasks to queue
[2024-10-18T08:26:10.238+0000] {logging_mixin.py:188} INFO - [2024-10-18T08:26:10.238+0000] {dagbag.py:545} INFO - Filling up the DagBag from /home/airflow/.local/lib/python3.12/site-packages/airflow/example_dags/example_complex.py
[2024-10-18T08:26:10.244+0000] {processor.py:840} INFO - DAG(s) 'example_complex' retrieved from /home/airflow/.local/lib/python3.12/site-packages/airflow/example_dags/example_complex.py
[2024-10-18T08:26:10.274+0000] {logging_mixin.py:188} INFO - [2024-10-18T08:26:10.274+0000] {dag.py:3096} INFO - Sync 1 DAGs
[2024-10-18T08:26:10.286+0000] {logging_mixin.py:188} INFO - [2024-10-18T08:26:10.285+0000] {dag.py:3954} INFO - Setting next_dagrun for example_complex to None, run_after=None
[2024-10-18T08:26:10.302+0000] {processor.py:183} INFO - Processing /home/airflow/.local/lib/python3.12/site-packages/airflow/example_dags/example_complex.py took 0.069 seconds
[2024-10-18T08:26:40.398+0000] {processor.py:161} INFO - Started process (PID=597) to work on /home/airflow/.local/lib/python3.12/site-packages/airflow/example_dags/example_complex.py
[2024-10-18T08:26:40.399+0000] {processor.py:830} INFO - Processing file /home/airflow/.local/lib/python3.12/site-packages/airflow/example_dags/example_complex.py for tasks to queue
[2024-10-18T08:26:40.401+0000] {logging_mixin.py:188} INFO - [2024-10-18T08:26:40.400+0000] {dagbag.py:545} INFO - Filling up the DagBag from /home/airflow/.local/lib/python3.12/site-packages/airflow/example_dags/example_complex.py
[2024-10-18T08:26:40.409+0000] {processor.py:840} INFO - DAG(s) 'example_complex' retrieved from /home/airflow/.local/lib/python3.12/site-packages/airflow/example_dags/example_complex.py
[2024-10-18T08:26:40.433+0000] {logging_mixin.py:188} INFO - [2024-10-18T08:26:40.433+0000] {dag.py:3096} INFO - Sync 1 DAGs
[2024-10-18T08:26:40.441+0000] {logging_mixin.py:188} INFO - [2024-10-18T08:26:40.441+0000] {dag.py:3954} INFO - Setting next_dagrun for example_complex to None, run_after=None
[2024-10-18T08:26:40.454+0000] {processor.py:183} INFO - Processing /home/airflow/.local/lib/python3.12/site-packages/airflow/example_dags/example_complex.py took 0.060 seconds
[2024-10-18T08:31:18.823+0000] {processor.py:161} INFO - Started process (PID=71) to work on /home/airflow/.local/lib/python3.12/site-packages/airflow/example_dags/example_complex.py
[2024-10-18T08:31:18.824+0000] {processor.py:830} INFO - Processing file /home/airflow/.local/lib/python3.12/site-packages/airflow/example_dags/example_complex.py for tasks to queue
[2024-10-18T08:31:18.826+0000] {logging_mixin.py:188} INFO - [2024-10-18T08:31:18.826+0000] {dagbag.py:545} INFO - Filling up the DagBag from /home/airflow/.local/lib/python3.12/site-packages/airflow/example_dags/example_complex.py
[2024-10-18T08:31:18.843+0000] {processor.py:840} INFO - DAG(s) 'example_complex' retrieved from /home/airflow/.local/lib/python3.12/site-packages/airflow/example_dags/example_complex.py
[2024-10-18T08:31:18.856+0000] {logging_mixin.py:188} INFO - [2024-10-18T08:31:18.855+0000] {dag.py:3096} INFO - Sync 1 DAGs
[2024-10-18T08:31:18.869+0000] {logging_mixin.py:188} INFO - [2024-10-18T08:31:18.869+0000] {dag.py:3954} INFO - Setting next_dagrun for example_complex to None, run_after=None
[2024-10-18T08:31:18.913+0000] {processor.py:183} INFO - Processing /home/airflow/.local/lib/python3.12/site-packages/airflow/example_dags/example_complex.py took 0.106 seconds
[2024-10-18T08:31:50.086+0000] {processor.py:161} INFO - Started process (PID=137) to work on /home/airflow/.local/lib/python3.12/site-packages/airflow/example_dags/example_complex.py
[2024-10-18T08:31:50.087+0000] {processor.py:830} INFO - Processing file /home/airflow/.local/lib/python3.12/site-packages/airflow/example_dags/example_complex.py for tasks to queue
[2024-10-18T08:31:50.089+0000] {logging_mixin.py:188} INFO - [2024-10-18T08:31:50.088+0000] {dagbag.py:545} INFO - Filling up the DagBag from /home/airflow/.local/lib/python3.12/site-packages/airflow/example_dags/example_complex.py
[2024-10-18T08:31:50.096+0000] {processor.py:840} INFO - DAG(s) 'example_complex' retrieved from /home/airflow/.local/lib/python3.12/site-packages/airflow/example_dags/example_complex.py
[2024-10-18T08:31:50.172+0000] {logging_mixin.py:188} INFO - [2024-10-18T08:31:50.172+0000] {dag.py:3096} INFO - Sync 1 DAGs
[2024-10-18T08:31:50.180+0000] {logging_mixin.py:188} INFO - [2024-10-18T08:31:50.180+0000] {dag.py:3954} INFO - Setting next_dagrun for example_complex to None, run_after=None
[2024-10-18T08:31:50.197+0000] {processor.py:183} INFO - Processing /home/airflow/.local/lib/python3.12/site-packages/airflow/example_dags/example_complex.py took 0.114 seconds
[2024-10-18T08:33:28.233+0000] {processor.py:161} INFO - Started process (PID=63) to work on /home/airflow/.local/lib/python3.12/site-packages/airflow/example_dags/example_complex.py
[2024-10-18T08:33:28.234+0000] {processor.py:830} INFO - Processing file /home/airflow/.local/lib/python3.12/site-packages/airflow/example_dags/example_complex.py for tasks to queue
[2024-10-18T08:33:28.239+0000] {logging_mixin.py:188} INFO - [2024-10-18T08:33:28.239+0000] {dagbag.py:545} INFO - Filling up the DagBag from /home/airflow/.local/lib/python3.12/site-packages/airflow/example_dags/example_complex.py
[2024-10-18T08:33:28.256+0000] {processor.py:840} INFO - DAG(s) 'example_complex' retrieved from /home/airflow/.local/lib/python3.12/site-packages/airflow/example_dags/example_complex.py
[2024-10-18T08:33:28.275+0000] {logging_mixin.py:188} INFO - [2024-10-18T08:33:28.275+0000] {dag.py:3096} INFO - Sync 1 DAGs
[2024-10-18T08:33:28.301+0000] {logging_mixin.py:188} INFO - [2024-10-18T08:33:28.301+0000] {dag.py:3954} INFO - Setting next_dagrun for example_complex to None, run_after=None
[2024-10-18T08:33:28.331+0000] {processor.py:183} INFO - Processing /home/airflow/.local/lib/python3.12/site-packages/airflow/example_dags/example_complex.py took 0.109 seconds
[2024-10-18T08:35:24.936+0000] {processor.py:161} INFO - Started process (PID=71) to work on /home/airflow/.local/lib/python3.12/site-packages/airflow/example_dags/example_complex.py
[2024-10-18T08:35:24.940+0000] {processor.py:830} INFO - Processing file /home/airflow/.local/lib/python3.12/site-packages/airflow/example_dags/example_complex.py for tasks to queue
[2024-10-18T08:35:24.941+0000] {logging_mixin.py:188} INFO - [2024-10-18T08:35:24.941+0000] {dagbag.py:545} INFO - Filling up the DagBag from /home/airflow/.local/lib/python3.12/site-packages/airflow/example_dags/example_complex.py
[2024-10-18T08:35:24.960+0000] {processor.py:840} INFO - DAG(s) 'example_complex' retrieved from /home/airflow/.local/lib/python3.12/site-packages/airflow/example_dags/example_complex.py
[2024-10-18T08:35:24.975+0000] {logging_mixin.py:188} INFO - [2024-10-18T08:35:24.975+0000] {dag.py:3096} INFO - Sync 1 DAGs
[2024-10-18T08:35:24.998+0000] {logging_mixin.py:188} INFO - [2024-10-18T08:35:24.997+0000] {dag.py:3954} INFO - Setting next_dagrun for example_complex to None, run_after=None
[2024-10-18T08:35:25.036+0000] {processor.py:183} INFO - Processing /home/airflow/.local/lib/python3.12/site-packages/airflow/example_dags/example_complex.py took 0.106 seconds
[2024-10-18T08:35:55.785+0000] {processor.py:161} INFO - Started process (PID=136) to work on /home/airflow/.local/lib/python3.12/site-packages/airflow/example_dags/example_complex.py
[2024-10-18T08:35:55.786+0000] {processor.py:830} INFO - Processing file /home/airflow/.local/lib/python3.12/site-packages/airflow/example_dags/example_complex.py for tasks to queue
[2024-10-18T08:35:55.787+0000] {logging_mixin.py:188} INFO - [2024-10-18T08:35:55.787+0000] {dagbag.py:545} INFO - Filling up the DagBag from /home/airflow/.local/lib/python3.12/site-packages/airflow/example_dags/example_complex.py
[2024-10-18T08:35:55.797+0000] {processor.py:840} INFO - DAG(s) 'example_complex' retrieved from /home/airflow/.local/lib/python3.12/site-packages/airflow/example_dags/example_complex.py
[2024-10-18T08:35:55.913+0000] {logging_mixin.py:188} INFO - [2024-10-18T08:35:55.912+0000] {dag.py:3096} INFO - Sync 1 DAGs
[2024-10-18T08:35:55.923+0000] {logging_mixin.py:188} INFO - [2024-10-18T08:35:55.922+0000] {dag.py:3954} INFO - Setting next_dagrun for example_complex to None, run_after=None
[2024-10-18T08:35:55.941+0000] {processor.py:183} INFO - Processing /home/airflow/.local/lib/python3.12/site-packages/airflow/example_dags/example_complex.py took 0.160 seconds
[2024-10-18T08:36:26.114+0000] {processor.py:161} INFO - Started process (PID=195) to work on /home/airflow/.local/lib/python3.12/site-packages/airflow/example_dags/example_complex.py
[2024-10-18T08:36:26.115+0000] {processor.py:830} INFO - Processing file /home/airflow/.local/lib/python3.12/site-packages/airflow/example_dags/example_complex.py for tasks to queue
[2024-10-18T08:36:26.116+0000] {logging_mixin.py:188} INFO - [2024-10-18T08:36:26.116+0000] {dagbag.py:545} INFO - Filling up the DagBag from /home/airflow/.local/lib/python3.12/site-packages/airflow/example_dags/example_complex.py
[2024-10-18T08:36:26.124+0000] {processor.py:840} INFO - DAG(s) 'example_complex' retrieved from /home/airflow/.local/lib/python3.12/site-packages/airflow/example_dags/example_complex.py
[2024-10-18T08:36:26.144+0000] {logging_mixin.py:188} INFO - [2024-10-18T08:36:26.143+0000] {dag.py:3096} INFO - Sync 1 DAGs
[2024-10-18T08:36:26.152+0000] {logging_mixin.py:188} INFO - [2024-10-18T08:36:26.152+0000] {dag.py:3954} INFO - Setting next_dagrun for example_complex to None, run_after=None
[2024-10-18T08:36:26.164+0000] {processor.py:183} INFO - Processing /home/airflow/.local/lib/python3.12/site-packages/airflow/example_dags/example_complex.py took 0.055 seconds
[2024-10-18T08:36:57.123+0000] {processor.py:161} INFO - Started process (PID=254) to work on /home/airflow/.local/lib/python3.12/site-packages/airflow/example_dags/example_complex.py
[2024-10-18T08:36:57.124+0000] {processor.py:830} INFO - Processing file /home/airflow/.local/lib/python3.12/site-packages/airflow/example_dags/example_complex.py for tasks to queue
[2024-10-18T08:36:57.125+0000] {logging_mixin.py:188} INFO - [2024-10-18T08:36:57.125+0000] {dagbag.py:545} INFO - Filling up the DagBag from /home/airflow/.local/lib/python3.12/site-packages/airflow/example_dags/example_complex.py
[2024-10-18T08:36:57.131+0000] {processor.py:840} INFO - DAG(s) 'example_complex' retrieved from /home/airflow/.local/lib/python3.12/site-packages/airflow/example_dags/example_complex.py
[2024-10-18T08:36:57.151+0000] {logging_mixin.py:188} INFO - [2024-10-18T08:36:57.151+0000] {dag.py:3096} INFO - Sync 1 DAGs
[2024-10-18T08:36:57.158+0000] {logging_mixin.py:188} INFO - [2024-10-18T08:36:57.158+0000] {dag.py:3954} INFO - Setting next_dagrun for example_complex to None, run_after=None
[2024-10-18T08:36:57.173+0000] {processor.py:183} INFO - Processing /home/airflow/.local/lib/python3.12/site-packages/airflow/example_dags/example_complex.py took 0.053 seconds
[2024-10-18T08:37:27.394+0000] {processor.py:161} INFO - Started process (PID=313) to work on /home/airflow/.local/lib/python3.12/site-packages/airflow/example_dags/example_complex.py
[2024-10-18T08:37:27.395+0000] {processor.py:830} INFO - Processing file /home/airflow/.local/lib/python3.12/site-packages/airflow/example_dags/example_complex.py for tasks to queue
[2024-10-18T08:37:27.396+0000] {logging_mixin.py:188} INFO - [2024-10-18T08:37:27.396+0000] {dagbag.py:545} INFO - Filling up the DagBag from /home/airflow/.local/lib/python3.12/site-packages/airflow/example_dags/example_complex.py
[2024-10-18T08:37:27.402+0000] {processor.py:840} INFO - DAG(s) 'example_complex' retrieved from /home/airflow/.local/lib/python3.12/site-packages/airflow/example_dags/example_complex.py
[2024-10-18T08:37:27.430+0000] {logging_mixin.py:188} INFO - [2024-10-18T08:37:27.430+0000] {dag.py:3096} INFO - Sync 1 DAGs
[2024-10-18T08:37:27.438+0000] {logging_mixin.py:188} INFO - [2024-10-18T08:37:27.438+0000] {dag.py:3954} INFO - Setting next_dagrun for example_complex to None, run_after=None
[2024-10-18T08:37:27.454+0000] {processor.py:183} INFO - Processing /home/airflow/.local/lib/python3.12/site-packages/airflow/example_dags/example_complex.py took 0.064 seconds
[2024-10-18T08:37:57.649+0000] {processor.py:161} INFO - Started process (PID=372) to work on /home/airflow/.local/lib/python3.12/site-packages/airflow/example_dags/example_complex.py
[2024-10-18T08:37:57.650+0000] {processor.py:830} INFO - Processing file /home/airflow/.local/lib/python3.12/site-packages/airflow/example_dags/example_complex.py for tasks to queue
[2024-10-18T08:37:57.651+0000] {logging_mixin.py:188} INFO - [2024-10-18T08:37:57.651+0000] {dagbag.py:545} INFO - Filling up the DagBag from /home/airflow/.local/lib/python3.12/site-packages/airflow/example_dags/example_complex.py
[2024-10-18T08:37:57.658+0000] {processor.py:840} INFO - DAG(s) 'example_complex' retrieved from /home/airflow/.local/lib/python3.12/site-packages/airflow/example_dags/example_complex.py
[2024-10-18T08:37:57.688+0000] {logging_mixin.py:188} INFO - [2024-10-18T08:37:57.688+0000] {dag.py:3096} INFO - Sync 1 DAGs
[2024-10-18T08:37:57.697+0000] {logging_mixin.py:188} INFO - [2024-10-18T08:37:57.697+0000] {dag.py:3954} INFO - Setting next_dagrun for example_complex to None, run_after=None
[2024-10-18T08:37:57.710+0000] {processor.py:183} INFO - Processing /home/airflow/.local/lib/python3.12/site-packages/airflow/example_dags/example_complex.py took 0.065 seconds
[2024-10-18T08:38:27.901+0000] {processor.py:161} INFO - Started process (PID=431) to work on /home/airflow/.local/lib/python3.12/site-packages/airflow/example_dags/example_complex.py
[2024-10-18T08:38:27.901+0000] {processor.py:830} INFO - Processing file /home/airflow/.local/lib/python3.12/site-packages/airflow/example_dags/example_complex.py for tasks to queue
[2024-10-18T08:38:27.903+0000] {logging_mixin.py:188} INFO - [2024-10-18T08:38:27.902+0000] {dagbag.py:545} INFO - Filling up the DagBag from /home/airflow/.local/lib/python3.12/site-packages/airflow/example_dags/example_complex.py
[2024-10-18T08:38:27.911+0000] {processor.py:840} INFO - DAG(s) 'example_complex' retrieved from /home/airflow/.local/lib/python3.12/site-packages/airflow/example_dags/example_complex.py
[2024-10-18T08:38:27.933+0000] {logging_mixin.py:188} INFO - [2024-10-18T08:38:27.933+0000] {dag.py:3096} INFO - Sync 1 DAGs
[2024-10-18T08:38:27.941+0000] {logging_mixin.py:188} INFO - [2024-10-18T08:38:27.941+0000] {dag.py:3954} INFO - Setting next_dagrun for example_complex to None, run_after=None
[2024-10-18T08:38:27.956+0000] {processor.py:183} INFO - Processing /home/airflow/.local/lib/python3.12/site-packages/airflow/example_dags/example_complex.py took 0.059 seconds
[2024-10-18T08:38:58.134+0000] {processor.py:161} INFO - Started process (PID=490) to work on /home/airflow/.local/lib/python3.12/site-packages/airflow/example_dags/example_complex.py
[2024-10-18T08:38:58.135+0000] {processor.py:830} INFO - Processing file /home/airflow/.local/lib/python3.12/site-packages/airflow/example_dags/example_complex.py for tasks to queue
[2024-10-18T08:38:58.136+0000] {logging_mixin.py:188} INFO - [2024-10-18T08:38:58.136+0000] {dagbag.py:545} INFO - Filling up the DagBag from /home/airflow/.local/lib/python3.12/site-packages/airflow/example_dags/example_complex.py
[2024-10-18T08:38:58.143+0000] {processor.py:840} INFO - DAG(s) 'example_complex' retrieved from /home/airflow/.local/lib/python3.12/site-packages/airflow/example_dags/example_complex.py
[2024-10-18T08:38:58.163+0000] {logging_mixin.py:188} INFO - [2024-10-18T08:38:58.163+0000] {dag.py:3096} INFO - Sync 1 DAGs
[2024-10-18T08:38:58.172+0000] {logging_mixin.py:188} INFO - [2024-10-18T08:38:58.171+0000] {dag.py:3954} INFO - Setting next_dagrun for example_complex to None, run_after=None
[2024-10-18T08:38:58.184+0000] {processor.py:183} INFO - Processing /home/airflow/.local/lib/python3.12/site-packages/airflow/example_dags/example_complex.py took 0.054 seconds
[2024-10-18T08:40:03.320+0000] {processor.py:161} INFO - Started process (PID=76) to work on /home/airflow/.local/lib/python3.12/site-packages/airflow/example_dags/example_complex.py
[2024-10-18T08:40:03.321+0000] {processor.py:830} INFO - Processing file /home/airflow/.local/lib/python3.12/site-packages/airflow/example_dags/example_complex.py for tasks to queue
[2024-10-18T08:40:03.323+0000] {logging_mixin.py:188} INFO - [2024-10-18T08:40:03.323+0000] {dagbag.py:545} INFO - Filling up the DagBag from /home/airflow/.local/lib/python3.12/site-packages/airflow/example_dags/example_complex.py
[2024-10-18T08:40:03.348+0000] {processor.py:840} INFO - DAG(s) 'example_complex' retrieved from /home/airflow/.local/lib/python3.12/site-packages/airflow/example_dags/example_complex.py
[2024-10-18T08:40:03.372+0000] {logging_mixin.py:188} INFO - [2024-10-18T08:40:03.371+0000] {dag.py:3096} INFO - Sync 1 DAGs
[2024-10-18T08:40:03.398+0000] {logging_mixin.py:188} INFO - [2024-10-18T08:40:03.397+0000] {dag.py:3954} INFO - Setting next_dagrun for example_complex to None, run_after=None
[2024-10-18T08:40:03.430+0000] {processor.py:183} INFO - Processing /home/airflow/.local/lib/python3.12/site-packages/airflow/example_dags/example_complex.py took 0.118 seconds
[2024-10-18T08:40:34.062+0000] {processor.py:161} INFO - Started process (PID=141) to work on /home/airflow/.local/lib/python3.12/site-packages/airflow/example_dags/example_complex.py
[2024-10-18T08:40:34.063+0000] {processor.py:830} INFO - Processing file /home/airflow/.local/lib/python3.12/site-packages/airflow/example_dags/example_complex.py for tasks to queue
[2024-10-18T08:40:34.064+0000] {logging_mixin.py:188} INFO - [2024-10-18T08:40:34.064+0000] {dagbag.py:545} INFO - Filling up the DagBag from /home/airflow/.local/lib/python3.12/site-packages/airflow/example_dags/example_complex.py
[2024-10-18T08:40:34.070+0000] {processor.py:840} INFO - DAG(s) 'example_complex' retrieved from /home/airflow/.local/lib/python3.12/site-packages/airflow/example_dags/example_complex.py
[2024-10-18T08:40:34.142+0000] {logging_mixin.py:188} INFO - [2024-10-18T08:40:34.142+0000] {dag.py:3096} INFO - Sync 1 DAGs
[2024-10-18T08:40:34.150+0000] {logging_mixin.py:188} INFO - [2024-10-18T08:40:34.150+0000] {dag.py:3954} INFO - Setting next_dagrun for example_complex to None, run_after=None
[2024-10-18T08:40:34.164+0000] {processor.py:183} INFO - Processing /home/airflow/.local/lib/python3.12/site-packages/airflow/example_dags/example_complex.py took 0.105 seconds
[2024-10-18T08:41:04.765+0000] {processor.py:161} INFO - Started process (PID=200) to work on /home/airflow/.local/lib/python3.12/site-packages/airflow/example_dags/example_complex.py
[2024-10-18T08:41:04.766+0000] {processor.py:830} INFO - Processing file /home/airflow/.local/lib/python3.12/site-packages/airflow/example_dags/example_complex.py for tasks to queue
[2024-10-18T08:41:04.768+0000] {logging_mixin.py:188} INFO - [2024-10-18T08:41:04.767+0000] {dagbag.py:545} INFO - Filling up the DagBag from /home/airflow/.local/lib/python3.12/site-packages/airflow/example_dags/example_complex.py
[2024-10-18T08:41:04.778+0000] {processor.py:840} INFO - DAG(s) 'example_complex' retrieved from /home/airflow/.local/lib/python3.12/site-packages/airflow/example_dags/example_complex.py
[2024-10-18T08:41:04.808+0000] {logging_mixin.py:188} INFO - [2024-10-18T08:41:04.808+0000] {dag.py:3096} INFO - Sync 1 DAGs
[2024-10-18T08:41:04.819+0000] {logging_mixin.py:188} INFO - [2024-10-18T08:41:04.819+0000] {dag.py:3954} INFO - Setting next_dagrun for example_complex to None, run_after=None
[2024-10-18T08:41:04.832+0000] {processor.py:183} INFO - Processing /home/airflow/.local/lib/python3.12/site-packages/airflow/example_dags/example_complex.py took 0.072 seconds
