[2024-10-18T08:22:08.188+0000] {processor.py:161} INFO - Started process (PID=93) to work on /home/airflow/.local/lib/python3.12/site-packages/airflow/example_dags/example_setup_teardown.py
[2024-10-18T08:22:08.190+0000] {processor.py:830} INFO - Processing file /home/airflow/.local/lib/python3.12/site-packages/airflow/example_dags/example_setup_teardown.py for tasks to queue
[2024-10-18T08:22:08.191+0000] {logging_mixin.py:188} INFO - [2024-10-18T08:22:08.191+0000] {dagbag.py:545} INFO - Filling up the DagBag from /home/airflow/.local/lib/python3.12/site-packages/airflow/example_dags/example_setup_teardown.py
[2024-10-18T08:22:08.205+0000] {processor.py:840} INFO - DAG(s) 'example_setup_teardown' retrieved from /home/airflow/.local/lib/python3.12/site-packages/airflow/example_dags/example_setup_teardown.py
[2024-10-18T08:22:08.234+0000] {logging_mixin.py:188} INFO - [2024-10-18T08:22:08.234+0000] {dag.py:3096} INFO - Sync 1 DAGs
[2024-10-18T08:22:08.274+0000] {logging_mixin.py:188} INFO - [2024-10-18T08:22:08.274+0000] {dag.py:3954} INFO - Setting next_dagrun for example_setup_teardown to 2024-10-17 00:00:00+00:00, run_after=2024-10-18 00:00:00+00:00
[2024-10-18T08:22:08.309+0000] {processor.py:183} INFO - Processing /home/airflow/.local/lib/python3.12/site-packages/airflow/example_dags/example_setup_teardown.py took 0.128 seconds
[2024-10-18T08:22:38.799+0000] {processor.py:161} INFO - Started process (PID=151) to work on /home/airflow/.local/lib/python3.12/site-packages/airflow/example_dags/example_setup_teardown.py
[2024-10-18T08:22:38.800+0000] {processor.py:830} INFO - Processing file /home/airflow/.local/lib/python3.12/site-packages/airflow/example_dags/example_setup_teardown.py for tasks to queue
[2024-10-18T08:22:38.801+0000] {logging_mixin.py:188} INFO - [2024-10-18T08:22:38.801+0000] {dagbag.py:545} INFO - Filling up the DagBag from /home/airflow/.local/lib/python3.12/site-packages/airflow/example_dags/example_setup_teardown.py
[2024-10-18T08:22:38.805+0000] {processor.py:840} INFO - DAG(s) 'example_setup_teardown' retrieved from /home/airflow/.local/lib/python3.12/site-packages/airflow/example_dags/example_setup_teardown.py
[2024-10-18T08:22:38.880+0000] {logging_mixin.py:188} INFO - [2024-10-18T08:22:38.880+0000] {dag.py:3096} INFO - Sync 1 DAGs
[2024-10-18T08:22:38.895+0000] {logging_mixin.py:188} INFO - [2024-10-18T08:22:38.895+0000] {dag.py:3954} INFO - Setting next_dagrun for example_setup_teardown to 2024-10-17 00:00:00+00:00, run_after=2024-10-18 00:00:00+00:00
[2024-10-18T08:22:38.909+0000] {processor.py:183} INFO - Processing /home/airflow/.local/lib/python3.12/site-packages/airflow/example_dags/example_setup_teardown.py took 0.113 seconds
[2024-10-18T08:23:08.988+0000] {processor.py:161} INFO - Started process (PID=209) to work on /home/airflow/.local/lib/python3.12/site-packages/airflow/example_dags/example_setup_teardown.py
[2024-10-18T08:23:08.988+0000] {processor.py:830} INFO - Processing file /home/airflow/.local/lib/python3.12/site-packages/airflow/example_dags/example_setup_teardown.py for tasks to queue
[2024-10-18T08:23:08.990+0000] {logging_mixin.py:188} INFO - [2024-10-18T08:23:08.989+0000] {dagbag.py:545} INFO - Filling up the DagBag from /home/airflow/.local/lib/python3.12/site-packages/airflow/example_dags/example_setup_teardown.py
[2024-10-18T08:23:08.994+0000] {processor.py:840} INFO - DAG(s) 'example_setup_teardown' retrieved from /home/airflow/.local/lib/python3.12/site-packages/airflow/example_dags/example_setup_teardown.py
[2024-10-18T08:23:09.007+0000] {logging_mixin.py:188} INFO - [2024-10-18T08:23:09.006+0000] {dag.py:3096} INFO - Sync 1 DAGs
[2024-10-18T08:23:09.021+0000] {logging_mixin.py:188} INFO - [2024-10-18T08:23:09.021+0000] {dag.py:3954} INFO - Setting next_dagrun for example_setup_teardown to 2024-10-17 00:00:00+00:00, run_after=2024-10-18 00:00:00+00:00
[2024-10-18T08:23:09.033+0000] {processor.py:183} INFO - Processing /home/airflow/.local/lib/python3.12/site-packages/airflow/example_dags/example_setup_teardown.py took 0.049 seconds
[2024-10-18T08:23:39.857+0000] {processor.py:161} INFO - Started process (PID=267) to work on /home/airflow/.local/lib/python3.12/site-packages/airflow/example_dags/example_setup_teardown.py
[2024-10-18T08:23:39.858+0000] {processor.py:830} INFO - Processing file /home/airflow/.local/lib/python3.12/site-packages/airflow/example_dags/example_setup_teardown.py for tasks to queue
[2024-10-18T08:23:39.860+0000] {logging_mixin.py:188} INFO - [2024-10-18T08:23:39.860+0000] {dagbag.py:545} INFO - Filling up the DagBag from /home/airflow/.local/lib/python3.12/site-packages/airflow/example_dags/example_setup_teardown.py
[2024-10-18T08:23:39.864+0000] {processor.py:840} INFO - DAG(s) 'example_setup_teardown' retrieved from /home/airflow/.local/lib/python3.12/site-packages/airflow/example_dags/example_setup_teardown.py
[2024-10-18T08:23:39.876+0000] {logging_mixin.py:188} INFO - [2024-10-18T08:23:39.876+0000] {dag.py:3096} INFO - Sync 1 DAGs
[2024-10-18T08:23:39.890+0000] {logging_mixin.py:188} INFO - [2024-10-18T08:23:39.890+0000] {dag.py:3954} INFO - Setting next_dagrun for example_setup_teardown to 2024-10-17 00:00:00+00:00, run_after=2024-10-18 00:00:00+00:00
[2024-10-18T08:23:39.902+0000] {processor.py:183} INFO - Processing /home/airflow/.local/lib/python3.12/site-packages/airflow/example_dags/example_setup_teardown.py took 0.049 seconds
[2024-10-18T08:24:09.980+0000] {processor.py:161} INFO - Started process (PID=325) to work on /home/airflow/.local/lib/python3.12/site-packages/airflow/example_dags/example_setup_teardown.py
[2024-10-18T08:24:09.981+0000] {processor.py:830} INFO - Processing file /home/airflow/.local/lib/python3.12/site-packages/airflow/example_dags/example_setup_teardown.py for tasks to queue
[2024-10-18T08:24:09.982+0000] {logging_mixin.py:188} INFO - [2024-10-18T08:24:09.982+0000] {dagbag.py:545} INFO - Filling up the DagBag from /home/airflow/.local/lib/python3.12/site-packages/airflow/example_dags/example_setup_teardown.py
[2024-10-18T08:24:09.986+0000] {processor.py:840} INFO - DAG(s) 'example_setup_teardown' retrieved from /home/airflow/.local/lib/python3.12/site-packages/airflow/example_dags/example_setup_teardown.py
[2024-10-18T08:24:09.998+0000] {logging_mixin.py:188} INFO - [2024-10-18T08:24:09.998+0000] {dag.py:3096} INFO - Sync 1 DAGs
[2024-10-18T08:24:10.012+0000] {logging_mixin.py:188} INFO - [2024-10-18T08:24:10.012+0000] {dag.py:3954} INFO - Setting next_dagrun for example_setup_teardown to 2024-10-17 00:00:00+00:00, run_after=2024-10-18 00:00:00+00:00
[2024-10-18T08:24:10.025+0000] {processor.py:183} INFO - Processing /home/airflow/.local/lib/python3.12/site-packages/airflow/example_dags/example_setup_teardown.py took 0.048 seconds
[2024-10-18T08:24:40.195+0000] {processor.py:161} INFO - Started process (PID=383) to work on /home/airflow/.local/lib/python3.12/site-packages/airflow/example_dags/example_setup_teardown.py
[2024-10-18T08:24:40.196+0000] {processor.py:830} INFO - Processing file /home/airflow/.local/lib/python3.12/site-packages/airflow/example_dags/example_setup_teardown.py for tasks to queue
[2024-10-18T08:24:40.197+0000] {logging_mixin.py:188} INFO - [2024-10-18T08:24:40.197+0000] {dagbag.py:545} INFO - Filling up the DagBag from /home/airflow/.local/lib/python3.12/site-packages/airflow/example_dags/example_setup_teardown.py
[2024-10-18T08:24:40.201+0000] {processor.py:840} INFO - DAG(s) 'example_setup_teardown' retrieved from /home/airflow/.local/lib/python3.12/site-packages/airflow/example_dags/example_setup_teardown.py
[2024-10-18T08:24:40.213+0000] {logging_mixin.py:188} INFO - [2024-10-18T08:24:40.213+0000] {dag.py:3096} INFO - Sync 1 DAGs
[2024-10-18T08:24:40.227+0000] {logging_mixin.py:188} INFO - [2024-10-18T08:24:40.227+0000] {dag.py:3954} INFO - Setting next_dagrun for example_setup_teardown to 2024-10-17 00:00:00+00:00, run_after=2024-10-18 00:00:00+00:00
[2024-10-18T08:24:40.239+0000] {processor.py:183} INFO - Processing /home/airflow/.local/lib/python3.12/site-packages/airflow/example_dags/example_setup_teardown.py took 0.047 seconds
[2024-10-18T08:25:10.507+0000] {processor.py:161} INFO - Started process (PID=441) to work on /home/airflow/.local/lib/python3.12/site-packages/airflow/example_dags/example_setup_teardown.py
[2024-10-18T08:25:10.508+0000] {processor.py:830} INFO - Processing file /home/airflow/.local/lib/python3.12/site-packages/airflow/example_dags/example_setup_teardown.py for tasks to queue
[2024-10-18T08:25:10.510+0000] {logging_mixin.py:188} INFO - [2024-10-18T08:25:10.509+0000] {dagbag.py:545} INFO - Filling up the DagBag from /home/airflow/.local/lib/python3.12/site-packages/airflow/example_dags/example_setup_teardown.py
[2024-10-18T08:25:10.514+0000] {processor.py:840} INFO - DAG(s) 'example_setup_teardown' retrieved from /home/airflow/.local/lib/python3.12/site-packages/airflow/example_dags/example_setup_teardown.py
[2024-10-18T08:25:10.527+0000] {logging_mixin.py:188} INFO - [2024-10-18T08:25:10.527+0000] {dag.py:3096} INFO - Sync 1 DAGs
[2024-10-18T08:25:10.544+0000] {logging_mixin.py:188} INFO - [2024-10-18T08:25:10.544+0000] {dag.py:3954} INFO - Setting next_dagrun for example_setup_teardown to 2024-10-17 00:00:00+00:00, run_after=2024-10-18 00:00:00+00:00
[2024-10-18T08:25:10.561+0000] {processor.py:183} INFO - Processing /home/airflow/.local/lib/python3.12/site-packages/airflow/example_dags/example_setup_teardown.py took 0.058 seconds
[2024-10-18T08:25:40.667+0000] {processor.py:161} INFO - Started process (PID=498) to work on /home/airflow/.local/lib/python3.12/site-packages/airflow/example_dags/example_setup_teardown.py
[2024-10-18T08:25:40.668+0000] {processor.py:830} INFO - Processing file /home/airflow/.local/lib/python3.12/site-packages/airflow/example_dags/example_setup_teardown.py for tasks to queue
[2024-10-18T08:25:40.669+0000] {logging_mixin.py:188} INFO - [2024-10-18T08:25:40.669+0000] {dagbag.py:545} INFO - Filling up the DagBag from /home/airflow/.local/lib/python3.12/site-packages/airflow/example_dags/example_setup_teardown.py
[2024-10-18T08:25:40.673+0000] {processor.py:840} INFO - DAG(s) 'example_setup_teardown' retrieved from /home/airflow/.local/lib/python3.12/site-packages/airflow/example_dags/example_setup_teardown.py
[2024-10-18T08:25:40.686+0000] {logging_mixin.py:188} INFO - [2024-10-18T08:25:40.685+0000] {dag.py:3096} INFO - Sync 1 DAGs
[2024-10-18T08:25:40.700+0000] {logging_mixin.py:188} INFO - [2024-10-18T08:25:40.699+0000] {dag.py:3954} INFO - Setting next_dagrun for example_setup_teardown to 2024-10-17 00:00:00+00:00, run_after=2024-10-18 00:00:00+00:00
[2024-10-18T08:25:40.716+0000] {processor.py:183} INFO - Processing /home/airflow/.local/lib/python3.12/site-packages/airflow/example_dags/example_setup_teardown.py took 0.052 seconds
[2024-10-18T08:26:10.881+0000] {processor.py:161} INFO - Started process (PID=556) to work on /home/airflow/.local/lib/python3.12/site-packages/airflow/example_dags/example_setup_teardown.py
[2024-10-18T08:26:10.882+0000] {processor.py:830} INFO - Processing file /home/airflow/.local/lib/python3.12/site-packages/airflow/example_dags/example_setup_teardown.py for tasks to queue
[2024-10-18T08:26:10.883+0000] {logging_mixin.py:188} INFO - [2024-10-18T08:26:10.883+0000] {dagbag.py:545} INFO - Filling up the DagBag from /home/airflow/.local/lib/python3.12/site-packages/airflow/example_dags/example_setup_teardown.py
[2024-10-18T08:26:10.887+0000] {processor.py:840} INFO - DAG(s) 'example_setup_teardown' retrieved from /home/airflow/.local/lib/python3.12/site-packages/airflow/example_dags/example_setup_teardown.py
[2024-10-18T08:26:10.900+0000] {logging_mixin.py:188} INFO - [2024-10-18T08:26:10.899+0000] {dag.py:3096} INFO - Sync 1 DAGs
[2024-10-18T08:26:10.913+0000] {logging_mixin.py:188} INFO - [2024-10-18T08:26:10.913+0000] {dag.py:3954} INFO - Setting next_dagrun for example_setup_teardown to 2024-10-17 00:00:00+00:00, run_after=2024-10-18 00:00:00+00:00
[2024-10-18T08:26:10.926+0000] {processor.py:183} INFO - Processing /home/airflow/.local/lib/python3.12/site-packages/airflow/example_dags/example_setup_teardown.py took 0.049 seconds
[2024-10-18T08:26:41.001+0000] {processor.py:161} INFO - Started process (PID=614) to work on /home/airflow/.local/lib/python3.12/site-packages/airflow/example_dags/example_setup_teardown.py
[2024-10-18T08:26:41.002+0000] {processor.py:830} INFO - Processing file /home/airflow/.local/lib/python3.12/site-packages/airflow/example_dags/example_setup_teardown.py for tasks to queue
[2024-10-18T08:26:41.003+0000] {logging_mixin.py:188} INFO - [2024-10-18T08:26:41.003+0000] {dagbag.py:545} INFO - Filling up the DagBag from /home/airflow/.local/lib/python3.12/site-packages/airflow/example_dags/example_setup_teardown.py
[2024-10-18T08:26:41.007+0000] {processor.py:840} INFO - DAG(s) 'example_setup_teardown' retrieved from /home/airflow/.local/lib/python3.12/site-packages/airflow/example_dags/example_setup_teardown.py
[2024-10-18T08:26:41.020+0000] {logging_mixin.py:188} INFO - [2024-10-18T08:26:41.020+0000] {dag.py:3096} INFO - Sync 1 DAGs
[2024-10-18T08:26:41.035+0000] {logging_mixin.py:188} INFO - [2024-10-18T08:26:41.034+0000] {dag.py:3954} INFO - Setting next_dagrun for example_setup_teardown to 2024-10-17 00:00:00+00:00, run_after=2024-10-18 00:00:00+00:00
[2024-10-18T08:26:41.049+0000] {processor.py:183} INFO - Processing /home/airflow/.local/lib/python3.12/site-packages/airflow/example_dags/example_setup_teardown.py took 0.051 seconds
[2024-10-18T08:31:19.991+0000] {processor.py:161} INFO - Started process (PID=94) to work on /home/airflow/.local/lib/python3.12/site-packages/airflow/example_dags/example_setup_teardown.py
[2024-10-18T08:31:19.995+0000] {processor.py:830} INFO - Processing file /home/airflow/.local/lib/python3.12/site-packages/airflow/example_dags/example_setup_teardown.py for tasks to queue
[2024-10-18T08:31:19.996+0000] {logging_mixin.py:188} INFO - [2024-10-18T08:31:19.996+0000] {dagbag.py:545} INFO - Filling up the DagBag from /home/airflow/.local/lib/python3.12/site-packages/airflow/example_dags/example_setup_teardown.py
[2024-10-18T08:31:20.007+0000] {processor.py:840} INFO - DAG(s) 'example_setup_teardown' retrieved from /home/airflow/.local/lib/python3.12/site-packages/airflow/example_dags/example_setup_teardown.py
[2024-10-18T08:31:20.028+0000] {logging_mixin.py:188} INFO - [2024-10-18T08:31:20.028+0000] {dag.py:3096} INFO - Sync 1 DAGs
[2024-10-18T08:31:20.075+0000] {logging_mixin.py:188} INFO - [2024-10-18T08:31:20.075+0000] {dag.py:3954} INFO - Setting next_dagrun for example_setup_teardown to 2024-10-17 00:00:00+00:00, run_after=2024-10-18 00:00:00+00:00
[2024-10-18T08:31:20.108+0000] {processor.py:183} INFO - Processing /home/airflow/.local/lib/python3.12/site-packages/airflow/example_dags/example_setup_teardown.py took 0.123 seconds
[2024-10-18T08:31:51.324+0000] {processor.py:161} INFO - Started process (PID=153) to work on /home/airflow/.local/lib/python3.12/site-packages/airflow/example_dags/example_setup_teardown.py
[2024-10-18T08:31:51.325+0000] {processor.py:830} INFO - Processing file /home/airflow/.local/lib/python3.12/site-packages/airflow/example_dags/example_setup_teardown.py for tasks to queue
[2024-10-18T08:31:51.326+0000] {logging_mixin.py:188} INFO - [2024-10-18T08:31:51.326+0000] {dagbag.py:545} INFO - Filling up the DagBag from /home/airflow/.local/lib/python3.12/site-packages/airflow/example_dags/example_setup_teardown.py
[2024-10-18T08:31:51.330+0000] {processor.py:840} INFO - DAG(s) 'example_setup_teardown' retrieved from /home/airflow/.local/lib/python3.12/site-packages/airflow/example_dags/example_setup_teardown.py
[2024-10-18T08:31:51.411+0000] {logging_mixin.py:188} INFO - [2024-10-18T08:31:51.411+0000] {dag.py:3096} INFO - Sync 1 DAGs
[2024-10-18T08:31:51.425+0000] {logging_mixin.py:188} INFO - [2024-10-18T08:31:51.425+0000] {dag.py:3954} INFO - Setting next_dagrun for example_setup_teardown to 2024-10-17 00:00:00+00:00, run_after=2024-10-18 00:00:00+00:00
[2024-10-18T08:31:51.439+0000] {processor.py:183} INFO - Processing /home/airflow/.local/lib/python3.12/site-packages/airflow/example_dags/example_setup_teardown.py took 0.119 seconds
[2024-10-18T08:33:29.108+0000] {processor.py:161} INFO - Started process (PID=79) to work on /home/airflow/.local/lib/python3.12/site-packages/airflow/example_dags/example_setup_teardown.py
[2024-10-18T08:33:29.109+0000] {processor.py:830} INFO - Processing file /home/airflow/.local/lib/python3.12/site-packages/airflow/example_dags/example_setup_teardown.py for tasks to queue
[2024-10-18T08:33:29.110+0000] {logging_mixin.py:188} INFO - [2024-10-18T08:33:29.110+0000] {dagbag.py:545} INFO - Filling up the DagBag from /home/airflow/.local/lib/python3.12/site-packages/airflow/example_dags/example_setup_teardown.py
[2024-10-18T08:33:29.116+0000] {processor.py:840} INFO - DAG(s) 'example_setup_teardown' retrieved from /home/airflow/.local/lib/python3.12/site-packages/airflow/example_dags/example_setup_teardown.py
[2024-10-18T08:33:29.126+0000] {logging_mixin.py:188} INFO - [2024-10-18T08:33:29.126+0000] {dag.py:3096} INFO - Sync 1 DAGs
[2024-10-18T08:33:29.146+0000] {logging_mixin.py:188} INFO - [2024-10-18T08:33:29.146+0000] {dag.py:3954} INFO - Setting next_dagrun for example_setup_teardown to 2024-10-17 00:00:00+00:00, run_after=2024-10-18 00:00:00+00:00
[2024-10-18T08:33:29.174+0000] {processor.py:183} INFO - Processing /home/airflow/.local/lib/python3.12/site-packages/airflow/example_dags/example_setup_teardown.py took 0.071 seconds
[2024-10-18T08:35:25.979+0000] {processor.py:161} INFO - Started process (PID=93) to work on /home/airflow/.local/lib/python3.12/site-packages/airflow/example_dags/example_setup_teardown.py
[2024-10-18T08:35:25.984+0000] {processor.py:830} INFO - Processing file /home/airflow/.local/lib/python3.12/site-packages/airflow/example_dags/example_setup_teardown.py for tasks to queue
[2024-10-18T08:35:25.986+0000] {logging_mixin.py:188} INFO - [2024-10-18T08:35:25.986+0000] {dagbag.py:545} INFO - Filling up the DagBag from /home/airflow/.local/lib/python3.12/site-packages/airflow/example_dags/example_setup_teardown.py
[2024-10-18T08:35:25.997+0000] {processor.py:840} INFO - DAG(s) 'example_setup_teardown' retrieved from /home/airflow/.local/lib/python3.12/site-packages/airflow/example_dags/example_setup_teardown.py
[2024-10-18T08:35:26.021+0000] {logging_mixin.py:188} INFO - [2024-10-18T08:35:26.021+0000] {dag.py:3096} INFO - Sync 1 DAGs
[2024-10-18T08:35:26.047+0000] {logging_mixin.py:188} INFO - [2024-10-18T08:35:26.047+0000] {dag.py:3954} INFO - Setting next_dagrun for example_setup_teardown to 2024-10-17 00:00:00+00:00, run_after=2024-10-18 00:00:00+00:00
[2024-10-18T08:35:26.068+0000] {processor.py:183} INFO - Processing /home/airflow/.local/lib/python3.12/site-packages/airflow/example_dags/example_setup_teardown.py took 0.095 seconds
[2024-10-18T08:35:57.058+0000] {processor.py:161} INFO - Started process (PID=152) to work on /home/airflow/.local/lib/python3.12/site-packages/airflow/example_dags/example_setup_teardown.py
[2024-10-18T08:35:57.058+0000] {processor.py:830} INFO - Processing file /home/airflow/.local/lib/python3.12/site-packages/airflow/example_dags/example_setup_teardown.py for tasks to queue
[2024-10-18T08:35:57.059+0000] {logging_mixin.py:188} INFO - [2024-10-18T08:35:57.059+0000] {dagbag.py:545} INFO - Filling up the DagBag from /home/airflow/.local/lib/python3.12/site-packages/airflow/example_dags/example_setup_teardown.py
[2024-10-18T08:35:57.064+0000] {processor.py:840} INFO - DAG(s) 'example_setup_teardown' retrieved from /home/airflow/.local/lib/python3.12/site-packages/airflow/example_dags/example_setup_teardown.py
[2024-10-18T08:35:57.141+0000] {logging_mixin.py:188} INFO - [2024-10-18T08:35:57.141+0000] {dag.py:3096} INFO - Sync 1 DAGs
[2024-10-18T08:35:57.160+0000] {logging_mixin.py:188} INFO - [2024-10-18T08:35:57.160+0000] {dag.py:3954} INFO - Setting next_dagrun for example_setup_teardown to 2024-10-17 00:00:00+00:00, run_after=2024-10-18 00:00:00+00:00
[2024-10-18T08:35:57.181+0000] {processor.py:183} INFO - Processing /home/airflow/.local/lib/python3.12/site-packages/airflow/example_dags/example_setup_teardown.py took 0.127 seconds
[2024-10-18T08:36:27.766+0000] {processor.py:161} INFO - Started process (PID=211) to work on /home/airflow/.local/lib/python3.12/site-packages/airflow/example_dags/example_setup_teardown.py
[2024-10-18T08:36:27.767+0000] {processor.py:830} INFO - Processing file /home/airflow/.local/lib/python3.12/site-packages/airflow/example_dags/example_setup_teardown.py for tasks to queue
[2024-10-18T08:36:27.769+0000] {logging_mixin.py:188} INFO - [2024-10-18T08:36:27.768+0000] {dagbag.py:545} INFO - Filling up the DagBag from /home/airflow/.local/lib/python3.12/site-packages/airflow/example_dags/example_setup_teardown.py
[2024-10-18T08:36:27.774+0000] {processor.py:840} INFO - DAG(s) 'example_setup_teardown' retrieved from /home/airflow/.local/lib/python3.12/site-packages/airflow/example_dags/example_setup_teardown.py
[2024-10-18T08:36:27.790+0000] {logging_mixin.py:188} INFO - [2024-10-18T08:36:27.790+0000] {dag.py:3096} INFO - Sync 1 DAGs
[2024-10-18T08:36:27.810+0000] {logging_mixin.py:188} INFO - [2024-10-18T08:36:27.810+0000] {dag.py:3954} INFO - Setting next_dagrun for example_setup_teardown to 2024-10-17 00:00:00+00:00, run_after=2024-10-18 00:00:00+00:00
[2024-10-18T08:36:27.828+0000] {processor.py:183} INFO - Processing /home/airflow/.local/lib/python3.12/site-packages/airflow/example_dags/example_setup_teardown.py took 0.067 seconds
[2024-10-18T08:36:58.699+0000] {processor.py:161} INFO - Started process (PID=270) to work on /home/airflow/.local/lib/python3.12/site-packages/airflow/example_dags/example_setup_teardown.py
[2024-10-18T08:36:58.700+0000] {processor.py:830} INFO - Processing file /home/airflow/.local/lib/python3.12/site-packages/airflow/example_dags/example_setup_teardown.py for tasks to queue
[2024-10-18T08:36:58.701+0000] {logging_mixin.py:188} INFO - [2024-10-18T08:36:58.701+0000] {dagbag.py:545} INFO - Filling up the DagBag from /home/airflow/.local/lib/python3.12/site-packages/airflow/example_dags/example_setup_teardown.py
[2024-10-18T08:36:58.707+0000] {processor.py:840} INFO - DAG(s) 'example_setup_teardown' retrieved from /home/airflow/.local/lib/python3.12/site-packages/airflow/example_dags/example_setup_teardown.py
[2024-10-18T08:36:58.724+0000] {logging_mixin.py:188} INFO - [2024-10-18T08:36:58.724+0000] {dag.py:3096} INFO - Sync 1 DAGs
[2024-10-18T08:36:58.745+0000] {logging_mixin.py:188} INFO - [2024-10-18T08:36:58.745+0000] {dag.py:3954} INFO - Setting next_dagrun for example_setup_teardown to 2024-10-17 00:00:00+00:00, run_after=2024-10-18 00:00:00+00:00
[2024-10-18T08:36:58.761+0000] {processor.py:183} INFO - Processing /home/airflow/.local/lib/python3.12/site-packages/airflow/example_dags/example_setup_teardown.py took 0.067 seconds
[2024-10-18T08:37:29.055+0000] {processor.py:161} INFO - Started process (PID=329) to work on /home/airflow/.local/lib/python3.12/site-packages/airflow/example_dags/example_setup_teardown.py
[2024-10-18T08:37:29.056+0000] {processor.py:830} INFO - Processing file /home/airflow/.local/lib/python3.12/site-packages/airflow/example_dags/example_setup_teardown.py for tasks to queue
[2024-10-18T08:37:29.057+0000] {logging_mixin.py:188} INFO - [2024-10-18T08:37:29.057+0000] {dagbag.py:545} INFO - Filling up the DagBag from /home/airflow/.local/lib/python3.12/site-packages/airflow/example_dags/example_setup_teardown.py
[2024-10-18T08:37:29.061+0000] {processor.py:840} INFO - DAG(s) 'example_setup_teardown' retrieved from /home/airflow/.local/lib/python3.12/site-packages/airflow/example_dags/example_setup_teardown.py
[2024-10-18T08:37:29.074+0000] {logging_mixin.py:188} INFO - [2024-10-18T08:37:29.074+0000] {dag.py:3096} INFO - Sync 1 DAGs
[2024-10-18T08:37:29.088+0000] {logging_mixin.py:188} INFO - [2024-10-18T08:37:29.088+0000] {dag.py:3954} INFO - Setting next_dagrun for example_setup_teardown to 2024-10-17 00:00:00+00:00, run_after=2024-10-18 00:00:00+00:00
[2024-10-18T08:37:29.103+0000] {processor.py:183} INFO - Processing /home/airflow/.local/lib/python3.12/site-packages/airflow/example_dags/example_setup_teardown.py took 0.052 seconds
[2024-10-18T08:37:59.249+0000] {processor.py:161} INFO - Started process (PID=388) to work on /home/airflow/.local/lib/python3.12/site-packages/airflow/example_dags/example_setup_teardown.py
[2024-10-18T08:37:59.250+0000] {processor.py:830} INFO - Processing file /home/airflow/.local/lib/python3.12/site-packages/airflow/example_dags/example_setup_teardown.py for tasks to queue
[2024-10-18T08:37:59.251+0000] {logging_mixin.py:188} INFO - [2024-10-18T08:37:59.251+0000] {dagbag.py:545} INFO - Filling up the DagBag from /home/airflow/.local/lib/python3.12/site-packages/airflow/example_dags/example_setup_teardown.py
[2024-10-18T08:37:59.255+0000] {processor.py:840} INFO - DAG(s) 'example_setup_teardown' retrieved from /home/airflow/.local/lib/python3.12/site-packages/airflow/example_dags/example_setup_teardown.py
[2024-10-18T08:37:59.270+0000] {logging_mixin.py:188} INFO - [2024-10-18T08:37:59.270+0000] {dag.py:3096} INFO - Sync 1 DAGs
[2024-10-18T08:37:59.286+0000] {logging_mixin.py:188} INFO - [2024-10-18T08:37:59.286+0000] {dag.py:3954} INFO - Setting next_dagrun for example_setup_teardown to 2024-10-17 00:00:00+00:00, run_after=2024-10-18 00:00:00+00:00
[2024-10-18T08:37:59.298+0000] {processor.py:183} INFO - Processing /home/airflow/.local/lib/python3.12/site-packages/airflow/example_dags/example_setup_teardown.py took 0.053 seconds
[2024-10-18T08:38:29.539+0000] {processor.py:161} INFO - Started process (PID=447) to work on /home/airflow/.local/lib/python3.12/site-packages/airflow/example_dags/example_setup_teardown.py
[2024-10-18T08:38:29.540+0000] {processor.py:830} INFO - Processing file /home/airflow/.local/lib/python3.12/site-packages/airflow/example_dags/example_setup_teardown.py for tasks to queue
[2024-10-18T08:38:29.541+0000] {logging_mixin.py:188} INFO - [2024-10-18T08:38:29.541+0000] {dagbag.py:545} INFO - Filling up the DagBag from /home/airflow/.local/lib/python3.12/site-packages/airflow/example_dags/example_setup_teardown.py
[2024-10-18T08:38:29.545+0000] {processor.py:840} INFO - DAG(s) 'example_setup_teardown' retrieved from /home/airflow/.local/lib/python3.12/site-packages/airflow/example_dags/example_setup_teardown.py
[2024-10-18T08:38:29.557+0000] {logging_mixin.py:188} INFO - [2024-10-18T08:38:29.557+0000] {dag.py:3096} INFO - Sync 1 DAGs
[2024-10-18T08:38:29.571+0000] {logging_mixin.py:188} INFO - [2024-10-18T08:38:29.571+0000] {dag.py:3954} INFO - Setting next_dagrun for example_setup_teardown to 2024-10-17 00:00:00+00:00, run_after=2024-10-18 00:00:00+00:00
[2024-10-18T08:38:29.587+0000] {processor.py:183} INFO - Processing /home/airflow/.local/lib/python3.12/site-packages/airflow/example_dags/example_setup_teardown.py took 0.051 seconds
[2024-10-18T08:38:59.771+0000] {processor.py:161} INFO - Started process (PID=506) to work on /home/airflow/.local/lib/python3.12/site-packages/airflow/example_dags/example_setup_teardown.py
[2024-10-18T08:38:59.772+0000] {processor.py:830} INFO - Processing file /home/airflow/.local/lib/python3.12/site-packages/airflow/example_dags/example_setup_teardown.py for tasks to queue
[2024-10-18T08:38:59.773+0000] {logging_mixin.py:188} INFO - [2024-10-18T08:38:59.773+0000] {dagbag.py:545} INFO - Filling up the DagBag from /home/airflow/.local/lib/python3.12/site-packages/airflow/example_dags/example_setup_teardown.py
[2024-10-18T08:38:59.777+0000] {processor.py:840} INFO - DAG(s) 'example_setup_teardown' retrieved from /home/airflow/.local/lib/python3.12/site-packages/airflow/example_dags/example_setup_teardown.py
[2024-10-18T08:38:59.792+0000] {logging_mixin.py:188} INFO - [2024-10-18T08:38:59.792+0000] {dag.py:3096} INFO - Sync 1 DAGs
[2024-10-18T08:38:59.806+0000] {logging_mixin.py:188} INFO - [2024-10-18T08:38:59.806+0000] {dag.py:3954} INFO - Setting next_dagrun for example_setup_teardown to 2024-10-17 00:00:00+00:00, run_after=2024-10-18 00:00:00+00:00
[2024-10-18T08:38:59.819+0000] {processor.py:183} INFO - Processing /home/airflow/.local/lib/python3.12/site-packages/airflow/example_dags/example_setup_teardown.py took 0.052 seconds
[2024-10-18T08:40:04.305+0000] {processor.py:161} INFO - Started process (PID=92) to work on /home/airflow/.local/lib/python3.12/site-packages/airflow/example_dags/example_setup_teardown.py
[2024-10-18T08:40:04.309+0000] {processor.py:830} INFO - Processing file /home/airflow/.local/lib/python3.12/site-packages/airflow/example_dags/example_setup_teardown.py for tasks to queue
[2024-10-18T08:40:04.310+0000] {logging_mixin.py:188} INFO - [2024-10-18T08:40:04.310+0000] {dagbag.py:545} INFO - Filling up the DagBag from /home/airflow/.local/lib/python3.12/site-packages/airflow/example_dags/example_setup_teardown.py
[2024-10-18T08:40:04.322+0000] {processor.py:840} INFO - DAG(s) 'example_setup_teardown' retrieved from /home/airflow/.local/lib/python3.12/site-packages/airflow/example_dags/example_setup_teardown.py
[2024-10-18T08:40:04.334+0000] {logging_mixin.py:188} INFO - [2024-10-18T08:40:04.334+0000] {dag.py:3096} INFO - Sync 1 DAGs
[2024-10-18T08:40:04.356+0000] {logging_mixin.py:188} INFO - [2024-10-18T08:40:04.356+0000] {dag.py:3954} INFO - Setting next_dagrun for example_setup_teardown to 2024-10-17 00:00:00+00:00, run_after=2024-10-18 00:00:00+00:00
[2024-10-18T08:40:04.382+0000] {processor.py:183} INFO - Processing /home/airflow/.local/lib/python3.12/site-packages/airflow/example_dags/example_setup_teardown.py took 0.083 seconds
[2024-10-18T08:40:35.172+0000] {processor.py:161} INFO - Started process (PID=157) to work on /home/airflow/.local/lib/python3.12/site-packages/airflow/example_dags/example_setup_teardown.py
[2024-10-18T08:40:35.173+0000] {processor.py:830} INFO - Processing file /home/airflow/.local/lib/python3.12/site-packages/airflow/example_dags/example_setup_teardown.py for tasks to queue
[2024-10-18T08:40:35.174+0000] {logging_mixin.py:188} INFO - [2024-10-18T08:40:35.174+0000] {dagbag.py:545} INFO - Filling up the DagBag from /home/airflow/.local/lib/python3.12/site-packages/airflow/example_dags/example_setup_teardown.py
[2024-10-18T08:40:35.178+0000] {processor.py:840} INFO - DAG(s) 'example_setup_teardown' retrieved from /home/airflow/.local/lib/python3.12/site-packages/airflow/example_dags/example_setup_teardown.py
[2024-10-18T08:40:35.243+0000] {logging_mixin.py:188} INFO - [2024-10-18T08:40:35.243+0000] {dag.py:3096} INFO - Sync 1 DAGs
[2024-10-18T08:40:35.257+0000] {logging_mixin.py:188} INFO - [2024-10-18T08:40:35.256+0000] {dag.py:3954} INFO - Setting next_dagrun for example_setup_teardown to 2024-10-17 00:00:00+00:00, run_after=2024-10-18 00:00:00+00:00
[2024-10-18T08:40:35.269+0000] {processor.py:183} INFO - Processing /home/airflow/.local/lib/python3.12/site-packages/airflow/example_dags/example_setup_teardown.py took 0.100 seconds
[2024-10-18T08:41:05.398+0000] {processor.py:161} INFO - Started process (PID=216) to work on /home/airflow/.local/lib/python3.12/site-packages/airflow/example_dags/example_setup_teardown.py
[2024-10-18T08:41:05.399+0000] {processor.py:830} INFO - Processing file /home/airflow/.local/lib/python3.12/site-packages/airflow/example_dags/example_setup_teardown.py for tasks to queue
[2024-10-18T08:41:05.400+0000] {logging_mixin.py:188} INFO - [2024-10-18T08:41:05.400+0000] {dagbag.py:545} INFO - Filling up the DagBag from /home/airflow/.local/lib/python3.12/site-packages/airflow/example_dags/example_setup_teardown.py
[2024-10-18T08:41:05.405+0000] {processor.py:840} INFO - DAG(s) 'example_setup_teardown' retrieved from /home/airflow/.local/lib/python3.12/site-packages/airflow/example_dags/example_setup_teardown.py
[2024-10-18T08:41:05.423+0000] {logging_mixin.py:188} INFO - [2024-10-18T08:41:05.422+0000] {dag.py:3096} INFO - Sync 1 DAGs
[2024-10-18T08:41:05.443+0000] {logging_mixin.py:188} INFO - [2024-10-18T08:41:05.443+0000] {dag.py:3954} INFO - Setting next_dagrun for example_setup_teardown to 2024-10-17 00:00:00+00:00, run_after=2024-10-18 00:00:00+00:00
[2024-10-18T08:41:05.460+0000] {processor.py:183} INFO - Processing /home/airflow/.local/lib/python3.12/site-packages/airflow/example_dags/example_setup_teardown.py took 0.066 seconds
