[2024-10-18T08:22:05.851+0000] {processor.py:161} INFO - Started process (PID=54) to work on /home/airflow/.local/lib/python3.12/site-packages/airflow/example_dags/example_bash_decorator.py
[2024-10-18T08:22:05.851+0000] {processor.py:830} INFO - Processing file /home/airflow/.local/lib/python3.12/site-packages/airflow/example_dags/example_bash_decorator.py for tasks to queue
[2024-10-18T08:22:05.853+0000] {logging_mixin.py:188} INFO - [2024-10-18T08:22:05.853+0000] {dagbag.py:545} INFO - Filling up the DagBag from /home/airflow/.local/lib/python3.12/site-packages/airflow/example_dags/example_bash_decorator.py
[2024-10-18T08:22:05.869+0000] {processor.py:840} INFO - DAG(s) 'example_bash_decorator' retrieved from /home/airflow/.local/lib/python3.12/site-packages/airflow/example_dags/example_bash_decorator.py
[2024-10-18T08:22:05.881+0000] {logging_mixin.py:188} INFO - [2024-10-18T08:22:05.881+0000] {dag.py:3096} INFO - Sync 1 DAGs
[2024-10-18T08:22:05.897+0000] {logging_mixin.py:188} INFO - [2024-10-18T08:22:05.896+0000] {dag.py:3954} INFO - Setting next_dagrun for example_bash_decorator to None, run_after=None
[2024-10-18T08:22:05.912+0000] {processor.py:183} INFO - Processing /home/airflow/.local/lib/python3.12/site-packages/airflow/example_dags/example_bash_decorator.py took 0.066 seconds
[2024-10-18T08:22:36.423+0000] {processor.py:161} INFO - Started process (PID=112) to work on /home/airflow/.local/lib/python3.12/site-packages/airflow/example_dags/example_bash_decorator.py
[2024-10-18T08:22:36.423+0000] {processor.py:830} INFO - Processing file /home/airflow/.local/lib/python3.12/site-packages/airflow/example_dags/example_bash_decorator.py for tasks to queue
[2024-10-18T08:22:36.424+0000] {logging_mixin.py:188} INFO - [2024-10-18T08:22:36.424+0000] {dagbag.py:545} INFO - Filling up the DagBag from /home/airflow/.local/lib/python3.12/site-packages/airflow/example_dags/example_bash_decorator.py
[2024-10-18T08:22:36.433+0000] {processor.py:840} INFO - DAG(s) 'example_bash_decorator' retrieved from /home/airflow/.local/lib/python3.12/site-packages/airflow/example_dags/example_bash_decorator.py
[2024-10-18T08:22:36.507+0000] {logging_mixin.py:188} INFO - [2024-10-18T08:22:36.506+0000] {dag.py:3096} INFO - Sync 1 DAGs
[2024-10-18T08:22:36.513+0000] {logging_mixin.py:188} INFO - [2024-10-18T08:22:36.513+0000] {dag.py:3954} INFO - Setting next_dagrun for example_bash_decorator to None, run_after=None
[2024-10-18T08:22:36.526+0000] {processor.py:183} INFO - Processing /home/airflow/.local/lib/python3.12/site-packages/airflow/example_dags/example_bash_decorator.py took 0.107 seconds
[2024-10-18T08:23:06.615+0000] {processor.py:161} INFO - Started process (PID=170) to work on /home/airflow/.local/lib/python3.12/site-packages/airflow/example_dags/example_bash_decorator.py
[2024-10-18T08:23:06.616+0000] {processor.py:830} INFO - Processing file /home/airflow/.local/lib/python3.12/site-packages/airflow/example_dags/example_bash_decorator.py for tasks to queue
[2024-10-18T08:23:06.618+0000] {logging_mixin.py:188} INFO - [2024-10-18T08:23:06.617+0000] {dagbag.py:545} INFO - Filling up the DagBag from /home/airflow/.local/lib/python3.12/site-packages/airflow/example_dags/example_bash_decorator.py
[2024-10-18T08:23:06.629+0000] {processor.py:840} INFO - DAG(s) 'example_bash_decorator' retrieved from /home/airflow/.local/lib/python3.12/site-packages/airflow/example_dags/example_bash_decorator.py
[2024-10-18T08:23:06.645+0000] {logging_mixin.py:188} INFO - [2024-10-18T08:23:06.645+0000] {dag.py:3096} INFO - Sync 1 DAGs
[2024-10-18T08:23:06.655+0000] {logging_mixin.py:188} INFO - [2024-10-18T08:23:06.655+0000] {dag.py:3954} INFO - Setting next_dagrun for example_bash_decorator to None, run_after=None
[2024-10-18T08:23:06.668+0000] {processor.py:183} INFO - Processing /home/airflow/.local/lib/python3.12/site-packages/airflow/example_dags/example_bash_decorator.py took 0.057 seconds
[2024-10-18T08:23:36.735+0000] {processor.py:161} INFO - Started process (PID=228) to work on /home/airflow/.local/lib/python3.12/site-packages/airflow/example_dags/example_bash_decorator.py
[2024-10-18T08:23:36.736+0000] {processor.py:830} INFO - Processing file /home/airflow/.local/lib/python3.12/site-packages/airflow/example_dags/example_bash_decorator.py for tasks to queue
[2024-10-18T08:23:36.737+0000] {logging_mixin.py:188} INFO - [2024-10-18T08:23:36.737+0000] {dagbag.py:545} INFO - Filling up the DagBag from /home/airflow/.local/lib/python3.12/site-packages/airflow/example_dags/example_bash_decorator.py
[2024-10-18T08:23:36.745+0000] {processor.py:840} INFO - DAG(s) 'example_bash_decorator' retrieved from /home/airflow/.local/lib/python3.12/site-packages/airflow/example_dags/example_bash_decorator.py
[2024-10-18T08:23:36.760+0000] {logging_mixin.py:188} INFO - [2024-10-18T08:23:36.759+0000] {dag.py:3096} INFO - Sync 1 DAGs
[2024-10-18T08:23:36.769+0000] {logging_mixin.py:188} INFO - [2024-10-18T08:23:36.769+0000] {dag.py:3954} INFO - Setting next_dagrun for example_bash_decorator to None, run_after=None
[2024-10-18T08:23:36.781+0000] {processor.py:183} INFO - Processing /home/airflow/.local/lib/python3.12/site-packages/airflow/example_dags/example_bash_decorator.py took 0.050 seconds
[2024-10-18T08:24:06.874+0000] {processor.py:161} INFO - Started process (PID=286) to work on /home/airflow/.local/lib/python3.12/site-packages/airflow/example_dags/example_bash_decorator.py
[2024-10-18T08:24:06.875+0000] {processor.py:830} INFO - Processing file /home/airflow/.local/lib/python3.12/site-packages/airflow/example_dags/example_bash_decorator.py for tasks to queue
[2024-10-18T08:24:06.877+0000] {logging_mixin.py:188} INFO - [2024-10-18T08:24:06.877+0000] {dagbag.py:545} INFO - Filling up the DagBag from /home/airflow/.local/lib/python3.12/site-packages/airflow/example_dags/example_bash_decorator.py
[2024-10-18T08:24:06.885+0000] {processor.py:840} INFO - DAG(s) 'example_bash_decorator' retrieved from /home/airflow/.local/lib/python3.12/site-packages/airflow/example_dags/example_bash_decorator.py
[2024-10-18T08:24:06.902+0000] {logging_mixin.py:188} INFO - [2024-10-18T08:24:06.902+0000] {dag.py:3096} INFO - Sync 1 DAGs
[2024-10-18T08:24:06.912+0000] {logging_mixin.py:188} INFO - [2024-10-18T08:24:06.912+0000] {dag.py:3954} INFO - Setting next_dagrun for example_bash_decorator to None, run_after=None
[2024-10-18T08:24:06.925+0000] {processor.py:183} INFO - Processing /home/airflow/.local/lib/python3.12/site-packages/airflow/example_dags/example_bash_decorator.py took 0.055 seconds
[2024-10-18T08:24:36.968+0000] {processor.py:161} INFO - Started process (PID=344) to work on /home/airflow/.local/lib/python3.12/site-packages/airflow/example_dags/example_bash_decorator.py
[2024-10-18T08:24:36.968+0000] {processor.py:830} INFO - Processing file /home/airflow/.local/lib/python3.12/site-packages/airflow/example_dags/example_bash_decorator.py for tasks to queue
[2024-10-18T08:24:36.969+0000] {logging_mixin.py:188} INFO - [2024-10-18T08:24:36.969+0000] {dagbag.py:545} INFO - Filling up the DagBag from /home/airflow/.local/lib/python3.12/site-packages/airflow/example_dags/example_bash_decorator.py
[2024-10-18T08:24:36.977+0000] {processor.py:840} INFO - DAG(s) 'example_bash_decorator' retrieved from /home/airflow/.local/lib/python3.12/site-packages/airflow/example_dags/example_bash_decorator.py
[2024-10-18T08:24:36.992+0000] {logging_mixin.py:188} INFO - [2024-10-18T08:24:36.992+0000] {dag.py:3096} INFO - Sync 1 DAGs
[2024-10-18T08:24:37.000+0000] {logging_mixin.py:188} INFO - [2024-10-18T08:24:37.000+0000] {dag.py:3954} INFO - Setting next_dagrun for example_bash_decorator to None, run_after=None
[2024-10-18T08:24:37.013+0000] {processor.py:183} INFO - Processing /home/airflow/.local/lib/python3.12/site-packages/airflow/example_dags/example_bash_decorator.py took 0.049 seconds
[2024-10-18T08:25:07.147+0000] {processor.py:161} INFO - Started process (PID=402) to work on /home/airflow/.local/lib/python3.12/site-packages/airflow/example_dags/example_bash_decorator.py
[2024-10-18T08:25:07.148+0000] {processor.py:830} INFO - Processing file /home/airflow/.local/lib/python3.12/site-packages/airflow/example_dags/example_bash_decorator.py for tasks to queue
[2024-10-18T08:25:07.149+0000] {logging_mixin.py:188} INFO - [2024-10-18T08:25:07.149+0000] {dagbag.py:545} INFO - Filling up the DagBag from /home/airflow/.local/lib/python3.12/site-packages/airflow/example_dags/example_bash_decorator.py
[2024-10-18T08:25:07.159+0000] {processor.py:840} INFO - DAG(s) 'example_bash_decorator' retrieved from /home/airflow/.local/lib/python3.12/site-packages/airflow/example_dags/example_bash_decorator.py
[2024-10-18T08:25:07.178+0000] {logging_mixin.py:188} INFO - [2024-10-18T08:25:07.178+0000] {dag.py:3096} INFO - Sync 1 DAGs
[2024-10-18T08:25:07.188+0000] {logging_mixin.py:188} INFO - [2024-10-18T08:25:07.188+0000] {dag.py:3954} INFO - Setting next_dagrun for example_bash_decorator to None, run_after=None
[2024-10-18T08:25:07.201+0000] {processor.py:183} INFO - Processing /home/airflow/.local/lib/python3.12/site-packages/airflow/example_dags/example_bash_decorator.py took 0.058 seconds
[2024-10-18T08:25:37.461+0000] {processor.py:161} INFO - Started process (PID=460) to work on /home/airflow/.local/lib/python3.12/site-packages/airflow/example_dags/example_bash_decorator.py
[2024-10-18T08:25:37.462+0000] {processor.py:830} INFO - Processing file /home/airflow/.local/lib/python3.12/site-packages/airflow/example_dags/example_bash_decorator.py for tasks to queue
[2024-10-18T08:25:37.463+0000] {logging_mixin.py:188} INFO - [2024-10-18T08:25:37.463+0000] {dagbag.py:545} INFO - Filling up the DagBag from /home/airflow/.local/lib/python3.12/site-packages/airflow/example_dags/example_bash_decorator.py
[2024-10-18T08:25:37.474+0000] {processor.py:840} INFO - DAG(s) 'example_bash_decorator' retrieved from /home/airflow/.local/lib/python3.12/site-packages/airflow/example_dags/example_bash_decorator.py
[2024-10-18T08:25:37.493+0000] {logging_mixin.py:188} INFO - [2024-10-18T08:25:37.493+0000] {dag.py:3096} INFO - Sync 1 DAGs
[2024-10-18T08:25:37.504+0000] {logging_mixin.py:188} INFO - [2024-10-18T08:25:37.504+0000] {dag.py:3954} INFO - Setting next_dagrun for example_bash_decorator to None, run_after=None
[2024-10-18T08:25:37.518+0000] {processor.py:183} INFO - Processing /home/airflow/.local/lib/python3.12/site-packages/airflow/example_dags/example_bash_decorator.py took 0.062 seconds
[2024-10-18T08:26:07.650+0000] {processor.py:161} INFO - Started process (PID=523) to work on /home/airflow/.local/lib/python3.12/site-packages/airflow/example_dags/example_bash_decorator.py
[2024-10-18T08:26:07.651+0000] {processor.py:830} INFO - Processing file /home/airflow/.local/lib/python3.12/site-packages/airflow/example_dags/example_bash_decorator.py for tasks to queue
[2024-10-18T08:26:07.652+0000] {logging_mixin.py:188} INFO - [2024-10-18T08:26:07.651+0000] {dagbag.py:545} INFO - Filling up the DagBag from /home/airflow/.local/lib/python3.12/site-packages/airflow/example_dags/example_bash_decorator.py
[2024-10-18T08:26:07.660+0000] {processor.py:840} INFO - DAG(s) 'example_bash_decorator' retrieved from /home/airflow/.local/lib/python3.12/site-packages/airflow/example_dags/example_bash_decorator.py
[2024-10-18T08:26:07.676+0000] {logging_mixin.py:188} INFO - [2024-10-18T08:26:07.675+0000] {dag.py:3096} INFO - Sync 1 DAGs
[2024-10-18T08:26:07.684+0000] {logging_mixin.py:188} INFO - [2024-10-18T08:26:07.684+0000] {dag.py:3954} INFO - Setting next_dagrun for example_bash_decorator to None, run_after=None
[2024-10-18T08:26:07.699+0000] {processor.py:183} INFO - Processing /home/airflow/.local/lib/python3.12/site-packages/airflow/example_dags/example_bash_decorator.py took 0.053 seconds
[2024-10-18T08:26:37.810+0000] {processor.py:161} INFO - Started process (PID=580) to work on /home/airflow/.local/lib/python3.12/site-packages/airflow/example_dags/example_bash_decorator.py
[2024-10-18T08:26:37.810+0000] {processor.py:830} INFO - Processing file /home/airflow/.local/lib/python3.12/site-packages/airflow/example_dags/example_bash_decorator.py for tasks to queue
[2024-10-18T08:26:37.812+0000] {logging_mixin.py:188} INFO - [2024-10-18T08:26:37.811+0000] {dagbag.py:545} INFO - Filling up the DagBag from /home/airflow/.local/lib/python3.12/site-packages/airflow/example_dags/example_bash_decorator.py
[2024-10-18T08:26:37.820+0000] {processor.py:840} INFO - DAG(s) 'example_bash_decorator' retrieved from /home/airflow/.local/lib/python3.12/site-packages/airflow/example_dags/example_bash_decorator.py
[2024-10-18T08:26:37.834+0000] {logging_mixin.py:188} INFO - [2024-10-18T08:26:37.834+0000] {dag.py:3096} INFO - Sync 1 DAGs
[2024-10-18T08:26:37.842+0000] {logging_mixin.py:188} INFO - [2024-10-18T08:26:37.842+0000] {dag.py:3954} INFO - Setting next_dagrun for example_bash_decorator to None, run_after=None
[2024-10-18T08:26:37.855+0000] {processor.py:183} INFO - Processing /home/airflow/.local/lib/python3.12/site-packages/airflow/example_dags/example_bash_decorator.py took 0.049 seconds
[2024-10-18T08:31:17.686+0000] {processor.py:161} INFO - Started process (PID=54) to work on /home/airflow/.local/lib/python3.12/site-packages/airflow/example_dags/example_bash_decorator.py
[2024-10-18T08:31:17.687+0000] {processor.py:830} INFO - Processing file /home/airflow/.local/lib/python3.12/site-packages/airflow/example_dags/example_bash_decorator.py for tasks to queue
[2024-10-18T08:31:17.689+0000] {logging_mixin.py:188} INFO - [2024-10-18T08:31:17.689+0000] {dagbag.py:545} INFO - Filling up the DagBag from /home/airflow/.local/lib/python3.12/site-packages/airflow/example_dags/example_bash_decorator.py
[2024-10-18T08:31:17.704+0000] {processor.py:840} INFO - DAG(s) 'example_bash_decorator' retrieved from /home/airflow/.local/lib/python3.12/site-packages/airflow/example_dags/example_bash_decorator.py
[2024-10-18T08:31:17.726+0000] {logging_mixin.py:188} INFO - [2024-10-18T08:31:17.725+0000] {dag.py:3096} INFO - Sync 1 DAGs
[2024-10-18T08:31:17.740+0000] {logging_mixin.py:188} INFO - [2024-10-18T08:31:17.740+0000] {dag.py:3954} INFO - Setting next_dagrun for example_bash_decorator to None, run_after=None
[2024-10-18T08:31:17.756+0000] {processor.py:183} INFO - Processing /home/airflow/.local/lib/python3.12/site-packages/airflow/example_dags/example_bash_decorator.py took 0.076 seconds
[2024-10-18T08:31:48.539+0000] {processor.py:161} INFO - Started process (PID=114) to work on /home/airflow/.local/lib/python3.12/site-packages/airflow/example_dags/example_bash_decorator.py
[2024-10-18T08:31:48.540+0000] {processor.py:830} INFO - Processing file /home/airflow/.local/lib/python3.12/site-packages/airflow/example_dags/example_bash_decorator.py for tasks to queue
[2024-10-18T08:31:48.541+0000] {logging_mixin.py:188} INFO - [2024-10-18T08:31:48.541+0000] {dagbag.py:545} INFO - Filling up the DagBag from /home/airflow/.local/lib/python3.12/site-packages/airflow/example_dags/example_bash_decorator.py
[2024-10-18T08:31:48.553+0000] {processor.py:840} INFO - DAG(s) 'example_bash_decorator' retrieved from /home/airflow/.local/lib/python3.12/site-packages/airflow/example_dags/example_bash_decorator.py
[2024-10-18T08:31:48.656+0000] {logging_mixin.py:188} INFO - [2024-10-18T08:31:48.656+0000] {dag.py:3096} INFO - Sync 1 DAGs
[2024-10-18T08:31:48.666+0000] {logging_mixin.py:188} INFO - [2024-10-18T08:31:48.666+0000] {dag.py:3954} INFO - Setting next_dagrun for example_bash_decorator to None, run_after=None
[2024-10-18T08:31:48.683+0000] {processor.py:183} INFO - Processing /home/airflow/.local/lib/python3.12/site-packages/airflow/example_dags/example_bash_decorator.py took 0.149 seconds
[2024-10-18T08:33:27.303+0000] {processor.py:161} INFO - Started process (PID=46) to work on /home/airflow/.local/lib/python3.12/site-packages/airflow/example_dags/example_bash_decorator.py
[2024-10-18T08:33:27.303+0000] {processor.py:830} INFO - Processing file /home/airflow/.local/lib/python3.12/site-packages/airflow/example_dags/example_bash_decorator.py for tasks to queue
[2024-10-18T08:33:27.305+0000] {logging_mixin.py:188} INFO - [2024-10-18T08:33:27.305+0000] {dagbag.py:545} INFO - Filling up the DagBag from /home/airflow/.local/lib/python3.12/site-packages/airflow/example_dags/example_bash_decorator.py
[2024-10-18T08:33:27.318+0000] {processor.py:840} INFO - DAG(s) 'example_bash_decorator' retrieved from /home/airflow/.local/lib/python3.12/site-packages/airflow/example_dags/example_bash_decorator.py
[2024-10-18T08:33:27.327+0000] {logging_mixin.py:188} INFO - [2024-10-18T08:33:27.327+0000] {dag.py:3096} INFO - Sync 1 DAGs
[2024-10-18T08:33:27.341+0000] {logging_mixin.py:188} INFO - [2024-10-18T08:33:27.341+0000] {dag.py:3954} INFO - Setting next_dagrun for example_bash_decorator to None, run_after=None
[2024-10-18T08:33:27.357+0000] {processor.py:183} INFO - Processing /home/airflow/.local/lib/python3.12/site-packages/airflow/example_dags/example_bash_decorator.py took 0.059 seconds
[2024-10-18T08:35:23.948+0000] {processor.py:161} INFO - Started process (PID=54) to work on /home/airflow/.local/lib/python3.12/site-packages/airflow/example_dags/example_bash_decorator.py
[2024-10-18T08:35:23.949+0000] {processor.py:830} INFO - Processing file /home/airflow/.local/lib/python3.12/site-packages/airflow/example_dags/example_bash_decorator.py for tasks to queue
[2024-10-18T08:35:23.951+0000] {logging_mixin.py:188} INFO - [2024-10-18T08:35:23.951+0000] {dagbag.py:545} INFO - Filling up the DagBag from /home/airflow/.local/lib/python3.12/site-packages/airflow/example_dags/example_bash_decorator.py
[2024-10-18T08:35:23.967+0000] {processor.py:840} INFO - DAG(s) 'example_bash_decorator' retrieved from /home/airflow/.local/lib/python3.12/site-packages/airflow/example_dags/example_bash_decorator.py
[2024-10-18T08:35:23.976+0000] {logging_mixin.py:188} INFO - [2024-10-18T08:35:23.975+0000] {dag.py:3096} INFO - Sync 1 DAGs
[2024-10-18T08:35:23.990+0000] {logging_mixin.py:188} INFO - [2024-10-18T08:35:23.990+0000] {dag.py:3954} INFO - Setting next_dagrun for example_bash_decorator to None, run_after=None
[2024-10-18T08:35:24.007+0000] {processor.py:183} INFO - Processing /home/airflow/.local/lib/python3.12/site-packages/airflow/example_dags/example_bash_decorator.py took 0.064 seconds
[2024-10-18T08:35:54.476+0000] {processor.py:161} INFO - Started process (PID=113) to work on /home/airflow/.local/lib/python3.12/site-packages/airflow/example_dags/example_bash_decorator.py
[2024-10-18T08:35:54.477+0000] {processor.py:830} INFO - Processing file /home/airflow/.local/lib/python3.12/site-packages/airflow/example_dags/example_bash_decorator.py for tasks to queue
[2024-10-18T08:35:54.478+0000] {logging_mixin.py:188} INFO - [2024-10-18T08:35:54.478+0000] {dagbag.py:545} INFO - Filling up the DagBag from /home/airflow/.local/lib/python3.12/site-packages/airflow/example_dags/example_bash_decorator.py
[2024-10-18T08:35:54.491+0000] {processor.py:840} INFO - DAG(s) 'example_bash_decorator' retrieved from /home/airflow/.local/lib/python3.12/site-packages/airflow/example_dags/example_bash_decorator.py
[2024-10-18T08:35:54.567+0000] {logging_mixin.py:188} INFO - [2024-10-18T08:35:54.567+0000] {dag.py:3096} INFO - Sync 1 DAGs
[2024-10-18T08:35:54.577+0000] {logging_mixin.py:188} INFO - [2024-10-18T08:35:54.577+0000] {dag.py:3954} INFO - Setting next_dagrun for example_bash_decorator to None, run_after=None
[2024-10-18T08:35:54.593+0000] {processor.py:183} INFO - Processing /home/airflow/.local/lib/python3.12/site-packages/airflow/example_dags/example_bash_decorator.py took 0.122 seconds
[2024-10-18T08:36:25.331+0000] {processor.py:161} INFO - Started process (PID=178) to work on /home/airflow/.local/lib/python3.12/site-packages/airflow/example_dags/example_bash_decorator.py
[2024-10-18T08:36:25.331+0000] {processor.py:830} INFO - Processing file /home/airflow/.local/lib/python3.12/site-packages/airflow/example_dags/example_bash_decorator.py for tasks to queue
[2024-10-18T08:36:25.333+0000] {logging_mixin.py:188} INFO - [2024-10-18T08:36:25.332+0000] {dagbag.py:545} INFO - Filling up the DagBag from /home/airflow/.local/lib/python3.12/site-packages/airflow/example_dags/example_bash_decorator.py
[2024-10-18T08:36:25.341+0000] {processor.py:840} INFO - DAG(s) 'example_bash_decorator' retrieved from /home/airflow/.local/lib/python3.12/site-packages/airflow/example_dags/example_bash_decorator.py
[2024-10-18T08:36:25.357+0000] {logging_mixin.py:188} INFO - [2024-10-18T08:36:25.357+0000] {dag.py:3096} INFO - Sync 1 DAGs
[2024-10-18T08:36:25.365+0000] {logging_mixin.py:188} INFO - [2024-10-18T08:36:25.364+0000] {dag.py:3954} INFO - Setting next_dagrun for example_bash_decorator to None, run_after=None
[2024-10-18T08:36:25.376+0000] {processor.py:183} INFO - Processing /home/airflow/.local/lib/python3.12/site-packages/airflow/example_dags/example_bash_decorator.py took 0.050 seconds
[2024-10-18T08:36:55.453+0000] {processor.py:161} INFO - Started process (PID=237) to work on /home/airflow/.local/lib/python3.12/site-packages/airflow/example_dags/example_bash_decorator.py
[2024-10-18T08:36:55.454+0000] {processor.py:830} INFO - Processing file /home/airflow/.local/lib/python3.12/site-packages/airflow/example_dags/example_bash_decorator.py for tasks to queue
[2024-10-18T08:36:55.455+0000] {logging_mixin.py:188} INFO - [2024-10-18T08:36:55.455+0000] {dagbag.py:545} INFO - Filling up the DagBag from /home/airflow/.local/lib/python3.12/site-packages/airflow/example_dags/example_bash_decorator.py
[2024-10-18T08:36:55.467+0000] {processor.py:840} INFO - DAG(s) 'example_bash_decorator' retrieved from /home/airflow/.local/lib/python3.12/site-packages/airflow/example_dags/example_bash_decorator.py
[2024-10-18T08:36:55.483+0000] {logging_mixin.py:188} INFO - [2024-10-18T08:36:55.483+0000] {dag.py:3096} INFO - Sync 1 DAGs
[2024-10-18T08:36:55.492+0000] {logging_mixin.py:188} INFO - [2024-10-18T08:36:55.492+0000] {dag.py:3954} INFO - Setting next_dagrun for example_bash_decorator to None, run_after=None
[2024-10-18T08:36:55.504+0000] {processor.py:183} INFO - Processing /home/airflow/.local/lib/python3.12/site-packages/airflow/example_dags/example_bash_decorator.py took 0.055 seconds
[2024-10-18T08:37:25.737+0000] {processor.py:161} INFO - Started process (PID=296) to work on /home/airflow/.local/lib/python3.12/site-packages/airflow/example_dags/example_bash_decorator.py
[2024-10-18T08:37:25.738+0000] {processor.py:830} INFO - Processing file /home/airflow/.local/lib/python3.12/site-packages/airflow/example_dags/example_bash_decorator.py for tasks to queue
[2024-10-18T08:37:25.739+0000] {logging_mixin.py:188} INFO - [2024-10-18T08:37:25.739+0000] {dagbag.py:545} INFO - Filling up the DagBag from /home/airflow/.local/lib/python3.12/site-packages/airflow/example_dags/example_bash_decorator.py
[2024-10-18T08:37:25.747+0000] {processor.py:840} INFO - DAG(s) 'example_bash_decorator' retrieved from /home/airflow/.local/lib/python3.12/site-packages/airflow/example_dags/example_bash_decorator.py
[2024-10-18T08:37:25.764+0000] {logging_mixin.py:188} INFO - [2024-10-18T08:37:25.764+0000] {dag.py:3096} INFO - Sync 1 DAGs
[2024-10-18T08:37:25.775+0000] {logging_mixin.py:188} INFO - [2024-10-18T08:37:25.775+0000] {dag.py:3954} INFO - Setting next_dagrun for example_bash_decorator to None, run_after=None
[2024-10-18T08:37:25.787+0000] {processor.py:183} INFO - Processing /home/airflow/.local/lib/python3.12/site-packages/airflow/example_dags/example_bash_decorator.py took 0.054 seconds
[2024-10-18T08:37:55.975+0000] {processor.py:161} INFO - Started process (PID=355) to work on /home/airflow/.local/lib/python3.12/site-packages/airflow/example_dags/example_bash_decorator.py
[2024-10-18T08:37:55.975+0000] {processor.py:830} INFO - Processing file /home/airflow/.local/lib/python3.12/site-packages/airflow/example_dags/example_bash_decorator.py for tasks to queue
[2024-10-18T08:37:55.977+0000] {logging_mixin.py:188} INFO - [2024-10-18T08:37:55.976+0000] {dagbag.py:545} INFO - Filling up the DagBag from /home/airflow/.local/lib/python3.12/site-packages/airflow/example_dags/example_bash_decorator.py
[2024-10-18T08:37:55.985+0000] {processor.py:840} INFO - DAG(s) 'example_bash_decorator' retrieved from /home/airflow/.local/lib/python3.12/site-packages/airflow/example_dags/example_bash_decorator.py
[2024-10-18T08:37:56.003+0000] {logging_mixin.py:188} INFO - [2024-10-18T08:37:56.002+0000] {dag.py:3096} INFO - Sync 1 DAGs
[2024-10-18T08:37:56.011+0000] {logging_mixin.py:188} INFO - [2024-10-18T08:37:56.011+0000] {dag.py:3954} INFO - Setting next_dagrun for example_bash_decorator to None, run_after=None
[2024-10-18T08:37:56.024+0000] {processor.py:183} INFO - Processing /home/airflow/.local/lib/python3.12/site-packages/airflow/example_dags/example_bash_decorator.py took 0.054 seconds
[2024-10-18T08:38:26.268+0000] {processor.py:161} INFO - Started process (PID=414) to work on /home/airflow/.local/lib/python3.12/site-packages/airflow/example_dags/example_bash_decorator.py
[2024-10-18T08:38:26.269+0000] {processor.py:830} INFO - Processing file /home/airflow/.local/lib/python3.12/site-packages/airflow/example_dags/example_bash_decorator.py for tasks to queue
[2024-10-18T08:38:26.270+0000] {logging_mixin.py:188} INFO - [2024-10-18T08:38:26.270+0000] {dagbag.py:545} INFO - Filling up the DagBag from /home/airflow/.local/lib/python3.12/site-packages/airflow/example_dags/example_bash_decorator.py
[2024-10-18T08:38:26.278+0000] {processor.py:840} INFO - DAG(s) 'example_bash_decorator' retrieved from /home/airflow/.local/lib/python3.12/site-packages/airflow/example_dags/example_bash_decorator.py
[2024-10-18T08:38:26.292+0000] {logging_mixin.py:188} INFO - [2024-10-18T08:38:26.292+0000] {dag.py:3096} INFO - Sync 1 DAGs
[2024-10-18T08:38:26.300+0000] {logging_mixin.py:188} INFO - [2024-10-18T08:38:26.300+0000] {dag.py:3954} INFO - Setting next_dagrun for example_bash_decorator to None, run_after=None
[2024-10-18T08:38:26.316+0000] {processor.py:183} INFO - Processing /home/airflow/.local/lib/python3.12/site-packages/airflow/example_dags/example_bash_decorator.py took 0.052 seconds
[2024-10-18T08:38:56.536+0000] {processor.py:161} INFO - Started process (PID=473) to work on /home/airflow/.local/lib/python3.12/site-packages/airflow/example_dags/example_bash_decorator.py
[2024-10-18T08:38:56.536+0000] {processor.py:830} INFO - Processing file /home/airflow/.local/lib/python3.12/site-packages/airflow/example_dags/example_bash_decorator.py for tasks to queue
[2024-10-18T08:38:56.538+0000] {logging_mixin.py:188} INFO - [2024-10-18T08:38:56.537+0000] {dagbag.py:545} INFO - Filling up the DagBag from /home/airflow/.local/lib/python3.12/site-packages/airflow/example_dags/example_bash_decorator.py
[2024-10-18T08:38:56.546+0000] {processor.py:840} INFO - DAG(s) 'example_bash_decorator' retrieved from /home/airflow/.local/lib/python3.12/site-packages/airflow/example_dags/example_bash_decorator.py
[2024-10-18T08:38:56.565+0000] {logging_mixin.py:188} INFO - [2024-10-18T08:38:56.565+0000] {dag.py:3096} INFO - Sync 1 DAGs
[2024-10-18T08:38:56.575+0000] {logging_mixin.py:188} INFO - [2024-10-18T08:38:56.575+0000] {dag.py:3954} INFO - Setting next_dagrun for example_bash_decorator to None, run_after=None
[2024-10-18T08:38:56.587+0000] {processor.py:183} INFO - Processing /home/airflow/.local/lib/python3.12/site-packages/airflow/example_dags/example_bash_decorator.py took 0.056 seconds
[2024-10-18T08:40:01.990+0000] {processor.py:161} INFO - Started process (PID=53) to work on /home/airflow/.local/lib/python3.12/site-packages/airflow/example_dags/example_bash_decorator.py
[2024-10-18T08:40:01.992+0000] {processor.py:830} INFO - Processing file /home/airflow/.local/lib/python3.12/site-packages/airflow/example_dags/example_bash_decorator.py for tasks to queue
[2024-10-18T08:40:01.993+0000] {logging_mixin.py:188} INFO - [2024-10-18T08:40:01.993+0000] {dagbag.py:545} INFO - Filling up the DagBag from /home/airflow/.local/lib/python3.12/site-packages/airflow/example_dags/example_bash_decorator.py
[2024-10-18T08:40:02.018+0000] {processor.py:840} INFO - DAG(s) 'example_bash_decorator' retrieved from /home/airflow/.local/lib/python3.12/site-packages/airflow/example_dags/example_bash_decorator.py
[2024-10-18T08:40:02.028+0000] {logging_mixin.py:188} INFO - [2024-10-18T08:40:02.028+0000] {dag.py:3096} INFO - Sync 1 DAGs
[2024-10-18T08:40:02.042+0000] {logging_mixin.py:188} INFO - [2024-10-18T08:40:02.042+0000] {dag.py:3954} INFO - Setting next_dagrun for example_bash_decorator to None, run_after=None
[2024-10-18T08:40:02.058+0000] {processor.py:183} INFO - Processing /home/airflow/.local/lib/python3.12/site-packages/airflow/example_dags/example_bash_decorator.py took 0.073 seconds
[2024-10-18T08:40:32.756+0000] {processor.py:161} INFO - Started process (PID=124) to work on /home/airflow/.local/lib/python3.12/site-packages/airflow/example_dags/example_bash_decorator.py
[2024-10-18T08:40:32.756+0000] {processor.py:830} INFO - Processing file /home/airflow/.local/lib/python3.12/site-packages/airflow/example_dags/example_bash_decorator.py for tasks to queue
[2024-10-18T08:40:32.757+0000] {logging_mixin.py:188} INFO - [2024-10-18T08:40:32.757+0000] {dagbag.py:545} INFO - Filling up the DagBag from /home/airflow/.local/lib/python3.12/site-packages/airflow/example_dags/example_bash_decorator.py
[2024-10-18T08:40:32.766+0000] {processor.py:840} INFO - DAG(s) 'example_bash_decorator' retrieved from /home/airflow/.local/lib/python3.12/site-packages/airflow/example_dags/example_bash_decorator.py
[2024-10-18T08:40:32.833+0000] {logging_mixin.py:188} INFO - [2024-10-18T08:40:32.833+0000] {dag.py:3096} INFO - Sync 1 DAGs
[2024-10-18T08:40:32.840+0000] {logging_mixin.py:188} INFO - [2024-10-18T08:40:32.840+0000] {dag.py:3954} INFO - Setting next_dagrun for example_bash_decorator to None, run_after=None
[2024-10-18T08:40:32.857+0000] {processor.py:183} INFO - Processing /home/airflow/.local/lib/python3.12/site-packages/airflow/example_dags/example_bash_decorator.py took 0.105 seconds
[2024-10-18T08:41:03.020+0000] {processor.py:161} INFO - Started process (PID=183) to work on /home/airflow/.local/lib/python3.12/site-packages/airflow/example_dags/example_bash_decorator.py
[2024-10-18T08:41:03.021+0000] {processor.py:830} INFO - Processing file /home/airflow/.local/lib/python3.12/site-packages/airflow/example_dags/example_bash_decorator.py for tasks to queue
[2024-10-18T08:41:03.022+0000] {logging_mixin.py:188} INFO - [2024-10-18T08:41:03.022+0000] {dagbag.py:545} INFO - Filling up the DagBag from /home/airflow/.local/lib/python3.12/site-packages/airflow/example_dags/example_bash_decorator.py
[2024-10-18T08:41:03.032+0000] {processor.py:840} INFO - DAG(s) 'example_bash_decorator' retrieved from /home/airflow/.local/lib/python3.12/site-packages/airflow/example_dags/example_bash_decorator.py
[2024-10-18T08:41:03.047+0000] {logging_mixin.py:188} INFO - [2024-10-18T08:41:03.047+0000] {dag.py:3096} INFO - Sync 1 DAGs
[2024-10-18T08:41:03.055+0000] {logging_mixin.py:188} INFO - [2024-10-18T08:41:03.055+0000] {dag.py:3954} INFO - Setting next_dagrun for example_bash_decorator to None, run_after=None
[2024-10-18T08:41:03.068+0000] {processor.py:183} INFO - Processing /home/airflow/.local/lib/python3.12/site-packages/airflow/example_dags/example_bash_decorator.py took 0.052 seconds
