[2024-10-18T08:22:05.926+0000] {processor.py:161} INFO - Started process (PID=55) to work on /home/airflow/.local/lib/python3.12/site-packages/airflow/example_dags/example_nested_branch_dag.py
[2024-10-18T08:22:05.926+0000] {processor.py:830} INFO - Processing file /home/airflow/.local/lib/python3.12/site-packages/airflow/example_dags/example_nested_branch_dag.py for tasks to queue
[2024-10-18T08:22:05.927+0000] {logging_mixin.py:188} INFO - [2024-10-18T08:22:05.927+0000] {dagbag.py:545} INFO - Filling up the DagBag from /home/airflow/.local/lib/python3.12/site-packages/airflow/example_dags/example_nested_branch_dag.py
[2024-10-18T08:22:05.935+0000] {processor.py:840} INFO - DAG(s) 'example_nested_branch_dag' retrieved from /home/airflow/.local/lib/python3.12/site-packages/airflow/example_dags/example_nested_branch_dag.py
[2024-10-18T08:22:05.942+0000] {logging_mixin.py:188} INFO - [2024-10-18T08:22:05.942+0000] {dag.py:3096} INFO - Sync 1 DAGs
[2024-10-18T08:22:05.960+0000] {logging_mixin.py:188} INFO - [2024-10-18T08:22:05.960+0000] {dag.py:3954} INFO - Setting next_dagrun for example_nested_branch_dag to 2024-10-17 00:00:00+00:00, run_after=2024-10-18 00:00:00+00:00
[2024-10-18T08:22:05.972+0000] {processor.py:183} INFO - Processing /home/airflow/.local/lib/python3.12/site-packages/airflow/example_dags/example_nested_branch_dag.py took 0.050 seconds
[2024-10-18T08:22:36.541+0000] {processor.py:161} INFO - Started process (PID=113) to work on /home/airflow/.local/lib/python3.12/site-packages/airflow/example_dags/example_nested_branch_dag.py
[2024-10-18T08:22:36.541+0000] {processor.py:830} INFO - Processing file /home/airflow/.local/lib/python3.12/site-packages/airflow/example_dags/example_nested_branch_dag.py for tasks to queue
[2024-10-18T08:22:36.542+0000] {logging_mixin.py:188} INFO - [2024-10-18T08:22:36.542+0000] {dagbag.py:545} INFO - Filling up the DagBag from /home/airflow/.local/lib/python3.12/site-packages/airflow/example_dags/example_nested_branch_dag.py
[2024-10-18T08:22:36.548+0000] {processor.py:840} INFO - DAG(s) 'example_nested_branch_dag' retrieved from /home/airflow/.local/lib/python3.12/site-packages/airflow/example_dags/example_nested_branch_dag.py
[2024-10-18T08:22:36.623+0000] {logging_mixin.py:188} INFO - [2024-10-18T08:22:36.622+0000] {dag.py:3096} INFO - Sync 1 DAGs
[2024-10-18T08:22:36.636+0000] {logging_mixin.py:188} INFO - [2024-10-18T08:22:36.636+0000] {dag.py:3954} INFO - Setting next_dagrun for example_nested_branch_dag to 2024-10-17 00:00:00+00:00, run_after=2024-10-18 00:00:00+00:00
[2024-10-18T08:22:36.652+0000] {processor.py:183} INFO - Processing /home/airflow/.local/lib/python3.12/site-packages/airflow/example_dags/example_nested_branch_dag.py took 0.115 seconds
[2024-10-18T08:23:06.680+0000] {processor.py:161} INFO - Started process (PID=171) to work on /home/airflow/.local/lib/python3.12/site-packages/airflow/example_dags/example_nested_branch_dag.py
[2024-10-18T08:23:06.681+0000] {processor.py:830} INFO - Processing file /home/airflow/.local/lib/python3.12/site-packages/airflow/example_dags/example_nested_branch_dag.py for tasks to queue
[2024-10-18T08:23:06.682+0000] {logging_mixin.py:188} INFO - [2024-10-18T08:23:06.682+0000] {dagbag.py:545} INFO - Filling up the DagBag from /home/airflow/.local/lib/python3.12/site-packages/airflow/example_dags/example_nested_branch_dag.py
[2024-10-18T08:23:06.688+0000] {processor.py:840} INFO - DAG(s) 'example_nested_branch_dag' retrieved from /home/airflow/.local/lib/python3.12/site-packages/airflow/example_dags/example_nested_branch_dag.py
[2024-10-18T08:23:06.701+0000] {logging_mixin.py:188} INFO - [2024-10-18T08:23:06.701+0000] {dag.py:3096} INFO - Sync 1 DAGs
[2024-10-18T08:23:06.716+0000] {logging_mixin.py:188} INFO - [2024-10-18T08:23:06.716+0000] {dag.py:3954} INFO - Setting next_dagrun for example_nested_branch_dag to 2024-10-17 00:00:00+00:00, run_after=2024-10-18 00:00:00+00:00
[2024-10-18T08:23:06.729+0000] {processor.py:183} INFO - Processing /home/airflow/.local/lib/python3.12/site-packages/airflow/example_dags/example_nested_branch_dag.py took 0.052 seconds
[2024-10-18T08:23:36.775+0000] {processor.py:161} INFO - Started process (PID=229) to work on /home/airflow/.local/lib/python3.12/site-packages/airflow/example_dags/example_nested_branch_dag.py
[2024-10-18T08:23:36.776+0000] {processor.py:830} INFO - Processing file /home/airflow/.local/lib/python3.12/site-packages/airflow/example_dags/example_nested_branch_dag.py for tasks to queue
[2024-10-18T08:23:36.777+0000] {logging_mixin.py:188} INFO - [2024-10-18T08:23:36.777+0000] {dagbag.py:545} INFO - Filling up the DagBag from /home/airflow/.local/lib/python3.12/site-packages/airflow/example_dags/example_nested_branch_dag.py
[2024-10-18T08:23:36.784+0000] {processor.py:840} INFO - DAG(s) 'example_nested_branch_dag' retrieved from /home/airflow/.local/lib/python3.12/site-packages/airflow/example_dags/example_nested_branch_dag.py
[2024-10-18T08:23:36.797+0000] {logging_mixin.py:188} INFO - [2024-10-18T08:23:36.797+0000] {dag.py:3096} INFO - Sync 1 DAGs
[2024-10-18T08:23:36.812+0000] {logging_mixin.py:188} INFO - [2024-10-18T08:23:36.811+0000] {dag.py:3954} INFO - Setting next_dagrun for example_nested_branch_dag to 2024-10-17 00:00:00+00:00, run_after=2024-10-18 00:00:00+00:00
[2024-10-18T08:23:36.827+0000] {processor.py:183} INFO - Processing /home/airflow/.local/lib/python3.12/site-packages/airflow/example_dags/example_nested_branch_dag.py took 0.056 seconds
[2024-10-18T08:24:06.883+0000] {processor.py:161} INFO - Started process (PID=287) to work on /home/airflow/.local/lib/python3.12/site-packages/airflow/example_dags/example_nested_branch_dag.py
[2024-10-18T08:24:06.883+0000] {processor.py:830} INFO - Processing file /home/airflow/.local/lib/python3.12/site-packages/airflow/example_dags/example_nested_branch_dag.py for tasks to queue
[2024-10-18T08:24:06.884+0000] {logging_mixin.py:188} INFO - [2024-10-18T08:24:06.884+0000] {dagbag.py:545} INFO - Filling up the DagBag from /home/airflow/.local/lib/python3.12/site-packages/airflow/example_dags/example_nested_branch_dag.py
[2024-10-18T08:24:06.891+0000] {processor.py:840} INFO - DAG(s) 'example_nested_branch_dag' retrieved from /home/airflow/.local/lib/python3.12/site-packages/airflow/example_dags/example_nested_branch_dag.py
[2024-10-18T08:24:06.908+0000] {logging_mixin.py:188} INFO - [2024-10-18T08:24:06.908+0000] {dag.py:3096} INFO - Sync 1 DAGs
[2024-10-18T08:24:06.924+0000] {logging_mixin.py:188} INFO - [2024-10-18T08:24:06.924+0000] {dag.py:3954} INFO - Setting next_dagrun for example_nested_branch_dag to 2024-10-17 00:00:00+00:00, run_after=2024-10-18 00:00:00+00:00
[2024-10-18T08:24:06.936+0000] {processor.py:183} INFO - Processing /home/airflow/.local/lib/python3.12/site-packages/airflow/example_dags/example_nested_branch_dag.py took 0.057 seconds
[2024-10-18T08:24:37.009+0000] {processor.py:161} INFO - Started process (PID=345) to work on /home/airflow/.local/lib/python3.12/site-packages/airflow/example_dags/example_nested_branch_dag.py
[2024-10-18T08:24:37.009+0000] {processor.py:830} INFO - Processing file /home/airflow/.local/lib/python3.12/site-packages/airflow/example_dags/example_nested_branch_dag.py for tasks to queue
[2024-10-18T08:24:37.011+0000] {logging_mixin.py:188} INFO - [2024-10-18T08:24:37.010+0000] {dagbag.py:545} INFO - Filling up the DagBag from /home/airflow/.local/lib/python3.12/site-packages/airflow/example_dags/example_nested_branch_dag.py
[2024-10-18T08:24:37.017+0000] {processor.py:840} INFO - DAG(s) 'example_nested_branch_dag' retrieved from /home/airflow/.local/lib/python3.12/site-packages/airflow/example_dags/example_nested_branch_dag.py
[2024-10-18T08:24:37.030+0000] {logging_mixin.py:188} INFO - [2024-10-18T08:24:37.030+0000] {dag.py:3096} INFO - Sync 1 DAGs
[2024-10-18T08:24:37.043+0000] {logging_mixin.py:188} INFO - [2024-10-18T08:24:37.043+0000] {dag.py:3954} INFO - Setting next_dagrun for example_nested_branch_dag to 2024-10-17 00:00:00+00:00, run_after=2024-10-18 00:00:00+00:00
[2024-10-18T08:24:37.059+0000] {processor.py:183} INFO - Processing /home/airflow/.local/lib/python3.12/site-packages/airflow/example_dags/example_nested_branch_dag.py took 0.055 seconds
[2024-10-18T08:25:07.202+0000] {processor.py:161} INFO - Started process (PID=403) to work on /home/airflow/.local/lib/python3.12/site-packages/airflow/example_dags/example_nested_branch_dag.py
[2024-10-18T08:25:07.203+0000] {processor.py:830} INFO - Processing file /home/airflow/.local/lib/python3.12/site-packages/airflow/example_dags/example_nested_branch_dag.py for tasks to queue
[2024-10-18T08:25:07.204+0000] {logging_mixin.py:188} INFO - [2024-10-18T08:25:07.204+0000] {dagbag.py:545} INFO - Filling up the DagBag from /home/airflow/.local/lib/python3.12/site-packages/airflow/example_dags/example_nested_branch_dag.py
[2024-10-18T08:25:07.211+0000] {processor.py:840} INFO - DAG(s) 'example_nested_branch_dag' retrieved from /home/airflow/.local/lib/python3.12/site-packages/airflow/example_dags/example_nested_branch_dag.py
[2024-10-18T08:25:07.224+0000] {logging_mixin.py:188} INFO - [2024-10-18T08:25:07.224+0000] {dag.py:3096} INFO - Sync 1 DAGs
[2024-10-18T08:25:07.239+0000] {logging_mixin.py:188} INFO - [2024-10-18T08:25:07.239+0000] {dag.py:3954} INFO - Setting next_dagrun for example_nested_branch_dag to 2024-10-17 00:00:00+00:00, run_after=2024-10-18 00:00:00+00:00
[2024-10-18T08:25:07.253+0000] {processor.py:183} INFO - Processing /home/airflow/.local/lib/python3.12/site-packages/airflow/example_dags/example_nested_branch_dag.py took 0.055 seconds
[2024-10-18T08:25:37.533+0000] {processor.py:161} INFO - Started process (PID=466) to work on /home/airflow/.local/lib/python3.12/site-packages/airflow/example_dags/example_nested_branch_dag.py
[2024-10-18T08:25:37.534+0000] {processor.py:830} INFO - Processing file /home/airflow/.local/lib/python3.12/site-packages/airflow/example_dags/example_nested_branch_dag.py for tasks to queue
[2024-10-18T08:25:37.535+0000] {logging_mixin.py:188} INFO - [2024-10-18T08:25:37.535+0000] {dagbag.py:545} INFO - Filling up the DagBag from /home/airflow/.local/lib/python3.12/site-packages/airflow/example_dags/example_nested_branch_dag.py
[2024-10-18T08:25:37.543+0000] {processor.py:840} INFO - DAG(s) 'example_nested_branch_dag' retrieved from /home/airflow/.local/lib/python3.12/site-packages/airflow/example_dags/example_nested_branch_dag.py
[2024-10-18T08:25:37.558+0000] {logging_mixin.py:188} INFO - [2024-10-18T08:25:37.557+0000] {dag.py:3096} INFO - Sync 1 DAGs
[2024-10-18T08:25:37.572+0000] {logging_mixin.py:188} INFO - [2024-10-18T08:25:37.572+0000] {dag.py:3954} INFO - Setting next_dagrun for example_nested_branch_dag to 2024-10-17 00:00:00+00:00, run_after=2024-10-18 00:00:00+00:00
[2024-10-18T08:25:37.585+0000] {processor.py:183} INFO - Processing /home/airflow/.local/lib/python3.12/site-packages/airflow/example_dags/example_nested_branch_dag.py took 0.055 seconds
[2024-10-18T08:26:07.713+0000] {processor.py:161} INFO - Started process (PID=524) to work on /home/airflow/.local/lib/python3.12/site-packages/airflow/example_dags/example_nested_branch_dag.py
[2024-10-18T08:26:07.714+0000] {processor.py:830} INFO - Processing file /home/airflow/.local/lib/python3.12/site-packages/airflow/example_dags/example_nested_branch_dag.py for tasks to queue
[2024-10-18T08:26:07.715+0000] {logging_mixin.py:188} INFO - [2024-10-18T08:26:07.715+0000] {dagbag.py:545} INFO - Filling up the DagBag from /home/airflow/.local/lib/python3.12/site-packages/airflow/example_dags/example_nested_branch_dag.py
[2024-10-18T08:26:07.721+0000] {processor.py:840} INFO - DAG(s) 'example_nested_branch_dag' retrieved from /home/airflow/.local/lib/python3.12/site-packages/airflow/example_dags/example_nested_branch_dag.py
[2024-10-18T08:26:07.735+0000] {logging_mixin.py:188} INFO - [2024-10-18T08:26:07.735+0000] {dag.py:3096} INFO - Sync 1 DAGs
[2024-10-18T08:26:07.751+0000] {logging_mixin.py:188} INFO - [2024-10-18T08:26:07.751+0000] {dag.py:3954} INFO - Setting next_dagrun for example_nested_branch_dag to 2024-10-17 00:00:00+00:00, run_after=2024-10-18 00:00:00+00:00
[2024-10-18T08:26:07.762+0000] {processor.py:183} INFO - Processing /home/airflow/.local/lib/python3.12/site-packages/airflow/example_dags/example_nested_branch_dag.py took 0.053 seconds
[2024-10-18T08:26:37.873+0000] {processor.py:161} INFO - Started process (PID=582) to work on /home/airflow/.local/lib/python3.12/site-packages/airflow/example_dags/example_nested_branch_dag.py
[2024-10-18T08:26:37.874+0000] {processor.py:830} INFO - Processing file /home/airflow/.local/lib/python3.12/site-packages/airflow/example_dags/example_nested_branch_dag.py for tasks to queue
[2024-10-18T08:26:37.875+0000] {logging_mixin.py:188} INFO - [2024-10-18T08:26:37.875+0000] {dagbag.py:545} INFO - Filling up the DagBag from /home/airflow/.local/lib/python3.12/site-packages/airflow/example_dags/example_nested_branch_dag.py
[2024-10-18T08:26:37.881+0000] {processor.py:840} INFO - DAG(s) 'example_nested_branch_dag' retrieved from /home/airflow/.local/lib/python3.12/site-packages/airflow/example_dags/example_nested_branch_dag.py
[2024-10-18T08:26:37.895+0000] {logging_mixin.py:188} INFO - [2024-10-18T08:26:37.895+0000] {dag.py:3096} INFO - Sync 1 DAGs
[2024-10-18T08:26:37.911+0000] {logging_mixin.py:188} INFO - [2024-10-18T08:26:37.911+0000] {dag.py:3954} INFO - Setting next_dagrun for example_nested_branch_dag to 2024-10-17 00:00:00+00:00, run_after=2024-10-18 00:00:00+00:00
[2024-10-18T08:26:37.925+0000] {processor.py:183} INFO - Processing /home/airflow/.local/lib/python3.12/site-packages/airflow/example_dags/example_nested_branch_dag.py took 0.056 seconds
[2024-10-18T08:31:17.745+0000] {processor.py:161} INFO - Started process (PID=55) to work on /home/airflow/.local/lib/python3.12/site-packages/airflow/example_dags/example_nested_branch_dag.py
[2024-10-18T08:31:17.746+0000] {processor.py:830} INFO - Processing file /home/airflow/.local/lib/python3.12/site-packages/airflow/example_dags/example_nested_branch_dag.py for tasks to queue
[2024-10-18T08:31:17.748+0000] {logging_mixin.py:188} INFO - [2024-10-18T08:31:17.747+0000] {dagbag.py:545} INFO - Filling up the DagBag from /home/airflow/.local/lib/python3.12/site-packages/airflow/example_dags/example_nested_branch_dag.py
[2024-10-18T08:31:17.760+0000] {processor.py:840} INFO - DAG(s) 'example_nested_branch_dag' retrieved from /home/airflow/.local/lib/python3.12/site-packages/airflow/example_dags/example_nested_branch_dag.py
[2024-10-18T08:31:17.769+0000] {logging_mixin.py:188} INFO - [2024-10-18T08:31:17.769+0000] {dag.py:3096} INFO - Sync 1 DAGs
[2024-10-18T08:31:17.794+0000] {logging_mixin.py:188} INFO - [2024-10-18T08:31:17.793+0000] {dag.py:3954} INFO - Setting next_dagrun for example_nested_branch_dag to 2024-10-17 00:00:00+00:00, run_after=2024-10-18 00:00:00+00:00
[2024-10-18T08:31:17.810+0000] {processor.py:183} INFO - Processing /home/airflow/.local/lib/python3.12/site-packages/airflow/example_dags/example_nested_branch_dag.py took 0.071 seconds
[2024-10-18T08:31:48.650+0000] {processor.py:161} INFO - Started process (PID=115) to work on /home/airflow/.local/lib/python3.12/site-packages/airflow/example_dags/example_nested_branch_dag.py
[2024-10-18T08:31:48.651+0000] {processor.py:830} INFO - Processing file /home/airflow/.local/lib/python3.12/site-packages/airflow/example_dags/example_nested_branch_dag.py for tasks to queue
[2024-10-18T08:31:48.652+0000] {logging_mixin.py:188} INFO - [2024-10-18T08:31:48.652+0000] {dagbag.py:545} INFO - Filling up the DagBag from /home/airflow/.local/lib/python3.12/site-packages/airflow/example_dags/example_nested_branch_dag.py
[2024-10-18T08:31:48.659+0000] {processor.py:840} INFO - DAG(s) 'example_nested_branch_dag' retrieved from /home/airflow/.local/lib/python3.12/site-packages/airflow/example_dags/example_nested_branch_dag.py
[2024-10-18T08:31:48.730+0000] {logging_mixin.py:188} INFO - [2024-10-18T08:31:48.729+0000] {dag.py:3096} INFO - Sync 1 DAGs
[2024-10-18T08:31:48.743+0000] {logging_mixin.py:188} INFO - [2024-10-18T08:31:48.743+0000] {dag.py:3954} INFO - Setting next_dagrun for example_nested_branch_dag to 2024-10-17 00:00:00+00:00, run_after=2024-10-18 00:00:00+00:00
[2024-10-18T08:31:48.756+0000] {processor.py:183} INFO - Processing /home/airflow/.local/lib/python3.12/site-packages/airflow/example_dags/example_nested_branch_dag.py took 0.111 seconds
[2024-10-18T08:33:27.342+0000] {processor.py:161} INFO - Started process (PID=47) to work on /home/airflow/.local/lib/python3.12/site-packages/airflow/example_dags/example_nested_branch_dag.py
[2024-10-18T08:33:27.343+0000] {processor.py:830} INFO - Processing file /home/airflow/.local/lib/python3.12/site-packages/airflow/example_dags/example_nested_branch_dag.py for tasks to queue
[2024-10-18T08:33:27.344+0000] {logging_mixin.py:188} INFO - [2024-10-18T08:33:27.344+0000] {dagbag.py:545} INFO - Filling up the DagBag from /home/airflow/.local/lib/python3.12/site-packages/airflow/example_dags/example_nested_branch_dag.py
[2024-10-18T08:33:27.355+0000] {processor.py:840} INFO - DAG(s) 'example_nested_branch_dag' retrieved from /home/airflow/.local/lib/python3.12/site-packages/airflow/example_dags/example_nested_branch_dag.py
[2024-10-18T08:33:27.364+0000] {logging_mixin.py:188} INFO - [2024-10-18T08:33:27.363+0000] {dag.py:3096} INFO - Sync 1 DAGs
[2024-10-18T08:33:27.387+0000] {logging_mixin.py:188} INFO - [2024-10-18T08:33:27.386+0000] {dag.py:3954} INFO - Setting next_dagrun for example_nested_branch_dag to 2024-10-17 00:00:00+00:00, run_after=2024-10-18 00:00:00+00:00
[2024-10-18T08:33:27.403+0000] {processor.py:183} INFO - Processing /home/airflow/.local/lib/python3.12/site-packages/airflow/example_dags/example_nested_branch_dag.py took 0.066 seconds
[2024-10-18T08:35:23.996+0000] {processor.py:161} INFO - Started process (PID=55) to work on /home/airflow/.local/lib/python3.12/site-packages/airflow/example_dags/example_nested_branch_dag.py
[2024-10-18T08:35:23.997+0000] {processor.py:830} INFO - Processing file /home/airflow/.local/lib/python3.12/site-packages/airflow/example_dags/example_nested_branch_dag.py for tasks to queue
[2024-10-18T08:35:23.999+0000] {logging_mixin.py:188} INFO - [2024-10-18T08:35:23.998+0000] {dagbag.py:545} INFO - Filling up the DagBag from /home/airflow/.local/lib/python3.12/site-packages/airflow/example_dags/example_nested_branch_dag.py
[2024-10-18T08:35:24.010+0000] {processor.py:840} INFO - DAG(s) 'example_nested_branch_dag' retrieved from /home/airflow/.local/lib/python3.12/site-packages/airflow/example_dags/example_nested_branch_dag.py
[2024-10-18T08:35:24.019+0000] {logging_mixin.py:188} INFO - [2024-10-18T08:35:24.019+0000] {dag.py:3096} INFO - Sync 1 DAGs
[2024-10-18T08:35:24.045+0000] {logging_mixin.py:188} INFO - [2024-10-18T08:35:24.045+0000] {dag.py:3954} INFO - Setting next_dagrun for example_nested_branch_dag to 2024-10-17 00:00:00+00:00, run_after=2024-10-18 00:00:00+00:00
[2024-10-18T08:35:24.062+0000] {processor.py:183} INFO - Processing /home/airflow/.local/lib/python3.12/site-packages/airflow/example_dags/example_nested_branch_dag.py took 0.071 seconds
[2024-10-18T08:35:54.572+0000] {processor.py:161} INFO - Started process (PID=114) to work on /home/airflow/.local/lib/python3.12/site-packages/airflow/example_dags/example_nested_branch_dag.py
[2024-10-18T08:35:54.572+0000] {processor.py:830} INFO - Processing file /home/airflow/.local/lib/python3.12/site-packages/airflow/example_dags/example_nested_branch_dag.py for tasks to queue
[2024-10-18T08:35:54.574+0000] {logging_mixin.py:188} INFO - [2024-10-18T08:35:54.573+0000] {dagbag.py:545} INFO - Filling up the DagBag from /home/airflow/.local/lib/python3.12/site-packages/airflow/example_dags/example_nested_branch_dag.py
[2024-10-18T08:35:54.581+0000] {processor.py:840} INFO - DAG(s) 'example_nested_branch_dag' retrieved from /home/airflow/.local/lib/python3.12/site-packages/airflow/example_dags/example_nested_branch_dag.py
[2024-10-18T08:35:54.663+0000] {logging_mixin.py:188} INFO - [2024-10-18T08:35:54.663+0000] {dag.py:3096} INFO - Sync 1 DAGs
[2024-10-18T08:35:54.677+0000] {logging_mixin.py:188} INFO - [2024-10-18T08:35:54.677+0000] {dag.py:3954} INFO - Setting next_dagrun for example_nested_branch_dag to 2024-10-17 00:00:00+00:00, run_after=2024-10-18 00:00:00+00:00
[2024-10-18T08:35:54.691+0000] {processor.py:183} INFO - Processing /home/airflow/.local/lib/python3.12/site-packages/airflow/example_dags/example_nested_branch_dag.py took 0.125 seconds
[2024-10-18T08:36:25.337+0000] {processor.py:161} INFO - Started process (PID=179) to work on /home/airflow/.local/lib/python3.12/site-packages/airflow/example_dags/example_nested_branch_dag.py
[2024-10-18T08:36:25.338+0000] {processor.py:830} INFO - Processing file /home/airflow/.local/lib/python3.12/site-packages/airflow/example_dags/example_nested_branch_dag.py for tasks to queue
[2024-10-18T08:36:25.339+0000] {logging_mixin.py:188} INFO - [2024-10-18T08:36:25.339+0000] {dagbag.py:545} INFO - Filling up the DagBag from /home/airflow/.local/lib/python3.12/site-packages/airflow/example_dags/example_nested_branch_dag.py
[2024-10-18T08:36:25.348+0000] {processor.py:840} INFO - DAG(s) 'example_nested_branch_dag' retrieved from /home/airflow/.local/lib/python3.12/site-packages/airflow/example_dags/example_nested_branch_dag.py
[2024-10-18T08:36:25.367+0000] {logging_mixin.py:188} INFO - [2024-10-18T08:36:25.367+0000] {dag.py:3096} INFO - Sync 1 DAGs
[2024-10-18T08:36:25.388+0000] {logging_mixin.py:188} INFO - [2024-10-18T08:36:25.388+0000] {dag.py:3954} INFO - Setting next_dagrun for example_nested_branch_dag to 2024-10-17 00:00:00+00:00, run_after=2024-10-18 00:00:00+00:00
[2024-10-18T08:36:25.404+0000] {processor.py:183} INFO - Processing /home/airflow/.local/lib/python3.12/site-packages/airflow/example_dags/example_nested_branch_dag.py took 0.072 seconds
[2024-10-18T08:36:55.499+0000] {processor.py:161} INFO - Started process (PID=238) to work on /home/airflow/.local/lib/python3.12/site-packages/airflow/example_dags/example_nested_branch_dag.py
[2024-10-18T08:36:55.499+0000] {processor.py:830} INFO - Processing file /home/airflow/.local/lib/python3.12/site-packages/airflow/example_dags/example_nested_branch_dag.py for tasks to queue
[2024-10-18T08:36:55.500+0000] {logging_mixin.py:188} INFO - [2024-10-18T08:36:55.500+0000] {dagbag.py:545} INFO - Filling up the DagBag from /home/airflow/.local/lib/python3.12/site-packages/airflow/example_dags/example_nested_branch_dag.py
[2024-10-18T08:36:55.507+0000] {processor.py:840} INFO - DAG(s) 'example_nested_branch_dag' retrieved from /home/airflow/.local/lib/python3.12/site-packages/airflow/example_dags/example_nested_branch_dag.py
[2024-10-18T08:36:55.524+0000] {logging_mixin.py:188} INFO - [2024-10-18T08:36:55.523+0000] {dag.py:3096} INFO - Sync 1 DAGs
[2024-10-18T08:36:55.541+0000] {logging_mixin.py:188} INFO - [2024-10-18T08:36:55.541+0000] {dag.py:3954} INFO - Setting next_dagrun for example_nested_branch_dag to 2024-10-17 00:00:00+00:00, run_after=2024-10-18 00:00:00+00:00
[2024-10-18T08:36:55.555+0000] {processor.py:183} INFO - Processing /home/airflow/.local/lib/python3.12/site-packages/airflow/example_dags/example_nested_branch_dag.py took 0.060 seconds
[2024-10-18T08:37:25.743+0000] {processor.py:161} INFO - Started process (PID=297) to work on /home/airflow/.local/lib/python3.12/site-packages/airflow/example_dags/example_nested_branch_dag.py
[2024-10-18T08:37:25.744+0000] {processor.py:830} INFO - Processing file /home/airflow/.local/lib/python3.12/site-packages/airflow/example_dags/example_nested_branch_dag.py for tasks to queue
[2024-10-18T08:37:25.745+0000] {logging_mixin.py:188} INFO - [2024-10-18T08:37:25.745+0000] {dagbag.py:545} INFO - Filling up the DagBag from /home/airflow/.local/lib/python3.12/site-packages/airflow/example_dags/example_nested_branch_dag.py
[2024-10-18T08:37:25.752+0000] {processor.py:840} INFO - DAG(s) 'example_nested_branch_dag' retrieved from /home/airflow/.local/lib/python3.12/site-packages/airflow/example_dags/example_nested_branch_dag.py
[2024-10-18T08:37:25.768+0000] {logging_mixin.py:188} INFO - [2024-10-18T08:37:25.768+0000] {dag.py:3096} INFO - Sync 1 DAGs
[2024-10-18T08:37:25.786+0000] {logging_mixin.py:188} INFO - [2024-10-18T08:37:25.785+0000] {dag.py:3954} INFO - Setting next_dagrun for example_nested_branch_dag to 2024-10-17 00:00:00+00:00, run_after=2024-10-18 00:00:00+00:00
[2024-10-18T08:37:25.797+0000] {processor.py:183} INFO - Processing /home/airflow/.local/lib/python3.12/site-packages/airflow/example_dags/example_nested_branch_dag.py took 0.058 seconds
[2024-10-18T08:37:56.010+0000] {processor.py:161} INFO - Started process (PID=356) to work on /home/airflow/.local/lib/python3.12/site-packages/airflow/example_dags/example_nested_branch_dag.py
[2024-10-18T08:37:56.011+0000] {processor.py:830} INFO - Processing file /home/airflow/.local/lib/python3.12/site-packages/airflow/example_dags/example_nested_branch_dag.py for tasks to queue
[2024-10-18T08:37:56.012+0000] {logging_mixin.py:188} INFO - [2024-10-18T08:37:56.012+0000] {dagbag.py:545} INFO - Filling up the DagBag from /home/airflow/.local/lib/python3.12/site-packages/airflow/example_dags/example_nested_branch_dag.py
[2024-10-18T08:37:56.018+0000] {processor.py:840} INFO - DAG(s) 'example_nested_branch_dag' retrieved from /home/airflow/.local/lib/python3.12/site-packages/airflow/example_dags/example_nested_branch_dag.py
[2024-10-18T08:37:56.034+0000] {logging_mixin.py:188} INFO - [2024-10-18T08:37:56.033+0000] {dag.py:3096} INFO - Sync 1 DAGs
[2024-10-18T08:37:56.048+0000] {logging_mixin.py:188} INFO - [2024-10-18T08:37:56.048+0000] {dag.py:3954} INFO - Setting next_dagrun for example_nested_branch_dag to 2024-10-17 00:00:00+00:00, run_after=2024-10-18 00:00:00+00:00
[2024-10-18T08:37:56.060+0000] {processor.py:183} INFO - Processing /home/airflow/.local/lib/python3.12/site-packages/airflow/example_dags/example_nested_branch_dag.py took 0.054 seconds
[2024-10-18T08:38:26.330+0000] {processor.py:161} INFO - Started process (PID=415) to work on /home/airflow/.local/lib/python3.12/site-packages/airflow/example_dags/example_nested_branch_dag.py
[2024-10-18T08:38:26.331+0000] {processor.py:830} INFO - Processing file /home/airflow/.local/lib/python3.12/site-packages/airflow/example_dags/example_nested_branch_dag.py for tasks to queue
[2024-10-18T08:38:26.332+0000] {logging_mixin.py:188} INFO - [2024-10-18T08:38:26.331+0000] {dagbag.py:545} INFO - Filling up the DagBag from /home/airflow/.local/lib/python3.12/site-packages/airflow/example_dags/example_nested_branch_dag.py
[2024-10-18T08:38:26.338+0000] {processor.py:840} INFO - DAG(s) 'example_nested_branch_dag' retrieved from /home/airflow/.local/lib/python3.12/site-packages/airflow/example_dags/example_nested_branch_dag.py
[2024-10-18T08:38:26.355+0000] {logging_mixin.py:188} INFO - [2024-10-18T08:38:26.355+0000] {dag.py:3096} INFO - Sync 1 DAGs
[2024-10-18T08:38:26.372+0000] {logging_mixin.py:188} INFO - [2024-10-18T08:38:26.372+0000] {dag.py:3954} INFO - Setting next_dagrun for example_nested_branch_dag to 2024-10-17 00:00:00+00:00, run_after=2024-10-18 00:00:00+00:00
[2024-10-18T08:38:26.385+0000] {processor.py:183} INFO - Processing /home/airflow/.local/lib/python3.12/site-packages/airflow/example_dags/example_nested_branch_dag.py took 0.059 seconds
[2024-10-18T08:38:56.592+0000] {processor.py:161} INFO - Started process (PID=474) to work on /home/airflow/.local/lib/python3.12/site-packages/airflow/example_dags/example_nested_branch_dag.py
[2024-10-18T08:38:56.593+0000] {processor.py:830} INFO - Processing file /home/airflow/.local/lib/python3.12/site-packages/airflow/example_dags/example_nested_branch_dag.py for tasks to queue
[2024-10-18T08:38:56.594+0000] {logging_mixin.py:188} INFO - [2024-10-18T08:38:56.594+0000] {dagbag.py:545} INFO - Filling up the DagBag from /home/airflow/.local/lib/python3.12/site-packages/airflow/example_dags/example_nested_branch_dag.py
[2024-10-18T08:38:56.600+0000] {processor.py:840} INFO - DAG(s) 'example_nested_branch_dag' retrieved from /home/airflow/.local/lib/python3.12/site-packages/airflow/example_dags/example_nested_branch_dag.py
[2024-10-18T08:38:56.613+0000] {logging_mixin.py:188} INFO - [2024-10-18T08:38:56.613+0000] {dag.py:3096} INFO - Sync 1 DAGs
[2024-10-18T08:38:56.630+0000] {logging_mixin.py:188} INFO - [2024-10-18T08:38:56.630+0000] {dag.py:3954} INFO - Setting next_dagrun for example_nested_branch_dag to 2024-10-17 00:00:00+00:00, run_after=2024-10-18 00:00:00+00:00
[2024-10-18T08:38:56.643+0000] {processor.py:183} INFO - Processing /home/airflow/.local/lib/python3.12/site-packages/airflow/example_dags/example_nested_branch_dag.py took 0.055 seconds
[2024-10-18T08:40:02.074+0000] {processor.py:161} INFO - Started process (PID=54) to work on /home/airflow/.local/lib/python3.12/site-packages/airflow/example_dags/example_nested_branch_dag.py
[2024-10-18T08:40:02.075+0000] {processor.py:830} INFO - Processing file /home/airflow/.local/lib/python3.12/site-packages/airflow/example_dags/example_nested_branch_dag.py for tasks to queue
[2024-10-18T08:40:02.077+0000] {logging_mixin.py:188} INFO - [2024-10-18T08:40:02.076+0000] {dagbag.py:545} INFO - Filling up the DagBag from /home/airflow/.local/lib/python3.12/site-packages/airflow/example_dags/example_nested_branch_dag.py
[2024-10-18T08:40:02.088+0000] {processor.py:840} INFO - DAG(s) 'example_nested_branch_dag' retrieved from /home/airflow/.local/lib/python3.12/site-packages/airflow/example_dags/example_nested_branch_dag.py
[2024-10-18T08:40:02.097+0000] {logging_mixin.py:188} INFO - [2024-10-18T08:40:02.096+0000] {dag.py:3096} INFO - Sync 1 DAGs
[2024-10-18T08:40:02.120+0000] {logging_mixin.py:188} INFO - [2024-10-18T08:40:02.120+0000] {dag.py:3954} INFO - Setting next_dagrun for example_nested_branch_dag to 2024-10-17 00:00:00+00:00, run_after=2024-10-18 00:00:00+00:00
[2024-10-18T08:40:02.136+0000] {processor.py:183} INFO - Processing /home/airflow/.local/lib/python3.12/site-packages/airflow/example_dags/example_nested_branch_dag.py took 0.067 seconds
[2024-10-18T08:40:32.876+0000] {processor.py:161} INFO - Started process (PID=125) to work on /home/airflow/.local/lib/python3.12/site-packages/airflow/example_dags/example_nested_branch_dag.py
[2024-10-18T08:40:32.877+0000] {processor.py:830} INFO - Processing file /home/airflow/.local/lib/python3.12/site-packages/airflow/example_dags/example_nested_branch_dag.py for tasks to queue
[2024-10-18T08:40:32.878+0000] {logging_mixin.py:188} INFO - [2024-10-18T08:40:32.877+0000] {dagbag.py:545} INFO - Filling up the DagBag from /home/airflow/.local/lib/python3.12/site-packages/airflow/example_dags/example_nested_branch_dag.py
[2024-10-18T08:40:32.884+0000] {processor.py:840} INFO - DAG(s) 'example_nested_branch_dag' retrieved from /home/airflow/.local/lib/python3.12/site-packages/airflow/example_dags/example_nested_branch_dag.py
[2024-10-18T08:40:32.978+0000] {logging_mixin.py:188} INFO - [2024-10-18T08:40:32.978+0000] {dag.py:3096} INFO - Sync 1 DAGs
[2024-10-18T08:40:32.998+0000] {logging_mixin.py:188} INFO - [2024-10-18T08:40:32.998+0000] {dag.py:3954} INFO - Setting next_dagrun for example_nested_branch_dag to 2024-10-17 00:00:00+00:00, run_after=2024-10-18 00:00:00+00:00
[2024-10-18T08:40:33.015+0000] {processor.py:183} INFO - Processing /home/airflow/.local/lib/python3.12/site-packages/airflow/example_dags/example_nested_branch_dag.py took 0.144 seconds
[2024-10-18T08:41:03.079+0000] {processor.py:161} INFO - Started process (PID=184) to work on /home/airflow/.local/lib/python3.12/site-packages/airflow/example_dags/example_nested_branch_dag.py
[2024-10-18T08:41:03.081+0000] {processor.py:830} INFO - Processing file /home/airflow/.local/lib/python3.12/site-packages/airflow/example_dags/example_nested_branch_dag.py for tasks to queue
[2024-10-18T08:41:03.082+0000] {logging_mixin.py:188} INFO - [2024-10-18T08:41:03.082+0000] {dagbag.py:545} INFO - Filling up the DagBag from /home/airflow/.local/lib/python3.12/site-packages/airflow/example_dags/example_nested_branch_dag.py
[2024-10-18T08:41:03.088+0000] {processor.py:840} INFO - DAG(s) 'example_nested_branch_dag' retrieved from /home/airflow/.local/lib/python3.12/site-packages/airflow/example_dags/example_nested_branch_dag.py
[2024-10-18T08:41:03.105+0000] {logging_mixin.py:188} INFO - [2024-10-18T08:41:03.105+0000] {dag.py:3096} INFO - Sync 1 DAGs
[2024-10-18T08:41:03.123+0000] {logging_mixin.py:188} INFO - [2024-10-18T08:41:03.123+0000] {dag.py:3954} INFO - Setting next_dagrun for example_nested_branch_dag to 2024-10-17 00:00:00+00:00, run_after=2024-10-18 00:00:00+00:00
[2024-10-18T08:41:03.141+0000] {processor.py:183} INFO - Processing /home/airflow/.local/lib/python3.12/site-packages/airflow/example_dags/example_nested_branch_dag.py took 0.067 seconds
