[2024-10-18T08:22:07.372+0000] {processor.py:161} INFO - Started process (PID=80) to work on /home/airflow/.local/lib/python3.12/site-packages/airflow/example_dags/example_external_task_marker_dag.py
[2024-10-18T08:22:07.376+0000] {processor.py:830} INFO - Processing file /home/airflow/.local/lib/python3.12/site-packages/airflow/example_dags/example_external_task_marker_dag.py for tasks to queue
[2024-10-18T08:22:07.377+0000] {logging_mixin.py:188} INFO - [2024-10-18T08:22:07.377+0000] {dagbag.py:545} INFO - Filling up the DagBag from /home/airflow/.local/lib/python3.12/site-packages/airflow/example_dags/example_external_task_marker_dag.py
[2024-10-18T08:22:07.390+0000] {processor.py:840} INFO - DAG(s) 'example_external_task_marker_parent', 'example_external_task_marker_child' retrieved from /home/airflow/.local/lib/python3.12/site-packages/airflow/example_dags/example_external_task_marker_dag.py
[2024-10-18T08:22:07.415+0000] {logging_mixin.py:188} INFO - [2024-10-18T08:22:07.415+0000] {dag.py:3096} INFO - Sync 2 DAGs
[2024-10-18T08:22:07.428+0000] {logging_mixin.py:188} INFO - [2024-10-18T08:22:07.428+0000] {dag.py:3954} INFO - Setting next_dagrun for example_external_task_marker_child to None, run_after=None
[2024-10-18T08:22:07.432+0000] {logging_mixin.py:188} INFO - [2024-10-18T08:22:07.431+0000] {dag.py:3954} INFO - Setting next_dagrun for example_external_task_marker_parent to None, run_after=None
[2024-10-18T08:22:07.456+0000] {processor.py:183} INFO - Processing /home/airflow/.local/lib/python3.12/site-packages/airflow/example_dags/example_external_task_marker_dag.py took 0.093 seconds
[2024-10-18T08:22:38.012+0000] {processor.py:161} INFO - Started process (PID=138) to work on /home/airflow/.local/lib/python3.12/site-packages/airflow/example_dags/example_external_task_marker_dag.py
[2024-10-18T08:22:38.012+0000] {processor.py:830} INFO - Processing file /home/airflow/.local/lib/python3.12/site-packages/airflow/example_dags/example_external_task_marker_dag.py for tasks to queue
[2024-10-18T08:22:38.013+0000] {logging_mixin.py:188} INFO - [2024-10-18T08:22:38.013+0000] {dagbag.py:545} INFO - Filling up the DagBag from /home/airflow/.local/lib/python3.12/site-packages/airflow/example_dags/example_external_task_marker_dag.py
[2024-10-18T08:22:38.017+0000] {processor.py:840} INFO - DAG(s) 'example_external_task_marker_parent', 'example_external_task_marker_child' retrieved from /home/airflow/.local/lib/python3.12/site-packages/airflow/example_dags/example_external_task_marker_dag.py
[2024-10-18T08:22:38.097+0000] {logging_mixin.py:188} INFO - [2024-10-18T08:22:38.097+0000] {dag.py:3096} INFO - Sync 2 DAGs
[2024-10-18T08:22:38.105+0000] {logging_mixin.py:188} INFO - [2024-10-18T08:22:38.105+0000] {dag.py:3954} INFO - Setting next_dagrun for example_external_task_marker_child to None, run_after=None
[2024-10-18T08:22:38.107+0000] {logging_mixin.py:188} INFO - [2024-10-18T08:22:38.107+0000] {dag.py:3954} INFO - Setting next_dagrun for example_external_task_marker_parent to None, run_after=None
[2024-10-18T08:22:38.120+0000] {processor.py:183} INFO - Processing /home/airflow/.local/lib/python3.12/site-packages/airflow/example_dags/example_external_task_marker_dag.py took 0.112 seconds
[2024-10-18T08:23:08.405+0000] {processor.py:161} INFO - Started process (PID=196) to work on /home/airflow/.local/lib/python3.12/site-packages/airflow/example_dags/example_external_task_marker_dag.py
[2024-10-18T08:23:08.406+0000] {processor.py:830} INFO - Processing file /home/airflow/.local/lib/python3.12/site-packages/airflow/example_dags/example_external_task_marker_dag.py for tasks to queue
[2024-10-18T08:23:08.408+0000] {logging_mixin.py:188} INFO - [2024-10-18T08:23:08.407+0000] {dagbag.py:545} INFO - Filling up the DagBag from /home/airflow/.local/lib/python3.12/site-packages/airflow/example_dags/example_external_task_marker_dag.py
[2024-10-18T08:23:08.413+0000] {processor.py:840} INFO - DAG(s) 'example_external_task_marker_child', 'example_external_task_marker_parent' retrieved from /home/airflow/.local/lib/python3.12/site-packages/airflow/example_dags/example_external_task_marker_dag.py
[2024-10-18T08:23:08.433+0000] {logging_mixin.py:188} INFO - [2024-10-18T08:23:08.432+0000] {dag.py:3096} INFO - Sync 2 DAGs
[2024-10-18T08:23:08.443+0000] {logging_mixin.py:188} INFO - [2024-10-18T08:23:08.443+0000] {dag.py:3954} INFO - Setting next_dagrun for example_external_task_marker_child to None, run_after=None
[2024-10-18T08:23:08.447+0000] {logging_mixin.py:188} INFO - [2024-10-18T08:23:08.446+0000] {dag.py:3954} INFO - Setting next_dagrun for example_external_task_marker_parent to None, run_after=None
[2024-10-18T08:23:08.460+0000] {processor.py:183} INFO - Processing /home/airflow/.local/lib/python3.12/site-packages/airflow/example_dags/example_external_task_marker_dag.py took 0.061 seconds
[2024-10-18T08:23:39.432+0000] {processor.py:161} INFO - Started process (PID=254) to work on /home/airflow/.local/lib/python3.12/site-packages/airflow/example_dags/example_external_task_marker_dag.py
[2024-10-18T08:23:39.432+0000] {processor.py:830} INFO - Processing file /home/airflow/.local/lib/python3.12/site-packages/airflow/example_dags/example_external_task_marker_dag.py for tasks to queue
[2024-10-18T08:23:39.433+0000] {logging_mixin.py:188} INFO - [2024-10-18T08:23:39.433+0000] {dagbag.py:545} INFO - Filling up the DagBag from /home/airflow/.local/lib/python3.12/site-packages/airflow/example_dags/example_external_task_marker_dag.py
[2024-10-18T08:23:39.437+0000] {processor.py:840} INFO - DAG(s) 'example_external_task_marker_child', 'example_external_task_marker_parent' retrieved from /home/airflow/.local/lib/python3.12/site-packages/airflow/example_dags/example_external_task_marker_dag.py
[2024-10-18T08:23:39.453+0000] {logging_mixin.py:188} INFO - [2024-10-18T08:23:39.452+0000] {dag.py:3096} INFO - Sync 2 DAGs
[2024-10-18T08:23:39.461+0000] {logging_mixin.py:188} INFO - [2024-10-18T08:23:39.460+0000] {dag.py:3954} INFO - Setting next_dagrun for example_external_task_marker_child to None, run_after=None
[2024-10-18T08:23:39.463+0000] {logging_mixin.py:188} INFO - [2024-10-18T08:23:39.463+0000] {dag.py:3954} INFO - Setting next_dagrun for example_external_task_marker_parent to None, run_after=None
[2024-10-18T08:23:39.477+0000] {processor.py:183} INFO - Processing /home/airflow/.local/lib/python3.12/site-packages/airflow/example_dags/example_external_task_marker_dag.py took 0.049 seconds
[2024-10-18T08:24:09.535+0000] {processor.py:161} INFO - Started process (PID=312) to work on /home/airflow/.local/lib/python3.12/site-packages/airflow/example_dags/example_external_task_marker_dag.py
[2024-10-18T08:24:09.536+0000] {processor.py:830} INFO - Processing file /home/airflow/.local/lib/python3.12/site-packages/airflow/example_dags/example_external_task_marker_dag.py for tasks to queue
[2024-10-18T08:24:09.537+0000] {logging_mixin.py:188} INFO - [2024-10-18T08:24:09.537+0000] {dagbag.py:545} INFO - Filling up the DagBag from /home/airflow/.local/lib/python3.12/site-packages/airflow/example_dags/example_external_task_marker_dag.py
[2024-10-18T08:24:09.540+0000] {processor.py:840} INFO - DAG(s) 'example_external_task_marker_parent', 'example_external_task_marker_child' retrieved from /home/airflow/.local/lib/python3.12/site-packages/airflow/example_dags/example_external_task_marker_dag.py
[2024-10-18T08:24:09.555+0000] {logging_mixin.py:188} INFO - [2024-10-18T08:24:09.555+0000] {dag.py:3096} INFO - Sync 2 DAGs
[2024-10-18T08:24:09.563+0000] {logging_mixin.py:188} INFO - [2024-10-18T08:24:09.563+0000] {dag.py:3954} INFO - Setting next_dagrun for example_external_task_marker_child to None, run_after=None
[2024-10-18T08:24:09.565+0000] {logging_mixin.py:188} INFO - [2024-10-18T08:24:09.565+0000] {dag.py:3954} INFO - Setting next_dagrun for example_external_task_marker_parent to None, run_after=None
[2024-10-18T08:24:09.579+0000] {processor.py:183} INFO - Processing /home/airflow/.local/lib/python3.12/site-packages/airflow/example_dags/example_external_task_marker_dag.py took 0.048 seconds
[2024-10-18T08:24:39.779+0000] {processor.py:161} INFO - Started process (PID=370) to work on /home/airflow/.local/lib/python3.12/site-packages/airflow/example_dags/example_external_task_marker_dag.py
[2024-10-18T08:24:39.780+0000] {processor.py:830} INFO - Processing file /home/airflow/.local/lib/python3.12/site-packages/airflow/example_dags/example_external_task_marker_dag.py for tasks to queue
[2024-10-18T08:24:39.781+0000] {logging_mixin.py:188} INFO - [2024-10-18T08:24:39.781+0000] {dagbag.py:545} INFO - Filling up the DagBag from /home/airflow/.local/lib/python3.12/site-packages/airflow/example_dags/example_external_task_marker_dag.py
[2024-10-18T08:24:39.785+0000] {processor.py:840} INFO - DAG(s) 'example_external_task_marker_parent', 'example_external_task_marker_child' retrieved from /home/airflow/.local/lib/python3.12/site-packages/airflow/example_dags/example_external_task_marker_dag.py
[2024-10-18T08:24:39.802+0000] {logging_mixin.py:188} INFO - [2024-10-18T08:24:39.802+0000] {dag.py:3096} INFO - Sync 2 DAGs
[2024-10-18T08:24:39.814+0000] {logging_mixin.py:188} INFO - [2024-10-18T08:24:39.813+0000] {dag.py:3954} INFO - Setting next_dagrun for example_external_task_marker_child to None, run_after=None
[2024-10-18T08:24:39.817+0000] {logging_mixin.py:188} INFO - [2024-10-18T08:24:39.816+0000] {dag.py:3954} INFO - Setting next_dagrun for example_external_task_marker_parent to None, run_after=None
[2024-10-18T08:24:39.830+0000] {processor.py:183} INFO - Processing /home/airflow/.local/lib/python3.12/site-packages/airflow/example_dags/example_external_task_marker_dag.py took 0.055 seconds
[2024-10-18T08:25:09.928+0000] {processor.py:161} INFO - Started process (PID=428) to work on /home/airflow/.local/lib/python3.12/site-packages/airflow/example_dags/example_external_task_marker_dag.py
[2024-10-18T08:25:09.929+0000] {processor.py:830} INFO - Processing file /home/airflow/.local/lib/python3.12/site-packages/airflow/example_dags/example_external_task_marker_dag.py for tasks to queue
[2024-10-18T08:25:09.930+0000] {logging_mixin.py:188} INFO - [2024-10-18T08:25:09.930+0000] {dagbag.py:545} INFO - Filling up the DagBag from /home/airflow/.local/lib/python3.12/site-packages/airflow/example_dags/example_external_task_marker_dag.py
[2024-10-18T08:25:09.934+0000] {processor.py:840} INFO - DAG(s) 'example_external_task_marker_child', 'example_external_task_marker_parent' retrieved from /home/airflow/.local/lib/python3.12/site-packages/airflow/example_dags/example_external_task_marker_dag.py
[2024-10-18T08:25:09.948+0000] {logging_mixin.py:188} INFO - [2024-10-18T08:25:09.947+0000] {dag.py:3096} INFO - Sync 2 DAGs
[2024-10-18T08:25:09.956+0000] {logging_mixin.py:188} INFO - [2024-10-18T08:25:09.956+0000] {dag.py:3954} INFO - Setting next_dagrun for example_external_task_marker_child to None, run_after=None
[2024-10-18T08:25:09.958+0000] {logging_mixin.py:188} INFO - [2024-10-18T08:25:09.958+0000] {dag.py:3954} INFO - Setting next_dagrun for example_external_task_marker_parent to None, run_after=None
[2024-10-18T08:25:09.973+0000] {processor.py:183} INFO - Processing /home/airflow/.local/lib/python3.12/site-packages/airflow/example_dags/example_external_task_marker_dag.py took 0.049 seconds
[2024-10-18T08:25:40.244+0000] {processor.py:161} INFO - Started process (PID=485) to work on /home/airflow/.local/lib/python3.12/site-packages/airflow/example_dags/example_external_task_marker_dag.py
[2024-10-18T08:25:40.244+0000] {processor.py:830} INFO - Processing file /home/airflow/.local/lib/python3.12/site-packages/airflow/example_dags/example_external_task_marker_dag.py for tasks to queue
[2024-10-18T08:25:40.246+0000] {logging_mixin.py:188} INFO - [2024-10-18T08:25:40.245+0000] {dagbag.py:545} INFO - Filling up the DagBag from /home/airflow/.local/lib/python3.12/site-packages/airflow/example_dags/example_external_task_marker_dag.py
[2024-10-18T08:25:40.249+0000] {processor.py:840} INFO - DAG(s) 'example_external_task_marker_parent', 'example_external_task_marker_child' retrieved from /home/airflow/.local/lib/python3.12/site-packages/airflow/example_dags/example_external_task_marker_dag.py
[2024-10-18T08:25:40.265+0000] {logging_mixin.py:188} INFO - [2024-10-18T08:25:40.265+0000] {dag.py:3096} INFO - Sync 2 DAGs
[2024-10-18T08:25:40.273+0000] {logging_mixin.py:188} INFO - [2024-10-18T08:25:40.273+0000] {dag.py:3954} INFO - Setting next_dagrun for example_external_task_marker_child to None, run_after=None
[2024-10-18T08:25:40.275+0000] {logging_mixin.py:188} INFO - [2024-10-18T08:25:40.275+0000] {dag.py:3954} INFO - Setting next_dagrun for example_external_task_marker_parent to None, run_after=None
[2024-10-18T08:25:40.287+0000] {processor.py:183} INFO - Processing /home/airflow/.local/lib/python3.12/site-packages/airflow/example_dags/example_external_task_marker_dag.py took 0.046 seconds
[2024-10-18T08:26:10.426+0000] {processor.py:161} INFO - Started process (PID=543) to work on /home/airflow/.local/lib/python3.12/site-packages/airflow/example_dags/example_external_task_marker_dag.py
[2024-10-18T08:26:10.427+0000] {processor.py:830} INFO - Processing file /home/airflow/.local/lib/python3.12/site-packages/airflow/example_dags/example_external_task_marker_dag.py for tasks to queue
[2024-10-18T08:26:10.428+0000] {logging_mixin.py:188} INFO - [2024-10-18T08:26:10.428+0000] {dagbag.py:545} INFO - Filling up the DagBag from /home/airflow/.local/lib/python3.12/site-packages/airflow/example_dags/example_external_task_marker_dag.py
[2024-10-18T08:26:10.432+0000] {processor.py:840} INFO - DAG(s) 'example_external_task_marker_child', 'example_external_task_marker_parent' retrieved from /home/airflow/.local/lib/python3.12/site-packages/airflow/example_dags/example_external_task_marker_dag.py
[2024-10-18T08:26:10.448+0000] {logging_mixin.py:188} INFO - [2024-10-18T08:26:10.448+0000] {dag.py:3096} INFO - Sync 2 DAGs
[2024-10-18T08:26:10.458+0000] {logging_mixin.py:188} INFO - [2024-10-18T08:26:10.457+0000] {dag.py:3954} INFO - Setting next_dagrun for example_external_task_marker_child to None, run_after=None
[2024-10-18T08:26:10.461+0000] {logging_mixin.py:188} INFO - [2024-10-18T08:26:10.460+0000] {dag.py:3954} INFO - Setting next_dagrun for example_external_task_marker_parent to None, run_after=None
[2024-10-18T08:26:10.472+0000] {processor.py:183} INFO - Processing /home/airflow/.local/lib/python3.12/site-packages/airflow/example_dags/example_external_task_marker_dag.py took 0.049 seconds
[2024-10-18T08:26:40.537+0000] {processor.py:161} INFO - Started process (PID=601) to work on /home/airflow/.local/lib/python3.12/site-packages/airflow/example_dags/example_external_task_marker_dag.py
[2024-10-18T08:26:40.538+0000] {processor.py:830} INFO - Processing file /home/airflow/.local/lib/python3.12/site-packages/airflow/example_dags/example_external_task_marker_dag.py for tasks to queue
[2024-10-18T08:26:40.539+0000] {logging_mixin.py:188} INFO - [2024-10-18T08:26:40.539+0000] {dagbag.py:545} INFO - Filling up the DagBag from /home/airflow/.local/lib/python3.12/site-packages/airflow/example_dags/example_external_task_marker_dag.py
[2024-10-18T08:26:40.544+0000] {processor.py:840} INFO - DAG(s) 'example_external_task_marker_child', 'example_external_task_marker_parent' retrieved from /home/airflow/.local/lib/python3.12/site-packages/airflow/example_dags/example_external_task_marker_dag.py
[2024-10-18T08:26:40.562+0000] {logging_mixin.py:188} INFO - [2024-10-18T08:26:40.562+0000] {dag.py:3096} INFO - Sync 2 DAGs
[2024-10-18T08:26:40.570+0000] {logging_mixin.py:188} INFO - [2024-10-18T08:26:40.570+0000] {dag.py:3954} INFO - Setting next_dagrun for example_external_task_marker_child to None, run_after=None
[2024-10-18T08:26:40.573+0000] {logging_mixin.py:188} INFO - [2024-10-18T08:26:40.573+0000] {dag.py:3954} INFO - Setting next_dagrun for example_external_task_marker_parent to None, run_after=None
[2024-10-18T08:26:40.583+0000] {processor.py:183} INFO - Processing /home/airflow/.local/lib/python3.12/site-packages/airflow/example_dags/example_external_task_marker_dag.py took 0.050 seconds
[2024-10-18T08:31:19.044+0000] {processor.py:161} INFO - Started process (PID=74) to work on /home/airflow/.local/lib/python3.12/site-packages/airflow/example_dags/example_external_task_marker_dag.py
[2024-10-18T08:31:19.046+0000] {processor.py:830} INFO - Processing file /home/airflow/.local/lib/python3.12/site-packages/airflow/example_dags/example_external_task_marker_dag.py for tasks to queue
[2024-10-18T08:31:19.048+0000] {logging_mixin.py:188} INFO - [2024-10-18T08:31:19.047+0000] {dagbag.py:545} INFO - Filling up the DagBag from /home/airflow/.local/lib/python3.12/site-packages/airflow/example_dags/example_external_task_marker_dag.py
[2024-10-18T08:31:19.056+0000] {processor.py:840} INFO - DAG(s) 'example_external_task_marker_parent', 'example_external_task_marker_child' retrieved from /home/airflow/.local/lib/python3.12/site-packages/airflow/example_dags/example_external_task_marker_dag.py
[2024-10-18T08:31:19.067+0000] {logging_mixin.py:188} INFO - [2024-10-18T08:31:19.067+0000] {dag.py:3096} INFO - Sync 2 DAGs
[2024-10-18T08:31:19.080+0000] {logging_mixin.py:188} INFO - [2024-10-18T08:31:19.080+0000] {dag.py:3954} INFO - Setting next_dagrun for example_external_task_marker_child to None, run_after=None
[2024-10-18T08:31:19.084+0000] {logging_mixin.py:188} INFO - [2024-10-18T08:31:19.084+0000] {dag.py:3954} INFO - Setting next_dagrun for example_external_task_marker_parent to None, run_after=None
[2024-10-18T08:31:19.112+0000] {processor.py:183} INFO - Processing /home/airflow/.local/lib/python3.12/site-packages/airflow/example_dags/example_external_task_marker_dag.py took 0.077 seconds
[2024-10-18T08:31:50.216+0000] {processor.py:161} INFO - Started process (PID=140) to work on /home/airflow/.local/lib/python3.12/site-packages/airflow/example_dags/example_external_task_marker_dag.py
[2024-10-18T08:31:50.217+0000] {processor.py:830} INFO - Processing file /home/airflow/.local/lib/python3.12/site-packages/airflow/example_dags/example_external_task_marker_dag.py for tasks to queue
[2024-10-18T08:31:50.218+0000] {logging_mixin.py:188} INFO - [2024-10-18T08:31:50.218+0000] {dagbag.py:545} INFO - Filling up the DagBag from /home/airflow/.local/lib/python3.12/site-packages/airflow/example_dags/example_external_task_marker_dag.py
[2024-10-18T08:31:50.222+0000] {processor.py:840} INFO - DAG(s) 'example_external_task_marker_parent', 'example_external_task_marker_child' retrieved from /home/airflow/.local/lib/python3.12/site-packages/airflow/example_dags/example_external_task_marker_dag.py
[2024-10-18T08:31:50.295+0000] {logging_mixin.py:188} INFO - [2024-10-18T08:31:50.295+0000] {dag.py:3096} INFO - Sync 2 DAGs
[2024-10-18T08:31:50.303+0000] {logging_mixin.py:188} INFO - [2024-10-18T08:31:50.303+0000] {dag.py:3954} INFO - Setting next_dagrun for example_external_task_marker_child to None, run_after=None
[2024-10-18T08:31:50.305+0000] {logging_mixin.py:188} INFO - [2024-10-18T08:31:50.305+0000] {dag.py:3954} INFO - Setting next_dagrun for example_external_task_marker_parent to None, run_after=None
[2024-10-18T08:31:50.316+0000] {processor.py:183} INFO - Processing /home/airflow/.local/lib/python3.12/site-packages/airflow/example_dags/example_external_task_marker_dag.py took 0.104 seconds
[2024-10-18T08:33:28.448+0000] {processor.py:161} INFO - Started process (PID=66) to work on /home/airflow/.local/lib/python3.12/site-packages/airflow/example_dags/example_external_task_marker_dag.py
[2024-10-18T08:33:28.451+0000] {processor.py:830} INFO - Processing file /home/airflow/.local/lib/python3.12/site-packages/airflow/example_dags/example_external_task_marker_dag.py for tasks to queue
[2024-10-18T08:33:28.453+0000] {logging_mixin.py:188} INFO - [2024-10-18T08:33:28.452+0000] {dagbag.py:545} INFO - Filling up the DagBag from /home/airflow/.local/lib/python3.12/site-packages/airflow/example_dags/example_external_task_marker_dag.py
[2024-10-18T08:33:28.465+0000] {processor.py:840} INFO - DAG(s) 'example_external_task_marker_parent', 'example_external_task_marker_child' retrieved from /home/airflow/.local/lib/python3.12/site-packages/airflow/example_dags/example_external_task_marker_dag.py
[2024-10-18T08:33:28.482+0000] {logging_mixin.py:188} INFO - [2024-10-18T08:33:28.482+0000] {dag.py:3096} INFO - Sync 2 DAGs
[2024-10-18T08:33:28.496+0000] {logging_mixin.py:188} INFO - [2024-10-18T08:33:28.496+0000] {dag.py:3954} INFO - Setting next_dagrun for example_external_task_marker_child to None, run_after=None
[2024-10-18T08:33:28.501+0000] {logging_mixin.py:188} INFO - [2024-10-18T08:33:28.500+0000] {dag.py:3954} INFO - Setting next_dagrun for example_external_task_marker_parent to None, run_after=None
[2024-10-18T08:33:28.517+0000] {processor.py:183} INFO - Processing /home/airflow/.local/lib/python3.12/site-packages/airflow/example_dags/example_external_task_marker_dag.py took 0.074 seconds
[2024-10-18T08:35:25.229+0000] {processor.py:161} INFO - Started process (PID=80) to work on /home/airflow/.local/lib/python3.12/site-packages/airflow/example_dags/example_external_task_marker_dag.py
[2024-10-18T08:35:25.232+0000] {processor.py:830} INFO - Processing file /home/airflow/.local/lib/python3.12/site-packages/airflow/example_dags/example_external_task_marker_dag.py for tasks to queue
[2024-10-18T08:35:25.233+0000] {logging_mixin.py:188} INFO - [2024-10-18T08:35:25.233+0000] {dagbag.py:545} INFO - Filling up the DagBag from /home/airflow/.local/lib/python3.12/site-packages/airflow/example_dags/example_external_task_marker_dag.py
[2024-10-18T08:35:25.245+0000] {processor.py:840} INFO - DAG(s) 'example_external_task_marker_parent', 'example_external_task_marker_child' retrieved from /home/airflow/.local/lib/python3.12/site-packages/airflow/example_dags/example_external_task_marker_dag.py
[2024-10-18T08:35:25.256+0000] {logging_mixin.py:188} INFO - [2024-10-18T08:35:25.256+0000] {dag.py:3096} INFO - Sync 2 DAGs
[2024-10-18T08:35:25.269+0000] {logging_mixin.py:188} INFO - [2024-10-18T08:35:25.269+0000] {dag.py:3954} INFO - Setting next_dagrun for example_external_task_marker_child to None, run_after=None
[2024-10-18T08:35:25.273+0000] {logging_mixin.py:188} INFO - [2024-10-18T08:35:25.272+0000] {dag.py:3954} INFO - Setting next_dagrun for example_external_task_marker_parent to None, run_after=None
[2024-10-18T08:35:25.294+0000] {processor.py:183} INFO - Processing /home/airflow/.local/lib/python3.12/site-packages/airflow/example_dags/example_external_task_marker_dag.py took 0.079 seconds
[2024-10-18T08:35:56.085+0000] {processor.py:161} INFO - Started process (PID=139) to work on /home/airflow/.local/lib/python3.12/site-packages/airflow/example_dags/example_external_task_marker_dag.py
[2024-10-18T08:35:56.085+0000] {processor.py:830} INFO - Processing file /home/airflow/.local/lib/python3.12/site-packages/airflow/example_dags/example_external_task_marker_dag.py for tasks to queue
[2024-10-18T08:35:56.087+0000] {logging_mixin.py:188} INFO - [2024-10-18T08:35:56.087+0000] {dagbag.py:545} INFO - Filling up the DagBag from /home/airflow/.local/lib/python3.12/site-packages/airflow/example_dags/example_external_task_marker_dag.py
[2024-10-18T08:35:56.091+0000] {processor.py:840} INFO - DAG(s) 'example_external_task_marker_parent', 'example_external_task_marker_child' retrieved from /home/airflow/.local/lib/python3.12/site-packages/airflow/example_dags/example_external_task_marker_dag.py
[2024-10-18T08:35:56.195+0000] {logging_mixin.py:188} INFO - [2024-10-18T08:35:56.195+0000] {dag.py:3096} INFO - Sync 2 DAGs
[2024-10-18T08:35:56.205+0000] {logging_mixin.py:188} INFO - [2024-10-18T08:35:56.205+0000] {dag.py:3954} INFO - Setting next_dagrun for example_external_task_marker_child to None, run_after=None
[2024-10-18T08:35:56.208+0000] {logging_mixin.py:188} INFO - [2024-10-18T08:35:56.207+0000] {dag.py:3954} INFO - Setting next_dagrun for example_external_task_marker_parent to None, run_after=None
[2024-10-18T08:35:56.223+0000] {processor.py:183} INFO - Processing /home/airflow/.local/lib/python3.12/site-packages/airflow/example_dags/example_external_task_marker_dag.py took 0.143 seconds
[2024-10-18T08:36:26.259+0000] {processor.py:161} INFO - Started process (PID=198) to work on /home/airflow/.local/lib/python3.12/site-packages/airflow/example_dags/example_external_task_marker_dag.py
[2024-10-18T08:36:26.260+0000] {processor.py:830} INFO - Processing file /home/airflow/.local/lib/python3.12/site-packages/airflow/example_dags/example_external_task_marker_dag.py for tasks to queue
[2024-10-18T08:36:26.261+0000] {logging_mixin.py:188} INFO - [2024-10-18T08:36:26.261+0000] {dagbag.py:545} INFO - Filling up the DagBag from /home/airflow/.local/lib/python3.12/site-packages/airflow/example_dags/example_external_task_marker_dag.py
[2024-10-18T08:36:26.265+0000] {processor.py:840} INFO - DAG(s) 'example_external_task_marker_child', 'example_external_task_marker_parent' retrieved from /home/airflow/.local/lib/python3.12/site-packages/airflow/example_dags/example_external_task_marker_dag.py
[2024-10-18T08:36:26.279+0000] {logging_mixin.py:188} INFO - [2024-10-18T08:36:26.279+0000] {dag.py:3096} INFO - Sync 2 DAGs
[2024-10-18T08:36:26.287+0000] {logging_mixin.py:188} INFO - [2024-10-18T08:36:26.287+0000] {dag.py:3954} INFO - Setting next_dagrun for example_external_task_marker_child to None, run_after=None
[2024-10-18T08:36:26.290+0000] {logging_mixin.py:188} INFO - [2024-10-18T08:36:26.290+0000] {dag.py:3954} INFO - Setting next_dagrun for example_external_task_marker_parent to None, run_after=None
[2024-10-18T08:36:26.300+0000] {processor.py:183} INFO - Processing /home/airflow/.local/lib/python3.12/site-packages/airflow/example_dags/example_external_task_marker_dag.py took 0.044 seconds
[2024-10-18T08:36:57.252+0000] {processor.py:161} INFO - Started process (PID=257) to work on /home/airflow/.local/lib/python3.12/site-packages/airflow/example_dags/example_external_task_marker_dag.py
[2024-10-18T08:36:57.253+0000] {processor.py:830} INFO - Processing file /home/airflow/.local/lib/python3.12/site-packages/airflow/example_dags/example_external_task_marker_dag.py for tasks to queue
[2024-10-18T08:36:57.254+0000] {logging_mixin.py:188} INFO - [2024-10-18T08:36:57.254+0000] {dagbag.py:545} INFO - Filling up the DagBag from /home/airflow/.local/lib/python3.12/site-packages/airflow/example_dags/example_external_task_marker_dag.py
[2024-10-18T08:36:57.259+0000] {processor.py:840} INFO - DAG(s) 'example_external_task_marker_parent', 'example_external_task_marker_child' retrieved from /home/airflow/.local/lib/python3.12/site-packages/airflow/example_dags/example_external_task_marker_dag.py
[2024-10-18T08:36:57.274+0000] {logging_mixin.py:188} INFO - [2024-10-18T08:36:57.273+0000] {dag.py:3096} INFO - Sync 2 DAGs
[2024-10-18T08:36:57.282+0000] {logging_mixin.py:188} INFO - [2024-10-18T08:36:57.282+0000] {dag.py:3954} INFO - Setting next_dagrun for example_external_task_marker_child to None, run_after=None
[2024-10-18T08:36:57.284+0000] {logging_mixin.py:188} INFO - [2024-10-18T08:36:57.284+0000] {dag.py:3954} INFO - Setting next_dagrun for example_external_task_marker_parent to None, run_after=None
[2024-10-18T08:36:57.298+0000] {processor.py:183} INFO - Processing /home/airflow/.local/lib/python3.12/site-packages/airflow/example_dags/example_external_task_marker_dag.py took 0.049 seconds
[2024-10-18T08:37:27.534+0000] {processor.py:161} INFO - Started process (PID=316) to work on /home/airflow/.local/lib/python3.12/site-packages/airflow/example_dags/example_external_task_marker_dag.py
[2024-10-18T08:37:27.535+0000] {processor.py:830} INFO - Processing file /home/airflow/.local/lib/python3.12/site-packages/airflow/example_dags/example_external_task_marker_dag.py for tasks to queue
[2024-10-18T08:37:27.536+0000] {logging_mixin.py:188} INFO - [2024-10-18T08:37:27.536+0000] {dagbag.py:545} INFO - Filling up the DagBag from /home/airflow/.local/lib/python3.12/site-packages/airflow/example_dags/example_external_task_marker_dag.py
[2024-10-18T08:37:27.539+0000] {processor.py:840} INFO - DAG(s) 'example_external_task_marker_parent', 'example_external_task_marker_child' retrieved from /home/airflow/.local/lib/python3.12/site-packages/airflow/example_dags/example_external_task_marker_dag.py
[2024-10-18T08:37:27.556+0000] {logging_mixin.py:188} INFO - [2024-10-18T08:37:27.556+0000] {dag.py:3096} INFO - Sync 2 DAGs
[2024-10-18T08:37:27.567+0000] {logging_mixin.py:188} INFO - [2024-10-18T08:37:27.567+0000] {dag.py:3954} INFO - Setting next_dagrun for example_external_task_marker_child to None, run_after=None
[2024-10-18T08:37:27.570+0000] {logging_mixin.py:188} INFO - [2024-10-18T08:37:27.570+0000] {dag.py:3954} INFO - Setting next_dagrun for example_external_task_marker_parent to None, run_after=None
[2024-10-18T08:37:27.582+0000] {processor.py:183} INFO - Processing /home/airflow/.local/lib/python3.12/site-packages/airflow/example_dags/example_external_task_marker_dag.py took 0.052 seconds
[2024-10-18T08:37:57.790+0000] {processor.py:161} INFO - Started process (PID=375) to work on /home/airflow/.local/lib/python3.12/site-packages/airflow/example_dags/example_external_task_marker_dag.py
[2024-10-18T08:37:57.791+0000] {processor.py:830} INFO - Processing file /home/airflow/.local/lib/python3.12/site-packages/airflow/example_dags/example_external_task_marker_dag.py for tasks to queue
[2024-10-18T08:37:57.792+0000] {logging_mixin.py:188} INFO - [2024-10-18T08:37:57.792+0000] {dagbag.py:545} INFO - Filling up the DagBag from /home/airflow/.local/lib/python3.12/site-packages/airflow/example_dags/example_external_task_marker_dag.py
[2024-10-18T08:37:57.796+0000] {processor.py:840} INFO - DAG(s) 'example_external_task_marker_parent', 'example_external_task_marker_child' retrieved from /home/airflow/.local/lib/python3.12/site-packages/airflow/example_dags/example_external_task_marker_dag.py
[2024-10-18T08:37:57.811+0000] {logging_mixin.py:188} INFO - [2024-10-18T08:37:57.811+0000] {dag.py:3096} INFO - Sync 2 DAGs
[2024-10-18T08:37:57.820+0000] {logging_mixin.py:188} INFO - [2024-10-18T08:37:57.820+0000] {dag.py:3954} INFO - Setting next_dagrun for example_external_task_marker_child to None, run_after=None
[2024-10-18T08:37:57.823+0000] {logging_mixin.py:188} INFO - [2024-10-18T08:37:57.823+0000] {dag.py:3954} INFO - Setting next_dagrun for example_external_task_marker_parent to None, run_after=None
[2024-10-18T08:37:57.836+0000] {processor.py:183} INFO - Processing /home/airflow/.local/lib/python3.12/site-packages/airflow/example_dags/example_external_task_marker_dag.py took 0.049 seconds
[2024-10-18T08:38:28.038+0000] {processor.py:161} INFO - Started process (PID=434) to work on /home/airflow/.local/lib/python3.12/site-packages/airflow/example_dags/example_external_task_marker_dag.py
[2024-10-18T08:38:28.039+0000] {processor.py:830} INFO - Processing file /home/airflow/.local/lib/python3.12/site-packages/airflow/example_dags/example_external_task_marker_dag.py for tasks to queue
[2024-10-18T08:38:28.040+0000] {logging_mixin.py:188} INFO - [2024-10-18T08:38:28.040+0000] {dagbag.py:545} INFO - Filling up the DagBag from /home/airflow/.local/lib/python3.12/site-packages/airflow/example_dags/example_external_task_marker_dag.py
[2024-10-18T08:38:28.045+0000] {processor.py:840} INFO - DAG(s) 'example_external_task_marker_parent', 'example_external_task_marker_child' retrieved from /home/airflow/.local/lib/python3.12/site-packages/airflow/example_dags/example_external_task_marker_dag.py
[2024-10-18T08:38:28.059+0000] {logging_mixin.py:188} INFO - [2024-10-18T08:38:28.059+0000] {dag.py:3096} INFO - Sync 2 DAGs
[2024-10-18T08:38:28.068+0000] {logging_mixin.py:188} INFO - [2024-10-18T08:38:28.068+0000] {dag.py:3954} INFO - Setting next_dagrun for example_external_task_marker_child to None, run_after=None
[2024-10-18T08:38:28.071+0000] {logging_mixin.py:188} INFO - [2024-10-18T08:38:28.071+0000] {dag.py:3954} INFO - Setting next_dagrun for example_external_task_marker_parent to None, run_after=None
[2024-10-18T08:38:28.084+0000] {processor.py:183} INFO - Processing /home/airflow/.local/lib/python3.12/site-packages/airflow/example_dags/example_external_task_marker_dag.py took 0.050 seconds
[2024-10-18T08:38:58.260+0000] {processor.py:161} INFO - Started process (PID=493) to work on /home/airflow/.local/lib/python3.12/site-packages/airflow/example_dags/example_external_task_marker_dag.py
[2024-10-18T08:38:58.261+0000] {processor.py:830} INFO - Processing file /home/airflow/.local/lib/python3.12/site-packages/airflow/example_dags/example_external_task_marker_dag.py for tasks to queue
[2024-10-18T08:38:58.262+0000] {logging_mixin.py:188} INFO - [2024-10-18T08:38:58.262+0000] {dagbag.py:545} INFO - Filling up the DagBag from /home/airflow/.local/lib/python3.12/site-packages/airflow/example_dags/example_external_task_marker_dag.py
[2024-10-18T08:38:58.266+0000] {processor.py:840} INFO - DAG(s) 'example_external_task_marker_parent', 'example_external_task_marker_child' retrieved from /home/airflow/.local/lib/python3.12/site-packages/airflow/example_dags/example_external_task_marker_dag.py
[2024-10-18T08:38:58.280+0000] {logging_mixin.py:188} INFO - [2024-10-18T08:38:58.280+0000] {dag.py:3096} INFO - Sync 2 DAGs
[2024-10-18T08:38:58.288+0000] {logging_mixin.py:188} INFO - [2024-10-18T08:38:58.288+0000] {dag.py:3954} INFO - Setting next_dagrun for example_external_task_marker_child to None, run_after=None
[2024-10-18T08:38:58.291+0000] {logging_mixin.py:188} INFO - [2024-10-18T08:38:58.291+0000] {dag.py:3954} INFO - Setting next_dagrun for example_external_task_marker_parent to None, run_after=None
[2024-10-18T08:38:58.302+0000] {processor.py:183} INFO - Processing /home/airflow/.local/lib/python3.12/site-packages/airflow/example_dags/example_external_task_marker_dag.py took 0.046 seconds
[2024-10-18T08:40:03.545+0000] {processor.py:161} INFO - Started process (PID=79) to work on /home/airflow/.local/lib/python3.12/site-packages/airflow/example_dags/example_external_task_marker_dag.py
[2024-10-18T08:40:03.549+0000] {processor.py:830} INFO - Processing file /home/airflow/.local/lib/python3.12/site-packages/airflow/example_dags/example_external_task_marker_dag.py for tasks to queue
[2024-10-18T08:40:03.550+0000] {logging_mixin.py:188} INFO - [2024-10-18T08:40:03.550+0000] {dagbag.py:545} INFO - Filling up the DagBag from /home/airflow/.local/lib/python3.12/site-packages/airflow/example_dags/example_external_task_marker_dag.py
[2024-10-18T08:40:03.563+0000] {processor.py:840} INFO - DAG(s) 'example_external_task_marker_parent', 'example_external_task_marker_child' retrieved from /home/airflow/.local/lib/python3.12/site-packages/airflow/example_dags/example_external_task_marker_dag.py
[2024-10-18T08:40:03.574+0000] {logging_mixin.py:188} INFO - [2024-10-18T08:40:03.573+0000] {dag.py:3096} INFO - Sync 2 DAGs
[2024-10-18T08:40:03.587+0000] {logging_mixin.py:188} INFO - [2024-10-18T08:40:03.587+0000] {dag.py:3954} INFO - Setting next_dagrun for example_external_task_marker_child to None, run_after=None
[2024-10-18T08:40:03.591+0000] {logging_mixin.py:188} INFO - [2024-10-18T08:40:03.591+0000] {dag.py:3954} INFO - Setting next_dagrun for example_external_task_marker_parent to None, run_after=None
[2024-10-18T08:40:03.607+0000] {processor.py:183} INFO - Processing /home/airflow/.local/lib/python3.12/site-packages/airflow/example_dags/example_external_task_marker_dag.py took 0.073 seconds
[2024-10-18T08:40:34.269+0000] {processor.py:161} INFO - Started process (PID=144) to work on /home/airflow/.local/lib/python3.12/site-packages/airflow/example_dags/example_external_task_marker_dag.py
[2024-10-18T08:40:34.270+0000] {processor.py:830} INFO - Processing file /home/airflow/.local/lib/python3.12/site-packages/airflow/example_dags/example_external_task_marker_dag.py for tasks to queue
[2024-10-18T08:40:34.271+0000] {logging_mixin.py:188} INFO - [2024-10-18T08:40:34.271+0000] {dagbag.py:545} INFO - Filling up the DagBag from /home/airflow/.local/lib/python3.12/site-packages/airflow/example_dags/example_external_task_marker_dag.py
[2024-10-18T08:40:34.275+0000] {processor.py:840} INFO - DAG(s) 'example_external_task_marker_parent', 'example_external_task_marker_child' retrieved from /home/airflow/.local/lib/python3.12/site-packages/airflow/example_dags/example_external_task_marker_dag.py
[2024-10-18T08:40:34.354+0000] {logging_mixin.py:188} INFO - [2024-10-18T08:40:34.354+0000] {dag.py:3096} INFO - Sync 2 DAGs
[2024-10-18T08:40:34.363+0000] {logging_mixin.py:188} INFO - [2024-10-18T08:40:34.363+0000] {dag.py:3954} INFO - Setting next_dagrun for example_external_task_marker_child to None, run_after=None
[2024-10-18T08:40:34.365+0000] {logging_mixin.py:188} INFO - [2024-10-18T08:40:34.365+0000] {dag.py:3954} INFO - Setting next_dagrun for example_external_task_marker_parent to None, run_after=None
[2024-10-18T08:40:34.380+0000] {processor.py:183} INFO - Processing /home/airflow/.local/lib/python3.12/site-packages/airflow/example_dags/example_external_task_marker_dag.py took 0.115 seconds
[2024-10-18T08:41:04.910+0000] {processor.py:161} INFO - Started process (PID=203) to work on /home/airflow/.local/lib/python3.12/site-packages/airflow/example_dags/example_external_task_marker_dag.py
[2024-10-18T08:41:04.911+0000] {processor.py:830} INFO - Processing file /home/airflow/.local/lib/python3.12/site-packages/airflow/example_dags/example_external_task_marker_dag.py for tasks to queue
[2024-10-18T08:41:04.913+0000] {logging_mixin.py:188} INFO - [2024-10-18T08:41:04.912+0000] {dagbag.py:545} INFO - Filling up the DagBag from /home/airflow/.local/lib/python3.12/site-packages/airflow/example_dags/example_external_task_marker_dag.py
[2024-10-18T08:41:04.916+0000] {processor.py:840} INFO - DAG(s) 'example_external_task_marker_child', 'example_external_task_marker_parent' retrieved from /home/airflow/.local/lib/python3.12/site-packages/airflow/example_dags/example_external_task_marker_dag.py
[2024-10-18T08:41:04.931+0000] {logging_mixin.py:188} INFO - [2024-10-18T08:41:04.931+0000] {dag.py:3096} INFO - Sync 2 DAGs
[2024-10-18T08:41:04.939+0000] {logging_mixin.py:188} INFO - [2024-10-18T08:41:04.939+0000] {dag.py:3954} INFO - Setting next_dagrun for example_external_task_marker_child to None, run_after=None
[2024-10-18T08:41:04.942+0000] {logging_mixin.py:188} INFO - [2024-10-18T08:41:04.941+0000] {dag.py:3954} INFO - Setting next_dagrun for example_external_task_marker_parent to None, run_after=None
[2024-10-18T08:41:04.953+0000] {processor.py:183} INFO - Processing /home/airflow/.local/lib/python3.12/site-packages/airflow/example_dags/example_external_task_marker_dag.py took 0.047 seconds
