[2024-10-18T08:22:06.488+0000] {processor.py:161} INFO - Started process (PID=63) to work on /home/airflow/.local/lib/python3.12/site-packages/airflow/example_dags/example_latest_only.py
[2024-10-18T08:22:06.489+0000] {processor.py:830} INFO - Processing file /home/airflow/.local/lib/python3.12/site-packages/airflow/example_dags/example_latest_only.py for tasks to queue
[2024-10-18T08:22:06.491+0000] {logging_mixin.py:188} INFO - [2024-10-18T08:22:06.490+0000] {dagbag.py:545} INFO - Filling up the DagBag from /home/airflow/.local/lib/python3.12/site-packages/airflow/example_dags/example_latest_only.py
[2024-10-18T08:22:06.498+0000] {processor.py:840} INFO - DAG(s) 'latest_only' retrieved from /home/airflow/.local/lib/python3.12/site-packages/airflow/example_dags/example_latest_only.py
[2024-10-18T08:22:06.508+0000] {logging_mixin.py:188} INFO - [2024-10-18T08:22:06.508+0000] {dag.py:3096} INFO - Sync 1 DAGs
[2024-10-18T08:22:06.530+0000] {logging_mixin.py:188} INFO - [2024-10-18T08:22:06.530+0000] {dag.py:3954} INFO - Setting next_dagrun for latest_only to 2024-10-18 04:00:00+00:00, run_after=2024-10-18 08:00:00+00:00
[2024-10-18T08:22:06.546+0000] {processor.py:183} INFO - Processing /home/airflow/.local/lib/python3.12/site-packages/airflow/example_dags/example_latest_only.py took 0.063 seconds
[2024-10-18T08:22:37.193+0000] {processor.py:161} INFO - Started process (PID=121) to work on /home/airflow/.local/lib/python3.12/site-packages/airflow/example_dags/example_latest_only.py
[2024-10-18T08:22:37.194+0000] {processor.py:830} INFO - Processing file /home/airflow/.local/lib/python3.12/site-packages/airflow/example_dags/example_latest_only.py for tasks to queue
[2024-10-18T08:22:37.195+0000] {logging_mixin.py:188} INFO - [2024-10-18T08:22:37.195+0000] {dagbag.py:545} INFO - Filling up the DagBag from /home/airflow/.local/lib/python3.12/site-packages/airflow/example_dags/example_latest_only.py
[2024-10-18T08:22:37.199+0000] {processor.py:840} INFO - DAG(s) 'latest_only' retrieved from /home/airflow/.local/lib/python3.12/site-packages/airflow/example_dags/example_latest_only.py
[2024-10-18T08:22:37.304+0000] {logging_mixin.py:188} INFO - [2024-10-18T08:22:37.303+0000] {dag.py:3096} INFO - Sync 1 DAGs
[2024-10-18T08:22:37.322+0000] {logging_mixin.py:188} INFO - [2024-10-18T08:22:37.321+0000] {dag.py:3954} INFO - Setting next_dagrun for latest_only to 2024-10-18 04:00:00+00:00, run_after=2024-10-18 08:00:00+00:00
[2024-10-18T08:22:37.339+0000] {processor.py:183} INFO - Processing /home/airflow/.local/lib/python3.12/site-packages/airflow/example_dags/example_latest_only.py took 0.151 seconds
[2024-10-18T08:23:07.934+0000] {processor.py:161} INFO - Started process (PID=185) to work on /home/airflow/.local/lib/python3.12/site-packages/airflow/example_dags/example_latest_only.py
[2024-10-18T08:23:07.935+0000] {processor.py:830} INFO - Processing file /home/airflow/.local/lib/python3.12/site-packages/airflow/example_dags/example_latest_only.py for tasks to queue
[2024-10-18T08:23:07.937+0000] {logging_mixin.py:188} INFO - [2024-10-18T08:23:07.936+0000] {dagbag.py:545} INFO - Filling up the DagBag from /home/airflow/.local/lib/python3.12/site-packages/airflow/example_dags/example_latest_only.py
[2024-10-18T08:23:07.940+0000] {processor.py:840} INFO - DAG(s) 'latest_only' retrieved from /home/airflow/.local/lib/python3.12/site-packages/airflow/example_dags/example_latest_only.py
[2024-10-18T08:23:07.956+0000] {logging_mixin.py:188} INFO - [2024-10-18T08:23:07.955+0000] {dag.py:3096} INFO - Sync 1 DAGs
[2024-10-18T08:23:07.974+0000] {logging_mixin.py:188} INFO - [2024-10-18T08:23:07.974+0000] {dag.py:3954} INFO - Setting next_dagrun for latest_only to 2024-10-18 04:00:00+00:00, run_after=2024-10-18 08:00:00+00:00
[2024-10-18T08:23:07.990+0000] {processor.py:183} INFO - Processing /home/airflow/.local/lib/python3.12/site-packages/airflow/example_dags/example_latest_only.py took 0.059 seconds
[2024-10-18T08:23:38.041+0000] {processor.py:161} INFO - Started process (PID=243) to work on /home/airflow/.local/lib/python3.12/site-packages/airflow/example_dags/example_latest_only.py
[2024-10-18T08:23:38.042+0000] {processor.py:830} INFO - Processing file /home/airflow/.local/lib/python3.12/site-packages/airflow/example_dags/example_latest_only.py for tasks to queue
[2024-10-18T08:23:38.043+0000] {logging_mixin.py:188} INFO - [2024-10-18T08:23:38.043+0000] {dagbag.py:545} INFO - Filling up the DagBag from /home/airflow/.local/lib/python3.12/site-packages/airflow/example_dags/example_latest_only.py
[2024-10-18T08:23:38.046+0000] {processor.py:840} INFO - DAG(s) 'latest_only' retrieved from /home/airflow/.local/lib/python3.12/site-packages/airflow/example_dags/example_latest_only.py
[2024-10-18T08:23:38.060+0000] {logging_mixin.py:188} INFO - [2024-10-18T08:23:38.059+0000] {dag.py:3096} INFO - Sync 1 DAGs
[2024-10-18T08:23:38.074+0000] {logging_mixin.py:188} INFO - [2024-10-18T08:23:38.073+0000] {dag.py:3954} INFO - Setting next_dagrun for latest_only to 2024-10-18 04:00:00+00:00, run_after=2024-10-18 08:00:00+00:00
[2024-10-18T08:23:38.090+0000] {processor.py:183} INFO - Processing /home/airflow/.local/lib/python3.12/site-packages/airflow/example_dags/example_latest_only.py took 0.053 seconds
[2024-10-18T08:24:08.197+0000] {processor.py:161} INFO - Started process (PID=301) to work on /home/airflow/.local/lib/python3.12/site-packages/airflow/example_dags/example_latest_only.py
[2024-10-18T08:24:08.198+0000] {processor.py:830} INFO - Processing file /home/airflow/.local/lib/python3.12/site-packages/airflow/example_dags/example_latest_only.py for tasks to queue
[2024-10-18T08:24:08.200+0000] {logging_mixin.py:188} INFO - [2024-10-18T08:24:08.199+0000] {dagbag.py:545} INFO - Filling up the DagBag from /home/airflow/.local/lib/python3.12/site-packages/airflow/example_dags/example_latest_only.py
[2024-10-18T08:24:08.203+0000] {processor.py:840} INFO - DAG(s) 'latest_only' retrieved from /home/airflow/.local/lib/python3.12/site-packages/airflow/example_dags/example_latest_only.py
[2024-10-18T08:24:08.216+0000] {logging_mixin.py:188} INFO - [2024-10-18T08:24:08.216+0000] {dag.py:3096} INFO - Sync 1 DAGs
[2024-10-18T08:24:08.231+0000] {logging_mixin.py:188} INFO - [2024-10-18T08:24:08.230+0000] {dag.py:3954} INFO - Setting next_dagrun for latest_only to 2024-10-18 04:00:00+00:00, run_after=2024-10-18 08:00:00+00:00
[2024-10-18T08:24:08.247+0000] {processor.py:183} INFO - Processing /home/airflow/.local/lib/python3.12/site-packages/airflow/example_dags/example_latest_only.py took 0.055 seconds
[2024-10-18T08:24:38.374+0000] {processor.py:161} INFO - Started process (PID=359) to work on /home/airflow/.local/lib/python3.12/site-packages/airflow/example_dags/example_latest_only.py
[2024-10-18T08:24:38.375+0000] {processor.py:830} INFO - Processing file /home/airflow/.local/lib/python3.12/site-packages/airflow/example_dags/example_latest_only.py for tasks to queue
[2024-10-18T08:24:38.376+0000] {logging_mixin.py:188} INFO - [2024-10-18T08:24:38.376+0000] {dagbag.py:545} INFO - Filling up the DagBag from /home/airflow/.local/lib/python3.12/site-packages/airflow/example_dags/example_latest_only.py
[2024-10-18T08:24:38.379+0000] {processor.py:840} INFO - DAG(s) 'latest_only' retrieved from /home/airflow/.local/lib/python3.12/site-packages/airflow/example_dags/example_latest_only.py
[2024-10-18T08:24:38.391+0000] {logging_mixin.py:188} INFO - [2024-10-18T08:24:38.391+0000] {dag.py:3096} INFO - Sync 1 DAGs
[2024-10-18T08:24:38.405+0000] {logging_mixin.py:188} INFO - [2024-10-18T08:24:38.405+0000] {dag.py:3954} INFO - Setting next_dagrun for latest_only to 2024-10-18 04:00:00+00:00, run_after=2024-10-18 08:00:00+00:00
[2024-10-18T08:24:38.417+0000] {processor.py:183} INFO - Processing /home/airflow/.local/lib/python3.12/site-packages/airflow/example_dags/example_latest_only.py took 0.047 seconds
[2024-10-18T08:25:08.490+0000] {processor.py:161} INFO - Started process (PID=417) to work on /home/airflow/.local/lib/python3.12/site-packages/airflow/example_dags/example_latest_only.py
[2024-10-18T08:25:08.491+0000] {processor.py:830} INFO - Processing file /home/airflow/.local/lib/python3.12/site-packages/airflow/example_dags/example_latest_only.py for tasks to queue
[2024-10-18T08:25:08.493+0000] {logging_mixin.py:188} INFO - [2024-10-18T08:25:08.492+0000] {dagbag.py:545} INFO - Filling up the DagBag from /home/airflow/.local/lib/python3.12/site-packages/airflow/example_dags/example_latest_only.py
[2024-10-18T08:25:08.496+0000] {processor.py:840} INFO - DAG(s) 'latest_only' retrieved from /home/airflow/.local/lib/python3.12/site-packages/airflow/example_dags/example_latest_only.py
[2024-10-18T08:25:08.511+0000] {logging_mixin.py:188} INFO - [2024-10-18T08:25:08.511+0000] {dag.py:3096} INFO - Sync 1 DAGs
[2024-10-18T08:25:08.526+0000] {logging_mixin.py:188} INFO - [2024-10-18T08:25:08.526+0000] {dag.py:3954} INFO - Setting next_dagrun for latest_only to 2024-10-18 04:00:00+00:00, run_after=2024-10-18 08:00:00+00:00
[2024-10-18T08:25:08.542+0000] {processor.py:183} INFO - Processing /home/airflow/.local/lib/python3.12/site-packages/airflow/example_dags/example_latest_only.py took 0.056 seconds
[2024-10-18T08:25:38.826+0000] {processor.py:161} INFO - Started process (PID=474) to work on /home/airflow/.local/lib/python3.12/site-packages/airflow/example_dags/example_latest_only.py
[2024-10-18T08:25:38.826+0000] {processor.py:830} INFO - Processing file /home/airflow/.local/lib/python3.12/site-packages/airflow/example_dags/example_latest_only.py for tasks to queue
[2024-10-18T08:25:38.827+0000] {logging_mixin.py:188} INFO - [2024-10-18T08:25:38.827+0000] {dagbag.py:545} INFO - Filling up the DagBag from /home/airflow/.local/lib/python3.12/site-packages/airflow/example_dags/example_latest_only.py
[2024-10-18T08:25:38.830+0000] {processor.py:840} INFO - DAG(s) 'latest_only' retrieved from /home/airflow/.local/lib/python3.12/site-packages/airflow/example_dags/example_latest_only.py
[2024-10-18T08:25:38.845+0000] {logging_mixin.py:188} INFO - [2024-10-18T08:25:38.845+0000] {dag.py:3096} INFO - Sync 1 DAGs
[2024-10-18T08:25:38.860+0000] {logging_mixin.py:188} INFO - [2024-10-18T08:25:38.859+0000] {dag.py:3954} INFO - Setting next_dagrun for latest_only to 2024-10-18 04:00:00+00:00, run_after=2024-10-18 08:00:00+00:00
[2024-10-18T08:25:38.874+0000] {processor.py:183} INFO - Processing /home/airflow/.local/lib/python3.12/site-packages/airflow/example_dags/example_latest_only.py took 0.052 seconds
[2024-10-18T08:26:08.996+0000] {processor.py:161} INFO - Started process (PID=532) to work on /home/airflow/.local/lib/python3.12/site-packages/airflow/example_dags/example_latest_only.py
[2024-10-18T08:26:08.997+0000] {processor.py:830} INFO - Processing file /home/airflow/.local/lib/python3.12/site-packages/airflow/example_dags/example_latest_only.py for tasks to queue
[2024-10-18T08:26:08.998+0000] {logging_mixin.py:188} INFO - [2024-10-18T08:26:08.998+0000] {dagbag.py:545} INFO - Filling up the DagBag from /home/airflow/.local/lib/python3.12/site-packages/airflow/example_dags/example_latest_only.py
[2024-10-18T08:26:09.001+0000] {processor.py:840} INFO - DAG(s) 'latest_only' retrieved from /home/airflow/.local/lib/python3.12/site-packages/airflow/example_dags/example_latest_only.py
[2024-10-18T08:26:09.014+0000] {logging_mixin.py:188} INFO - [2024-10-18T08:26:09.014+0000] {dag.py:3096} INFO - Sync 1 DAGs
[2024-10-18T08:26:09.029+0000] {logging_mixin.py:188} INFO - [2024-10-18T08:26:09.029+0000] {dag.py:3954} INFO - Setting next_dagrun for latest_only to 2024-10-18 04:00:00+00:00, run_after=2024-10-18 08:00:00+00:00
[2024-10-18T08:26:09.044+0000] {processor.py:183} INFO - Processing /home/airflow/.local/lib/python3.12/site-packages/airflow/example_dags/example_latest_only.py took 0.052 seconds
[2024-10-18T08:26:39.175+0000] {processor.py:161} INFO - Started process (PID=590) to work on /home/airflow/.local/lib/python3.12/site-packages/airflow/example_dags/example_latest_only.py
[2024-10-18T08:26:39.176+0000] {processor.py:830} INFO - Processing file /home/airflow/.local/lib/python3.12/site-packages/airflow/example_dags/example_latest_only.py for tasks to queue
[2024-10-18T08:26:39.177+0000] {logging_mixin.py:188} INFO - [2024-10-18T08:26:39.176+0000] {dagbag.py:545} INFO - Filling up the DagBag from /home/airflow/.local/lib/python3.12/site-packages/airflow/example_dags/example_latest_only.py
[2024-10-18T08:26:39.179+0000] {processor.py:840} INFO - DAG(s) 'latest_only' retrieved from /home/airflow/.local/lib/python3.12/site-packages/airflow/example_dags/example_latest_only.py
[2024-10-18T08:26:39.192+0000] {logging_mixin.py:188} INFO - [2024-10-18T08:26:39.192+0000] {dag.py:3096} INFO - Sync 1 DAGs
[2024-10-18T08:26:39.206+0000] {logging_mixin.py:188} INFO - [2024-10-18T08:26:39.206+0000] {dag.py:3954} INFO - Setting next_dagrun for latest_only to 2024-10-18 04:00:00+00:00, run_after=2024-10-18 08:00:00+00:00
[2024-10-18T08:26:39.217+0000] {processor.py:183} INFO - Processing /home/airflow/.local/lib/python3.12/site-packages/airflow/example_dags/example_latest_only.py took 0.046 seconds
[2024-10-18T08:31:18.269+0000] {processor.py:161} INFO - Started process (PID=63) to work on /home/airflow/.local/lib/python3.12/site-packages/airflow/example_dags/example_latest_only.py
[2024-10-18T08:31:18.269+0000] {processor.py:830} INFO - Processing file /home/airflow/.local/lib/python3.12/site-packages/airflow/example_dags/example_latest_only.py for tasks to queue
[2024-10-18T08:31:18.271+0000] {logging_mixin.py:188} INFO - [2024-10-18T08:31:18.270+0000] {dagbag.py:545} INFO - Filling up the DagBag from /home/airflow/.local/lib/python3.12/site-packages/airflow/example_dags/example_latest_only.py
[2024-10-18T08:31:18.276+0000] {processor.py:840} INFO - DAG(s) 'latest_only' retrieved from /home/airflow/.local/lib/python3.12/site-packages/airflow/example_dags/example_latest_only.py
[2024-10-18T08:31:18.282+0000] {logging_mixin.py:188} INFO - [2024-10-18T08:31:18.282+0000] {dag.py:3096} INFO - Sync 1 DAGs
[2024-10-18T08:31:18.297+0000] {logging_mixin.py:188} INFO - [2024-10-18T08:31:18.297+0000] {dag.py:3954} INFO - Setting next_dagrun for latest_only to 2024-10-18 04:00:00+00:00, run_after=2024-10-18 08:00:00+00:00
[2024-10-18T08:31:18.309+0000] {processor.py:183} INFO - Processing /home/airflow/.local/lib/python3.12/site-packages/airflow/example_dags/example_latest_only.py took 0.044 seconds
[2024-10-18T08:31:49.326+0000] {processor.py:161} INFO - Started process (PID=129) to work on /home/airflow/.local/lib/python3.12/site-packages/airflow/example_dags/example_latest_only.py
[2024-10-18T08:31:49.327+0000] {processor.py:830} INFO - Processing file /home/airflow/.local/lib/python3.12/site-packages/airflow/example_dags/example_latest_only.py for tasks to queue
[2024-10-18T08:31:49.328+0000] {logging_mixin.py:188} INFO - [2024-10-18T08:31:49.328+0000] {dagbag.py:545} INFO - Filling up the DagBag from /home/airflow/.local/lib/python3.12/site-packages/airflow/example_dags/example_latest_only.py
[2024-10-18T08:31:49.331+0000] {processor.py:840} INFO - DAG(s) 'latest_only' retrieved from /home/airflow/.local/lib/python3.12/site-packages/airflow/example_dags/example_latest_only.py
[2024-10-18T08:31:49.399+0000] {logging_mixin.py:188} INFO - [2024-10-18T08:31:49.398+0000] {dag.py:3096} INFO - Sync 1 DAGs
[2024-10-18T08:31:49.411+0000] {logging_mixin.py:188} INFO - [2024-10-18T08:31:49.411+0000] {dag.py:3954} INFO - Setting next_dagrun for latest_only to 2024-10-18 04:00:00+00:00, run_after=2024-10-18 08:00:00+00:00
[2024-10-18T08:31:49.424+0000] {processor.py:183} INFO - Processing /home/airflow/.local/lib/python3.12/site-packages/airflow/example_dags/example_latest_only.py took 0.102 seconds
[2024-10-18T08:33:27.773+0000] {processor.py:161} INFO - Started process (PID=55) to work on /home/airflow/.local/lib/python3.12/site-packages/airflow/example_dags/example_latest_only.py
[2024-10-18T08:33:27.774+0000] {processor.py:830} INFO - Processing file /home/airflow/.local/lib/python3.12/site-packages/airflow/example_dags/example_latest_only.py for tasks to queue
[2024-10-18T08:33:27.775+0000] {logging_mixin.py:188} INFO - [2024-10-18T08:33:27.775+0000] {dagbag.py:545} INFO - Filling up the DagBag from /home/airflow/.local/lib/python3.12/site-packages/airflow/example_dags/example_latest_only.py
[2024-10-18T08:33:27.782+0000] {processor.py:840} INFO - DAG(s) 'latest_only' retrieved from /home/airflow/.local/lib/python3.12/site-packages/airflow/example_dags/example_latest_only.py
[2024-10-18T08:33:27.791+0000] {logging_mixin.py:188} INFO - [2024-10-18T08:33:27.791+0000] {dag.py:3096} INFO - Sync 1 DAGs
[2024-10-18T08:33:27.813+0000] {logging_mixin.py:188} INFO - [2024-10-18T08:33:27.813+0000] {dag.py:3954} INFO - Setting next_dagrun for latest_only to 2024-10-18 04:00:00+00:00, run_after=2024-10-18 08:00:00+00:00
[2024-10-18T08:33:27.830+0000] {processor.py:183} INFO - Processing /home/airflow/.local/lib/python3.12/site-packages/airflow/example_dags/example_latest_only.py took 0.062 seconds
[2024-10-18T08:35:24.467+0000] {processor.py:161} INFO - Started process (PID=63) to work on /home/airflow/.local/lib/python3.12/site-packages/airflow/example_dags/example_latest_only.py
[2024-10-18T08:35:24.468+0000] {processor.py:830} INFO - Processing file /home/airflow/.local/lib/python3.12/site-packages/airflow/example_dags/example_latest_only.py for tasks to queue
[2024-10-18T08:35:24.469+0000] {logging_mixin.py:188} INFO - [2024-10-18T08:35:24.469+0000] {dagbag.py:545} INFO - Filling up the DagBag from /home/airflow/.local/lib/python3.12/site-packages/airflow/example_dags/example_latest_only.py
[2024-10-18T08:35:24.474+0000] {processor.py:840} INFO - DAG(s) 'latest_only' retrieved from /home/airflow/.local/lib/python3.12/site-packages/airflow/example_dags/example_latest_only.py
[2024-10-18T08:35:24.481+0000] {logging_mixin.py:188} INFO - [2024-10-18T08:35:24.481+0000] {dag.py:3096} INFO - Sync 1 DAGs
[2024-10-18T08:35:24.496+0000] {logging_mixin.py:188} INFO - [2024-10-18T08:35:24.496+0000] {dag.py:3954} INFO - Setting next_dagrun for latest_only to 2024-10-18 04:00:00+00:00, run_after=2024-10-18 08:00:00+00:00
[2024-10-18T08:35:24.508+0000] {processor.py:183} INFO - Processing /home/airflow/.local/lib/python3.12/site-packages/airflow/example_dags/example_latest_only.py took 0.045 seconds
[2024-10-18T08:35:55.207+0000] {processor.py:161} INFO - Started process (PID=122) to work on /home/airflow/.local/lib/python3.12/site-packages/airflow/example_dags/example_latest_only.py
[2024-10-18T08:35:55.208+0000] {processor.py:830} INFO - Processing file /home/airflow/.local/lib/python3.12/site-packages/airflow/example_dags/example_latest_only.py for tasks to queue
[2024-10-18T08:35:55.210+0000] {logging_mixin.py:188} INFO - [2024-10-18T08:35:55.210+0000] {dagbag.py:545} INFO - Filling up the DagBag from /home/airflow/.local/lib/python3.12/site-packages/airflow/example_dags/example_latest_only.py
[2024-10-18T08:35:55.214+0000] {processor.py:840} INFO - DAG(s) 'latest_only' retrieved from /home/airflow/.local/lib/python3.12/site-packages/airflow/example_dags/example_latest_only.py
[2024-10-18T08:35:55.305+0000] {logging_mixin.py:188} INFO - [2024-10-18T08:35:55.305+0000] {dag.py:3096} INFO - Sync 1 DAGs
[2024-10-18T08:35:55.319+0000] {logging_mixin.py:188} INFO - [2024-10-18T08:35:55.319+0000] {dag.py:3954} INFO - Setting next_dagrun for latest_only to 2024-10-18 04:00:00+00:00, run_after=2024-10-18 08:00:00+00:00
[2024-10-18T08:35:55.336+0000] {processor.py:183} INFO - Processing /home/airflow/.local/lib/python3.12/site-packages/airflow/example_dags/example_latest_only.py took 0.135 seconds
[2024-10-18T08:36:25.678+0000] {processor.py:161} INFO - Started process (PID=187) to work on /home/airflow/.local/lib/python3.12/site-packages/airflow/example_dags/example_latest_only.py
[2024-10-18T08:36:25.679+0000] {processor.py:830} INFO - Processing file /home/airflow/.local/lib/python3.12/site-packages/airflow/example_dags/example_latest_only.py for tasks to queue
[2024-10-18T08:36:25.680+0000] {logging_mixin.py:188} INFO - [2024-10-18T08:36:25.680+0000] {dagbag.py:545} INFO - Filling up the DagBag from /home/airflow/.local/lib/python3.12/site-packages/airflow/example_dags/example_latest_only.py
[2024-10-18T08:36:25.684+0000] {processor.py:840} INFO - DAG(s) 'latest_only' retrieved from /home/airflow/.local/lib/python3.12/site-packages/airflow/example_dags/example_latest_only.py
[2024-10-18T08:36:25.700+0000] {logging_mixin.py:188} INFO - [2024-10-18T08:36:25.700+0000] {dag.py:3096} INFO - Sync 1 DAGs
[2024-10-18T08:36:25.721+0000] {logging_mixin.py:188} INFO - [2024-10-18T08:36:25.721+0000] {dag.py:3954} INFO - Setting next_dagrun for latest_only to 2024-10-18 04:00:00+00:00, run_after=2024-10-18 08:00:00+00:00
[2024-10-18T08:36:25.737+0000] {processor.py:183} INFO - Processing /home/airflow/.local/lib/python3.12/site-packages/airflow/example_dags/example_latest_only.py took 0.064 seconds
[2024-10-18T08:36:55.786+0000] {processor.py:161} INFO - Started process (PID=246) to work on /home/airflow/.local/lib/python3.12/site-packages/airflow/example_dags/example_latest_only.py
[2024-10-18T08:36:55.787+0000] {processor.py:830} INFO - Processing file /home/airflow/.local/lib/python3.12/site-packages/airflow/example_dags/example_latest_only.py for tasks to queue
[2024-10-18T08:36:55.788+0000] {logging_mixin.py:188} INFO - [2024-10-18T08:36:55.787+0000] {dagbag.py:545} INFO - Filling up the DagBag from /home/airflow/.local/lib/python3.12/site-packages/airflow/example_dags/example_latest_only.py
[2024-10-18T08:36:55.790+0000] {processor.py:840} INFO - DAG(s) 'latest_only' retrieved from /home/airflow/.local/lib/python3.12/site-packages/airflow/example_dags/example_latest_only.py
[2024-10-18T08:36:55.805+0000] {logging_mixin.py:188} INFO - [2024-10-18T08:36:55.805+0000] {dag.py:3096} INFO - Sync 1 DAGs
[2024-10-18T08:36:55.825+0000] {logging_mixin.py:188} INFO - [2024-10-18T08:36:55.825+0000] {dag.py:3954} INFO - Setting next_dagrun for latest_only to 2024-10-18 04:00:00+00:00, run_after=2024-10-18 08:00:00+00:00
[2024-10-18T08:36:55.842+0000] {processor.py:183} INFO - Processing /home/airflow/.local/lib/python3.12/site-packages/airflow/example_dags/example_latest_only.py took 0.060 seconds
[2024-10-18T08:37:26.084+0000] {processor.py:161} INFO - Started process (PID=305) to work on /home/airflow/.local/lib/python3.12/site-packages/airflow/example_dags/example_latest_only.py
[2024-10-18T08:37:26.085+0000] {processor.py:830} INFO - Processing file /home/airflow/.local/lib/python3.12/site-packages/airflow/example_dags/example_latest_only.py for tasks to queue
[2024-10-18T08:37:26.086+0000] {logging_mixin.py:188} INFO - [2024-10-18T08:37:26.086+0000] {dagbag.py:545} INFO - Filling up the DagBag from /home/airflow/.local/lib/python3.12/site-packages/airflow/example_dags/example_latest_only.py
[2024-10-18T08:37:26.089+0000] {processor.py:840} INFO - DAG(s) 'latest_only' retrieved from /home/airflow/.local/lib/python3.12/site-packages/airflow/example_dags/example_latest_only.py
[2024-10-18T08:37:26.101+0000] {logging_mixin.py:188} INFO - [2024-10-18T08:37:26.101+0000] {dag.py:3096} INFO - Sync 1 DAGs
[2024-10-18T08:37:26.115+0000] {logging_mixin.py:188} INFO - [2024-10-18T08:37:26.115+0000] {dag.py:3954} INFO - Setting next_dagrun for latest_only to 2024-10-18 04:00:00+00:00, run_after=2024-10-18 08:00:00+00:00
[2024-10-18T08:37:26.127+0000] {processor.py:183} INFO - Processing /home/airflow/.local/lib/python3.12/site-packages/airflow/example_dags/example_latest_only.py took 0.046 seconds
[2024-10-18T08:37:56.318+0000] {processor.py:161} INFO - Started process (PID=364) to work on /home/airflow/.local/lib/python3.12/site-packages/airflow/example_dags/example_latest_only.py
[2024-10-18T08:37:56.319+0000] {processor.py:830} INFO - Processing file /home/airflow/.local/lib/python3.12/site-packages/airflow/example_dags/example_latest_only.py for tasks to queue
[2024-10-18T08:37:56.320+0000] {logging_mixin.py:188} INFO - [2024-10-18T08:37:56.320+0000] {dagbag.py:545} INFO - Filling up the DagBag from /home/airflow/.local/lib/python3.12/site-packages/airflow/example_dags/example_latest_only.py
[2024-10-18T08:37:56.323+0000] {processor.py:840} INFO - DAG(s) 'latest_only' retrieved from /home/airflow/.local/lib/python3.12/site-packages/airflow/example_dags/example_latest_only.py
[2024-10-18T08:37:56.335+0000] {logging_mixin.py:188} INFO - [2024-10-18T08:37:56.335+0000] {dag.py:3096} INFO - Sync 1 DAGs
[2024-10-18T08:37:56.349+0000] {logging_mixin.py:188} INFO - [2024-10-18T08:37:56.349+0000] {dag.py:3954} INFO - Setting next_dagrun for latest_only to 2024-10-18 04:00:00+00:00, run_after=2024-10-18 08:00:00+00:00
[2024-10-18T08:37:56.362+0000] {processor.py:183} INFO - Processing /home/airflow/.local/lib/python3.12/site-packages/airflow/example_dags/example_latest_only.py took 0.048 seconds
[2024-10-18T08:38:26.619+0000] {processor.py:161} INFO - Started process (PID=423) to work on /home/airflow/.local/lib/python3.12/site-packages/airflow/example_dags/example_latest_only.py
[2024-10-18T08:38:26.620+0000] {processor.py:830} INFO - Processing file /home/airflow/.local/lib/python3.12/site-packages/airflow/example_dags/example_latest_only.py for tasks to queue
[2024-10-18T08:38:26.621+0000] {logging_mixin.py:188} INFO - [2024-10-18T08:38:26.620+0000] {dagbag.py:545} INFO - Filling up the DagBag from /home/airflow/.local/lib/python3.12/site-packages/airflow/example_dags/example_latest_only.py
[2024-10-18T08:38:26.623+0000] {processor.py:840} INFO - DAG(s) 'latest_only' retrieved from /home/airflow/.local/lib/python3.12/site-packages/airflow/example_dags/example_latest_only.py
[2024-10-18T08:38:26.637+0000] {logging_mixin.py:188} INFO - [2024-10-18T08:38:26.637+0000] {dag.py:3096} INFO - Sync 1 DAGs
[2024-10-18T08:38:26.654+0000] {logging_mixin.py:188} INFO - [2024-10-18T08:38:26.654+0000] {dag.py:3954} INFO - Setting next_dagrun for latest_only to 2024-10-18 04:00:00+00:00, run_after=2024-10-18 08:00:00+00:00
[2024-10-18T08:38:26.666+0000] {processor.py:183} INFO - Processing /home/airflow/.local/lib/python3.12/site-packages/airflow/example_dags/example_latest_only.py took 0.051 seconds
[2024-10-18T08:38:56.872+0000] {processor.py:161} INFO - Started process (PID=482) to work on /home/airflow/.local/lib/python3.12/site-packages/airflow/example_dags/example_latest_only.py
[2024-10-18T08:38:56.873+0000] {processor.py:830} INFO - Processing file /home/airflow/.local/lib/python3.12/site-packages/airflow/example_dags/example_latest_only.py for tasks to queue
[2024-10-18T08:38:56.874+0000] {logging_mixin.py:188} INFO - [2024-10-18T08:38:56.874+0000] {dagbag.py:545} INFO - Filling up the DagBag from /home/airflow/.local/lib/python3.12/site-packages/airflow/example_dags/example_latest_only.py
[2024-10-18T08:38:56.877+0000] {processor.py:840} INFO - DAG(s) 'latest_only' retrieved from /home/airflow/.local/lib/python3.12/site-packages/airflow/example_dags/example_latest_only.py
[2024-10-18T08:38:56.891+0000] {logging_mixin.py:188} INFO - [2024-10-18T08:38:56.891+0000] {dag.py:3096} INFO - Sync 1 DAGs
[2024-10-18T08:38:56.906+0000] {logging_mixin.py:188} INFO - [2024-10-18T08:38:56.906+0000] {dag.py:3954} INFO - Setting next_dagrun for latest_only to 2024-10-18 04:00:00+00:00, run_after=2024-10-18 08:00:00+00:00
[2024-10-18T08:38:56.917+0000] {processor.py:183} INFO - Processing /home/airflow/.local/lib/python3.12/site-packages/airflow/example_dags/example_latest_only.py took 0.050 seconds
[2024-10-18T08:40:02.641+0000] {processor.py:161} INFO - Started process (PID=62) to work on /home/airflow/.local/lib/python3.12/site-packages/airflow/example_dags/example_latest_only.py
[2024-10-18T08:40:02.642+0000] {processor.py:830} INFO - Processing file /home/airflow/.local/lib/python3.12/site-packages/airflow/example_dags/example_latest_only.py for tasks to queue
[2024-10-18T08:40:02.644+0000] {logging_mixin.py:188} INFO - [2024-10-18T08:40:02.644+0000] {dagbag.py:545} INFO - Filling up the DagBag from /home/airflow/.local/lib/python3.12/site-packages/airflow/example_dags/example_latest_only.py
[2024-10-18T08:40:02.651+0000] {processor.py:840} INFO - DAG(s) 'latest_only' retrieved from /home/airflow/.local/lib/python3.12/site-packages/airflow/example_dags/example_latest_only.py
[2024-10-18T08:40:02.661+0000] {logging_mixin.py:188} INFO - [2024-10-18T08:40:02.661+0000] {dag.py:3096} INFO - Sync 1 DAGs
[2024-10-18T08:40:02.683+0000] {logging_mixin.py:188} INFO - [2024-10-18T08:40:02.683+0000] {dag.py:3954} INFO - Setting next_dagrun for latest_only to 2024-10-18 04:00:00+00:00, run_after=2024-10-18 08:00:00+00:00
[2024-10-18T08:40:02.700+0000] {processor.py:183} INFO - Processing /home/airflow/.local/lib/python3.12/site-packages/airflow/example_dags/example_latest_only.py took 0.064 seconds
[2024-10-18T08:40:33.489+0000] {processor.py:161} INFO - Started process (PID=133) to work on /home/airflow/.local/lib/python3.12/site-packages/airflow/example_dags/example_latest_only.py
[2024-10-18T08:40:33.490+0000] {processor.py:830} INFO - Processing file /home/airflow/.local/lib/python3.12/site-packages/airflow/example_dags/example_latest_only.py for tasks to queue
[2024-10-18T08:40:33.491+0000] {logging_mixin.py:188} INFO - [2024-10-18T08:40:33.491+0000] {dagbag.py:545} INFO - Filling up the DagBag from /home/airflow/.local/lib/python3.12/site-packages/airflow/example_dags/example_latest_only.py
[2024-10-18T08:40:33.494+0000] {processor.py:840} INFO - DAG(s) 'latest_only' retrieved from /home/airflow/.local/lib/python3.12/site-packages/airflow/example_dags/example_latest_only.py
[2024-10-18T08:40:33.570+0000] {logging_mixin.py:188} INFO - [2024-10-18T08:40:33.569+0000] {dag.py:3096} INFO - Sync 1 DAGs
[2024-10-18T08:40:33.587+0000] {logging_mixin.py:188} INFO - [2024-10-18T08:40:33.587+0000] {dag.py:3954} INFO - Setting next_dagrun for latest_only to 2024-10-18 04:00:00+00:00, run_after=2024-10-18 08:00:00+00:00
[2024-10-18T08:40:33.605+0000] {processor.py:183} INFO - Processing /home/airflow/.local/lib/python3.12/site-packages/airflow/example_dags/example_latest_only.py took 0.119 seconds
[2024-10-18T08:41:04.406+0000] {processor.py:161} INFO - Started process (PID=192) to work on /home/airflow/.local/lib/python3.12/site-packages/airflow/example_dags/example_latest_only.py
[2024-10-18T08:41:04.407+0000] {processor.py:830} INFO - Processing file /home/airflow/.local/lib/python3.12/site-packages/airflow/example_dags/example_latest_only.py for tasks to queue
[2024-10-18T08:41:04.409+0000] {logging_mixin.py:188} INFO - [2024-10-18T08:41:04.408+0000] {dagbag.py:545} INFO - Filling up the DagBag from /home/airflow/.local/lib/python3.12/site-packages/airflow/example_dags/example_latest_only.py
[2024-10-18T08:41:04.413+0000] {processor.py:840} INFO - DAG(s) 'latest_only' retrieved from /home/airflow/.local/lib/python3.12/site-packages/airflow/example_dags/example_latest_only.py
[2024-10-18T08:41:04.430+0000] {logging_mixin.py:188} INFO - [2024-10-18T08:41:04.430+0000] {dag.py:3096} INFO - Sync 1 DAGs
[2024-10-18T08:41:04.451+0000] {logging_mixin.py:188} INFO - [2024-10-18T08:41:04.450+0000] {dag.py:3954} INFO - Setting next_dagrun for latest_only to 2024-10-18 04:00:00+00:00, run_after=2024-10-18 08:00:00+00:00
[2024-10-18T08:41:04.467+0000] {processor.py:183} INFO - Processing /home/airflow/.local/lib/python3.12/site-packages/airflow/example_dags/example_latest_only.py took 0.066 seconds
