[2024-10-18T08:22:08.342+0000] {processor.py:161} INFO - Started process (PID=95) to work on /home/airflow/.local/lib/python3.12/site-packages/airflow/example_dags/example_branch_operator.py
[2024-10-18T08:22:08.342+0000] {processor.py:830} INFO - Processing file /home/airflow/.local/lib/python3.12/site-packages/airflow/example_dags/example_branch_operator.py for tasks to queue
[2024-10-18T08:22:08.344+0000] {logging_mixin.py:188} INFO - [2024-10-18T08:22:08.344+0000] {dagbag.py:545} INFO - Filling up the DagBag from /home/airflow/.local/lib/python3.12/site-packages/airflow/example_dags/example_branch_operator.py
[2024-10-18T08:22:08.376+0000] {processor.py:840} INFO - DAG(s) 'example_branch_operator' retrieved from /home/airflow/.local/lib/python3.12/site-packages/airflow/example_dags/example_branch_operator.py
[2024-10-18T08:22:08.395+0000] {logging_mixin.py:188} INFO - [2024-10-18T08:22:08.394+0000] {dag.py:3096} INFO - Sync 1 DAGs
[2024-10-18T08:22:08.431+0000] {logging_mixin.py:188} INFO - [2024-10-18T08:22:08.431+0000] {dag.py:3954} INFO - Setting next_dagrun for example_branch_operator to 2024-10-17 00:00:00+00:00, run_after=2024-10-18 00:00:00+00:00
[2024-10-18T08:22:08.463+0000] {processor.py:183} INFO - Processing /home/airflow/.local/lib/python3.12/site-packages/airflow/example_dags/example_branch_operator.py took 0.126 seconds
[2024-10-18T08:22:38.924+0000] {processor.py:161} INFO - Started process (PID=153) to work on /home/airflow/.local/lib/python3.12/site-packages/airflow/example_dags/example_branch_operator.py
[2024-10-18T08:22:38.924+0000] {processor.py:830} INFO - Processing file /home/airflow/.local/lib/python3.12/site-packages/airflow/example_dags/example_branch_operator.py for tasks to queue
[2024-10-18T08:22:38.925+0000] {logging_mixin.py:188} INFO - [2024-10-18T08:22:38.925+0000] {dagbag.py:545} INFO - Filling up the DagBag from /home/airflow/.local/lib/python3.12/site-packages/airflow/example_dags/example_branch_operator.py
[2024-10-18T08:22:38.936+0000] {processor.py:840} INFO - DAG(s) 'example_branch_operator' retrieved from /home/airflow/.local/lib/python3.12/site-packages/airflow/example_dags/example_branch_operator.py
[2024-10-18T08:22:39.009+0000] {logging_mixin.py:188} INFO - [2024-10-18T08:22:39.009+0000] {dag.py:3096} INFO - Sync 1 DAGs
[2024-10-18T08:22:39.022+0000] {logging_mixin.py:188} INFO - [2024-10-18T08:22:39.022+0000] {dag.py:3954} INFO - Setting next_dagrun for example_branch_operator to 2024-10-17 00:00:00+00:00, run_after=2024-10-18 00:00:00+00:00
[2024-10-18T08:22:39.034+0000] {processor.py:183} INFO - Processing /home/airflow/.local/lib/python3.12/site-packages/airflow/example_dags/example_branch_operator.py took 0.114 seconds
[2024-10-18T08:23:09.110+0000] {processor.py:161} INFO - Started process (PID=211) to work on /home/airflow/.local/lib/python3.12/site-packages/airflow/example_dags/example_branch_operator.py
[2024-10-18T08:23:09.111+0000] {processor.py:830} INFO - Processing file /home/airflow/.local/lib/python3.12/site-packages/airflow/example_dags/example_branch_operator.py for tasks to queue
[2024-10-18T08:23:09.112+0000] {logging_mixin.py:188} INFO - [2024-10-18T08:23:09.112+0000] {dagbag.py:545} INFO - Filling up the DagBag from /home/airflow/.local/lib/python3.12/site-packages/airflow/example_dags/example_branch_operator.py
[2024-10-18T08:23:09.128+0000] {processor.py:840} INFO - DAG(s) 'example_branch_operator' retrieved from /home/airflow/.local/lib/python3.12/site-packages/airflow/example_dags/example_branch_operator.py
[2024-10-18T08:23:09.154+0000] {logging_mixin.py:188} INFO - [2024-10-18T08:23:09.154+0000] {dag.py:3096} INFO - Sync 1 DAGs
[2024-10-18T08:23:09.175+0000] {logging_mixin.py:188} INFO - [2024-10-18T08:23:09.174+0000] {dag.py:3954} INFO - Setting next_dagrun for example_branch_operator to 2024-10-17 00:00:00+00:00, run_after=2024-10-18 00:00:00+00:00
[2024-10-18T08:23:09.187+0000] {processor.py:183} INFO - Processing /home/airflow/.local/lib/python3.12/site-packages/airflow/example_dags/example_branch_operator.py took 0.081 seconds
[2024-10-18T08:23:39.923+0000] {processor.py:161} INFO - Started process (PID=270) to work on /home/airflow/.local/lib/python3.12/site-packages/airflow/example_dags/example_branch_operator.py
[2024-10-18T08:23:39.924+0000] {processor.py:830} INFO - Processing file /home/airflow/.local/lib/python3.12/site-packages/airflow/example_dags/example_branch_operator.py for tasks to queue
[2024-10-18T08:23:39.926+0000] {logging_mixin.py:188} INFO - [2024-10-18T08:23:39.925+0000] {dagbag.py:545} INFO - Filling up the DagBag from /home/airflow/.local/lib/python3.12/site-packages/airflow/example_dags/example_branch_operator.py
[2024-10-18T08:23:39.941+0000] {processor.py:840} INFO - DAG(s) 'example_branch_operator' retrieved from /home/airflow/.local/lib/python3.12/site-packages/airflow/example_dags/example_branch_operator.py
[2024-10-18T08:23:39.960+0000] {logging_mixin.py:188} INFO - [2024-10-18T08:23:39.960+0000] {dag.py:3096} INFO - Sync 1 DAGs
[2024-10-18T08:23:39.976+0000] {logging_mixin.py:188} INFO - [2024-10-18T08:23:39.976+0000] {dag.py:3954} INFO - Setting next_dagrun for example_branch_operator to 2024-10-17 00:00:00+00:00, run_after=2024-10-18 00:00:00+00:00
[2024-10-18T08:23:39.988+0000] {processor.py:183} INFO - Processing /home/airflow/.local/lib/python3.12/site-packages/airflow/example_dags/example_branch_operator.py took 0.068 seconds
[2024-10-18T08:24:10.040+0000] {processor.py:161} INFO - Started process (PID=327) to work on /home/airflow/.local/lib/python3.12/site-packages/airflow/example_dags/example_branch_operator.py
[2024-10-18T08:24:10.041+0000] {processor.py:830} INFO - Processing file /home/airflow/.local/lib/python3.12/site-packages/airflow/example_dags/example_branch_operator.py for tasks to queue
[2024-10-18T08:24:10.042+0000] {logging_mixin.py:188} INFO - [2024-10-18T08:24:10.042+0000] {dagbag.py:545} INFO - Filling up the DagBag from /home/airflow/.local/lib/python3.12/site-packages/airflow/example_dags/example_branch_operator.py
[2024-10-18T08:24:10.052+0000] {processor.py:840} INFO - DAG(s) 'example_branch_operator' retrieved from /home/airflow/.local/lib/python3.12/site-packages/airflow/example_dags/example_branch_operator.py
[2024-10-18T08:24:10.070+0000] {logging_mixin.py:188} INFO - [2024-10-18T08:24:10.070+0000] {dag.py:3096} INFO - Sync 1 DAGs
[2024-10-18T08:24:10.084+0000] {logging_mixin.py:188} INFO - [2024-10-18T08:24:10.084+0000] {dag.py:3954} INFO - Setting next_dagrun for example_branch_operator to 2024-10-17 00:00:00+00:00, run_after=2024-10-18 00:00:00+00:00
[2024-10-18T08:24:10.096+0000] {processor.py:183} INFO - Processing /home/airflow/.local/lib/python3.12/site-packages/airflow/example_dags/example_branch_operator.py took 0.059 seconds
[2024-10-18T08:24:40.253+0000] {processor.py:161} INFO - Started process (PID=385) to work on /home/airflow/.local/lib/python3.12/site-packages/airflow/example_dags/example_branch_operator.py
[2024-10-18T08:24:40.253+0000] {processor.py:830} INFO - Processing file /home/airflow/.local/lib/python3.12/site-packages/airflow/example_dags/example_branch_operator.py for tasks to queue
[2024-10-18T08:24:40.254+0000] {logging_mixin.py:188} INFO - [2024-10-18T08:24:40.254+0000] {dagbag.py:545} INFO - Filling up the DagBag from /home/airflow/.local/lib/python3.12/site-packages/airflow/example_dags/example_branch_operator.py
[2024-10-18T08:24:40.264+0000] {processor.py:840} INFO - DAG(s) 'example_branch_operator' retrieved from /home/airflow/.local/lib/python3.12/site-packages/airflow/example_dags/example_branch_operator.py
[2024-10-18T08:24:40.284+0000] {logging_mixin.py:188} INFO - [2024-10-18T08:24:40.284+0000] {dag.py:3096} INFO - Sync 1 DAGs
[2024-10-18T08:24:40.299+0000] {logging_mixin.py:188} INFO - [2024-10-18T08:24:40.299+0000] {dag.py:3954} INFO - Setting next_dagrun for example_branch_operator to 2024-10-17 00:00:00+00:00, run_after=2024-10-18 00:00:00+00:00
[2024-10-18T08:24:40.314+0000] {processor.py:183} INFO - Processing /home/airflow/.local/lib/python3.12/site-packages/airflow/example_dags/example_branch_operator.py took 0.065 seconds
[2024-10-18T08:25:10.580+0000] {processor.py:161} INFO - Started process (PID=443) to work on /home/airflow/.local/lib/python3.12/site-packages/airflow/example_dags/example_branch_operator.py
[2024-10-18T08:25:10.581+0000] {processor.py:830} INFO - Processing file /home/airflow/.local/lib/python3.12/site-packages/airflow/example_dags/example_branch_operator.py for tasks to queue
[2024-10-18T08:25:10.582+0000] {logging_mixin.py:188} INFO - [2024-10-18T08:25:10.582+0000] {dagbag.py:545} INFO - Filling up the DagBag from /home/airflow/.local/lib/python3.12/site-packages/airflow/example_dags/example_branch_operator.py
[2024-10-18T08:25:10.594+0000] {processor.py:840} INFO - DAG(s) 'example_branch_operator' retrieved from /home/airflow/.local/lib/python3.12/site-packages/airflow/example_dags/example_branch_operator.py
[2024-10-18T08:25:10.617+0000] {logging_mixin.py:188} INFO - [2024-10-18T08:25:10.617+0000] {dag.py:3096} INFO - Sync 1 DAGs
[2024-10-18T08:25:10.634+0000] {logging_mixin.py:188} INFO - [2024-10-18T08:25:10.634+0000] {dag.py:3954} INFO - Setting next_dagrun for example_branch_operator to 2024-10-17 00:00:00+00:00, run_after=2024-10-18 00:00:00+00:00
[2024-10-18T08:25:10.648+0000] {processor.py:183} INFO - Processing /home/airflow/.local/lib/python3.12/site-packages/airflow/example_dags/example_branch_operator.py took 0.073 seconds
[2024-10-18T08:25:40.733+0000] {processor.py:161} INFO - Started process (PID=500) to work on /home/airflow/.local/lib/python3.12/site-packages/airflow/example_dags/example_branch_operator.py
[2024-10-18T08:25:40.733+0000] {processor.py:830} INFO - Processing file /home/airflow/.local/lib/python3.12/site-packages/airflow/example_dags/example_branch_operator.py for tasks to queue
[2024-10-18T08:25:40.734+0000] {logging_mixin.py:188} INFO - [2024-10-18T08:25:40.734+0000] {dagbag.py:545} INFO - Filling up the DagBag from /home/airflow/.local/lib/python3.12/site-packages/airflow/example_dags/example_branch_operator.py
[2024-10-18T08:25:40.744+0000] {processor.py:840} INFO - DAG(s) 'example_branch_operator' retrieved from /home/airflow/.local/lib/python3.12/site-packages/airflow/example_dags/example_branch_operator.py
[2024-10-18T08:25:40.768+0000] {logging_mixin.py:188} INFO - [2024-10-18T08:25:40.768+0000] {dag.py:3096} INFO - Sync 1 DAGs
[2024-10-18T08:25:40.787+0000] {logging_mixin.py:188} INFO - [2024-10-18T08:25:40.786+0000] {dag.py:3954} INFO - Setting next_dagrun for example_branch_operator to 2024-10-17 00:00:00+00:00, run_after=2024-10-18 00:00:00+00:00
[2024-10-18T08:25:40.799+0000] {processor.py:183} INFO - Processing /home/airflow/.local/lib/python3.12/site-packages/airflow/example_dags/example_branch_operator.py took 0.070 seconds
[2024-10-18T08:26:10.994+0000] {processor.py:161} INFO - Started process (PID=558) to work on /home/airflow/.local/lib/python3.12/site-packages/airflow/example_dags/example_branch_operator.py
[2024-10-18T08:26:10.995+0000] {processor.py:830} INFO - Processing file /home/airflow/.local/lib/python3.12/site-packages/airflow/example_dags/example_branch_operator.py for tasks to queue
[2024-10-18T08:26:10.996+0000] {logging_mixin.py:188} INFO - [2024-10-18T08:26:10.996+0000] {dagbag.py:545} INFO - Filling up the DagBag from /home/airflow/.local/lib/python3.12/site-packages/airflow/example_dags/example_branch_operator.py
[2024-10-18T08:26:11.006+0000] {processor.py:840} INFO - DAG(s) 'example_branch_operator' retrieved from /home/airflow/.local/lib/python3.12/site-packages/airflow/example_dags/example_branch_operator.py
[2024-10-18T08:26:11.023+0000] {logging_mixin.py:188} INFO - [2024-10-18T08:26:11.023+0000] {dag.py:3096} INFO - Sync 1 DAGs
[2024-10-18T08:26:11.038+0000] {logging_mixin.py:188} INFO - [2024-10-18T08:26:11.038+0000] {dag.py:3954} INFO - Setting next_dagrun for example_branch_operator to 2024-10-17 00:00:00+00:00, run_after=2024-10-18 00:00:00+00:00
[2024-10-18T08:26:11.050+0000] {processor.py:183} INFO - Processing /home/airflow/.local/lib/python3.12/site-packages/airflow/example_dags/example_branch_operator.py took 0.059 seconds
[2024-10-18T08:26:41.065+0000] {processor.py:161} INFO - Started process (PID=616) to work on /home/airflow/.local/lib/python3.12/site-packages/airflow/example_dags/example_branch_operator.py
[2024-10-18T08:26:41.066+0000] {processor.py:830} INFO - Processing file /home/airflow/.local/lib/python3.12/site-packages/airflow/example_dags/example_branch_operator.py for tasks to queue
[2024-10-18T08:26:41.067+0000] {logging_mixin.py:188} INFO - [2024-10-18T08:26:41.067+0000] {dagbag.py:545} INFO - Filling up the DagBag from /home/airflow/.local/lib/python3.12/site-packages/airflow/example_dags/example_branch_operator.py
[2024-10-18T08:26:41.077+0000] {processor.py:840} INFO - DAG(s) 'example_branch_operator' retrieved from /home/airflow/.local/lib/python3.12/site-packages/airflow/example_dags/example_branch_operator.py
[2024-10-18T08:26:41.098+0000] {logging_mixin.py:188} INFO - [2024-10-18T08:26:41.097+0000] {dag.py:3096} INFO - Sync 1 DAGs
[2024-10-18T08:26:41.113+0000] {logging_mixin.py:188} INFO - [2024-10-18T08:26:41.113+0000] {dag.py:3954} INFO - Setting next_dagrun for example_branch_operator to 2024-10-17 00:00:00+00:00, run_after=2024-10-18 00:00:00+00:00
[2024-10-18T08:26:41.127+0000] {processor.py:183} INFO - Processing /home/airflow/.local/lib/python3.12/site-packages/airflow/example_dags/example_branch_operator.py took 0.065 seconds
[2024-10-18T08:31:20.152+0000] {processor.py:161} INFO - Started process (PID=96) to work on /home/airflow/.local/lib/python3.12/site-packages/airflow/example_dags/example_branch_operator.py
[2024-10-18T08:31:20.156+0000] {processor.py:830} INFO - Processing file /home/airflow/.local/lib/python3.12/site-packages/airflow/example_dags/example_branch_operator.py for tasks to queue
[2024-10-18T08:31:20.157+0000] {logging_mixin.py:188} INFO - [2024-10-18T08:31:20.157+0000] {dagbag.py:545} INFO - Filling up the DagBag from /home/airflow/.local/lib/python3.12/site-packages/airflow/example_dags/example_branch_operator.py
[2024-10-18T08:31:20.191+0000] {processor.py:840} INFO - DAG(s) 'example_branch_operator' retrieved from /home/airflow/.local/lib/python3.12/site-packages/airflow/example_dags/example_branch_operator.py
[2024-10-18T08:31:20.210+0000] {logging_mixin.py:188} INFO - [2024-10-18T08:31:20.209+0000] {dag.py:3096} INFO - Sync 1 DAGs
[2024-10-18T08:31:20.247+0000] {logging_mixin.py:188} INFO - [2024-10-18T08:31:20.247+0000] {dag.py:3954} INFO - Setting next_dagrun for example_branch_operator to 2024-10-17 00:00:00+00:00, run_after=2024-10-18 00:00:00+00:00
[2024-10-18T08:31:20.275+0000] {processor.py:183} INFO - Processing /home/airflow/.local/lib/python3.12/site-packages/airflow/example_dags/example_branch_operator.py took 0.134 seconds
[2024-10-18T08:31:51.455+0000] {processor.py:161} INFO - Started process (PID=155) to work on /home/airflow/.local/lib/python3.12/site-packages/airflow/example_dags/example_branch_operator.py
[2024-10-18T08:31:51.456+0000] {processor.py:830} INFO - Processing file /home/airflow/.local/lib/python3.12/site-packages/airflow/example_dags/example_branch_operator.py for tasks to queue
[2024-10-18T08:31:51.457+0000] {logging_mixin.py:188} INFO - [2024-10-18T08:31:51.456+0000] {dagbag.py:545} INFO - Filling up the DagBag from /home/airflow/.local/lib/python3.12/site-packages/airflow/example_dags/example_branch_operator.py
[2024-10-18T08:31:51.467+0000] {processor.py:840} INFO - DAG(s) 'example_branch_operator' retrieved from /home/airflow/.local/lib/python3.12/site-packages/airflow/example_dags/example_branch_operator.py
[2024-10-18T08:31:51.554+0000] {logging_mixin.py:188} INFO - [2024-10-18T08:31:51.554+0000] {dag.py:3096} INFO - Sync 1 DAGs
[2024-10-18T08:31:51.569+0000] {logging_mixin.py:188} INFO - [2024-10-18T08:31:51.569+0000] {dag.py:3954} INFO - Setting next_dagrun for example_branch_operator to 2024-10-17 00:00:00+00:00, run_after=2024-10-18 00:00:00+00:00
[2024-10-18T08:31:51.583+0000] {processor.py:183} INFO - Processing /home/airflow/.local/lib/python3.12/site-packages/airflow/example_dags/example_branch_operator.py took 0.132 seconds
[2024-10-18T08:33:29.268+0000] {processor.py:161} INFO - Started process (PID=81) to work on /home/airflow/.local/lib/python3.12/site-packages/airflow/example_dags/example_branch_operator.py
[2024-10-18T08:33:29.271+0000] {processor.py:830} INFO - Processing file /home/airflow/.local/lib/python3.12/site-packages/airflow/example_dags/example_branch_operator.py for tasks to queue
[2024-10-18T08:33:29.275+0000] {logging_mixin.py:188} INFO - [2024-10-18T08:33:29.274+0000] {dagbag.py:545} INFO - Filling up the DagBag from /home/airflow/.local/lib/python3.12/site-packages/airflow/example_dags/example_branch_operator.py
[2024-10-18T08:33:29.302+0000] {processor.py:840} INFO - DAG(s) 'example_branch_operator' retrieved from /home/airflow/.local/lib/python3.12/site-packages/airflow/example_dags/example_branch_operator.py
[2024-10-18T08:33:29.317+0000] {logging_mixin.py:188} INFO - [2024-10-18T08:33:29.317+0000] {dag.py:3096} INFO - Sync 1 DAGs
[2024-10-18T08:33:29.339+0000] {logging_mixin.py:188} INFO - [2024-10-18T08:33:29.339+0000] {dag.py:3954} INFO - Setting next_dagrun for example_branch_operator to 2024-10-17 00:00:00+00:00, run_after=2024-10-18 00:00:00+00:00
[2024-10-18T08:33:29.354+0000] {processor.py:183} INFO - Processing /home/airflow/.local/lib/python3.12/site-packages/airflow/example_dags/example_branch_operator.py took 0.094 seconds
[2024-10-18T08:35:26.183+0000] {processor.py:161} INFO - Started process (PID=95) to work on /home/airflow/.local/lib/python3.12/site-packages/airflow/example_dags/example_branch_operator.py
[2024-10-18T08:35:26.187+0000] {processor.py:830} INFO - Processing file /home/airflow/.local/lib/python3.12/site-packages/airflow/example_dags/example_branch_operator.py for tasks to queue
[2024-10-18T08:35:26.188+0000] {logging_mixin.py:188} INFO - [2024-10-18T08:35:26.188+0000] {dagbag.py:545} INFO - Filling up the DagBag from /home/airflow/.local/lib/python3.12/site-packages/airflow/example_dags/example_branch_operator.py
[2024-10-18T08:35:26.222+0000] {processor.py:840} INFO - DAG(s) 'example_branch_operator' retrieved from /home/airflow/.local/lib/python3.12/site-packages/airflow/example_dags/example_branch_operator.py
[2024-10-18T08:35:26.239+0000] {logging_mixin.py:188} INFO - [2024-10-18T08:35:26.239+0000] {dag.py:3096} INFO - Sync 1 DAGs
[2024-10-18T08:35:26.276+0000] {logging_mixin.py:188} INFO - [2024-10-18T08:35:26.276+0000] {dag.py:3954} INFO - Setting next_dagrun for example_branch_operator to 2024-10-17 00:00:00+00:00, run_after=2024-10-18 00:00:00+00:00
[2024-10-18T08:35:26.311+0000] {processor.py:183} INFO - Processing /home/airflow/.local/lib/python3.12/site-packages/airflow/example_dags/example_branch_operator.py took 0.140 seconds
[2024-10-18T08:35:57.202+0000] {processor.py:161} INFO - Started process (PID=154) to work on /home/airflow/.local/lib/python3.12/site-packages/airflow/example_dags/example_branch_operator.py
[2024-10-18T08:35:57.203+0000] {processor.py:830} INFO - Processing file /home/airflow/.local/lib/python3.12/site-packages/airflow/example_dags/example_branch_operator.py for tasks to queue
[2024-10-18T08:35:57.204+0000] {logging_mixin.py:188} INFO - [2024-10-18T08:35:57.204+0000] {dagbag.py:545} INFO - Filling up the DagBag from /home/airflow/.local/lib/python3.12/site-packages/airflow/example_dags/example_branch_operator.py
[2024-10-18T08:35:57.216+0000] {processor.py:840} INFO - DAG(s) 'example_branch_operator' retrieved from /home/airflow/.local/lib/python3.12/site-packages/airflow/example_dags/example_branch_operator.py
[2024-10-18T08:35:57.298+0000] {logging_mixin.py:188} INFO - [2024-10-18T08:35:57.298+0000] {dag.py:3096} INFO - Sync 1 DAGs
[2024-10-18T08:35:57.311+0000] {logging_mixin.py:188} INFO - [2024-10-18T08:35:57.311+0000] {dag.py:3954} INFO - Setting next_dagrun for example_branch_operator to 2024-10-17 00:00:00+00:00, run_after=2024-10-18 00:00:00+00:00
[2024-10-18T08:35:57.324+0000] {processor.py:183} INFO - Processing /home/airflow/.local/lib/python3.12/site-packages/airflow/example_dags/example_branch_operator.py took 0.125 seconds
[2024-10-18T08:36:27.846+0000] {processor.py:161} INFO - Started process (PID=213) to work on /home/airflow/.local/lib/python3.12/site-packages/airflow/example_dags/example_branch_operator.py
[2024-10-18T08:36:27.848+0000] {processor.py:830} INFO - Processing file /home/airflow/.local/lib/python3.12/site-packages/airflow/example_dags/example_branch_operator.py for tasks to queue
[2024-10-18T08:36:27.849+0000] {logging_mixin.py:188} INFO - [2024-10-18T08:36:27.849+0000] {dagbag.py:545} INFO - Filling up the DagBag from /home/airflow/.local/lib/python3.12/site-packages/airflow/example_dags/example_branch_operator.py
[2024-10-18T08:36:27.866+0000] {processor.py:840} INFO - DAG(s) 'example_branch_operator' retrieved from /home/airflow/.local/lib/python3.12/site-packages/airflow/example_dags/example_branch_operator.py
[2024-10-18T08:36:27.901+0000] {logging_mixin.py:188} INFO - [2024-10-18T08:36:27.901+0000] {dag.py:3096} INFO - Sync 1 DAGs
[2024-10-18T08:36:27.923+0000] {logging_mixin.py:188} INFO - [2024-10-18T08:36:27.923+0000] {dag.py:3954} INFO - Setting next_dagrun for example_branch_operator to 2024-10-17 00:00:00+00:00, run_after=2024-10-18 00:00:00+00:00
[2024-10-18T08:36:27.944+0000] {processor.py:183} INFO - Processing /home/airflow/.local/lib/python3.12/site-packages/airflow/example_dags/example_branch_operator.py took 0.102 seconds
[2024-10-18T08:36:58.779+0000] {processor.py:161} INFO - Started process (PID=272) to work on /home/airflow/.local/lib/python3.12/site-packages/airflow/example_dags/example_branch_operator.py
[2024-10-18T08:36:58.779+0000] {processor.py:830} INFO - Processing file /home/airflow/.local/lib/python3.12/site-packages/airflow/example_dags/example_branch_operator.py for tasks to queue
[2024-10-18T08:36:58.781+0000] {logging_mixin.py:188} INFO - [2024-10-18T08:36:58.780+0000] {dagbag.py:545} INFO - Filling up the DagBag from /home/airflow/.local/lib/python3.12/site-packages/airflow/example_dags/example_branch_operator.py
[2024-10-18T08:36:58.794+0000] {processor.py:840} INFO - DAG(s) 'example_branch_operator' retrieved from /home/airflow/.local/lib/python3.12/site-packages/airflow/example_dags/example_branch_operator.py
[2024-10-18T08:36:58.812+0000] {logging_mixin.py:188} INFO - [2024-10-18T08:36:58.812+0000] {dag.py:3096} INFO - Sync 1 DAGs
[2024-10-18T08:36:58.827+0000] {logging_mixin.py:188} INFO - [2024-10-18T08:36:58.827+0000] {dag.py:3954} INFO - Setting next_dagrun for example_branch_operator to 2024-10-17 00:00:00+00:00, run_after=2024-10-18 00:00:00+00:00
[2024-10-18T08:36:58.839+0000] {processor.py:183} INFO - Processing /home/airflow/.local/lib/python3.12/site-packages/airflow/example_dags/example_branch_operator.py took 0.065 seconds
[2024-10-18T08:37:29.121+0000] {processor.py:161} INFO - Started process (PID=331) to work on /home/airflow/.local/lib/python3.12/site-packages/airflow/example_dags/example_branch_operator.py
[2024-10-18T08:37:29.122+0000] {processor.py:830} INFO - Processing file /home/airflow/.local/lib/python3.12/site-packages/airflow/example_dags/example_branch_operator.py for tasks to queue
[2024-10-18T08:37:29.123+0000] {logging_mixin.py:188} INFO - [2024-10-18T08:37:29.123+0000] {dagbag.py:545} INFO - Filling up the DagBag from /home/airflow/.local/lib/python3.12/site-packages/airflow/example_dags/example_branch_operator.py
[2024-10-18T08:37:29.133+0000] {processor.py:840} INFO - DAG(s) 'example_branch_operator' retrieved from /home/airflow/.local/lib/python3.12/site-packages/airflow/example_dags/example_branch_operator.py
[2024-10-18T08:37:29.150+0000] {logging_mixin.py:188} INFO - [2024-10-18T08:37:29.150+0000] {dag.py:3096} INFO - Sync 1 DAGs
[2024-10-18T08:37:29.165+0000] {logging_mixin.py:188} INFO - [2024-10-18T08:37:29.164+0000] {dag.py:3954} INFO - Setting next_dagrun for example_branch_operator to 2024-10-17 00:00:00+00:00, run_after=2024-10-18 00:00:00+00:00
[2024-10-18T08:37:29.180+0000] {processor.py:183} INFO - Processing /home/airflow/.local/lib/python3.12/site-packages/airflow/example_dags/example_branch_operator.py took 0.062 seconds
[2024-10-18T08:37:59.312+0000] {processor.py:161} INFO - Started process (PID=390) to work on /home/airflow/.local/lib/python3.12/site-packages/airflow/example_dags/example_branch_operator.py
[2024-10-18T08:37:59.313+0000] {processor.py:830} INFO - Processing file /home/airflow/.local/lib/python3.12/site-packages/airflow/example_dags/example_branch_operator.py for tasks to queue
[2024-10-18T08:37:59.314+0000] {logging_mixin.py:188} INFO - [2024-10-18T08:37:59.314+0000] {dagbag.py:545} INFO - Filling up the DagBag from /home/airflow/.local/lib/python3.12/site-packages/airflow/example_dags/example_branch_operator.py
[2024-10-18T08:37:59.325+0000] {processor.py:840} INFO - DAG(s) 'example_branch_operator' retrieved from /home/airflow/.local/lib/python3.12/site-packages/airflow/example_dags/example_branch_operator.py
[2024-10-18T08:37:59.343+0000] {logging_mixin.py:188} INFO - [2024-10-18T08:37:59.343+0000] {dag.py:3096} INFO - Sync 1 DAGs
[2024-10-18T08:37:59.360+0000] {logging_mixin.py:188} INFO - [2024-10-18T08:37:59.359+0000] {dag.py:3954} INFO - Setting next_dagrun for example_branch_operator to 2024-10-17 00:00:00+00:00, run_after=2024-10-18 00:00:00+00:00
[2024-10-18T08:37:59.372+0000] {processor.py:183} INFO - Processing /home/airflow/.local/lib/python3.12/site-packages/airflow/example_dags/example_branch_operator.py took 0.064 seconds
[2024-10-18T08:38:29.604+0000] {processor.py:161} INFO - Started process (PID=449) to work on /home/airflow/.local/lib/python3.12/site-packages/airflow/example_dags/example_branch_operator.py
[2024-10-18T08:38:29.605+0000] {processor.py:830} INFO - Processing file /home/airflow/.local/lib/python3.12/site-packages/airflow/example_dags/example_branch_operator.py for tasks to queue
[2024-10-18T08:38:29.606+0000] {logging_mixin.py:188} INFO - [2024-10-18T08:38:29.606+0000] {dagbag.py:545} INFO - Filling up the DagBag from /home/airflow/.local/lib/python3.12/site-packages/airflow/example_dags/example_branch_operator.py
[2024-10-18T08:38:29.618+0000] {processor.py:840} INFO - DAG(s) 'example_branch_operator' retrieved from /home/airflow/.local/lib/python3.12/site-packages/airflow/example_dags/example_branch_operator.py
[2024-10-18T08:38:29.639+0000] {logging_mixin.py:188} INFO - [2024-10-18T08:38:29.639+0000] {dag.py:3096} INFO - Sync 1 DAGs
[2024-10-18T08:38:29.657+0000] {logging_mixin.py:188} INFO - [2024-10-18T08:38:29.657+0000] {dag.py:3954} INFO - Setting next_dagrun for example_branch_operator to 2024-10-17 00:00:00+00:00, run_after=2024-10-18 00:00:00+00:00
[2024-10-18T08:38:29.669+0000] {processor.py:183} INFO - Processing /home/airflow/.local/lib/python3.12/site-packages/airflow/example_dags/example_branch_operator.py took 0.069 seconds
[2024-10-18T08:38:59.834+0000] {processor.py:161} INFO - Started process (PID=508) to work on /home/airflow/.local/lib/python3.12/site-packages/airflow/example_dags/example_branch_operator.py
[2024-10-18T08:38:59.835+0000] {processor.py:830} INFO - Processing file /home/airflow/.local/lib/python3.12/site-packages/airflow/example_dags/example_branch_operator.py for tasks to queue
[2024-10-18T08:38:59.836+0000] {logging_mixin.py:188} INFO - [2024-10-18T08:38:59.835+0000] {dagbag.py:545} INFO - Filling up the DagBag from /home/airflow/.local/lib/python3.12/site-packages/airflow/example_dags/example_branch_operator.py
[2024-10-18T08:38:59.845+0000] {processor.py:840} INFO - DAG(s) 'example_branch_operator' retrieved from /home/airflow/.local/lib/python3.12/site-packages/airflow/example_dags/example_branch_operator.py
[2024-10-18T08:38:59.863+0000] {logging_mixin.py:188} INFO - [2024-10-18T08:38:59.862+0000] {dag.py:3096} INFO - Sync 1 DAGs
[2024-10-18T08:38:59.877+0000] {logging_mixin.py:188} INFO - [2024-10-18T08:38:59.877+0000] {dag.py:3954} INFO - Setting next_dagrun for example_branch_operator to 2024-10-17 00:00:00+00:00, run_after=2024-10-18 00:00:00+00:00
[2024-10-18T08:38:59.895+0000] {processor.py:183} INFO - Processing /home/airflow/.local/lib/python3.12/site-packages/airflow/example_dags/example_branch_operator.py took 0.065 seconds
[2024-10-18T08:40:04.433+0000] {processor.py:161} INFO - Started process (PID=94) to work on /home/airflow/.local/lib/python3.12/site-packages/airflow/example_dags/example_branch_operator.py
[2024-10-18T08:40:04.436+0000] {processor.py:830} INFO - Processing file /home/airflow/.local/lib/python3.12/site-packages/airflow/example_dags/example_branch_operator.py for tasks to queue
[2024-10-18T08:40:04.438+0000] {logging_mixin.py:188} INFO - [2024-10-18T08:40:04.438+0000] {dagbag.py:545} INFO - Filling up the DagBag from /home/airflow/.local/lib/python3.12/site-packages/airflow/example_dags/example_branch_operator.py
[2024-10-18T08:40:04.463+0000] {processor.py:840} INFO - DAG(s) 'example_branch_operator' retrieved from /home/airflow/.local/lib/python3.12/site-packages/airflow/example_dags/example_branch_operator.py
[2024-10-18T08:40:04.485+0000] {logging_mixin.py:188} INFO - [2024-10-18T08:40:04.484+0000] {dag.py:3096} INFO - Sync 1 DAGs
[2024-10-18T08:40:04.518+0000] {logging_mixin.py:188} INFO - [2024-10-18T08:40:04.517+0000] {dag.py:3954} INFO - Setting next_dagrun for example_branch_operator to 2024-10-17 00:00:00+00:00, run_after=2024-10-18 00:00:00+00:00
[2024-10-18T08:40:04.543+0000] {processor.py:183} INFO - Processing /home/airflow/.local/lib/python3.12/site-packages/airflow/example_dags/example_branch_operator.py took 0.114 seconds
[2024-10-18T08:40:35.285+0000] {processor.py:161} INFO - Started process (PID=159) to work on /home/airflow/.local/lib/python3.12/site-packages/airflow/example_dags/example_branch_operator.py
[2024-10-18T08:40:35.286+0000] {processor.py:830} INFO - Processing file /home/airflow/.local/lib/python3.12/site-packages/airflow/example_dags/example_branch_operator.py for tasks to queue
[2024-10-18T08:40:35.287+0000] {logging_mixin.py:188} INFO - [2024-10-18T08:40:35.287+0000] {dagbag.py:545} INFO - Filling up the DagBag from /home/airflow/.local/lib/python3.12/site-packages/airflow/example_dags/example_branch_operator.py
[2024-10-18T08:40:35.297+0000] {processor.py:840} INFO - DAG(s) 'example_branch_operator' retrieved from /home/airflow/.local/lib/python3.12/site-packages/airflow/example_dags/example_branch_operator.py
[2024-10-18T08:40:35.370+0000] {logging_mixin.py:188} INFO - [2024-10-18T08:40:35.370+0000] {dag.py:3096} INFO - Sync 1 DAGs
[2024-10-18T08:40:35.384+0000] {logging_mixin.py:188} INFO - [2024-10-18T08:40:35.384+0000] {dag.py:3954} INFO - Setting next_dagrun for example_branch_operator to 2024-10-17 00:00:00+00:00, run_after=2024-10-18 00:00:00+00:00
[2024-10-18T08:40:35.400+0000] {processor.py:183} INFO - Processing /home/airflow/.local/lib/python3.12/site-packages/airflow/example_dags/example_branch_operator.py took 0.119 seconds
[2024-10-18T08:41:05.470+0000] {processor.py:161} INFO - Started process (PID=218) to work on /home/airflow/.local/lib/python3.12/site-packages/airflow/example_dags/example_branch_operator.py
[2024-10-18T08:41:05.471+0000] {processor.py:830} INFO - Processing file /home/airflow/.local/lib/python3.12/site-packages/airflow/example_dags/example_branch_operator.py for tasks to queue
[2024-10-18T08:41:05.472+0000] {logging_mixin.py:188} INFO - [2024-10-18T08:41:05.472+0000] {dagbag.py:545} INFO - Filling up the DagBag from /home/airflow/.local/lib/python3.12/site-packages/airflow/example_dags/example_branch_operator.py
[2024-10-18T08:41:05.488+0000] {processor.py:840} INFO - DAG(s) 'example_branch_operator' retrieved from /home/airflow/.local/lib/python3.12/site-packages/airflow/example_dags/example_branch_operator.py
[2024-10-18T08:41:05.506+0000] {logging_mixin.py:188} INFO - [2024-10-18T08:41:05.506+0000] {dag.py:3096} INFO - Sync 1 DAGs
[2024-10-18T08:41:05.520+0000] {logging_mixin.py:188} INFO - [2024-10-18T08:41:05.520+0000] {dag.py:3954} INFO - Setting next_dagrun for example_branch_operator to 2024-10-17 00:00:00+00:00, run_after=2024-10-18 00:00:00+00:00
[2024-10-18T08:41:05.536+0000] {processor.py:183} INFO - Processing /home/airflow/.local/lib/python3.12/site-packages/airflow/example_dags/example_branch_operator.py took 0.071 seconds
