[2024-10-18T08:22:05.670+0000] {processor.py:161} INFO - Started process (PID=50) to work on /home/airflow/.local/lib/python3.12/site-packages/airflow/example_dags/example_datasets.py
[2024-10-18T08:22:05.671+0000] {processor.py:830} INFO - Processing file /home/airflow/.local/lib/python3.12/site-packages/airflow/example_dags/example_datasets.py for tasks to queue
[2024-10-18T08:22:05.672+0000] {logging_mixin.py:188} INFO - [2024-10-18T08:22:05.672+0000] {dagbag.py:545} INFO - Filling up the DagBag from /home/airflow/.local/lib/python3.12/site-packages/airflow/example_dags/example_datasets.py
[2024-10-18T08:22:05.690+0000] {processor.py:840} INFO - DAG(s) 'dataset_consumes_1_and_2', 'consume_1_or_2_with_dataset_expressions', 'dataset_produces_1', 'dataset_consumes_unknown_never_scheduled', 'conditional_dataset_and_time_based_timetable', 'consume_1_or_both_2_and_3_with_dataset_expressions', 'dataset_consumes_1', 'dataset_consumes_1_never_scheduled', 'consume_1_and_2_with_dataset_expressions', 'dataset_produces_2' retrieved from /home/airflow/.local/lib/python3.12/site-packages/airflow/example_dags/example_datasets.py
[2024-10-18T08:22:05.708+0000] {logging_mixin.py:188} INFO - [2024-10-18T08:22:05.708+0000] {dag.py:3096} INFO - Sync 10 DAGs
[2024-10-18T08:22:05.736+0000] {logging_mixin.py:188} INFO - [2024-10-18T08:22:05.735+0000] {dag.py:3954} INFO - Setting next_dagrun for conditional_dataset_and_time_based_timetable to 2024-10-16 01:00:00+00:00, run_after=2024-10-16 01:00:00+00:00
[2024-10-18T08:22:05.739+0000] {logging_mixin.py:188} INFO - [2024-10-18T08:22:05.739+0000] {dag.py:3954} INFO - Setting next_dagrun for consume_1_and_2_with_dataset_expressions to None, run_after=None
[2024-10-18T08:22:05.741+0000] {logging_mixin.py:188} INFO - [2024-10-18T08:22:05.740+0000] {dag.py:3954} INFO - Setting next_dagrun for consume_1_or_2_with_dataset_expressions to None, run_after=None
[2024-10-18T08:22:05.742+0000] {logging_mixin.py:188} INFO - [2024-10-18T08:22:05.742+0000] {dag.py:3954} INFO - Setting next_dagrun for consume_1_or_both_2_and_3_with_dataset_expressions to None, run_after=None
[2024-10-18T08:22:05.743+0000] {logging_mixin.py:188} INFO - [2024-10-18T08:22:05.743+0000] {dag.py:3954} INFO - Setting next_dagrun for dataset_consumes_1 to None, run_after=None
[2024-10-18T08:22:05.744+0000] {logging_mixin.py:188} INFO - [2024-10-18T08:22:05.744+0000] {dag.py:3954} INFO - Setting next_dagrun for dataset_consumes_1_and_2 to None, run_after=None
[2024-10-18T08:22:05.745+0000] {logging_mixin.py:188} INFO - [2024-10-18T08:22:05.745+0000] {dag.py:3954} INFO - Setting next_dagrun for dataset_consumes_1_never_scheduled to None, run_after=None
[2024-10-18T08:22:05.746+0000] {logging_mixin.py:188} INFO - [2024-10-18T08:22:05.746+0000] {dag.py:3954} INFO - Setting next_dagrun for dataset_consumes_unknown_never_scheduled to None, run_after=None
[2024-10-18T08:22:05.749+0000] {logging_mixin.py:188} INFO - [2024-10-18T08:22:05.749+0000] {dag.py:3954} INFO - Setting next_dagrun for dataset_produces_1 to 2024-10-17 00:00:00+00:00, run_after=2024-10-18 00:00:00+00:00
[2024-10-18T08:22:05.750+0000] {logging_mixin.py:188} INFO - [2024-10-18T08:22:05.750+0000] {dag.py:3954} INFO - Setting next_dagrun for dataset_produces_2 to None, run_after=None
[2024-10-18T08:22:05.779+0000] {processor.py:183} INFO - Processing /home/airflow/.local/lib/python3.12/site-packages/airflow/example_dags/example_datasets.py took 0.114 seconds
[2024-10-18T08:22:36.121+0000] {processor.py:161} INFO - Started process (PID=108) to work on /home/airflow/.local/lib/python3.12/site-packages/airflow/example_dags/example_datasets.py
[2024-10-18T08:22:36.122+0000] {processor.py:830} INFO - Processing file /home/airflow/.local/lib/python3.12/site-packages/airflow/example_dags/example_datasets.py for tasks to queue
[2024-10-18T08:22:36.123+0000] {logging_mixin.py:188} INFO - [2024-10-18T08:22:36.123+0000] {dagbag.py:545} INFO - Filling up the DagBag from /home/airflow/.local/lib/python3.12/site-packages/airflow/example_dags/example_datasets.py
[2024-10-18T08:22:36.131+0000] {processor.py:840} INFO - DAG(s) 'consume_1_and_2_with_dataset_expressions', 'dataset_produces_2', 'consume_1_or_2_with_dataset_expressions', 'dataset_consumes_1_and_2', 'consume_1_or_both_2_and_3_with_dataset_expressions', 'dataset_produces_1', 'conditional_dataset_and_time_based_timetable', 'dataset_consumes_1_never_scheduled', 'dataset_consumes_unknown_never_scheduled', 'dataset_consumes_1' retrieved from /home/airflow/.local/lib/python3.12/site-packages/airflow/example_dags/example_datasets.py
[2024-10-18T08:22:36.294+0000] {logging_mixin.py:188} INFO - [2024-10-18T08:22:36.294+0000] {dag.py:3096} INFO - Sync 10 DAGs
[2024-10-18T08:22:36.317+0000] {logging_mixin.py:188} INFO - [2024-10-18T08:22:36.317+0000] {dag.py:3954} INFO - Setting next_dagrun for conditional_dataset_and_time_based_timetable to 2024-10-16 01:00:00+00:00, run_after=2024-10-16 01:00:00+00:00
[2024-10-18T08:22:36.320+0000] {logging_mixin.py:188} INFO - [2024-10-18T08:22:36.320+0000] {dag.py:3954} INFO - Setting next_dagrun for consume_1_and_2_with_dataset_expressions to None, run_after=None
[2024-10-18T08:22:36.322+0000] {logging_mixin.py:188} INFO - [2024-10-18T08:22:36.321+0000] {dag.py:3954} INFO - Setting next_dagrun for consume_1_or_2_with_dataset_expressions to None, run_after=None
[2024-10-18T08:22:36.322+0000] {logging_mixin.py:188} INFO - [2024-10-18T08:22:36.322+0000] {dag.py:3954} INFO - Setting next_dagrun for consume_1_or_both_2_and_3_with_dataset_expressions to None, run_after=None
[2024-10-18T08:22:36.323+0000] {logging_mixin.py:188} INFO - [2024-10-18T08:22:36.323+0000] {dag.py:3954} INFO - Setting next_dagrun for dataset_consumes_1 to None, run_after=None
[2024-10-18T08:22:36.324+0000] {logging_mixin.py:188} INFO - [2024-10-18T08:22:36.324+0000] {dag.py:3954} INFO - Setting next_dagrun for dataset_consumes_1_and_2 to None, run_after=None
[2024-10-18T08:22:36.325+0000] {logging_mixin.py:188} INFO - [2024-10-18T08:22:36.325+0000] {dag.py:3954} INFO - Setting next_dagrun for dataset_consumes_1_never_scheduled to None, run_after=None
[2024-10-18T08:22:36.326+0000] {logging_mixin.py:188} INFO - [2024-10-18T08:22:36.326+0000] {dag.py:3954} INFO - Setting next_dagrun for dataset_consumes_unknown_never_scheduled to None, run_after=None
[2024-10-18T08:22:36.329+0000] {logging_mixin.py:188} INFO - [2024-10-18T08:22:36.328+0000] {dag.py:3954} INFO - Setting next_dagrun for dataset_produces_1 to 2024-10-17 00:00:00+00:00, run_after=2024-10-18 00:00:00+00:00
[2024-10-18T08:22:36.330+0000] {logging_mixin.py:188} INFO - [2024-10-18T08:22:36.329+0000] {dag.py:3954} INFO - Setting next_dagrun for dataset_produces_2 to None, run_after=None
[2024-10-18T08:22:36.362+0000] {processor.py:183} INFO - Processing /home/airflow/.local/lib/python3.12/site-packages/airflow/example_dags/example_datasets.py took 0.245 seconds
[2024-10-18T08:23:06.494+0000] {processor.py:161} INFO - Started process (PID=166) to work on /home/airflow/.local/lib/python3.12/site-packages/airflow/example_dags/example_datasets.py
[2024-10-18T08:23:06.495+0000] {processor.py:830} INFO - Processing file /home/airflow/.local/lib/python3.12/site-packages/airflow/example_dags/example_datasets.py for tasks to queue
[2024-10-18T08:23:06.496+0000] {logging_mixin.py:188} INFO - [2024-10-18T08:23:06.496+0000] {dagbag.py:545} INFO - Filling up the DagBag from /home/airflow/.local/lib/python3.12/site-packages/airflow/example_dags/example_datasets.py
[2024-10-18T08:23:06.504+0000] {processor.py:840} INFO - DAG(s) 'dataset_consumes_unknown_never_scheduled', 'consume_1_or_both_2_and_3_with_dataset_expressions', 'dataset_consumes_1_never_scheduled', 'consume_1_or_2_with_dataset_expressions', 'conditional_dataset_and_time_based_timetable', 'dataset_consumes_1', 'dataset_produces_1', 'dataset_produces_2', 'consume_1_and_2_with_dataset_expressions', 'dataset_consumes_1_and_2' retrieved from /home/airflow/.local/lib/python3.12/site-packages/airflow/example_dags/example_datasets.py
[2024-10-18T08:23:06.536+0000] {logging_mixin.py:188} INFO - [2024-10-18T08:23:06.536+0000] {dag.py:3096} INFO - Sync 10 DAGs
[2024-10-18T08:23:06.555+0000] {logging_mixin.py:188} INFO - [2024-10-18T08:23:06.554+0000] {dag.py:3954} INFO - Setting next_dagrun for conditional_dataset_and_time_based_timetable to 2024-10-16 01:00:00+00:00, run_after=2024-10-16 01:00:00+00:00
[2024-10-18T08:23:06.558+0000] {logging_mixin.py:188} INFO - [2024-10-18T08:23:06.558+0000] {dag.py:3954} INFO - Setting next_dagrun for consume_1_and_2_with_dataset_expressions to None, run_after=None
[2024-10-18T08:23:06.559+0000] {logging_mixin.py:188} INFO - [2024-10-18T08:23:06.559+0000] {dag.py:3954} INFO - Setting next_dagrun for consume_1_or_2_with_dataset_expressions to None, run_after=None
[2024-10-18T08:23:06.559+0000] {logging_mixin.py:188} INFO - [2024-10-18T08:23:06.559+0000] {dag.py:3954} INFO - Setting next_dagrun for consume_1_or_both_2_and_3_with_dataset_expressions to None, run_after=None
[2024-10-18T08:23:06.560+0000] {logging_mixin.py:188} INFO - [2024-10-18T08:23:06.560+0000] {dag.py:3954} INFO - Setting next_dagrun for dataset_consumes_1 to None, run_after=None
[2024-10-18T08:23:06.561+0000] {logging_mixin.py:188} INFO - [2024-10-18T08:23:06.561+0000] {dag.py:3954} INFO - Setting next_dagrun for dataset_consumes_1_and_2 to None, run_after=None
[2024-10-18T08:23:06.562+0000] {logging_mixin.py:188} INFO - [2024-10-18T08:23:06.561+0000] {dag.py:3954} INFO - Setting next_dagrun for dataset_consumes_1_never_scheduled to None, run_after=None
[2024-10-18T08:23:06.562+0000] {logging_mixin.py:188} INFO - [2024-10-18T08:23:06.562+0000] {dag.py:3954} INFO - Setting next_dagrun for dataset_consumes_unknown_never_scheduled to None, run_after=None
[2024-10-18T08:23:06.564+0000] {logging_mixin.py:188} INFO - [2024-10-18T08:23:06.564+0000] {dag.py:3954} INFO - Setting next_dagrun for dataset_produces_1 to 2024-10-17 00:00:00+00:00, run_after=2024-10-18 00:00:00+00:00
[2024-10-18T08:23:06.564+0000] {logging_mixin.py:188} INFO - [2024-10-18T08:23:06.564+0000] {dag.py:3954} INFO - Setting next_dagrun for dataset_produces_2 to None, run_after=None
[2024-10-18T08:23:06.585+0000] {processor.py:183} INFO - Processing /home/airflow/.local/lib/python3.12/site-packages/airflow/example_dags/example_datasets.py took 0.095 seconds
[2024-10-18T08:23:36.605+0000] {processor.py:161} INFO - Started process (PID=224) to work on /home/airflow/.local/lib/python3.12/site-packages/airflow/example_dags/example_datasets.py
[2024-10-18T08:23:36.606+0000] {processor.py:830} INFO - Processing file /home/airflow/.local/lib/python3.12/site-packages/airflow/example_dags/example_datasets.py for tasks to queue
[2024-10-18T08:23:36.607+0000] {logging_mixin.py:188} INFO - [2024-10-18T08:23:36.607+0000] {dagbag.py:545} INFO - Filling up the DagBag from /home/airflow/.local/lib/python3.12/site-packages/airflow/example_dags/example_datasets.py
[2024-10-18T08:23:36.616+0000] {processor.py:840} INFO - DAG(s) 'dataset_consumes_unknown_never_scheduled', 'dataset_consumes_1_and_2', 'dataset_produces_2', 'conditional_dataset_and_time_based_timetable', 'dataset_consumes_1_never_scheduled', 'consume_1_and_2_with_dataset_expressions', 'consume_1_or_both_2_and_3_with_dataset_expressions', 'dataset_consumes_1', 'dataset_produces_1', 'consume_1_or_2_with_dataset_expressions' retrieved from /home/airflow/.local/lib/python3.12/site-packages/airflow/example_dags/example_datasets.py
[2024-10-18T08:23:36.651+0000] {logging_mixin.py:188} INFO - [2024-10-18T08:23:36.651+0000] {dag.py:3096} INFO - Sync 10 DAGs
[2024-10-18T08:23:36.670+0000] {logging_mixin.py:188} INFO - [2024-10-18T08:23:36.670+0000] {dag.py:3954} INFO - Setting next_dagrun for conditional_dataset_and_time_based_timetable to 2024-10-16 01:00:00+00:00, run_after=2024-10-16 01:00:00+00:00
[2024-10-18T08:23:36.673+0000] {logging_mixin.py:188} INFO - [2024-10-18T08:23:36.673+0000] {dag.py:3954} INFO - Setting next_dagrun for consume_1_and_2_with_dataset_expressions to None, run_after=None
[2024-10-18T08:23:36.674+0000] {logging_mixin.py:188} INFO - [2024-10-18T08:23:36.674+0000] {dag.py:3954} INFO - Setting next_dagrun for consume_1_or_2_with_dataset_expressions to None, run_after=None
[2024-10-18T08:23:36.675+0000] {logging_mixin.py:188} INFO - [2024-10-18T08:23:36.674+0000] {dag.py:3954} INFO - Setting next_dagrun for consume_1_or_both_2_and_3_with_dataset_expressions to None, run_after=None
[2024-10-18T08:23:36.675+0000] {logging_mixin.py:188} INFO - [2024-10-18T08:23:36.675+0000] {dag.py:3954} INFO - Setting next_dagrun for dataset_consumes_1 to None, run_after=None
[2024-10-18T08:23:36.676+0000] {logging_mixin.py:188} INFO - [2024-10-18T08:23:36.676+0000] {dag.py:3954} INFO - Setting next_dagrun for dataset_consumes_1_and_2 to None, run_after=None
[2024-10-18T08:23:36.677+0000] {logging_mixin.py:188} INFO - [2024-10-18T08:23:36.677+0000] {dag.py:3954} INFO - Setting next_dagrun for dataset_consumes_1_never_scheduled to None, run_after=None
[2024-10-18T08:23:36.678+0000] {logging_mixin.py:188} INFO - [2024-10-18T08:23:36.678+0000] {dag.py:3954} INFO - Setting next_dagrun for dataset_consumes_unknown_never_scheduled to None, run_after=None
[2024-10-18T08:23:36.680+0000] {logging_mixin.py:188} INFO - [2024-10-18T08:23:36.680+0000] {dag.py:3954} INFO - Setting next_dagrun for dataset_produces_1 to 2024-10-17 00:00:00+00:00, run_after=2024-10-18 00:00:00+00:00
[2024-10-18T08:23:36.681+0000] {logging_mixin.py:188} INFO - [2024-10-18T08:23:36.680+0000] {dag.py:3954} INFO - Setting next_dagrun for dataset_produces_2 to None, run_after=None
[2024-10-18T08:23:36.702+0000] {processor.py:183} INFO - Processing /home/airflow/.local/lib/python3.12/site-packages/airflow/example_dags/example_datasets.py took 0.101 seconds
[2024-10-18T08:24:06.763+0000] {processor.py:161} INFO - Started process (PID=283) to work on /home/airflow/.local/lib/python3.12/site-packages/airflow/example_dags/example_datasets.py
[2024-10-18T08:24:06.764+0000] {processor.py:830} INFO - Processing file /home/airflow/.local/lib/python3.12/site-packages/airflow/example_dags/example_datasets.py for tasks to queue
[2024-10-18T08:24:06.765+0000] {logging_mixin.py:188} INFO - [2024-10-18T08:24:06.765+0000] {dagbag.py:545} INFO - Filling up the DagBag from /home/airflow/.local/lib/python3.12/site-packages/airflow/example_dags/example_datasets.py
[2024-10-18T08:24:06.777+0000] {processor.py:840} INFO - DAG(s) 'consume_1_or_both_2_and_3_with_dataset_expressions', 'conditional_dataset_and_time_based_timetable', 'consume_1_or_2_with_dataset_expressions', 'dataset_consumes_unknown_never_scheduled', 'dataset_consumes_1', 'dataset_consumes_1_never_scheduled', 'consume_1_and_2_with_dataset_expressions', 'dataset_produces_2', 'dataset_consumes_1_and_2', 'dataset_produces_1' retrieved from /home/airflow/.local/lib/python3.12/site-packages/airflow/example_dags/example_datasets.py
[2024-10-18T08:24:06.811+0000] {logging_mixin.py:188} INFO - [2024-10-18T08:24:06.811+0000] {dag.py:3096} INFO - Sync 10 DAGs
[2024-10-18T08:24:06.828+0000] {logging_mixin.py:188} INFO - [2024-10-18T08:24:06.828+0000] {dag.py:3954} INFO - Setting next_dagrun for conditional_dataset_and_time_based_timetable to 2024-10-16 01:00:00+00:00, run_after=2024-10-16 01:00:00+00:00
[2024-10-18T08:24:06.831+0000] {logging_mixin.py:188} INFO - [2024-10-18T08:24:06.830+0000] {dag.py:3954} INFO - Setting next_dagrun for consume_1_and_2_with_dataset_expressions to None, run_after=None
[2024-10-18T08:24:06.831+0000] {logging_mixin.py:188} INFO - [2024-10-18T08:24:06.831+0000] {dag.py:3954} INFO - Setting next_dagrun for consume_1_or_2_with_dataset_expressions to None, run_after=None
[2024-10-18T08:24:06.832+0000] {logging_mixin.py:188} INFO - [2024-10-18T08:24:06.832+0000] {dag.py:3954} INFO - Setting next_dagrun for consume_1_or_both_2_and_3_with_dataset_expressions to None, run_after=None
[2024-10-18T08:24:06.833+0000] {logging_mixin.py:188} INFO - [2024-10-18T08:24:06.833+0000] {dag.py:3954} INFO - Setting next_dagrun for dataset_consumes_1 to None, run_after=None
[2024-10-18T08:24:06.834+0000] {logging_mixin.py:188} INFO - [2024-10-18T08:24:06.834+0000] {dag.py:3954} INFO - Setting next_dagrun for dataset_consumes_1_and_2 to None, run_after=None
[2024-10-18T08:24:06.834+0000] {logging_mixin.py:188} INFO - [2024-10-18T08:24:06.834+0000] {dag.py:3954} INFO - Setting next_dagrun for dataset_consumes_1_never_scheduled to None, run_after=None
[2024-10-18T08:24:06.835+0000] {logging_mixin.py:188} INFO - [2024-10-18T08:24:06.835+0000] {dag.py:3954} INFO - Setting next_dagrun for dataset_consumes_unknown_never_scheduled to None, run_after=None
[2024-10-18T08:24:06.837+0000] {logging_mixin.py:188} INFO - [2024-10-18T08:24:06.837+0000] {dag.py:3954} INFO - Setting next_dagrun for dataset_produces_1 to 2024-10-17 00:00:00+00:00, run_after=2024-10-18 00:00:00+00:00
[2024-10-18T08:24:06.838+0000] {logging_mixin.py:188} INFO - [2024-10-18T08:24:06.837+0000] {dag.py:3954} INFO - Setting next_dagrun for dataset_produces_2 to None, run_after=None
[2024-10-18T08:24:06.858+0000] {processor.py:183} INFO - Processing /home/airflow/.local/lib/python3.12/site-packages/airflow/example_dags/example_datasets.py took 0.100 seconds
[2024-10-18T08:24:36.906+0000] {processor.py:161} INFO - Started process (PID=342) to work on /home/airflow/.local/lib/python3.12/site-packages/airflow/example_dags/example_datasets.py
[2024-10-18T08:24:36.907+0000] {processor.py:830} INFO - Processing file /home/airflow/.local/lib/python3.12/site-packages/airflow/example_dags/example_datasets.py for tasks to queue
[2024-10-18T08:24:36.908+0000] {logging_mixin.py:188} INFO - [2024-10-18T08:24:36.908+0000] {dagbag.py:545} INFO - Filling up the DagBag from /home/airflow/.local/lib/python3.12/site-packages/airflow/example_dags/example_datasets.py
[2024-10-18T08:24:36.916+0000] {processor.py:840} INFO - DAG(s) 'dataset_consumes_1_never_scheduled', 'consume_1_and_2_with_dataset_expressions', 'dataset_consumes_1_and_2', 'dataset_consumes_1', 'dataset_produces_2', 'conditional_dataset_and_time_based_timetable', 'consume_1_or_both_2_and_3_with_dataset_expressions', 'consume_1_or_2_with_dataset_expressions', 'dataset_consumes_unknown_never_scheduled', 'dataset_produces_1' retrieved from /home/airflow/.local/lib/python3.12/site-packages/airflow/example_dags/example_datasets.py
[2024-10-18T08:24:36.947+0000] {logging_mixin.py:188} INFO - [2024-10-18T08:24:36.946+0000] {dag.py:3096} INFO - Sync 10 DAGs
[2024-10-18T08:24:36.964+0000] {logging_mixin.py:188} INFO - [2024-10-18T08:24:36.964+0000] {dag.py:3954} INFO - Setting next_dagrun for conditional_dataset_and_time_based_timetable to 2024-10-16 01:00:00+00:00, run_after=2024-10-16 01:00:00+00:00
[2024-10-18T08:24:36.967+0000] {logging_mixin.py:188} INFO - [2024-10-18T08:24:36.967+0000] {dag.py:3954} INFO - Setting next_dagrun for consume_1_and_2_with_dataset_expressions to None, run_after=None
[2024-10-18T08:24:36.968+0000] {logging_mixin.py:188} INFO - [2024-10-18T08:24:36.968+0000] {dag.py:3954} INFO - Setting next_dagrun for consume_1_or_2_with_dataset_expressions to None, run_after=None
[2024-10-18T08:24:36.969+0000] {logging_mixin.py:188} INFO - [2024-10-18T08:24:36.968+0000] {dag.py:3954} INFO - Setting next_dagrun for consume_1_or_both_2_and_3_with_dataset_expressions to None, run_after=None
[2024-10-18T08:24:36.969+0000] {logging_mixin.py:188} INFO - [2024-10-18T08:24:36.969+0000] {dag.py:3954} INFO - Setting next_dagrun for dataset_consumes_1 to None, run_after=None
[2024-10-18T08:24:36.970+0000] {logging_mixin.py:188} INFO - [2024-10-18T08:24:36.970+0000] {dag.py:3954} INFO - Setting next_dagrun for dataset_consumes_1_and_2 to None, run_after=None
[2024-10-18T08:24:36.971+0000] {logging_mixin.py:188} INFO - [2024-10-18T08:24:36.971+0000] {dag.py:3954} INFO - Setting next_dagrun for dataset_consumes_1_never_scheduled to None, run_after=None
[2024-10-18T08:24:36.972+0000] {logging_mixin.py:188} INFO - [2024-10-18T08:24:36.971+0000] {dag.py:3954} INFO - Setting next_dagrun for dataset_consumes_unknown_never_scheduled to None, run_after=None
[2024-10-18T08:24:36.973+0000] {logging_mixin.py:188} INFO - [2024-10-18T08:24:36.973+0000] {dag.py:3954} INFO - Setting next_dagrun for dataset_produces_1 to 2024-10-17 00:00:00+00:00, run_after=2024-10-18 00:00:00+00:00
[2024-10-18T08:24:36.974+0000] {logging_mixin.py:188} INFO - [2024-10-18T08:24:36.974+0000] {dag.py:3954} INFO - Setting next_dagrun for dataset_produces_2 to None, run_after=None
[2024-10-18T08:24:36.993+0000] {processor.py:183} INFO - Processing /home/airflow/.local/lib/python3.12/site-packages/airflow/example_dags/example_datasets.py took 0.091 seconds
[2024-10-18T08:25:07.083+0000] {processor.py:161} INFO - Started process (PID=400) to work on /home/airflow/.local/lib/python3.12/site-packages/airflow/example_dags/example_datasets.py
[2024-10-18T08:25:07.083+0000] {processor.py:830} INFO - Processing file /home/airflow/.local/lib/python3.12/site-packages/airflow/example_dags/example_datasets.py for tasks to queue
[2024-10-18T08:25:07.085+0000] {logging_mixin.py:188} INFO - [2024-10-18T08:25:07.085+0000] {dagbag.py:545} INFO - Filling up the DagBag from /home/airflow/.local/lib/python3.12/site-packages/airflow/example_dags/example_datasets.py
[2024-10-18T08:25:07.096+0000] {processor.py:840} INFO - DAG(s) 'conditional_dataset_and_time_based_timetable', 'dataset_produces_2', 'dataset_consumes_1_never_scheduled', 'dataset_consumes_1_and_2', 'dataset_consumes_unknown_never_scheduled', 'consume_1_and_2_with_dataset_expressions', 'consume_1_or_both_2_and_3_with_dataset_expressions', 'consume_1_or_2_with_dataset_expressions', 'dataset_consumes_1', 'dataset_produces_1' retrieved from /home/airflow/.local/lib/python3.12/site-packages/airflow/example_dags/example_datasets.py
[2024-10-18T08:25:07.129+0000] {logging_mixin.py:188} INFO - [2024-10-18T08:25:07.129+0000] {dag.py:3096} INFO - Sync 10 DAGs
[2024-10-18T08:25:07.147+0000] {logging_mixin.py:188} INFO - [2024-10-18T08:25:07.147+0000] {dag.py:3954} INFO - Setting next_dagrun for conditional_dataset_and_time_based_timetable to 2024-10-16 01:00:00+00:00, run_after=2024-10-16 01:00:00+00:00
[2024-10-18T08:25:07.149+0000] {logging_mixin.py:188} INFO - [2024-10-18T08:25:07.149+0000] {dag.py:3954} INFO - Setting next_dagrun for consume_1_and_2_with_dataset_expressions to None, run_after=None
[2024-10-18T08:25:07.150+0000] {logging_mixin.py:188} INFO - [2024-10-18T08:25:07.150+0000] {dag.py:3954} INFO - Setting next_dagrun for consume_1_or_2_with_dataset_expressions to None, run_after=None
[2024-10-18T08:25:07.151+0000] {logging_mixin.py:188} INFO - [2024-10-18T08:25:07.151+0000] {dag.py:3954} INFO - Setting next_dagrun for consume_1_or_both_2_and_3_with_dataset_expressions to None, run_after=None
[2024-10-18T08:25:07.152+0000] {logging_mixin.py:188} INFO - [2024-10-18T08:25:07.152+0000] {dag.py:3954} INFO - Setting next_dagrun for dataset_consumes_1 to None, run_after=None
[2024-10-18T08:25:07.152+0000] {logging_mixin.py:188} INFO - [2024-10-18T08:25:07.152+0000] {dag.py:3954} INFO - Setting next_dagrun for dataset_consumes_1_and_2 to None, run_after=None
[2024-10-18T08:25:07.153+0000] {logging_mixin.py:188} INFO - [2024-10-18T08:25:07.153+0000] {dag.py:3954} INFO - Setting next_dagrun for dataset_consumes_1_never_scheduled to None, run_after=None
[2024-10-18T08:25:07.154+0000] {logging_mixin.py:188} INFO - [2024-10-18T08:25:07.154+0000] {dag.py:3954} INFO - Setting next_dagrun for dataset_consumes_unknown_never_scheduled to None, run_after=None
[2024-10-18T08:25:07.155+0000] {logging_mixin.py:188} INFO - [2024-10-18T08:25:07.155+0000] {dag.py:3954} INFO - Setting next_dagrun for dataset_produces_1 to 2024-10-17 00:00:00+00:00, run_after=2024-10-18 00:00:00+00:00
[2024-10-18T08:25:07.156+0000] {logging_mixin.py:188} INFO - [2024-10-18T08:25:07.156+0000] {dag.py:3954} INFO - Setting next_dagrun for dataset_produces_2 to None, run_after=None
[2024-10-18T08:25:07.186+0000] {processor.py:183} INFO - Processing /home/airflow/.local/lib/python3.12/site-packages/airflow/example_dags/example_datasets.py took 0.108 seconds
[2024-10-18T08:25:37.456+0000] {processor.py:161} INFO - Started process (PID=459) to work on /home/airflow/.local/lib/python3.12/site-packages/airflow/example_dags/example_datasets.py
[2024-10-18T08:25:37.457+0000] {processor.py:830} INFO - Processing file /home/airflow/.local/lib/python3.12/site-packages/airflow/example_dags/example_datasets.py for tasks to queue
[2024-10-18T08:25:37.458+0000] {logging_mixin.py:188} INFO - [2024-10-18T08:25:37.458+0000] {dagbag.py:545} INFO - Filling up the DagBag from /home/airflow/.local/lib/python3.12/site-packages/airflow/example_dags/example_datasets.py
[2024-10-18T08:25:37.471+0000] {processor.py:840} INFO - DAG(s) 'dataset_consumes_unknown_never_scheduled', 'consume_1_and_2_with_dataset_expressions', 'dataset_consumes_1_never_scheduled', 'dataset_consumes_1', 'consume_1_or_2_with_dataset_expressions', 'dataset_produces_1', 'dataset_produces_2', 'consume_1_or_both_2_and_3_with_dataset_expressions', 'conditional_dataset_and_time_based_timetable', 'dataset_consumes_1_and_2' retrieved from /home/airflow/.local/lib/python3.12/site-packages/airflow/example_dags/example_datasets.py
[2024-10-18T08:25:37.512+0000] {logging_mixin.py:188} INFO - [2024-10-18T08:25:37.511+0000] {dag.py:3096} INFO - Sync 10 DAGs
[2024-10-18T08:25:37.532+0000] {logging_mixin.py:188} INFO - [2024-10-18T08:25:37.532+0000] {dag.py:3954} INFO - Setting next_dagrun for conditional_dataset_and_time_based_timetable to 2024-10-16 01:00:00+00:00, run_after=2024-10-16 01:00:00+00:00
[2024-10-18T08:25:37.535+0000] {logging_mixin.py:188} INFO - [2024-10-18T08:25:37.535+0000] {dag.py:3954} INFO - Setting next_dagrun for consume_1_and_2_with_dataset_expressions to None, run_after=None
[2024-10-18T08:25:37.536+0000] {logging_mixin.py:188} INFO - [2024-10-18T08:25:37.536+0000] {dag.py:3954} INFO - Setting next_dagrun for consume_1_or_2_with_dataset_expressions to None, run_after=None
[2024-10-18T08:25:37.537+0000] {logging_mixin.py:188} INFO - [2024-10-18T08:25:37.537+0000] {dag.py:3954} INFO - Setting next_dagrun for consume_1_or_both_2_and_3_with_dataset_expressions to None, run_after=None
[2024-10-18T08:25:37.538+0000] {logging_mixin.py:188} INFO - [2024-10-18T08:25:37.538+0000] {dag.py:3954} INFO - Setting next_dagrun for dataset_consumes_1 to None, run_after=None
[2024-10-18T08:25:37.539+0000] {logging_mixin.py:188} INFO - [2024-10-18T08:25:37.539+0000] {dag.py:3954} INFO - Setting next_dagrun for dataset_consumes_1_and_2 to None, run_after=None
[2024-10-18T08:25:37.540+0000] {logging_mixin.py:188} INFO - [2024-10-18T08:25:37.539+0000] {dag.py:3954} INFO - Setting next_dagrun for dataset_consumes_1_never_scheduled to None, run_after=None
[2024-10-18T08:25:37.540+0000] {logging_mixin.py:188} INFO - [2024-10-18T08:25:37.540+0000] {dag.py:3954} INFO - Setting next_dagrun for dataset_consumes_unknown_never_scheduled to None, run_after=None
[2024-10-18T08:25:37.542+0000] {logging_mixin.py:188} INFO - [2024-10-18T08:25:37.542+0000] {dag.py:3954} INFO - Setting next_dagrun for dataset_produces_1 to 2024-10-17 00:00:00+00:00, run_after=2024-10-18 00:00:00+00:00
[2024-10-18T08:25:37.543+0000] {logging_mixin.py:188} INFO - [2024-10-18T08:25:37.543+0000] {dag.py:3954} INFO - Setting next_dagrun for dataset_produces_2 to None, run_after=None
[2024-10-18T08:25:37.564+0000] {processor.py:183} INFO - Processing /home/airflow/.local/lib/python3.12/site-packages/airflow/example_dags/example_datasets.py took 0.112 seconds
[2024-10-18T08:26:07.646+0000] {processor.py:161} INFO - Started process (PID=522) to work on /home/airflow/.local/lib/python3.12/site-packages/airflow/example_dags/example_datasets.py
[2024-10-18T08:26:07.646+0000] {processor.py:830} INFO - Processing file /home/airflow/.local/lib/python3.12/site-packages/airflow/example_dags/example_datasets.py for tasks to queue
[2024-10-18T08:26:07.648+0000] {logging_mixin.py:188} INFO - [2024-10-18T08:26:07.647+0000] {dagbag.py:545} INFO - Filling up the DagBag from /home/airflow/.local/lib/python3.12/site-packages/airflow/example_dags/example_datasets.py
[2024-10-18T08:26:07.656+0000] {processor.py:840} INFO - DAG(s) 'dataset_consumes_1_never_scheduled', 'consume_1_or_both_2_and_3_with_dataset_expressions', 'dataset_produces_1', 'dataset_consumes_1_and_2', 'dataset_produces_2', 'consume_1_or_2_with_dataset_expressions', 'consume_1_and_2_with_dataset_expressions', 'dataset_consumes_1', 'conditional_dataset_and_time_based_timetable', 'dataset_consumes_unknown_never_scheduled' retrieved from /home/airflow/.local/lib/python3.12/site-packages/airflow/example_dags/example_datasets.py
[2024-10-18T08:26:07.689+0000] {logging_mixin.py:188} INFO - [2024-10-18T08:26:07.689+0000] {dag.py:3096} INFO - Sync 10 DAGs
[2024-10-18T08:26:07.707+0000] {logging_mixin.py:188} INFO - [2024-10-18T08:26:07.707+0000] {dag.py:3954} INFO - Setting next_dagrun for conditional_dataset_and_time_based_timetable to 2024-10-16 01:00:00+00:00, run_after=2024-10-16 01:00:00+00:00
[2024-10-18T08:26:07.710+0000] {logging_mixin.py:188} INFO - [2024-10-18T08:26:07.710+0000] {dag.py:3954} INFO - Setting next_dagrun for consume_1_and_2_with_dataset_expressions to None, run_after=None
[2024-10-18T08:26:07.711+0000] {logging_mixin.py:188} INFO - [2024-10-18T08:26:07.711+0000] {dag.py:3954} INFO - Setting next_dagrun for consume_1_or_2_with_dataset_expressions to None, run_after=None
[2024-10-18T08:26:07.712+0000] {logging_mixin.py:188} INFO - [2024-10-18T08:26:07.712+0000] {dag.py:3954} INFO - Setting next_dagrun for consume_1_or_both_2_and_3_with_dataset_expressions to None, run_after=None
[2024-10-18T08:26:07.713+0000] {logging_mixin.py:188} INFO - [2024-10-18T08:26:07.712+0000] {dag.py:3954} INFO - Setting next_dagrun for dataset_consumes_1 to None, run_after=None
[2024-10-18T08:26:07.713+0000] {logging_mixin.py:188} INFO - [2024-10-18T08:26:07.713+0000] {dag.py:3954} INFO - Setting next_dagrun for dataset_consumes_1_and_2 to None, run_after=None
[2024-10-18T08:26:07.714+0000] {logging_mixin.py:188} INFO - [2024-10-18T08:26:07.714+0000] {dag.py:3954} INFO - Setting next_dagrun for dataset_consumes_1_never_scheduled to None, run_after=None
[2024-10-18T08:26:07.715+0000] {logging_mixin.py:188} INFO - [2024-10-18T08:26:07.715+0000] {dag.py:3954} INFO - Setting next_dagrun for dataset_consumes_unknown_never_scheduled to None, run_after=None
[2024-10-18T08:26:07.717+0000] {logging_mixin.py:188} INFO - [2024-10-18T08:26:07.716+0000] {dag.py:3954} INFO - Setting next_dagrun for dataset_produces_1 to 2024-10-17 00:00:00+00:00, run_after=2024-10-18 00:00:00+00:00
[2024-10-18T08:26:07.717+0000] {logging_mixin.py:188} INFO - [2024-10-18T08:26:07.717+0000] {dag.py:3954} INFO - Setting next_dagrun for dataset_produces_2 to None, run_after=None
[2024-10-18T08:26:07.741+0000] {processor.py:183} INFO - Processing /home/airflow/.local/lib/python3.12/site-packages/airflow/example_dags/example_datasets.py took 0.099 seconds
[2024-10-18T08:26:37.869+0000] {processor.py:161} INFO - Started process (PID=581) to work on /home/airflow/.local/lib/python3.12/site-packages/airflow/example_dags/example_datasets.py
[2024-10-18T08:26:37.870+0000] {processor.py:830} INFO - Processing file /home/airflow/.local/lib/python3.12/site-packages/airflow/example_dags/example_datasets.py for tasks to queue
[2024-10-18T08:26:37.871+0000] {logging_mixin.py:188} INFO - [2024-10-18T08:26:37.871+0000] {dagbag.py:545} INFO - Filling up the DagBag from /home/airflow/.local/lib/python3.12/site-packages/airflow/example_dags/example_datasets.py
[2024-10-18T08:26:37.880+0000] {processor.py:840} INFO - DAG(s) 'conditional_dataset_and_time_based_timetable', 'consume_1_and_2_with_dataset_expressions', 'dataset_consumes_1_never_scheduled', 'dataset_consumes_1', 'dataset_consumes_1_and_2', 'dataset_consumes_unknown_never_scheduled', 'dataset_produces_2', 'dataset_produces_1', 'consume_1_or_both_2_and_3_with_dataset_expressions', 'consume_1_or_2_with_dataset_expressions' retrieved from /home/airflow/.local/lib/python3.12/site-packages/airflow/example_dags/example_datasets.py
[2024-10-18T08:26:37.915+0000] {logging_mixin.py:188} INFO - [2024-10-18T08:26:37.915+0000] {dag.py:3096} INFO - Sync 10 DAGs
[2024-10-18T08:26:37.933+0000] {logging_mixin.py:188} INFO - [2024-10-18T08:26:37.932+0000] {dag.py:3954} INFO - Setting next_dagrun for conditional_dataset_and_time_based_timetable to 2024-10-16 01:00:00+00:00, run_after=2024-10-16 01:00:00+00:00
[2024-10-18T08:26:37.935+0000] {logging_mixin.py:188} INFO - [2024-10-18T08:26:37.935+0000] {dag.py:3954} INFO - Setting next_dagrun for consume_1_and_2_with_dataset_expressions to None, run_after=None
[2024-10-18T08:26:37.936+0000] {logging_mixin.py:188} INFO - [2024-10-18T08:26:37.936+0000] {dag.py:3954} INFO - Setting next_dagrun for consume_1_or_2_with_dataset_expressions to None, run_after=None
[2024-10-18T08:26:37.937+0000] {logging_mixin.py:188} INFO - [2024-10-18T08:26:37.937+0000] {dag.py:3954} INFO - Setting next_dagrun for consume_1_or_both_2_and_3_with_dataset_expressions to None, run_after=None
[2024-10-18T08:26:37.938+0000] {logging_mixin.py:188} INFO - [2024-10-18T08:26:37.938+0000] {dag.py:3954} INFO - Setting next_dagrun for dataset_consumes_1 to None, run_after=None
[2024-10-18T08:26:37.939+0000] {logging_mixin.py:188} INFO - [2024-10-18T08:26:37.939+0000] {dag.py:3954} INFO - Setting next_dagrun for dataset_consumes_1_and_2 to None, run_after=None
[2024-10-18T08:26:37.940+0000] {logging_mixin.py:188} INFO - [2024-10-18T08:26:37.940+0000] {dag.py:3954} INFO - Setting next_dagrun for dataset_consumes_1_never_scheduled to None, run_after=None
[2024-10-18T08:26:37.941+0000] {logging_mixin.py:188} INFO - [2024-10-18T08:26:37.941+0000] {dag.py:3954} INFO - Setting next_dagrun for dataset_consumes_unknown_never_scheduled to None, run_after=None
[2024-10-18T08:26:37.943+0000] {logging_mixin.py:188} INFO - [2024-10-18T08:26:37.942+0000] {dag.py:3954} INFO - Setting next_dagrun for dataset_produces_1 to 2024-10-17 00:00:00+00:00, run_after=2024-10-18 00:00:00+00:00
[2024-10-18T08:26:37.944+0000] {logging_mixin.py:188} INFO - [2024-10-18T08:26:37.943+0000] {dag.py:3954} INFO - Setting next_dagrun for dataset_produces_2 to None, run_after=None
[2024-10-18T08:26:37.963+0000] {processor.py:183} INFO - Processing /home/airflow/.local/lib/python3.12/site-packages/airflow/example_dags/example_datasets.py took 0.098 seconds
[2024-10-18T08:31:17.413+0000] {processor.py:161} INFO - Started process (PID=50) to work on /home/airflow/.local/lib/python3.12/site-packages/airflow/example_dags/example_datasets.py
[2024-10-18T08:31:17.415+0000] {processor.py:830} INFO - Processing file /home/airflow/.local/lib/python3.12/site-packages/airflow/example_dags/example_datasets.py for tasks to queue
[2024-10-18T08:31:17.417+0000] {logging_mixin.py:188} INFO - [2024-10-18T08:31:17.417+0000] {dagbag.py:545} INFO - Filling up the DagBag from /home/airflow/.local/lib/python3.12/site-packages/airflow/example_dags/example_datasets.py
[2024-10-18T08:31:17.449+0000] {processor.py:840} INFO - DAG(s) 'consume_1_and_2_with_dataset_expressions', 'consume_1_or_2_with_dataset_expressions', 'dataset_consumes_1_never_scheduled', 'dataset_produces_2', 'dataset_consumes_unknown_never_scheduled', 'dataset_consumes_1_and_2', 'conditional_dataset_and_time_based_timetable', 'dataset_consumes_1', 'dataset_produces_1', 'consume_1_or_both_2_and_3_with_dataset_expressions' retrieved from /home/airflow/.local/lib/python3.12/site-packages/airflow/example_dags/example_datasets.py
[2024-10-18T08:31:17.486+0000] {logging_mixin.py:188} INFO - [2024-10-18T08:31:17.486+0000] {dag.py:3096} INFO - Sync 10 DAGs
[2024-10-18T08:31:17.556+0000] {logging_mixin.py:188} INFO - [2024-10-18T08:31:17.556+0000] {dag.py:3954} INFO - Setting next_dagrun for conditional_dataset_and_time_based_timetable to 2024-10-16 01:00:00+00:00, run_after=2024-10-16 01:00:00+00:00
[2024-10-18T08:31:17.562+0000] {logging_mixin.py:188} INFO - [2024-10-18T08:31:17.562+0000] {dag.py:3954} INFO - Setting next_dagrun for consume_1_and_2_with_dataset_expressions to None, run_after=None
[2024-10-18T08:31:17.563+0000] {logging_mixin.py:188} INFO - [2024-10-18T08:31:17.563+0000] {dag.py:3954} INFO - Setting next_dagrun for consume_1_or_2_with_dataset_expressions to None, run_after=None
[2024-10-18T08:31:17.565+0000] {logging_mixin.py:188} INFO - [2024-10-18T08:31:17.564+0000] {dag.py:3954} INFO - Setting next_dagrun for consume_1_or_both_2_and_3_with_dataset_expressions to None, run_after=None
[2024-10-18T08:31:17.566+0000] {logging_mixin.py:188} INFO - [2024-10-18T08:31:17.566+0000] {dag.py:3954} INFO - Setting next_dagrun for dataset_consumes_1 to None, run_after=None
[2024-10-18T08:31:17.568+0000] {logging_mixin.py:188} INFO - [2024-10-18T08:31:17.567+0000] {dag.py:3954} INFO - Setting next_dagrun for dataset_consumes_1_and_2 to None, run_after=None
[2024-10-18T08:31:17.569+0000] {logging_mixin.py:188} INFO - [2024-10-18T08:31:17.569+0000] {dag.py:3954} INFO - Setting next_dagrun for dataset_consumes_1_never_scheduled to None, run_after=None
[2024-10-18T08:31:17.570+0000] {logging_mixin.py:188} INFO - [2024-10-18T08:31:17.570+0000] {dag.py:3954} INFO - Setting next_dagrun for dataset_consumes_unknown_never_scheduled to None, run_after=None
[2024-10-18T08:31:17.573+0000] {logging_mixin.py:188} INFO - [2024-10-18T08:31:17.573+0000] {dag.py:3954} INFO - Setting next_dagrun for dataset_produces_1 to 2024-10-17 00:00:00+00:00, run_after=2024-10-18 00:00:00+00:00
[2024-10-18T08:31:17.574+0000] {logging_mixin.py:188} INFO - [2024-10-18T08:31:17.574+0000] {dag.py:3954} INFO - Setting next_dagrun for dataset_produces_2 to None, run_after=None
[2024-10-18T08:31:17.612+0000] {processor.py:183} INFO - Processing /home/airflow/.local/lib/python3.12/site-packages/airflow/example_dags/example_datasets.py took 0.207 seconds
[2024-10-18T08:31:48.146+0000] {processor.py:161} INFO - Started process (PID=110) to work on /home/airflow/.local/lib/python3.12/site-packages/airflow/example_dags/example_datasets.py
[2024-10-18T08:31:48.147+0000] {processor.py:830} INFO - Processing file /home/airflow/.local/lib/python3.12/site-packages/airflow/example_dags/example_datasets.py for tasks to queue
[2024-10-18T08:31:48.149+0000] {logging_mixin.py:188} INFO - [2024-10-18T08:31:48.148+0000] {dagbag.py:545} INFO - Filling up the DagBag from /home/airflow/.local/lib/python3.12/site-packages/airflow/example_dags/example_datasets.py
[2024-10-18T08:31:48.162+0000] {processor.py:840} INFO - DAG(s) 'dataset_produces_2', 'dataset_consumes_1_never_scheduled', 'dataset_produces_1', 'consume_1_and_2_with_dataset_expressions', 'conditional_dataset_and_time_based_timetable', 'consume_1_or_2_with_dataset_expressions', 'consume_1_or_both_2_and_3_with_dataset_expressions', 'dataset_consumes_unknown_never_scheduled', 'dataset_consumes_1_and_2', 'dataset_consumes_1' retrieved from /home/airflow/.local/lib/python3.12/site-packages/airflow/example_dags/example_datasets.py
[2024-10-18T08:31:48.347+0000] {logging_mixin.py:188} INFO - [2024-10-18T08:31:48.347+0000] {dag.py:3096} INFO - Sync 10 DAGs
[2024-10-18T08:31:48.371+0000] {logging_mixin.py:188} INFO - [2024-10-18T08:31:48.370+0000] {dag.py:3954} INFO - Setting next_dagrun for conditional_dataset_and_time_based_timetable to 2024-10-16 01:00:00+00:00, run_after=2024-10-16 01:00:00+00:00
[2024-10-18T08:31:48.374+0000] {logging_mixin.py:188} INFO - [2024-10-18T08:31:48.373+0000] {dag.py:3954} INFO - Setting next_dagrun for consume_1_and_2_with_dataset_expressions to None, run_after=None
[2024-10-18T08:31:48.375+0000] {logging_mixin.py:188} INFO - [2024-10-18T08:31:48.375+0000] {dag.py:3954} INFO - Setting next_dagrun for consume_1_or_2_with_dataset_expressions to None, run_after=None
[2024-10-18T08:31:48.376+0000] {logging_mixin.py:188} INFO - [2024-10-18T08:31:48.376+0000] {dag.py:3954} INFO - Setting next_dagrun for consume_1_or_both_2_and_3_with_dataset_expressions to None, run_after=None
[2024-10-18T08:31:48.377+0000] {logging_mixin.py:188} INFO - [2024-10-18T08:31:48.377+0000] {dag.py:3954} INFO - Setting next_dagrun for dataset_consumes_1 to None, run_after=None
[2024-10-18T08:31:48.378+0000] {logging_mixin.py:188} INFO - [2024-10-18T08:31:48.378+0000] {dag.py:3954} INFO - Setting next_dagrun for dataset_consumes_1_and_2 to None, run_after=None
[2024-10-18T08:31:48.379+0000] {logging_mixin.py:188} INFO - [2024-10-18T08:31:48.379+0000] {dag.py:3954} INFO - Setting next_dagrun for dataset_consumes_1_never_scheduled to None, run_after=None
[2024-10-18T08:31:48.380+0000] {logging_mixin.py:188} INFO - [2024-10-18T08:31:48.380+0000] {dag.py:3954} INFO - Setting next_dagrun for dataset_consumes_unknown_never_scheduled to None, run_after=None
[2024-10-18T08:31:48.382+0000] {logging_mixin.py:188} INFO - [2024-10-18T08:31:48.381+0000] {dag.py:3954} INFO - Setting next_dagrun for dataset_produces_1 to 2024-10-17 00:00:00+00:00, run_after=2024-10-18 00:00:00+00:00
[2024-10-18T08:31:48.382+0000] {logging_mixin.py:188} INFO - [2024-10-18T08:31:48.382+0000] {dag.py:3954} INFO - Setting next_dagrun for dataset_produces_2 to None, run_after=None
[2024-10-18T08:31:48.409+0000] {processor.py:183} INFO - Processing /home/airflow/.local/lib/python3.12/site-packages/airflow/example_dags/example_datasets.py took 0.268 seconds
[2024-10-18T08:33:27.130+0000] {processor.py:161} INFO - Started process (PID=42) to work on /home/airflow/.local/lib/python3.12/site-packages/airflow/example_dags/example_datasets.py
[2024-10-18T08:33:27.131+0000] {processor.py:830} INFO - Processing file /home/airflow/.local/lib/python3.12/site-packages/airflow/example_dags/example_datasets.py for tasks to queue
[2024-10-18T08:33:27.133+0000] {logging_mixin.py:188} INFO - [2024-10-18T08:33:27.132+0000] {dagbag.py:545} INFO - Filling up the DagBag from /home/airflow/.local/lib/python3.12/site-packages/airflow/example_dags/example_datasets.py
[2024-10-18T08:33:27.147+0000] {processor.py:840} INFO - DAG(s) 'consume_1_or_both_2_and_3_with_dataset_expressions', 'consume_1_or_2_with_dataset_expressions', 'dataset_consumes_1_and_2', 'dataset_consumes_unknown_never_scheduled', 'consume_1_and_2_with_dataset_expressions', 'dataset_consumes_1_never_scheduled', 'dataset_produces_1', 'conditional_dataset_and_time_based_timetable', 'dataset_produces_2', 'dataset_consumes_1' retrieved from /home/airflow/.local/lib/python3.12/site-packages/airflow/example_dags/example_datasets.py
[2024-10-18T08:33:27.161+0000] {logging_mixin.py:188} INFO - [2024-10-18T08:33:27.161+0000] {dag.py:3096} INFO - Sync 10 DAGs
[2024-10-18T08:33:27.189+0000] {logging_mixin.py:188} INFO - [2024-10-18T08:33:27.189+0000] {dag.py:3954} INFO - Setting next_dagrun for conditional_dataset_and_time_based_timetable to 2024-10-16 01:00:00+00:00, run_after=2024-10-16 01:00:00+00:00
[2024-10-18T08:33:27.193+0000] {logging_mixin.py:188} INFO - [2024-10-18T08:33:27.193+0000] {dag.py:3954} INFO - Setting next_dagrun for consume_1_and_2_with_dataset_expressions to None, run_after=None
[2024-10-18T08:33:27.195+0000] {logging_mixin.py:188} INFO - [2024-10-18T08:33:27.194+0000] {dag.py:3954} INFO - Setting next_dagrun for consume_1_or_2_with_dataset_expressions to None, run_after=None
[2024-10-18T08:33:27.196+0000] {logging_mixin.py:188} INFO - [2024-10-18T08:33:27.196+0000] {dag.py:3954} INFO - Setting next_dagrun for consume_1_or_both_2_and_3_with_dataset_expressions to None, run_after=None
[2024-10-18T08:33:27.197+0000] {logging_mixin.py:188} INFO - [2024-10-18T08:33:27.197+0000] {dag.py:3954} INFO - Setting next_dagrun for dataset_consumes_1 to None, run_after=None
[2024-10-18T08:33:27.199+0000] {logging_mixin.py:188} INFO - [2024-10-18T08:33:27.198+0000] {dag.py:3954} INFO - Setting next_dagrun for dataset_consumes_1_and_2 to None, run_after=None
[2024-10-18T08:33:27.200+0000] {logging_mixin.py:188} INFO - [2024-10-18T08:33:27.200+0000] {dag.py:3954} INFO - Setting next_dagrun for dataset_consumes_1_never_scheduled to None, run_after=None
[2024-10-18T08:33:27.201+0000] {logging_mixin.py:188} INFO - [2024-10-18T08:33:27.201+0000] {dag.py:3954} INFO - Setting next_dagrun for dataset_consumes_unknown_never_scheduled to None, run_after=None
[2024-10-18T08:33:27.203+0000] {logging_mixin.py:188} INFO - [2024-10-18T08:33:27.203+0000] {dag.py:3954} INFO - Setting next_dagrun for dataset_produces_1 to 2024-10-17 00:00:00+00:00, run_after=2024-10-18 00:00:00+00:00
[2024-10-18T08:33:27.205+0000] {logging_mixin.py:188} INFO - [2024-10-18T08:33:27.204+0000] {dag.py:3954} INFO - Setting next_dagrun for dataset_produces_2 to None, run_after=None
[2024-10-18T08:33:27.237+0000] {processor.py:183} INFO - Processing /home/airflow/.local/lib/python3.12/site-packages/airflow/example_dags/example_datasets.py took 0.112 seconds
[2024-10-18T08:35:23.781+0000] {processor.py:161} INFO - Started process (PID=50) to work on /home/airflow/.local/lib/python3.12/site-packages/airflow/example_dags/example_datasets.py
[2024-10-18T08:35:23.782+0000] {processor.py:830} INFO - Processing file /home/airflow/.local/lib/python3.12/site-packages/airflow/example_dags/example_datasets.py for tasks to queue
[2024-10-18T08:35:23.784+0000] {logging_mixin.py:188} INFO - [2024-10-18T08:35:23.784+0000] {dagbag.py:545} INFO - Filling up the DagBag from /home/airflow/.local/lib/python3.12/site-packages/airflow/example_dags/example_datasets.py
[2024-10-18T08:35:23.802+0000] {processor.py:840} INFO - DAG(s) 'dataset_consumes_1_and_2', 'dataset_produces_1', 'dataset_consumes_1', 'consume_1_or_both_2_and_3_with_dataset_expressions', 'consume_1_and_2_with_dataset_expressions', 'conditional_dataset_and_time_based_timetable', 'dataset_consumes_1_never_scheduled', 'dataset_consumes_unknown_never_scheduled', 'consume_1_or_2_with_dataset_expressions', 'dataset_produces_2' retrieved from /home/airflow/.local/lib/python3.12/site-packages/airflow/example_dags/example_datasets.py
[2024-10-18T08:35:23.817+0000] {logging_mixin.py:188} INFO - [2024-10-18T08:35:23.817+0000] {dag.py:3096} INFO - Sync 10 DAGs
[2024-10-18T08:35:23.844+0000] {logging_mixin.py:188} INFO - [2024-10-18T08:35:23.844+0000] {dag.py:3954} INFO - Setting next_dagrun for conditional_dataset_and_time_based_timetable to 2024-10-16 01:00:00+00:00, run_after=2024-10-16 01:00:00+00:00
[2024-10-18T08:35:23.848+0000] {logging_mixin.py:188} INFO - [2024-10-18T08:35:23.848+0000] {dag.py:3954} INFO - Setting next_dagrun for consume_1_and_2_with_dataset_expressions to None, run_after=None
[2024-10-18T08:35:23.849+0000] {logging_mixin.py:188} INFO - [2024-10-18T08:35:23.849+0000] {dag.py:3954} INFO - Setting next_dagrun for consume_1_or_2_with_dataset_expressions to None, run_after=None
[2024-10-18T08:35:23.850+0000] {logging_mixin.py:188} INFO - [2024-10-18T08:35:23.850+0000] {dag.py:3954} INFO - Setting next_dagrun for consume_1_or_both_2_and_3_with_dataset_expressions to None, run_after=None
[2024-10-18T08:35:23.852+0000] {logging_mixin.py:188} INFO - [2024-10-18T08:35:23.852+0000] {dag.py:3954} INFO - Setting next_dagrun for dataset_consumes_1 to None, run_after=None
[2024-10-18T08:35:23.853+0000] {logging_mixin.py:188} INFO - [2024-10-18T08:35:23.853+0000] {dag.py:3954} INFO - Setting next_dagrun for dataset_consumes_1_and_2 to None, run_after=None
[2024-10-18T08:35:23.854+0000] {logging_mixin.py:188} INFO - [2024-10-18T08:35:23.854+0000] {dag.py:3954} INFO - Setting next_dagrun for dataset_consumes_1_never_scheduled to None, run_after=None
[2024-10-18T08:35:23.855+0000] {logging_mixin.py:188} INFO - [2024-10-18T08:35:23.855+0000] {dag.py:3954} INFO - Setting next_dagrun for dataset_consumes_unknown_never_scheduled to None, run_after=None
[2024-10-18T08:35:23.858+0000] {logging_mixin.py:188} INFO - [2024-10-18T08:35:23.857+0000] {dag.py:3954} INFO - Setting next_dagrun for dataset_produces_1 to 2024-10-17 00:00:00+00:00, run_after=2024-10-18 00:00:00+00:00
[2024-10-18T08:35:23.859+0000] {logging_mixin.py:188} INFO - [2024-10-18T08:35:23.859+0000] {dag.py:3954} INFO - Setting next_dagrun for dataset_produces_2 to None, run_after=None
[2024-10-18T08:35:23.890+0000] {processor.py:183} INFO - Processing /home/airflow/.local/lib/python3.12/site-packages/airflow/example_dags/example_datasets.py took 0.113 seconds
[2024-10-18T08:35:54.040+0000] {processor.py:161} INFO - Started process (PID=109) to work on /home/airflow/.local/lib/python3.12/site-packages/airflow/example_dags/example_datasets.py
[2024-10-18T08:35:54.041+0000] {processor.py:830} INFO - Processing file /home/airflow/.local/lib/python3.12/site-packages/airflow/example_dags/example_datasets.py for tasks to queue
[2024-10-18T08:35:54.043+0000] {logging_mixin.py:188} INFO - [2024-10-18T08:35:54.042+0000] {dagbag.py:545} INFO - Filling up the DagBag from /home/airflow/.local/lib/python3.12/site-packages/airflow/example_dags/example_datasets.py
[2024-10-18T08:35:54.056+0000] {processor.py:840} INFO - DAG(s) 'conditional_dataset_and_time_based_timetable', 'consume_1_or_both_2_and_3_with_dataset_expressions', 'dataset_consumes_unknown_never_scheduled', 'dataset_produces_2', 'dataset_consumes_1_and_2', 'dataset_consumes_1', 'consume_1_or_2_with_dataset_expressions', 'consume_1_and_2_with_dataset_expressions', 'dataset_consumes_1_never_scheduled', 'dataset_produces_1' retrieved from /home/airflow/.local/lib/python3.12/site-packages/airflow/example_dags/example_datasets.py
[2024-10-18T08:35:54.224+0000] {logging_mixin.py:188} INFO - [2024-10-18T08:35:54.224+0000] {dag.py:3096} INFO - Sync 10 DAGs
[2024-10-18T08:35:54.241+0000] {logging_mixin.py:188} INFO - [2024-10-18T08:35:54.241+0000] {dag.py:3954} INFO - Setting next_dagrun for conditional_dataset_and_time_based_timetable to 2024-10-16 01:00:00+00:00, run_after=2024-10-16 01:00:00+00:00
[2024-10-18T08:35:54.244+0000] {logging_mixin.py:188} INFO - [2024-10-18T08:35:54.244+0000] {dag.py:3954} INFO - Setting next_dagrun for consume_1_and_2_with_dataset_expressions to None, run_after=None
[2024-10-18T08:35:54.245+0000] {logging_mixin.py:188} INFO - [2024-10-18T08:35:54.245+0000] {dag.py:3954} INFO - Setting next_dagrun for consume_1_or_2_with_dataset_expressions to None, run_after=None
[2024-10-18T08:35:54.246+0000] {logging_mixin.py:188} INFO - [2024-10-18T08:35:54.245+0000] {dag.py:3954} INFO - Setting next_dagrun for consume_1_or_both_2_and_3_with_dataset_expressions to None, run_after=None
[2024-10-18T08:35:54.246+0000] {logging_mixin.py:188} INFO - [2024-10-18T08:35:54.246+0000] {dag.py:3954} INFO - Setting next_dagrun for dataset_consumes_1 to None, run_after=None
[2024-10-18T08:35:54.247+0000] {logging_mixin.py:188} INFO - [2024-10-18T08:35:54.247+0000] {dag.py:3954} INFO - Setting next_dagrun for dataset_consumes_1_and_2 to None, run_after=None
[2024-10-18T08:35:54.248+0000] {logging_mixin.py:188} INFO - [2024-10-18T08:35:54.248+0000] {dag.py:3954} INFO - Setting next_dagrun for dataset_consumes_1_never_scheduled to None, run_after=None
[2024-10-18T08:35:54.249+0000] {logging_mixin.py:188} INFO - [2024-10-18T08:35:54.249+0000] {dag.py:3954} INFO - Setting next_dagrun for dataset_consumes_unknown_never_scheduled to None, run_after=None
[2024-10-18T08:35:54.250+0000] {logging_mixin.py:188} INFO - [2024-10-18T08:35:54.250+0000] {dag.py:3954} INFO - Setting next_dagrun for dataset_produces_1 to 2024-10-17 00:00:00+00:00, run_after=2024-10-18 00:00:00+00:00
[2024-10-18T08:35:54.251+0000] {logging_mixin.py:188} INFO - [2024-10-18T08:35:54.251+0000] {dag.py:3954} INFO - Setting next_dagrun for dataset_produces_2 to None, run_after=None
[2024-10-18T08:35:54.308+0000] {processor.py:183} INFO - Processing /home/airflow/.local/lib/python3.12/site-packages/airflow/example_dags/example_datasets.py took 0.273 seconds
[2024-10-18T08:36:25.095+0000] {processor.py:161} INFO - Started process (PID=168) to work on /home/airflow/.local/lib/python3.12/site-packages/airflow/example_dags/example_datasets.py
[2024-10-18T08:36:25.096+0000] {processor.py:830} INFO - Processing file /home/airflow/.local/lib/python3.12/site-packages/airflow/example_dags/example_datasets.py for tasks to queue
[2024-10-18T08:36:25.097+0000] {logging_mixin.py:188} INFO - [2024-10-18T08:36:25.097+0000] {dagbag.py:545} INFO - Filling up the DagBag from /home/airflow/.local/lib/python3.12/site-packages/airflow/example_dags/example_datasets.py
[2024-10-18T08:36:25.106+0000] {processor.py:840} INFO - DAG(s) 'consume_1_and_2_with_dataset_expressions', 'dataset_produces_2', 'consume_1_or_both_2_and_3_with_dataset_expressions', 'conditional_dataset_and_time_based_timetable', 'dataset_consumes_1_and_2', 'consume_1_or_2_with_dataset_expressions', 'dataset_consumes_unknown_never_scheduled', 'dataset_consumes_1', 'dataset_produces_1', 'dataset_consumes_1_never_scheduled' retrieved from /home/airflow/.local/lib/python3.12/site-packages/airflow/example_dags/example_datasets.py
[2024-10-18T08:36:25.135+0000] {logging_mixin.py:188} INFO - [2024-10-18T08:36:25.135+0000] {dag.py:3096} INFO - Sync 10 DAGs
[2024-10-18T08:36:25.150+0000] {logging_mixin.py:188} INFO - [2024-10-18T08:36:25.150+0000] {dag.py:3954} INFO - Setting next_dagrun for conditional_dataset_and_time_based_timetable to 2024-10-16 01:00:00+00:00, run_after=2024-10-16 01:00:00+00:00
[2024-10-18T08:36:25.153+0000] {logging_mixin.py:188} INFO - [2024-10-18T08:36:25.153+0000] {dag.py:3954} INFO - Setting next_dagrun for consume_1_and_2_with_dataset_expressions to None, run_after=None
[2024-10-18T08:36:25.154+0000] {logging_mixin.py:188} INFO - [2024-10-18T08:36:25.154+0000] {dag.py:3954} INFO - Setting next_dagrun for consume_1_or_2_with_dataset_expressions to None, run_after=None
[2024-10-18T08:36:25.155+0000] {logging_mixin.py:188} INFO - [2024-10-18T08:36:25.154+0000] {dag.py:3954} INFO - Setting next_dagrun for consume_1_or_both_2_and_3_with_dataset_expressions to None, run_after=None
[2024-10-18T08:36:25.155+0000] {logging_mixin.py:188} INFO - [2024-10-18T08:36:25.155+0000] {dag.py:3954} INFO - Setting next_dagrun for dataset_consumes_1 to None, run_after=None
[2024-10-18T08:36:25.156+0000] {logging_mixin.py:188} INFO - [2024-10-18T08:36:25.156+0000] {dag.py:3954} INFO - Setting next_dagrun for dataset_consumes_1_and_2 to None, run_after=None
[2024-10-18T08:36:25.157+0000] {logging_mixin.py:188} INFO - [2024-10-18T08:36:25.157+0000] {dag.py:3954} INFO - Setting next_dagrun for dataset_consumes_1_never_scheduled to None, run_after=None
[2024-10-18T08:36:25.158+0000] {logging_mixin.py:188} INFO - [2024-10-18T08:36:25.158+0000] {dag.py:3954} INFO - Setting next_dagrun for dataset_consumes_unknown_never_scheduled to None, run_after=None
[2024-10-18T08:36:25.159+0000] {logging_mixin.py:188} INFO - [2024-10-18T08:36:25.159+0000] {dag.py:3954} INFO - Setting next_dagrun for dataset_produces_1 to 2024-10-17 00:00:00+00:00, run_after=2024-10-18 00:00:00+00:00
[2024-10-18T08:36:25.160+0000] {logging_mixin.py:188} INFO - [2024-10-18T08:36:25.160+0000] {dag.py:3954} INFO - Setting next_dagrun for dataset_produces_2 to None, run_after=None
[2024-10-18T08:36:25.180+0000] {processor.py:183} INFO - Processing /home/airflow/.local/lib/python3.12/site-packages/airflow/example_dags/example_datasets.py took 0.088 seconds
[2024-10-18T08:36:55.316+0000] {processor.py:161} INFO - Started process (PID=227) to work on /home/airflow/.local/lib/python3.12/site-packages/airflow/example_dags/example_datasets.py
[2024-10-18T08:36:55.317+0000] {processor.py:830} INFO - Processing file /home/airflow/.local/lib/python3.12/site-packages/airflow/example_dags/example_datasets.py for tasks to queue
[2024-10-18T08:36:55.318+0000] {logging_mixin.py:188} INFO - [2024-10-18T08:36:55.318+0000] {dagbag.py:545} INFO - Filling up the DagBag from /home/airflow/.local/lib/python3.12/site-packages/airflow/example_dags/example_datasets.py
[2024-10-18T08:36:55.328+0000] {processor.py:840} INFO - DAG(s) 'dataset_produces_2', 'conditional_dataset_and_time_based_timetable', 'consume_1_or_both_2_and_3_with_dataset_expressions', 'dataset_consumes_1_never_scheduled', 'dataset_produces_1', 'dataset_consumes_1', 'consume_1_or_2_with_dataset_expressions', 'dataset_consumes_1_and_2', 'consume_1_and_2_with_dataset_expressions', 'dataset_consumes_unknown_never_scheduled' retrieved from /home/airflow/.local/lib/python3.12/site-packages/airflow/example_dags/example_datasets.py
[2024-10-18T08:36:55.367+0000] {logging_mixin.py:188} INFO - [2024-10-18T08:36:55.367+0000] {dag.py:3096} INFO - Sync 10 DAGs
[2024-10-18T08:36:55.388+0000] {logging_mixin.py:188} INFO - [2024-10-18T08:36:55.387+0000] {dag.py:3954} INFO - Setting next_dagrun for conditional_dataset_and_time_based_timetable to 2024-10-16 01:00:00+00:00, run_after=2024-10-16 01:00:00+00:00
[2024-10-18T08:36:55.390+0000] {logging_mixin.py:188} INFO - [2024-10-18T08:36:55.390+0000] {dag.py:3954} INFO - Setting next_dagrun for consume_1_and_2_with_dataset_expressions to None, run_after=None
[2024-10-18T08:36:55.391+0000] {logging_mixin.py:188} INFO - [2024-10-18T08:36:55.391+0000] {dag.py:3954} INFO - Setting next_dagrun for consume_1_or_2_with_dataset_expressions to None, run_after=None
[2024-10-18T08:36:55.392+0000] {logging_mixin.py:188} INFO - [2024-10-18T08:36:55.392+0000] {dag.py:3954} INFO - Setting next_dagrun for consume_1_or_both_2_and_3_with_dataset_expressions to None, run_after=None
[2024-10-18T08:36:55.393+0000] {logging_mixin.py:188} INFO - [2024-10-18T08:36:55.393+0000] {dag.py:3954} INFO - Setting next_dagrun for dataset_consumes_1 to None, run_after=None
[2024-10-18T08:36:55.394+0000] {logging_mixin.py:188} INFO - [2024-10-18T08:36:55.394+0000] {dag.py:3954} INFO - Setting next_dagrun for dataset_consumes_1_and_2 to None, run_after=None
[2024-10-18T08:36:55.395+0000] {logging_mixin.py:188} INFO - [2024-10-18T08:36:55.394+0000] {dag.py:3954} INFO - Setting next_dagrun for dataset_consumes_1_never_scheduled to None, run_after=None
[2024-10-18T08:36:55.395+0000] {logging_mixin.py:188} INFO - [2024-10-18T08:36:55.395+0000] {dag.py:3954} INFO - Setting next_dagrun for dataset_consumes_unknown_never_scheduled to None, run_after=None
[2024-10-18T08:36:55.397+0000] {logging_mixin.py:188} INFO - [2024-10-18T08:36:55.397+0000] {dag.py:3954} INFO - Setting next_dagrun for dataset_produces_1 to 2024-10-17 00:00:00+00:00, run_after=2024-10-18 00:00:00+00:00
[2024-10-18T08:36:55.398+0000] {logging_mixin.py:188} INFO - [2024-10-18T08:36:55.398+0000] {dag.py:3954} INFO - Setting next_dagrun for dataset_produces_2 to None, run_after=None
[2024-10-18T08:36:55.421+0000] {processor.py:183} INFO - Processing /home/airflow/.local/lib/python3.12/site-packages/airflow/example_dags/example_datasets.py took 0.109 seconds
[2024-10-18T08:37:25.513+0000] {processor.py:161} INFO - Started process (PID=292) to work on /home/airflow/.local/lib/python3.12/site-packages/airflow/example_dags/example_datasets.py
[2024-10-18T08:37:25.513+0000] {processor.py:830} INFO - Processing file /home/airflow/.local/lib/python3.12/site-packages/airflow/example_dags/example_datasets.py for tasks to queue
[2024-10-18T08:37:25.514+0000] {logging_mixin.py:188} INFO - [2024-10-18T08:37:25.514+0000] {dagbag.py:545} INFO - Filling up the DagBag from /home/airflow/.local/lib/python3.12/site-packages/airflow/example_dags/example_datasets.py
[2024-10-18T08:37:25.523+0000] {processor.py:840} INFO - DAG(s) 'dataset_consumes_unknown_never_scheduled', 'dataset_consumes_1', 'dataset_produces_2', 'dataset_consumes_1_and_2', 'consume_1_or_2_with_dataset_expressions', 'consume_1_and_2_with_dataset_expressions', 'consume_1_or_both_2_and_3_with_dataset_expressions', 'dataset_consumes_1_never_scheduled', 'conditional_dataset_and_time_based_timetable', 'dataset_produces_1' retrieved from /home/airflow/.local/lib/python3.12/site-packages/airflow/example_dags/example_datasets.py
[2024-10-18T08:37:25.554+0000] {logging_mixin.py:188} INFO - [2024-10-18T08:37:25.554+0000] {dag.py:3096} INFO - Sync 10 DAGs
[2024-10-18T08:37:25.571+0000] {logging_mixin.py:188} INFO - [2024-10-18T08:37:25.571+0000] {dag.py:3954} INFO - Setting next_dagrun for conditional_dataset_and_time_based_timetable to 2024-10-16 01:00:00+00:00, run_after=2024-10-16 01:00:00+00:00
[2024-10-18T08:37:25.574+0000] {logging_mixin.py:188} INFO - [2024-10-18T08:37:25.574+0000] {dag.py:3954} INFO - Setting next_dagrun for consume_1_and_2_with_dataset_expressions to None, run_after=None
[2024-10-18T08:37:25.575+0000] {logging_mixin.py:188} INFO - [2024-10-18T08:37:25.575+0000] {dag.py:3954} INFO - Setting next_dagrun for consume_1_or_2_with_dataset_expressions to None, run_after=None
[2024-10-18T08:37:25.576+0000] {logging_mixin.py:188} INFO - [2024-10-18T08:37:25.576+0000] {dag.py:3954} INFO - Setting next_dagrun for consume_1_or_both_2_and_3_with_dataset_expressions to None, run_after=None
[2024-10-18T08:37:25.577+0000] {logging_mixin.py:188} INFO - [2024-10-18T08:37:25.576+0000] {dag.py:3954} INFO - Setting next_dagrun for dataset_consumes_1 to None, run_after=None
[2024-10-18T08:37:25.577+0000] {logging_mixin.py:188} INFO - [2024-10-18T08:37:25.577+0000] {dag.py:3954} INFO - Setting next_dagrun for dataset_consumes_1_and_2 to None, run_after=None
[2024-10-18T08:37:25.578+0000] {logging_mixin.py:188} INFO - [2024-10-18T08:37:25.578+0000] {dag.py:3954} INFO - Setting next_dagrun for dataset_consumes_1_never_scheduled to None, run_after=None
[2024-10-18T08:37:25.579+0000] {logging_mixin.py:188} INFO - [2024-10-18T08:37:25.579+0000] {dag.py:3954} INFO - Setting next_dagrun for dataset_consumes_unknown_never_scheduled to None, run_after=None
[2024-10-18T08:37:25.580+0000] {logging_mixin.py:188} INFO - [2024-10-18T08:37:25.580+0000] {dag.py:3954} INFO - Setting next_dagrun for dataset_produces_1 to 2024-10-17 00:00:00+00:00, run_after=2024-10-18 00:00:00+00:00
[2024-10-18T08:37:25.581+0000] {logging_mixin.py:188} INFO - [2024-10-18T08:37:25.581+0000] {dag.py:3954} INFO - Setting next_dagrun for dataset_produces_2 to None, run_after=None
[2024-10-18T08:37:25.601+0000] {processor.py:183} INFO - Processing /home/airflow/.local/lib/python3.12/site-packages/airflow/example_dags/example_datasets.py took 0.092 seconds
[2024-10-18T08:37:55.844+0000] {processor.py:161} INFO - Started process (PID=351) to work on /home/airflow/.local/lib/python3.12/site-packages/airflow/example_dags/example_datasets.py
[2024-10-18T08:37:55.845+0000] {processor.py:830} INFO - Processing file /home/airflow/.local/lib/python3.12/site-packages/airflow/example_dags/example_datasets.py for tasks to queue
[2024-10-18T08:37:55.846+0000] {logging_mixin.py:188} INFO - [2024-10-18T08:37:55.846+0000] {dagbag.py:545} INFO - Filling up the DagBag from /home/airflow/.local/lib/python3.12/site-packages/airflow/example_dags/example_datasets.py
[2024-10-18T08:37:55.855+0000] {processor.py:840} INFO - DAG(s) 'dataset_consumes_1_never_scheduled', 'dataset_produces_1', 'dataset_consumes_1', 'consume_1_or_2_with_dataset_expressions', 'dataset_consumes_1_and_2', 'dataset_produces_2', 'consume_1_and_2_with_dataset_expressions', 'dataset_consumes_unknown_never_scheduled', 'conditional_dataset_and_time_based_timetable', 'consume_1_or_both_2_and_3_with_dataset_expressions' retrieved from /home/airflow/.local/lib/python3.12/site-packages/airflow/example_dags/example_datasets.py
[2024-10-18T08:37:55.889+0000] {logging_mixin.py:188} INFO - [2024-10-18T08:37:55.889+0000] {dag.py:3096} INFO - Sync 10 DAGs
[2024-10-18T08:37:55.907+0000] {logging_mixin.py:188} INFO - [2024-10-18T08:37:55.906+0000] {dag.py:3954} INFO - Setting next_dagrun for conditional_dataset_and_time_based_timetable to 2024-10-16 01:00:00+00:00, run_after=2024-10-16 01:00:00+00:00
[2024-10-18T08:37:55.910+0000] {logging_mixin.py:188} INFO - [2024-10-18T08:37:55.910+0000] {dag.py:3954} INFO - Setting next_dagrun for consume_1_and_2_with_dataset_expressions to None, run_after=None
[2024-10-18T08:37:55.911+0000] {logging_mixin.py:188} INFO - [2024-10-18T08:37:55.911+0000] {dag.py:3954} INFO - Setting next_dagrun for consume_1_or_2_with_dataset_expressions to None, run_after=None
[2024-10-18T08:37:55.912+0000] {logging_mixin.py:188} INFO - [2024-10-18T08:37:55.912+0000] {dag.py:3954} INFO - Setting next_dagrun for consume_1_or_both_2_and_3_with_dataset_expressions to None, run_after=None
[2024-10-18T08:37:55.913+0000] {logging_mixin.py:188} INFO - [2024-10-18T08:37:55.913+0000] {dag.py:3954} INFO - Setting next_dagrun for dataset_consumes_1 to None, run_after=None
[2024-10-18T08:37:55.914+0000] {logging_mixin.py:188} INFO - [2024-10-18T08:37:55.914+0000] {dag.py:3954} INFO - Setting next_dagrun for dataset_consumes_1_and_2 to None, run_after=None
[2024-10-18T08:37:55.915+0000] {logging_mixin.py:188} INFO - [2024-10-18T08:37:55.915+0000] {dag.py:3954} INFO - Setting next_dagrun for dataset_consumes_1_never_scheduled to None, run_after=None
[2024-10-18T08:37:55.916+0000] {logging_mixin.py:188} INFO - [2024-10-18T08:37:55.916+0000] {dag.py:3954} INFO - Setting next_dagrun for dataset_consumes_unknown_never_scheduled to None, run_after=None
[2024-10-18T08:37:55.917+0000] {logging_mixin.py:188} INFO - [2024-10-18T08:37:55.917+0000] {dag.py:3954} INFO - Setting next_dagrun for dataset_produces_1 to 2024-10-17 00:00:00+00:00, run_after=2024-10-18 00:00:00+00:00
[2024-10-18T08:37:55.918+0000] {logging_mixin.py:188} INFO - [2024-10-18T08:37:55.918+0000] {dag.py:3954} INFO - Setting next_dagrun for dataset_produces_2 to None, run_after=None
[2024-10-18T08:37:55.938+0000] {processor.py:183} INFO - Processing /home/airflow/.local/lib/python3.12/site-packages/airflow/example_dags/example_datasets.py took 0.098 seconds
[2024-10-18T08:38:26.025+0000] {processor.py:161} INFO - Started process (PID=410) to work on /home/airflow/.local/lib/python3.12/site-packages/airflow/example_dags/example_datasets.py
[2024-10-18T08:38:26.026+0000] {processor.py:830} INFO - Processing file /home/airflow/.local/lib/python3.12/site-packages/airflow/example_dags/example_datasets.py for tasks to queue
[2024-10-18T08:38:26.027+0000] {logging_mixin.py:188} INFO - [2024-10-18T08:38:26.027+0000] {dagbag.py:545} INFO - Filling up the DagBag from /home/airflow/.local/lib/python3.12/site-packages/airflow/example_dags/example_datasets.py
[2024-10-18T08:38:26.036+0000] {processor.py:840} INFO - DAG(s) 'conditional_dataset_and_time_based_timetable', 'dataset_produces_2', 'consume_1_and_2_with_dataset_expressions', 'dataset_consumes_1', 'consume_1_or_both_2_and_3_with_dataset_expressions', 'dataset_consumes_unknown_never_scheduled', 'consume_1_or_2_with_dataset_expressions', 'dataset_consumes_1_never_scheduled', 'dataset_produces_1', 'dataset_consumes_1_and_2' retrieved from /home/airflow/.local/lib/python3.12/site-packages/airflow/example_dags/example_datasets.py
[2024-10-18T08:38:26.071+0000] {logging_mixin.py:188} INFO - [2024-10-18T08:38:26.071+0000] {dag.py:3096} INFO - Sync 10 DAGs
[2024-10-18T08:38:26.088+0000] {logging_mixin.py:188} INFO - [2024-10-18T08:38:26.087+0000] {dag.py:3954} INFO - Setting next_dagrun for conditional_dataset_and_time_based_timetable to 2024-10-16 01:00:00+00:00, run_after=2024-10-16 01:00:00+00:00
[2024-10-18T08:38:26.090+0000] {logging_mixin.py:188} INFO - [2024-10-18T08:38:26.090+0000] {dag.py:3954} INFO - Setting next_dagrun for consume_1_and_2_with_dataset_expressions to None, run_after=None
[2024-10-18T08:38:26.091+0000] {logging_mixin.py:188} INFO - [2024-10-18T08:38:26.091+0000] {dag.py:3954} INFO - Setting next_dagrun for consume_1_or_2_with_dataset_expressions to None, run_after=None
[2024-10-18T08:38:26.092+0000] {logging_mixin.py:188} INFO - [2024-10-18T08:38:26.092+0000] {dag.py:3954} INFO - Setting next_dagrun for consume_1_or_both_2_and_3_with_dataset_expressions to None, run_after=None
[2024-10-18T08:38:26.093+0000] {logging_mixin.py:188} INFO - [2024-10-18T08:38:26.093+0000] {dag.py:3954} INFO - Setting next_dagrun for dataset_consumes_1 to None, run_after=None
[2024-10-18T08:38:26.094+0000] {logging_mixin.py:188} INFO - [2024-10-18T08:38:26.094+0000] {dag.py:3954} INFO - Setting next_dagrun for dataset_consumes_1_and_2 to None, run_after=None
[2024-10-18T08:38:26.095+0000] {logging_mixin.py:188} INFO - [2024-10-18T08:38:26.095+0000] {dag.py:3954} INFO - Setting next_dagrun for dataset_consumes_1_never_scheduled to None, run_after=None
[2024-10-18T08:38:26.096+0000] {logging_mixin.py:188} INFO - [2024-10-18T08:38:26.096+0000] {dag.py:3954} INFO - Setting next_dagrun for dataset_consumes_unknown_never_scheduled to None, run_after=None
[2024-10-18T08:38:26.097+0000] {logging_mixin.py:188} INFO - [2024-10-18T08:38:26.097+0000] {dag.py:3954} INFO - Setting next_dagrun for dataset_produces_1 to 2024-10-17 00:00:00+00:00, run_after=2024-10-18 00:00:00+00:00
[2024-10-18T08:38:26.098+0000] {logging_mixin.py:188} INFO - [2024-10-18T08:38:26.098+0000] {dag.py:3954} INFO - Setting next_dagrun for dataset_produces_2 to None, run_after=None
[2024-10-18T08:38:26.125+0000] {processor.py:183} INFO - Processing /home/airflow/.local/lib/python3.12/site-packages/airflow/example_dags/example_datasets.py took 0.104 seconds
[2024-10-18T08:38:56.359+0000] {processor.py:161} INFO - Started process (PID=469) to work on /home/airflow/.local/lib/python3.12/site-packages/airflow/example_dags/example_datasets.py
[2024-10-18T08:38:56.360+0000] {processor.py:830} INFO - Processing file /home/airflow/.local/lib/python3.12/site-packages/airflow/example_dags/example_datasets.py for tasks to queue
[2024-10-18T08:38:56.361+0000] {logging_mixin.py:188} INFO - [2024-10-18T08:38:56.361+0000] {dagbag.py:545} INFO - Filling up the DagBag from /home/airflow/.local/lib/python3.12/site-packages/airflow/example_dags/example_datasets.py
[2024-10-18T08:38:56.370+0000] {processor.py:840} INFO - DAG(s) 'consume_1_or_2_with_dataset_expressions', 'consume_1_or_both_2_and_3_with_dataset_expressions', 'dataset_consumes_unknown_never_scheduled', 'dataset_consumes_1_and_2', 'dataset_consumes_1_never_scheduled', 'dataset_produces_2', 'consume_1_and_2_with_dataset_expressions', 'dataset_produces_1', 'dataset_consumes_1', 'conditional_dataset_and_time_based_timetable' retrieved from /home/airflow/.local/lib/python3.12/site-packages/airflow/example_dags/example_datasets.py
[2024-10-18T08:38:56.400+0000] {logging_mixin.py:188} INFO - [2024-10-18T08:38:56.400+0000] {dag.py:3096} INFO - Sync 10 DAGs
[2024-10-18T08:38:56.416+0000] {logging_mixin.py:188} INFO - [2024-10-18T08:38:56.416+0000] {dag.py:3954} INFO - Setting next_dagrun for conditional_dataset_and_time_based_timetable to 2024-10-16 01:00:00+00:00, run_after=2024-10-16 01:00:00+00:00
[2024-10-18T08:38:56.418+0000] {logging_mixin.py:188} INFO - [2024-10-18T08:38:56.418+0000] {dag.py:3954} INFO - Setting next_dagrun for consume_1_and_2_with_dataset_expressions to None, run_after=None
[2024-10-18T08:38:56.419+0000] {logging_mixin.py:188} INFO - [2024-10-18T08:38:56.419+0000] {dag.py:3954} INFO - Setting next_dagrun for consume_1_or_2_with_dataset_expressions to None, run_after=None
[2024-10-18T08:38:56.420+0000] {logging_mixin.py:188} INFO - [2024-10-18T08:38:56.420+0000] {dag.py:3954} INFO - Setting next_dagrun for consume_1_or_both_2_and_3_with_dataset_expressions to None, run_after=None
[2024-10-18T08:38:56.421+0000] {logging_mixin.py:188} INFO - [2024-10-18T08:38:56.421+0000] {dag.py:3954} INFO - Setting next_dagrun for dataset_consumes_1 to None, run_after=None
[2024-10-18T08:38:56.422+0000] {logging_mixin.py:188} INFO - [2024-10-18T08:38:56.422+0000] {dag.py:3954} INFO - Setting next_dagrun for dataset_consumes_1_and_2 to None, run_after=None
[2024-10-18T08:38:56.423+0000] {logging_mixin.py:188} INFO - [2024-10-18T08:38:56.422+0000] {dag.py:3954} INFO - Setting next_dagrun for dataset_consumes_1_never_scheduled to None, run_after=None
[2024-10-18T08:38:56.423+0000] {logging_mixin.py:188} INFO - [2024-10-18T08:38:56.423+0000] {dag.py:3954} INFO - Setting next_dagrun for dataset_consumes_unknown_never_scheduled to None, run_after=None
[2024-10-18T08:38:56.425+0000] {logging_mixin.py:188} INFO - [2024-10-18T08:38:56.425+0000] {dag.py:3954} INFO - Setting next_dagrun for dataset_produces_1 to 2024-10-17 00:00:00+00:00, run_after=2024-10-18 00:00:00+00:00
[2024-10-18T08:38:56.426+0000] {logging_mixin.py:188} INFO - [2024-10-18T08:38:56.425+0000] {dag.py:3954} INFO - Setting next_dagrun for dataset_produces_2 to None, run_after=None
[2024-10-18T08:38:56.445+0000] {processor.py:183} INFO - Processing /home/airflow/.local/lib/python3.12/site-packages/airflow/example_dags/example_datasets.py took 0.090 seconds
[2024-10-18T08:40:01.781+0000] {processor.py:161} INFO - Started process (PID=49) to work on /home/airflow/.local/lib/python3.12/site-packages/airflow/example_dags/example_datasets.py
[2024-10-18T08:40:01.782+0000] {processor.py:830} INFO - Processing file /home/airflow/.local/lib/python3.12/site-packages/airflow/example_dags/example_datasets.py for tasks to queue
[2024-10-18T08:40:01.784+0000] {logging_mixin.py:188} INFO - [2024-10-18T08:40:01.784+0000] {dagbag.py:545} INFO - Filling up the DagBag from /home/airflow/.local/lib/python3.12/site-packages/airflow/example_dags/example_datasets.py
[2024-10-18T08:40:01.802+0000] {processor.py:840} INFO - DAG(s) 'dataset_consumes_1_and_2', 'dataset_consumes_1', 'consume_1_or_both_2_and_3_with_dataset_expressions', 'dataset_consumes_unknown_never_scheduled', 'dataset_consumes_1_never_scheduled', 'consume_1_or_2_with_dataset_expressions', 'dataset_produces_1', 'dataset_produces_2', 'conditional_dataset_and_time_based_timetable', 'consume_1_and_2_with_dataset_expressions' retrieved from /home/airflow/.local/lib/python3.12/site-packages/airflow/example_dags/example_datasets.py
[2024-10-18T08:40:01.818+0000] {logging_mixin.py:188} INFO - [2024-10-18T08:40:01.818+0000] {dag.py:3096} INFO - Sync 10 DAGs
[2024-10-18T08:40:01.844+0000] {logging_mixin.py:188} INFO - [2024-10-18T08:40:01.844+0000] {dag.py:3954} INFO - Setting next_dagrun for conditional_dataset_and_time_based_timetable to 2024-10-16 01:00:00+00:00, run_after=2024-10-16 01:00:00+00:00
[2024-10-18T08:40:01.848+0000] {logging_mixin.py:188} INFO - [2024-10-18T08:40:01.848+0000] {dag.py:3954} INFO - Setting next_dagrun for consume_1_and_2_with_dataset_expressions to None, run_after=None
[2024-10-18T08:40:01.849+0000] {logging_mixin.py:188} INFO - [2024-10-18T08:40:01.849+0000] {dag.py:3954} INFO - Setting next_dagrun for consume_1_or_2_with_dataset_expressions to None, run_after=None
[2024-10-18T08:40:01.853+0000] {logging_mixin.py:188} INFO - [2024-10-18T08:40:01.853+0000] {dag.py:3954} INFO - Setting next_dagrun for consume_1_or_both_2_and_3_with_dataset_expressions to None, run_after=None
[2024-10-18T08:40:01.854+0000] {logging_mixin.py:188} INFO - [2024-10-18T08:40:01.854+0000] {dag.py:3954} INFO - Setting next_dagrun for dataset_consumes_1 to None, run_after=None
[2024-10-18T08:40:01.855+0000] {logging_mixin.py:188} INFO - [2024-10-18T08:40:01.855+0000] {dag.py:3954} INFO - Setting next_dagrun for dataset_consumes_1_and_2 to None, run_after=None
[2024-10-18T08:40:01.857+0000] {logging_mixin.py:188} INFO - [2024-10-18T08:40:01.856+0000] {dag.py:3954} INFO - Setting next_dagrun for dataset_consumes_1_never_scheduled to None, run_after=None
[2024-10-18T08:40:01.858+0000] {logging_mixin.py:188} INFO - [2024-10-18T08:40:01.858+0000] {dag.py:3954} INFO - Setting next_dagrun for dataset_consumes_unknown_never_scheduled to None, run_after=None
[2024-10-18T08:40:01.860+0000] {logging_mixin.py:188} INFO - [2024-10-18T08:40:01.860+0000] {dag.py:3954} INFO - Setting next_dagrun for dataset_produces_1 to 2024-10-17 00:00:00+00:00, run_after=2024-10-18 00:00:00+00:00
[2024-10-18T08:40:01.862+0000] {logging_mixin.py:188} INFO - [2024-10-18T08:40:01.862+0000] {dag.py:3954} INFO - Setting next_dagrun for dataset_produces_2 to None, run_after=None
[2024-10-18T08:40:01.893+0000] {processor.py:183} INFO - Processing /home/airflow/.local/lib/python3.12/site-packages/airflow/example_dags/example_datasets.py took 0.117 seconds
[2024-10-18T08:40:32.363+0000] {processor.py:161} INFO - Started process (PID=120) to work on /home/airflow/.local/lib/python3.12/site-packages/airflow/example_dags/example_datasets.py
[2024-10-18T08:40:32.364+0000] {processor.py:830} INFO - Processing file /home/airflow/.local/lib/python3.12/site-packages/airflow/example_dags/example_datasets.py for tasks to queue
[2024-10-18T08:40:32.366+0000] {logging_mixin.py:188} INFO - [2024-10-18T08:40:32.365+0000] {dagbag.py:545} INFO - Filling up the DagBag from /home/airflow/.local/lib/python3.12/site-packages/airflow/example_dags/example_datasets.py
[2024-10-18T08:40:32.379+0000] {processor.py:840} INFO - DAG(s) 'dataset_produces_1', 'dataset_consumes_1', 'consume_1_or_both_2_and_3_with_dataset_expressions', 'dataset_consumes_unknown_never_scheduled', 'dataset_consumes_1_and_2', 'consume_1_and_2_with_dataset_expressions', 'consume_1_or_2_with_dataset_expressions', 'conditional_dataset_and_time_based_timetable', 'dataset_produces_2', 'dataset_consumes_1_never_scheduled' retrieved from /home/airflow/.local/lib/python3.12/site-packages/airflow/example_dags/example_datasets.py
[2024-10-18T08:40:32.573+0000] {logging_mixin.py:188} INFO - [2024-10-18T08:40:32.572+0000] {dag.py:3096} INFO - Sync 10 DAGs
[2024-10-18T08:40:32.594+0000] {logging_mixin.py:188} INFO - [2024-10-18T08:40:32.594+0000] {dag.py:3954} INFO - Setting next_dagrun for conditional_dataset_and_time_based_timetable to 2024-10-16 01:00:00+00:00, run_after=2024-10-16 01:00:00+00:00
[2024-10-18T08:40:32.597+0000] {logging_mixin.py:188} INFO - [2024-10-18T08:40:32.597+0000] {dag.py:3954} INFO - Setting next_dagrun for consume_1_and_2_with_dataset_expressions to None, run_after=None
[2024-10-18T08:40:32.598+0000] {logging_mixin.py:188} INFO - [2024-10-18T08:40:32.598+0000] {dag.py:3954} INFO - Setting next_dagrun for consume_1_or_2_with_dataset_expressions to None, run_after=None
[2024-10-18T08:40:32.599+0000] {logging_mixin.py:188} INFO - [2024-10-18T08:40:32.599+0000] {dag.py:3954} INFO - Setting next_dagrun for consume_1_or_both_2_and_3_with_dataset_expressions to None, run_after=None
[2024-10-18T08:40:32.600+0000] {logging_mixin.py:188} INFO - [2024-10-18T08:40:32.600+0000] {dag.py:3954} INFO - Setting next_dagrun for dataset_consumes_1 to None, run_after=None
[2024-10-18T08:40:32.601+0000] {logging_mixin.py:188} INFO - [2024-10-18T08:40:32.601+0000] {dag.py:3954} INFO - Setting next_dagrun for dataset_consumes_1_and_2 to None, run_after=None
[2024-10-18T08:40:32.602+0000] {logging_mixin.py:188} INFO - [2024-10-18T08:40:32.602+0000] {dag.py:3954} INFO - Setting next_dagrun for dataset_consumes_1_never_scheduled to None, run_after=None
[2024-10-18T08:40:32.603+0000] {logging_mixin.py:188} INFO - [2024-10-18T08:40:32.603+0000] {dag.py:3954} INFO - Setting next_dagrun for dataset_consumes_unknown_never_scheduled to None, run_after=None
[2024-10-18T08:40:32.604+0000] {logging_mixin.py:188} INFO - [2024-10-18T08:40:32.604+0000] {dag.py:3954} INFO - Setting next_dagrun for dataset_produces_1 to 2024-10-17 00:00:00+00:00, run_after=2024-10-18 00:00:00+00:00
[2024-10-18T08:40:32.605+0000] {logging_mixin.py:188} INFO - [2024-10-18T08:40:32.605+0000] {dag.py:3954} INFO - Setting next_dagrun for dataset_produces_2 to None, run_after=None
[2024-10-18T08:40:32.629+0000] {processor.py:183} INFO - Processing /home/airflow/.local/lib/python3.12/site-packages/airflow/example_dags/example_datasets.py took 0.271 seconds
[2024-10-18T08:41:02.852+0000] {processor.py:161} INFO - Started process (PID=179) to work on /home/airflow/.local/lib/python3.12/site-packages/airflow/example_dags/example_datasets.py
[2024-10-18T08:41:02.853+0000] {processor.py:830} INFO - Processing file /home/airflow/.local/lib/python3.12/site-packages/airflow/example_dags/example_datasets.py for tasks to queue
[2024-10-18T08:41:02.854+0000] {logging_mixin.py:188} INFO - [2024-10-18T08:41:02.854+0000] {dagbag.py:545} INFO - Filling up the DagBag from /home/airflow/.local/lib/python3.12/site-packages/airflow/example_dags/example_datasets.py
[2024-10-18T08:41:02.863+0000] {processor.py:840} INFO - DAG(s) 'consume_1_or_both_2_and_3_with_dataset_expressions', 'dataset_produces_1', 'dataset_consumes_unknown_never_scheduled', 'consume_1_and_2_with_dataset_expressions', 'dataset_consumes_1', 'dataset_consumes_1_and_2', 'consume_1_or_2_with_dataset_expressions', 'dataset_consumes_1_never_scheduled', 'dataset_produces_2', 'conditional_dataset_and_time_based_timetable' retrieved from /home/airflow/.local/lib/python3.12/site-packages/airflow/example_dags/example_datasets.py
[2024-10-18T08:41:02.894+0000] {logging_mixin.py:188} INFO - [2024-10-18T08:41:02.894+0000] {dag.py:3096} INFO - Sync 10 DAGs
[2024-10-18T08:41:02.912+0000] {logging_mixin.py:188} INFO - [2024-10-18T08:41:02.912+0000] {dag.py:3954} INFO - Setting next_dagrun for conditional_dataset_and_time_based_timetable to 2024-10-16 01:00:00+00:00, run_after=2024-10-16 01:00:00+00:00
[2024-10-18T08:41:02.916+0000] {logging_mixin.py:188} INFO - [2024-10-18T08:41:02.916+0000] {dag.py:3954} INFO - Setting next_dagrun for consume_1_and_2_with_dataset_expressions to None, run_after=None
[2024-10-18T08:41:02.917+0000] {logging_mixin.py:188} INFO - [2024-10-18T08:41:02.917+0000] {dag.py:3954} INFO - Setting next_dagrun for consume_1_or_2_with_dataset_expressions to None, run_after=None
[2024-10-18T08:41:02.918+0000] {logging_mixin.py:188} INFO - [2024-10-18T08:41:02.918+0000] {dag.py:3954} INFO - Setting next_dagrun for consume_1_or_both_2_and_3_with_dataset_expressions to None, run_after=None
[2024-10-18T08:41:02.919+0000] {logging_mixin.py:188} INFO - [2024-10-18T08:41:02.919+0000] {dag.py:3954} INFO - Setting next_dagrun for dataset_consumes_1 to None, run_after=None
[2024-10-18T08:41:02.920+0000] {logging_mixin.py:188} INFO - [2024-10-18T08:41:02.920+0000] {dag.py:3954} INFO - Setting next_dagrun for dataset_consumes_1_and_2 to None, run_after=None
[2024-10-18T08:41:02.921+0000] {logging_mixin.py:188} INFO - [2024-10-18T08:41:02.921+0000] {dag.py:3954} INFO - Setting next_dagrun for dataset_consumes_1_never_scheduled to None, run_after=None
[2024-10-18T08:41:02.922+0000] {logging_mixin.py:188} INFO - [2024-10-18T08:41:02.922+0000] {dag.py:3954} INFO - Setting next_dagrun for dataset_consumes_unknown_never_scheduled to None, run_after=None
[2024-10-18T08:41:02.924+0000] {logging_mixin.py:188} INFO - [2024-10-18T08:41:02.924+0000] {dag.py:3954} INFO - Setting next_dagrun for dataset_produces_1 to 2024-10-17 00:00:00+00:00, run_after=2024-10-18 00:00:00+00:00
[2024-10-18T08:41:02.925+0000] {logging_mixin.py:188} INFO - [2024-10-18T08:41:02.925+0000] {dag.py:3954} INFO - Setting next_dagrun for dataset_produces_2 to None, run_after=None
[2024-10-18T08:41:02.952+0000] {processor.py:183} INFO - Processing /home/airflow/.local/lib/python3.12/site-packages/airflow/example_dags/example_datasets.py took 0.103 seconds
