[2024-10-18T08:22:07.629+0000] {processor.py:161} INFO - Started process (PID=84) to work on /home/airflow/.local/lib/python3.12/site-packages/airflow/example_dags/example_python_decorator.py
[2024-10-18T08:22:07.629+0000] {processor.py:830} INFO - Processing file /home/airflow/.local/lib/python3.12/site-packages/airflow/example_dags/example_python_decorator.py for tasks to queue
[2024-10-18T08:22:07.631+0000] {logging_mixin.py:188} INFO - [2024-10-18T08:22:07.631+0000] {dagbag.py:545} INFO - Filling up the DagBag from /home/airflow/.local/lib/python3.12/site-packages/airflow/example_dags/example_python_decorator.py
[2024-10-18T08:22:07.644+0000] {processor.py:840} INFO - DAG(s) 'example_python_decorator' retrieved from /home/airflow/.local/lib/python3.12/site-packages/airflow/example_dags/example_python_decorator.py
[2024-10-18T08:22:07.669+0000] {logging_mixin.py:188} INFO - [2024-10-18T08:22:07.667+0000] {dag.py:3096} INFO - Sync 1 DAGs
[2024-10-18T08:22:07.694+0000] {logging_mixin.py:188} INFO - [2024-10-18T08:22:07.694+0000] {dag.py:3954} INFO - Setting next_dagrun for example_python_decorator to None, run_after=None
[2024-10-18T08:22:07.734+0000] {processor.py:183} INFO - Processing /home/airflow/.local/lib/python3.12/site-packages/airflow/example_dags/example_python_decorator.py took 0.111 seconds
[2024-10-18T08:22:38.278+0000] {processor.py:161} INFO - Started process (PID=142) to work on /home/airflow/.local/lib/python3.12/site-packages/airflow/example_dags/example_python_decorator.py
[2024-10-18T08:22:38.278+0000] {processor.py:830} INFO - Processing file /home/airflow/.local/lib/python3.12/site-packages/airflow/example_dags/example_python_decorator.py for tasks to queue
[2024-10-18T08:22:38.279+0000] {logging_mixin.py:188} INFO - [2024-10-18T08:22:38.279+0000] {dagbag.py:545} INFO - Filling up the DagBag from /home/airflow/.local/lib/python3.12/site-packages/airflow/example_dags/example_python_decorator.py
[2024-10-18T08:22:38.289+0000] {processor.py:840} INFO - DAG(s) 'example_python_decorator' retrieved from /home/airflow/.local/lib/python3.12/site-packages/airflow/example_dags/example_python_decorator.py
[2024-10-18T08:22:38.364+0000] {logging_mixin.py:188} INFO - [2024-10-18T08:22:38.364+0000] {dag.py:3096} INFO - Sync 1 DAGs
[2024-10-18T08:22:38.372+0000] {logging_mixin.py:188} INFO - [2024-10-18T08:22:38.372+0000] {dag.py:3954} INFO - Setting next_dagrun for example_python_decorator to None, run_after=None
[2024-10-18T08:22:38.387+0000] {processor.py:183} INFO - Processing /home/airflow/.local/lib/python3.12/site-packages/airflow/example_dags/example_python_decorator.py took 0.114 seconds
[2024-10-18T08:23:08.574+0000] {processor.py:161} INFO - Started process (PID=200) to work on /home/airflow/.local/lib/python3.12/site-packages/airflow/example_dags/example_python_decorator.py
[2024-10-18T08:23:08.575+0000] {processor.py:830} INFO - Processing file /home/airflow/.local/lib/python3.12/site-packages/airflow/example_dags/example_python_decorator.py for tasks to queue
[2024-10-18T08:23:08.576+0000] {logging_mixin.py:188} INFO - [2024-10-18T08:23:08.576+0000] {dagbag.py:545} INFO - Filling up the DagBag from /home/airflow/.local/lib/python3.12/site-packages/airflow/example_dags/example_python_decorator.py
[2024-10-18T08:23:08.587+0000] {processor.py:840} INFO - DAG(s) 'example_python_decorator' retrieved from /home/airflow/.local/lib/python3.12/site-packages/airflow/example_dags/example_python_decorator.py
[2024-10-18T08:23:08.607+0000] {logging_mixin.py:188} INFO - [2024-10-18T08:23:08.606+0000] {dag.py:3096} INFO - Sync 1 DAGs
[2024-10-18T08:23:08.618+0000] {logging_mixin.py:188} INFO - [2024-10-18T08:23:08.618+0000] {dag.py:3954} INFO - Setting next_dagrun for example_python_decorator to None, run_after=None
[2024-10-18T08:23:08.635+0000] {processor.py:183} INFO - Processing /home/airflow/.local/lib/python3.12/site-packages/airflow/example_dags/example_python_decorator.py took 0.065 seconds
[2024-10-18T08:23:39.567+0000] {processor.py:161} INFO - Started process (PID=258) to work on /home/airflow/.local/lib/python3.12/site-packages/airflow/example_dags/example_python_decorator.py
[2024-10-18T08:23:39.568+0000] {processor.py:830} INFO - Processing file /home/airflow/.local/lib/python3.12/site-packages/airflow/example_dags/example_python_decorator.py for tasks to queue
[2024-10-18T08:23:39.569+0000] {logging_mixin.py:188} INFO - [2024-10-18T08:23:39.569+0000] {dagbag.py:545} INFO - Filling up the DagBag from /home/airflow/.local/lib/python3.12/site-packages/airflow/example_dags/example_python_decorator.py
[2024-10-18T08:23:39.577+0000] {processor.py:840} INFO - DAG(s) 'example_python_decorator' retrieved from /home/airflow/.local/lib/python3.12/site-packages/airflow/example_dags/example_python_decorator.py
[2024-10-18T08:23:39.593+0000] {logging_mixin.py:188} INFO - [2024-10-18T08:23:39.593+0000] {dag.py:3096} INFO - Sync 1 DAGs
[2024-10-18T08:23:39.601+0000] {logging_mixin.py:188} INFO - [2024-10-18T08:23:39.601+0000] {dag.py:3954} INFO - Setting next_dagrun for example_python_decorator to None, run_after=None
[2024-10-18T08:23:39.613+0000] {processor.py:183} INFO - Processing /home/airflow/.local/lib/python3.12/site-packages/airflow/example_dags/example_python_decorator.py took 0.050 seconds
[2024-10-18T08:24:09.668+0000] {processor.py:161} INFO - Started process (PID=316) to work on /home/airflow/.local/lib/python3.12/site-packages/airflow/example_dags/example_python_decorator.py
[2024-10-18T08:24:09.668+0000] {processor.py:830} INFO - Processing file /home/airflow/.local/lib/python3.12/site-packages/airflow/example_dags/example_python_decorator.py for tasks to queue
[2024-10-18T08:24:09.670+0000] {logging_mixin.py:188} INFO - [2024-10-18T08:24:09.669+0000] {dagbag.py:545} INFO - Filling up the DagBag from /home/airflow/.local/lib/python3.12/site-packages/airflow/example_dags/example_python_decorator.py
[2024-10-18T08:24:09.677+0000] {processor.py:840} INFO - DAG(s) 'example_python_decorator' retrieved from /home/airflow/.local/lib/python3.12/site-packages/airflow/example_dags/example_python_decorator.py
[2024-10-18T08:24:09.691+0000] {logging_mixin.py:188} INFO - [2024-10-18T08:24:09.691+0000] {dag.py:3096} INFO - Sync 1 DAGs
[2024-10-18T08:24:09.699+0000] {logging_mixin.py:188} INFO - [2024-10-18T08:24:09.699+0000] {dag.py:3954} INFO - Setting next_dagrun for example_python_decorator to None, run_after=None
[2024-10-18T08:24:09.710+0000] {processor.py:183} INFO - Processing /home/airflow/.local/lib/python3.12/site-packages/airflow/example_dags/example_python_decorator.py took 0.046 seconds
[2024-10-18T08:24:39.913+0000] {processor.py:161} INFO - Started process (PID=374) to work on /home/airflow/.local/lib/python3.12/site-packages/airflow/example_dags/example_python_decorator.py
[2024-10-18T08:24:39.914+0000] {processor.py:830} INFO - Processing file /home/airflow/.local/lib/python3.12/site-packages/airflow/example_dags/example_python_decorator.py for tasks to queue
[2024-10-18T08:24:39.915+0000] {logging_mixin.py:188} INFO - [2024-10-18T08:24:39.915+0000] {dagbag.py:545} INFO - Filling up the DagBag from /home/airflow/.local/lib/python3.12/site-packages/airflow/example_dags/example_python_decorator.py
[2024-10-18T08:24:39.923+0000] {processor.py:840} INFO - DAG(s) 'example_python_decorator' retrieved from /home/airflow/.local/lib/python3.12/site-packages/airflow/example_dags/example_python_decorator.py
[2024-10-18T08:24:39.938+0000] {logging_mixin.py:188} INFO - [2024-10-18T08:24:39.938+0000] {dag.py:3096} INFO - Sync 1 DAGs
[2024-10-18T08:24:39.950+0000] {logging_mixin.py:188} INFO - [2024-10-18T08:24:39.949+0000] {dag.py:3954} INFO - Setting next_dagrun for example_python_decorator to None, run_after=None
[2024-10-18T08:24:39.966+0000] {processor.py:183} INFO - Processing /home/airflow/.local/lib/python3.12/site-packages/airflow/example_dags/example_python_decorator.py took 0.058 seconds
[2024-10-18T08:25:10.140+0000] {processor.py:161} INFO - Started process (PID=432) to work on /home/airflow/.local/lib/python3.12/site-packages/airflow/example_dags/example_python_decorator.py
[2024-10-18T08:25:10.141+0000] {processor.py:830} INFO - Processing file /home/airflow/.local/lib/python3.12/site-packages/airflow/example_dags/example_python_decorator.py for tasks to queue
[2024-10-18T08:25:10.142+0000] {logging_mixin.py:188} INFO - [2024-10-18T08:25:10.142+0000] {dagbag.py:545} INFO - Filling up the DagBag from /home/airflow/.local/lib/python3.12/site-packages/airflow/example_dags/example_python_decorator.py
[2024-10-18T08:25:10.150+0000] {processor.py:840} INFO - DAG(s) 'example_python_decorator' retrieved from /home/airflow/.local/lib/python3.12/site-packages/airflow/example_dags/example_python_decorator.py
[2024-10-18T08:25:10.163+0000] {logging_mixin.py:188} INFO - [2024-10-18T08:25:10.163+0000] {dag.py:3096} INFO - Sync 1 DAGs
[2024-10-18T08:25:10.171+0000] {logging_mixin.py:188} INFO - [2024-10-18T08:25:10.171+0000] {dag.py:3954} INFO - Setting next_dagrun for example_python_decorator to None, run_after=None
[2024-10-18T08:25:10.183+0000] {processor.py:183} INFO - Processing /home/airflow/.local/lib/python3.12/site-packages/airflow/example_dags/example_python_decorator.py took 0.046 seconds
[2024-10-18T08:25:40.365+0000] {processor.py:161} INFO - Started process (PID=489) to work on /home/airflow/.local/lib/python3.12/site-packages/airflow/example_dags/example_python_decorator.py
[2024-10-18T08:25:40.366+0000] {processor.py:830} INFO - Processing file /home/airflow/.local/lib/python3.12/site-packages/airflow/example_dags/example_python_decorator.py for tasks to queue
[2024-10-18T08:25:40.367+0000] {logging_mixin.py:188} INFO - [2024-10-18T08:25:40.367+0000] {dagbag.py:545} INFO - Filling up the DagBag from /home/airflow/.local/lib/python3.12/site-packages/airflow/example_dags/example_python_decorator.py
[2024-10-18T08:25:40.375+0000] {processor.py:840} INFO - DAG(s) 'example_python_decorator' retrieved from /home/airflow/.local/lib/python3.12/site-packages/airflow/example_dags/example_python_decorator.py
[2024-10-18T08:25:40.388+0000] {logging_mixin.py:188} INFO - [2024-10-18T08:25:40.388+0000] {dag.py:3096} INFO - Sync 1 DAGs
[2024-10-18T08:25:40.396+0000] {logging_mixin.py:188} INFO - [2024-10-18T08:25:40.396+0000] {dag.py:3954} INFO - Setting next_dagrun for example_python_decorator to None, run_after=None
[2024-10-18T08:25:40.408+0000] {processor.py:183} INFO - Processing /home/airflow/.local/lib/python3.12/site-packages/airflow/example_dags/example_python_decorator.py took 0.046 seconds
[2024-10-18T08:26:10.555+0000] {processor.py:161} INFO - Started process (PID=547) to work on /home/airflow/.local/lib/python3.12/site-packages/airflow/example_dags/example_python_decorator.py
[2024-10-18T08:26:10.556+0000] {processor.py:830} INFO - Processing file /home/airflow/.local/lib/python3.12/site-packages/airflow/example_dags/example_python_decorator.py for tasks to queue
[2024-10-18T08:26:10.557+0000] {logging_mixin.py:188} INFO - [2024-10-18T08:26:10.557+0000] {dagbag.py:545} INFO - Filling up the DagBag from /home/airflow/.local/lib/python3.12/site-packages/airflow/example_dags/example_python_decorator.py
[2024-10-18T08:26:10.568+0000] {processor.py:840} INFO - DAG(s) 'example_python_decorator' retrieved from /home/airflow/.local/lib/python3.12/site-packages/airflow/example_dags/example_python_decorator.py
[2024-10-18T08:26:10.586+0000] {logging_mixin.py:188} INFO - [2024-10-18T08:26:10.586+0000] {dag.py:3096} INFO - Sync 1 DAGs
[2024-10-18T08:26:10.596+0000] {logging_mixin.py:188} INFO - [2024-10-18T08:26:10.595+0000] {dag.py:3954} INFO - Setting next_dagrun for example_python_decorator to None, run_after=None
[2024-10-18T08:26:10.608+0000] {processor.py:183} INFO - Processing /home/airflow/.local/lib/python3.12/site-packages/airflow/example_dags/example_python_decorator.py took 0.058 seconds
[2024-10-18T08:26:40.712+0000] {processor.py:161} INFO - Started process (PID=605) to work on /home/airflow/.local/lib/python3.12/site-packages/airflow/example_dags/example_python_decorator.py
[2024-10-18T08:26:40.712+0000] {processor.py:830} INFO - Processing file /home/airflow/.local/lib/python3.12/site-packages/airflow/example_dags/example_python_decorator.py for tasks to queue
[2024-10-18T08:26:40.714+0000] {logging_mixin.py:188} INFO - [2024-10-18T08:26:40.713+0000] {dagbag.py:545} INFO - Filling up the DagBag from /home/airflow/.local/lib/python3.12/site-packages/airflow/example_dags/example_python_decorator.py
[2024-10-18T08:26:40.721+0000] {processor.py:840} INFO - DAG(s) 'example_python_decorator' retrieved from /home/airflow/.local/lib/python3.12/site-packages/airflow/example_dags/example_python_decorator.py
[2024-10-18T08:26:40.735+0000] {logging_mixin.py:188} INFO - [2024-10-18T08:26:40.735+0000] {dag.py:3096} INFO - Sync 1 DAGs
[2024-10-18T08:26:40.743+0000] {logging_mixin.py:188} INFO - [2024-10-18T08:26:40.743+0000] {dag.py:3954} INFO - Setting next_dagrun for example_python_decorator to None, run_after=None
[2024-10-18T08:26:40.761+0000] {processor.py:183} INFO - Processing /home/airflow/.local/lib/python3.12/site-packages/airflow/example_dags/example_python_decorator.py took 0.053 seconds
[2024-10-18T08:31:19.433+0000] {processor.py:161} INFO - Started process (PID=85) to work on /home/airflow/.local/lib/python3.12/site-packages/airflow/example_dags/example_python_decorator.py
[2024-10-18T08:31:19.437+0000] {processor.py:830} INFO - Processing file /home/airflow/.local/lib/python3.12/site-packages/airflow/example_dags/example_python_decorator.py for tasks to queue
[2024-10-18T08:31:19.438+0000] {logging_mixin.py:188} INFO - [2024-10-18T08:31:19.438+0000] {dagbag.py:545} INFO - Filling up the DagBag from /home/airflow/.local/lib/python3.12/site-packages/airflow/example_dags/example_python_decorator.py
[2024-10-18T08:31:19.456+0000] {processor.py:840} INFO - DAG(s) 'example_python_decorator' retrieved from /home/airflow/.local/lib/python3.12/site-packages/airflow/example_dags/example_python_decorator.py
[2024-10-18T08:31:19.473+0000] {logging_mixin.py:188} INFO - [2024-10-18T08:31:19.472+0000] {dag.py:3096} INFO - Sync 1 DAGs
[2024-10-18T08:31:19.496+0000] {logging_mixin.py:188} INFO - [2024-10-18T08:31:19.496+0000] {dag.py:3954} INFO - Setting next_dagrun for example_python_decorator to None, run_after=None
[2024-10-18T08:31:19.524+0000] {processor.py:183} INFO - Processing /home/airflow/.local/lib/python3.12/site-packages/airflow/example_dags/example_python_decorator.py took 0.100 seconds
[2024-10-18T08:31:50.592+0000] {processor.py:161} INFO - Started process (PID=144) to work on /home/airflow/.local/lib/python3.12/site-packages/airflow/example_dags/example_python_decorator.py
[2024-10-18T08:31:50.593+0000] {processor.py:830} INFO - Processing file /home/airflow/.local/lib/python3.12/site-packages/airflow/example_dags/example_python_decorator.py for tasks to queue
[2024-10-18T08:31:50.594+0000] {logging_mixin.py:188} INFO - [2024-10-18T08:31:50.594+0000] {dagbag.py:545} INFO - Filling up the DagBag from /home/airflow/.local/lib/python3.12/site-packages/airflow/example_dags/example_python_decorator.py
[2024-10-18T08:31:50.602+0000] {processor.py:840} INFO - DAG(s) 'example_python_decorator' retrieved from /home/airflow/.local/lib/python3.12/site-packages/airflow/example_dags/example_python_decorator.py
[2024-10-18T08:31:50.683+0000] {logging_mixin.py:188} INFO - [2024-10-18T08:31:50.683+0000] {dag.py:3096} INFO - Sync 1 DAGs
[2024-10-18T08:31:50.691+0000] {logging_mixin.py:188} INFO - [2024-10-18T08:31:50.691+0000] {dag.py:3954} INFO - Setting next_dagrun for example_python_decorator to None, run_after=None
[2024-10-18T08:31:50.705+0000] {processor.py:183} INFO - Processing /home/airflow/.local/lib/python3.12/site-packages/airflow/example_dags/example_python_decorator.py took 0.117 seconds
[2024-10-18T08:33:28.732+0000] {processor.py:161} INFO - Started process (PID=70) to work on /home/airflow/.local/lib/python3.12/site-packages/airflow/example_dags/example_python_decorator.py
[2024-10-18T08:33:28.736+0000] {processor.py:830} INFO - Processing file /home/airflow/.local/lib/python3.12/site-packages/airflow/example_dags/example_python_decorator.py for tasks to queue
[2024-10-18T08:33:28.737+0000] {logging_mixin.py:188} INFO - [2024-10-18T08:33:28.737+0000] {dagbag.py:545} INFO - Filling up the DagBag from /home/airflow/.local/lib/python3.12/site-packages/airflow/example_dags/example_python_decorator.py
[2024-10-18T08:33:28.755+0000] {processor.py:840} INFO - DAG(s) 'example_python_decorator' retrieved from /home/airflow/.local/lib/python3.12/site-packages/airflow/example_dags/example_python_decorator.py
[2024-10-18T08:33:28.766+0000] {logging_mixin.py:188} INFO - [2024-10-18T08:33:28.766+0000] {dag.py:3096} INFO - Sync 1 DAGs
[2024-10-18T08:33:28.793+0000] {logging_mixin.py:188} INFO - [2024-10-18T08:33:28.792+0000] {dag.py:3954} INFO - Setting next_dagrun for example_python_decorator to None, run_after=None
[2024-10-18T08:33:28.815+0000] {processor.py:183} INFO - Processing /home/airflow/.local/lib/python3.12/site-packages/airflow/example_dags/example_python_decorator.py took 0.095 seconds
[2024-10-18T08:35:25.474+0000] {processor.py:161} INFO - Started process (PID=84) to work on /home/airflow/.local/lib/python3.12/site-packages/airflow/example_dags/example_python_decorator.py
[2024-10-18T08:35:25.475+0000] {processor.py:830} INFO - Processing file /home/airflow/.local/lib/python3.12/site-packages/airflow/example_dags/example_python_decorator.py for tasks to queue
[2024-10-18T08:35:25.476+0000] {logging_mixin.py:188} INFO - [2024-10-18T08:35:25.476+0000] {dagbag.py:545} INFO - Filling up the DagBag from /home/airflow/.local/lib/python3.12/site-packages/airflow/example_dags/example_python_decorator.py
[2024-10-18T08:35:25.490+0000] {processor.py:840} INFO - DAG(s) 'example_python_decorator' retrieved from /home/airflow/.local/lib/python3.12/site-packages/airflow/example_dags/example_python_decorator.py
[2024-10-18T08:35:25.512+0000] {logging_mixin.py:188} INFO - [2024-10-18T08:35:25.512+0000] {dag.py:3096} INFO - Sync 1 DAGs
[2024-10-18T08:35:25.538+0000] {logging_mixin.py:188} INFO - [2024-10-18T08:35:25.537+0000] {dag.py:3954} INFO - Setting next_dagrun for example_python_decorator to None, run_after=None
[2024-10-18T08:35:25.572+0000] {processor.py:183} INFO - Processing /home/airflow/.local/lib/python3.12/site-packages/airflow/example_dags/example_python_decorator.py took 0.110 seconds
[2024-10-18T08:35:56.409+0000] {processor.py:161} INFO - Started process (PID=143) to work on /home/airflow/.local/lib/python3.12/site-packages/airflow/example_dags/example_python_decorator.py
[2024-10-18T08:35:56.411+0000] {processor.py:830} INFO - Processing file /home/airflow/.local/lib/python3.12/site-packages/airflow/example_dags/example_python_decorator.py for tasks to queue
[2024-10-18T08:35:56.413+0000] {logging_mixin.py:188} INFO - [2024-10-18T08:35:56.412+0000] {dagbag.py:545} INFO - Filling up the DagBag from /home/airflow/.local/lib/python3.12/site-packages/airflow/example_dags/example_python_decorator.py
[2024-10-18T08:35:56.425+0000] {processor.py:840} INFO - DAG(s) 'example_python_decorator' retrieved from /home/airflow/.local/lib/python3.12/site-packages/airflow/example_dags/example_python_decorator.py
[2024-10-18T08:35:56.518+0000] {logging_mixin.py:188} INFO - [2024-10-18T08:35:56.518+0000] {dag.py:3096} INFO - Sync 1 DAGs
[2024-10-18T08:35:56.525+0000] {logging_mixin.py:188} INFO - [2024-10-18T08:35:56.525+0000] {dag.py:3954} INFO - Setting next_dagrun for example_python_decorator to None, run_after=None
[2024-10-18T08:35:56.540+0000] {processor.py:183} INFO - Processing /home/airflow/.local/lib/python3.12/site-packages/airflow/example_dags/example_python_decorator.py took 0.136 seconds
[2024-10-18T08:36:27.394+0000] {processor.py:161} INFO - Started process (PID=202) to work on /home/airflow/.local/lib/python3.12/site-packages/airflow/example_dags/example_python_decorator.py
[2024-10-18T08:36:27.395+0000] {processor.py:830} INFO - Processing file /home/airflow/.local/lib/python3.12/site-packages/airflow/example_dags/example_python_decorator.py for tasks to queue
[2024-10-18T08:36:27.396+0000] {logging_mixin.py:188} INFO - [2024-10-18T08:36:27.396+0000] {dagbag.py:545} INFO - Filling up the DagBag from /home/airflow/.local/lib/python3.12/site-packages/airflow/example_dags/example_python_decorator.py
[2024-10-18T08:36:27.404+0000] {processor.py:840} INFO - DAG(s) 'example_python_decorator' retrieved from /home/airflow/.local/lib/python3.12/site-packages/airflow/example_dags/example_python_decorator.py
[2024-10-18T08:36:27.418+0000] {logging_mixin.py:188} INFO - [2024-10-18T08:36:27.417+0000] {dag.py:3096} INFO - Sync 1 DAGs
[2024-10-18T08:36:27.425+0000] {logging_mixin.py:188} INFO - [2024-10-18T08:36:27.425+0000] {dag.py:3954} INFO - Setting next_dagrun for example_python_decorator to None, run_after=None
[2024-10-18T08:36:27.442+0000] {processor.py:183} INFO - Processing /home/airflow/.local/lib/python3.12/site-packages/airflow/example_dags/example_python_decorator.py took 0.051 seconds
[2024-10-18T08:36:58.394+0000] {processor.py:161} INFO - Started process (PID=261) to work on /home/airflow/.local/lib/python3.12/site-packages/airflow/example_dags/example_python_decorator.py
[2024-10-18T08:36:58.395+0000] {processor.py:830} INFO - Processing file /home/airflow/.local/lib/python3.12/site-packages/airflow/example_dags/example_python_decorator.py for tasks to queue
[2024-10-18T08:36:58.396+0000] {logging_mixin.py:188} INFO - [2024-10-18T08:36:58.396+0000] {dagbag.py:545} INFO - Filling up the DagBag from /home/airflow/.local/lib/python3.12/site-packages/airflow/example_dags/example_python_decorator.py
[2024-10-18T08:36:58.407+0000] {processor.py:840} INFO - DAG(s) 'example_python_decorator' retrieved from /home/airflow/.local/lib/python3.12/site-packages/airflow/example_dags/example_python_decorator.py
[2024-10-18T08:36:58.424+0000] {logging_mixin.py:188} INFO - [2024-10-18T08:36:58.424+0000] {dag.py:3096} INFO - Sync 1 DAGs
[2024-10-18T08:36:58.432+0000] {logging_mixin.py:188} INFO - [2024-10-18T08:36:58.432+0000] {dag.py:3954} INFO - Setting next_dagrun for example_python_decorator to None, run_after=None
[2024-10-18T08:36:58.444+0000] {processor.py:183} INFO - Processing /home/airflow/.local/lib/python3.12/site-packages/airflow/example_dags/example_python_decorator.py took 0.055 seconds
[2024-10-18T08:37:28.671+0000] {processor.py:161} INFO - Started process (PID=320) to work on /home/airflow/.local/lib/python3.12/site-packages/airflow/example_dags/example_python_decorator.py
[2024-10-18T08:37:28.671+0000] {processor.py:830} INFO - Processing file /home/airflow/.local/lib/python3.12/site-packages/airflow/example_dags/example_python_decorator.py for tasks to queue
[2024-10-18T08:37:28.673+0000] {logging_mixin.py:188} INFO - [2024-10-18T08:37:28.672+0000] {dagbag.py:545} INFO - Filling up the DagBag from /home/airflow/.local/lib/python3.12/site-packages/airflow/example_dags/example_python_decorator.py
[2024-10-18T08:37:28.681+0000] {processor.py:840} INFO - DAG(s) 'example_python_decorator' retrieved from /home/airflow/.local/lib/python3.12/site-packages/airflow/example_dags/example_python_decorator.py
[2024-10-18T08:37:28.695+0000] {logging_mixin.py:188} INFO - [2024-10-18T08:37:28.695+0000] {dag.py:3096} INFO - Sync 1 DAGs
[2024-10-18T08:37:28.703+0000] {logging_mixin.py:188} INFO - [2024-10-18T08:37:28.702+0000] {dag.py:3954} INFO - Setting next_dagrun for example_python_decorator to None, run_after=None
[2024-10-18T08:37:28.718+0000] {processor.py:183} INFO - Processing /home/airflow/.local/lib/python3.12/site-packages/airflow/example_dags/example_python_decorator.py took 0.052 seconds
[2024-10-18T08:37:58.933+0000] {processor.py:161} INFO - Started process (PID=379) to work on /home/airflow/.local/lib/python3.12/site-packages/airflow/example_dags/example_python_decorator.py
[2024-10-18T08:37:58.934+0000] {processor.py:830} INFO - Processing file /home/airflow/.local/lib/python3.12/site-packages/airflow/example_dags/example_python_decorator.py for tasks to queue
[2024-10-18T08:37:58.935+0000] {logging_mixin.py:188} INFO - [2024-10-18T08:37:58.935+0000] {dagbag.py:545} INFO - Filling up the DagBag from /home/airflow/.local/lib/python3.12/site-packages/airflow/example_dags/example_python_decorator.py
[2024-10-18T08:37:58.944+0000] {processor.py:840} INFO - DAG(s) 'example_python_decorator' retrieved from /home/airflow/.local/lib/python3.12/site-packages/airflow/example_dags/example_python_decorator.py
[2024-10-18T08:37:58.957+0000] {logging_mixin.py:188} INFO - [2024-10-18T08:37:58.957+0000] {dag.py:3096} INFO - Sync 1 DAGs
[2024-10-18T08:37:58.965+0000] {logging_mixin.py:188} INFO - [2024-10-18T08:37:58.965+0000] {dag.py:3954} INFO - Setting next_dagrun for example_python_decorator to None, run_after=None
[2024-10-18T08:37:58.981+0000] {processor.py:183} INFO - Processing /home/airflow/.local/lib/python3.12/site-packages/airflow/example_dags/example_python_decorator.py took 0.051 seconds
[2024-10-18T08:38:29.175+0000] {processor.py:161} INFO - Started process (PID=438) to work on /home/airflow/.local/lib/python3.12/site-packages/airflow/example_dags/example_python_decorator.py
[2024-10-18T08:38:29.176+0000] {processor.py:830} INFO - Processing file /home/airflow/.local/lib/python3.12/site-packages/airflow/example_dags/example_python_decorator.py for tasks to queue
[2024-10-18T08:38:29.178+0000] {logging_mixin.py:188} INFO - [2024-10-18T08:38:29.177+0000] {dagbag.py:545} INFO - Filling up the DagBag from /home/airflow/.local/lib/python3.12/site-packages/airflow/example_dags/example_python_decorator.py
[2024-10-18T08:38:29.186+0000] {processor.py:840} INFO - DAG(s) 'example_python_decorator' retrieved from /home/airflow/.local/lib/python3.12/site-packages/airflow/example_dags/example_python_decorator.py
[2024-10-18T08:38:29.200+0000] {logging_mixin.py:188} INFO - [2024-10-18T08:38:29.199+0000] {dag.py:3096} INFO - Sync 1 DAGs
[2024-10-18T08:38:29.207+0000] {logging_mixin.py:188} INFO - [2024-10-18T08:38:29.207+0000] {dag.py:3954} INFO - Setting next_dagrun for example_python_decorator to None, run_after=None
[2024-10-18T08:38:29.219+0000] {processor.py:183} INFO - Processing /home/airflow/.local/lib/python3.12/site-packages/airflow/example_dags/example_python_decorator.py took 0.047 seconds
[2024-10-18T08:38:59.401+0000] {processor.py:161} INFO - Started process (PID=497) to work on /home/airflow/.local/lib/python3.12/site-packages/airflow/example_dags/example_python_decorator.py
[2024-10-18T08:38:59.402+0000] {processor.py:830} INFO - Processing file /home/airflow/.local/lib/python3.12/site-packages/airflow/example_dags/example_python_decorator.py for tasks to queue
[2024-10-18T08:38:59.403+0000] {logging_mixin.py:188} INFO - [2024-10-18T08:38:59.403+0000] {dagbag.py:545} INFO - Filling up the DagBag from /home/airflow/.local/lib/python3.12/site-packages/airflow/example_dags/example_python_decorator.py
[2024-10-18T08:38:59.411+0000] {processor.py:840} INFO - DAG(s) 'example_python_decorator' retrieved from /home/airflow/.local/lib/python3.12/site-packages/airflow/example_dags/example_python_decorator.py
[2024-10-18T08:38:59.424+0000] {logging_mixin.py:188} INFO - [2024-10-18T08:38:59.424+0000] {dag.py:3096} INFO - Sync 1 DAGs
[2024-10-18T08:38:59.432+0000] {logging_mixin.py:188} INFO - [2024-10-18T08:38:59.432+0000] {dag.py:3954} INFO - Setting next_dagrun for example_python_decorator to None, run_after=None
[2024-10-18T08:38:59.443+0000] {processor.py:183} INFO - Processing /home/airflow/.local/lib/python3.12/site-packages/airflow/example_dags/example_python_decorator.py took 0.046 seconds
[2024-10-18T08:40:03.799+0000] {processor.py:161} INFO - Started process (PID=83) to work on /home/airflow/.local/lib/python3.12/site-packages/airflow/example_dags/example_python_decorator.py
[2024-10-18T08:40:03.800+0000] {processor.py:830} INFO - Processing file /home/airflow/.local/lib/python3.12/site-packages/airflow/example_dags/example_python_decorator.py for tasks to queue
[2024-10-18T08:40:03.802+0000] {logging_mixin.py:188} INFO - [2024-10-18T08:40:03.802+0000] {dagbag.py:545} INFO - Filling up the DagBag from /home/airflow/.local/lib/python3.12/site-packages/airflow/example_dags/example_python_decorator.py
[2024-10-18T08:40:03.815+0000] {processor.py:840} INFO - DAG(s) 'example_python_decorator' retrieved from /home/airflow/.local/lib/python3.12/site-packages/airflow/example_dags/example_python_decorator.py
[2024-10-18T08:40:03.824+0000] {logging_mixin.py:188} INFO - [2024-10-18T08:40:03.824+0000] {dag.py:3096} INFO - Sync 1 DAGs
[2024-10-18T08:40:03.838+0000] {logging_mixin.py:188} INFO - [2024-10-18T08:40:03.838+0000] {dag.py:3954} INFO - Setting next_dagrun for example_python_decorator to None, run_after=None
[2024-10-18T08:40:03.859+0000] {processor.py:183} INFO - Processing /home/airflow/.local/lib/python3.12/site-packages/airflow/example_dags/example_python_decorator.py took 0.073 seconds
[2024-10-18T08:40:34.548+0000] {processor.py:161} INFO - Started process (PID=148) to work on /home/airflow/.local/lib/python3.12/site-packages/airflow/example_dags/example_python_decorator.py
[2024-10-18T08:40:34.549+0000] {processor.py:830} INFO - Processing file /home/airflow/.local/lib/python3.12/site-packages/airflow/example_dags/example_python_decorator.py for tasks to queue
[2024-10-18T08:40:34.550+0000] {logging_mixin.py:188} INFO - [2024-10-18T08:40:34.550+0000] {dagbag.py:545} INFO - Filling up the DagBag from /home/airflow/.local/lib/python3.12/site-packages/airflow/example_dags/example_python_decorator.py
[2024-10-18T08:40:34.560+0000] {processor.py:840} INFO - DAG(s) 'example_python_decorator' retrieved from /home/airflow/.local/lib/python3.12/site-packages/airflow/example_dags/example_python_decorator.py
[2024-10-18T08:40:34.630+0000] {logging_mixin.py:188} INFO - [2024-10-18T08:40:34.630+0000] {dag.py:3096} INFO - Sync 1 DAGs
[2024-10-18T08:40:34.638+0000] {logging_mixin.py:188} INFO - [2024-10-18T08:40:34.637+0000] {dag.py:3954} INFO - Setting next_dagrun for example_python_decorator to None, run_after=None
[2024-10-18T08:40:34.650+0000] {processor.py:183} INFO - Processing /home/airflow/.local/lib/python3.12/site-packages/airflow/example_dags/example_python_decorator.py took 0.106 seconds
[2024-10-18T08:41:05.048+0000] {processor.py:161} INFO - Started process (PID=207) to work on /home/airflow/.local/lib/python3.12/site-packages/airflow/example_dags/example_python_decorator.py
[2024-10-18T08:41:05.049+0000] {processor.py:830} INFO - Processing file /home/airflow/.local/lib/python3.12/site-packages/airflow/example_dags/example_python_decorator.py for tasks to queue
[2024-10-18T08:41:05.050+0000] {logging_mixin.py:188} INFO - [2024-10-18T08:41:05.050+0000] {dagbag.py:545} INFO - Filling up the DagBag from /home/airflow/.local/lib/python3.12/site-packages/airflow/example_dags/example_python_decorator.py
[2024-10-18T08:41:05.062+0000] {processor.py:840} INFO - DAG(s) 'example_python_decorator' retrieved from /home/airflow/.local/lib/python3.12/site-packages/airflow/example_dags/example_python_decorator.py
[2024-10-18T08:41:05.082+0000] {logging_mixin.py:188} INFO - [2024-10-18T08:41:05.082+0000] {dag.py:3096} INFO - Sync 1 DAGs
[2024-10-18T08:41:05.092+0000] {logging_mixin.py:188} INFO - [2024-10-18T08:41:05.092+0000] {dag.py:3954} INFO - Setting next_dagrun for example_python_decorator to None, run_after=None
[2024-10-18T08:41:05.104+0000] {processor.py:183} INFO - Processing /home/airflow/.local/lib/python3.12/site-packages/airflow/example_dags/example_python_decorator.py took 0.062 seconds
