[2024-10-18T08:22:08.391+0000] {processor.py:161} INFO - Started process (PID=96) to work on /home/airflow/.local/lib/python3.12/site-packages/airflow/example_dags/tutorial.py
[2024-10-18T08:22:08.393+0000] {processor.py:830} INFO - Processing file /home/airflow/.local/lib/python3.12/site-packages/airflow/example_dags/tutorial.py for tasks to queue
[2024-10-18T08:22:08.394+0000] {logging_mixin.py:188} INFO - [2024-10-18T08:22:08.394+0000] {dagbag.py:545} INFO - Filling up the DagBag from /home/airflow/.local/lib/python3.12/site-packages/airflow/example_dags/tutorial.py
[2024-10-18T08:22:08.405+0000] {processor.py:840} INFO - DAG(s) 'tutorial' retrieved from /home/airflow/.local/lib/python3.12/site-packages/airflow/example_dags/tutorial.py
[2024-10-18T08:22:08.419+0000] {logging_mixin.py:188} INFO - [2024-10-18T08:22:08.419+0000] {dag.py:3096} INFO - Sync 1 DAGs
[2024-10-18T08:22:08.447+0000] {logging_mixin.py:188} INFO - [2024-10-18T08:22:08.447+0000] {dag.py:3954} INFO - Setting next_dagrun for tutorial to 2024-10-17 00:00:00+00:00, run_after=2024-10-18 00:00:00+00:00
[2024-10-18T08:22:08.467+0000] {processor.py:183} INFO - Processing /home/airflow/.local/lib/python3.12/site-packages/airflow/example_dags/tutorial.py took 0.084 seconds
[2024-10-18T08:22:38.963+0000] {processor.py:161} INFO - Started process (PID=154) to work on /home/airflow/.local/lib/python3.12/site-packages/airflow/example_dags/tutorial.py
[2024-10-18T08:22:38.964+0000] {processor.py:830} INFO - Processing file /home/airflow/.local/lib/python3.12/site-packages/airflow/example_dags/tutorial.py for tasks to queue
[2024-10-18T08:22:38.965+0000] {logging_mixin.py:188} INFO - [2024-10-18T08:22:38.965+0000] {dagbag.py:545} INFO - Filling up the DagBag from /home/airflow/.local/lib/python3.12/site-packages/airflow/example_dags/tutorial.py
[2024-10-18T08:22:38.968+0000] {processor.py:840} INFO - DAG(s) 'tutorial' retrieved from /home/airflow/.local/lib/python3.12/site-packages/airflow/example_dags/tutorial.py
[2024-10-18T08:22:39.031+0000] {logging_mixin.py:188} INFO - [2024-10-18T08:22:39.030+0000] {dag.py:3096} INFO - Sync 1 DAGs
[2024-10-18T08:22:39.046+0000] {logging_mixin.py:188} INFO - [2024-10-18T08:22:39.046+0000] {dag.py:3954} INFO - Setting next_dagrun for tutorial to 2024-10-17 00:00:00+00:00, run_after=2024-10-18 00:00:00+00:00
[2024-10-18T08:22:39.059+0000] {processor.py:183} INFO - Processing /home/airflow/.local/lib/python3.12/site-packages/airflow/example_dags/tutorial.py took 0.099 seconds
[2024-10-18T08:23:09.116+0000] {processor.py:161} INFO - Started process (PID=212) to work on /home/airflow/.local/lib/python3.12/site-packages/airflow/example_dags/tutorial.py
[2024-10-18T08:23:09.117+0000] {processor.py:830} INFO - Processing file /home/airflow/.local/lib/python3.12/site-packages/airflow/example_dags/tutorial.py for tasks to queue
[2024-10-18T08:23:09.118+0000] {logging_mixin.py:188} INFO - [2024-10-18T08:23:09.118+0000] {dagbag.py:545} INFO - Filling up the DagBag from /home/airflow/.local/lib/python3.12/site-packages/airflow/example_dags/tutorial.py
[2024-10-18T08:23:09.123+0000] {processor.py:840} INFO - DAG(s) 'tutorial' retrieved from /home/airflow/.local/lib/python3.12/site-packages/airflow/example_dags/tutorial.py
[2024-10-18T08:23:09.138+0000] {logging_mixin.py:188} INFO - [2024-10-18T08:23:09.138+0000] {dag.py:3096} INFO - Sync 1 DAGs
[2024-10-18T08:23:09.152+0000] {logging_mixin.py:188} INFO - [2024-10-18T08:23:09.152+0000] {dag.py:3954} INFO - Setting next_dagrun for tutorial to 2024-10-17 00:00:00+00:00, run_after=2024-10-18 00:00:00+00:00
[2024-10-18T08:23:09.165+0000] {processor.py:183} INFO - Processing /home/airflow/.local/lib/python3.12/site-packages/airflow/example_dags/tutorial.py took 0.054 seconds
[2024-10-18T08:23:39.916+0000] {processor.py:161} INFO - Started process (PID=269) to work on /home/airflow/.local/lib/python3.12/site-packages/airflow/example_dags/tutorial.py
[2024-10-18T08:23:39.917+0000] {processor.py:830} INFO - Processing file /home/airflow/.local/lib/python3.12/site-packages/airflow/example_dags/tutorial.py for tasks to queue
[2024-10-18T08:23:39.918+0000] {logging_mixin.py:188} INFO - [2024-10-18T08:23:39.917+0000] {dagbag.py:545} INFO - Filling up the DagBag from /home/airflow/.local/lib/python3.12/site-packages/airflow/example_dags/tutorial.py
[2024-10-18T08:23:39.921+0000] {processor.py:840} INFO - DAG(s) 'tutorial' retrieved from /home/airflow/.local/lib/python3.12/site-packages/airflow/example_dags/tutorial.py
[2024-10-18T08:23:39.936+0000] {logging_mixin.py:188} INFO - [2024-10-18T08:23:39.936+0000] {dag.py:3096} INFO - Sync 1 DAGs
[2024-10-18T08:23:39.954+0000] {logging_mixin.py:188} INFO - [2024-10-18T08:23:39.954+0000] {dag.py:3954} INFO - Setting next_dagrun for tutorial to 2024-10-17 00:00:00+00:00, run_after=2024-10-18 00:00:00+00:00
[2024-10-18T08:23:39.967+0000] {processor.py:183} INFO - Processing /home/airflow/.local/lib/python3.12/site-packages/airflow/example_dags/tutorial.py took 0.055 seconds
[2024-10-18T08:24:10.111+0000] {processor.py:161} INFO - Started process (PID=328) to work on /home/airflow/.local/lib/python3.12/site-packages/airflow/example_dags/tutorial.py
[2024-10-18T08:24:10.112+0000] {processor.py:830} INFO - Processing file /home/airflow/.local/lib/python3.12/site-packages/airflow/example_dags/tutorial.py for tasks to queue
[2024-10-18T08:24:10.113+0000] {logging_mixin.py:188} INFO - [2024-10-18T08:24:10.113+0000] {dagbag.py:545} INFO - Filling up the DagBag from /home/airflow/.local/lib/python3.12/site-packages/airflow/example_dags/tutorial.py
[2024-10-18T08:24:10.117+0000] {processor.py:840} INFO - DAG(s) 'tutorial' retrieved from /home/airflow/.local/lib/python3.12/site-packages/airflow/example_dags/tutorial.py
[2024-10-18T08:24:10.130+0000] {logging_mixin.py:188} INFO - [2024-10-18T08:24:10.130+0000] {dag.py:3096} INFO - Sync 1 DAGs
[2024-10-18T08:24:10.144+0000] {logging_mixin.py:188} INFO - [2024-10-18T08:24:10.144+0000] {dag.py:3954} INFO - Setting next_dagrun for tutorial to 2024-10-17 00:00:00+00:00, run_after=2024-10-18 00:00:00+00:00
[2024-10-18T08:24:10.156+0000] {processor.py:183} INFO - Processing /home/airflow/.local/lib/python3.12/site-packages/airflow/example_dags/tutorial.py took 0.049 seconds
[2024-10-18T08:24:40.281+0000] {processor.py:161} INFO - Started process (PID=386) to work on /home/airflow/.local/lib/python3.12/site-packages/airflow/example_dags/tutorial.py
[2024-10-18T08:24:40.282+0000] {processor.py:830} INFO - Processing file /home/airflow/.local/lib/python3.12/site-packages/airflow/example_dags/tutorial.py for tasks to queue
[2024-10-18T08:24:40.283+0000] {logging_mixin.py:188} INFO - [2024-10-18T08:24:40.283+0000] {dagbag.py:545} INFO - Filling up the DagBag from /home/airflow/.local/lib/python3.12/site-packages/airflow/example_dags/tutorial.py
[2024-10-18T08:24:40.286+0000] {processor.py:840} INFO - DAG(s) 'tutorial' retrieved from /home/airflow/.local/lib/python3.12/site-packages/airflow/example_dags/tutorial.py
[2024-10-18T08:24:40.299+0000] {logging_mixin.py:188} INFO - [2024-10-18T08:24:40.298+0000] {dag.py:3096} INFO - Sync 1 DAGs
[2024-10-18T08:24:40.317+0000] {logging_mixin.py:188} INFO - [2024-10-18T08:24:40.317+0000] {dag.py:3954} INFO - Setting next_dagrun for tutorial to 2024-10-17 00:00:00+00:00, run_after=2024-10-18 00:00:00+00:00
[2024-10-18T08:24:40.329+0000] {processor.py:183} INFO - Processing /home/airflow/.local/lib/python3.12/site-packages/airflow/example_dags/tutorial.py took 0.051 seconds
[2024-10-18T08:25:10.608+0000] {processor.py:161} INFO - Started process (PID=444) to work on /home/airflow/.local/lib/python3.12/site-packages/airflow/example_dags/tutorial.py
[2024-10-18T08:25:10.609+0000] {processor.py:830} INFO - Processing file /home/airflow/.local/lib/python3.12/site-packages/airflow/example_dags/tutorial.py for tasks to queue
[2024-10-18T08:25:10.611+0000] {logging_mixin.py:188} INFO - [2024-10-18T08:25:10.610+0000] {dagbag.py:545} INFO - Filling up the DagBag from /home/airflow/.local/lib/python3.12/site-packages/airflow/example_dags/tutorial.py
[2024-10-18T08:25:10.615+0000] {processor.py:840} INFO - DAG(s) 'tutorial' retrieved from /home/airflow/.local/lib/python3.12/site-packages/airflow/example_dags/tutorial.py
[2024-10-18T08:25:10.632+0000] {logging_mixin.py:188} INFO - [2024-10-18T08:25:10.632+0000] {dag.py:3096} INFO - Sync 1 DAGs
[2024-10-18T08:25:10.652+0000] {logging_mixin.py:188} INFO - [2024-10-18T08:25:10.652+0000] {dag.py:3954} INFO - Setting next_dagrun for tutorial to 2024-10-17 00:00:00+00:00, run_after=2024-10-18 00:00:00+00:00
[2024-10-18T08:25:10.669+0000] {processor.py:183} INFO - Processing /home/airflow/.local/lib/python3.12/site-packages/airflow/example_dags/tutorial.py took 0.066 seconds
[2024-10-18T08:25:40.794+0000] {processor.py:161} INFO - Started process (PID=501) to work on /home/airflow/.local/lib/python3.12/site-packages/airflow/example_dags/tutorial.py
[2024-10-18T08:25:40.794+0000] {processor.py:830} INFO - Processing file /home/airflow/.local/lib/python3.12/site-packages/airflow/example_dags/tutorial.py for tasks to queue
[2024-10-18T08:25:40.796+0000] {logging_mixin.py:188} INFO - [2024-10-18T08:25:40.795+0000] {dagbag.py:545} INFO - Filling up the DagBag from /home/airflow/.local/lib/python3.12/site-packages/airflow/example_dags/tutorial.py
[2024-10-18T08:25:40.800+0000] {processor.py:840} INFO - DAG(s) 'tutorial' retrieved from /home/airflow/.local/lib/python3.12/site-packages/airflow/example_dags/tutorial.py
[2024-10-18T08:25:40.812+0000] {logging_mixin.py:188} INFO - [2024-10-18T08:25:40.812+0000] {dag.py:3096} INFO - Sync 1 DAGs
[2024-10-18T08:25:40.827+0000] {logging_mixin.py:188} INFO - [2024-10-18T08:25:40.826+0000] {dag.py:3954} INFO - Setting next_dagrun for tutorial to 2024-10-17 00:00:00+00:00, run_after=2024-10-18 00:00:00+00:00
[2024-10-18T08:25:40.839+0000] {processor.py:183} INFO - Processing /home/airflow/.local/lib/python3.12/site-packages/airflow/example_dags/tutorial.py took 0.050 seconds
[2024-10-18T08:26:10.998+0000] {processor.py:161} INFO - Started process (PID=559) to work on /home/airflow/.local/lib/python3.12/site-packages/airflow/example_dags/tutorial.py
[2024-10-18T08:26:10.998+0000] {processor.py:830} INFO - Processing file /home/airflow/.local/lib/python3.12/site-packages/airflow/example_dags/tutorial.py for tasks to queue
[2024-10-18T08:26:11.000+0000] {logging_mixin.py:188} INFO - [2024-10-18T08:26:10.999+0000] {dagbag.py:545} INFO - Filling up the DagBag from /home/airflow/.local/lib/python3.12/site-packages/airflow/example_dags/tutorial.py
[2024-10-18T08:26:11.003+0000] {processor.py:840} INFO - DAG(s) 'tutorial' retrieved from /home/airflow/.local/lib/python3.12/site-packages/airflow/example_dags/tutorial.py
[2024-10-18T08:26:11.015+0000] {logging_mixin.py:188} INFO - [2024-10-18T08:26:11.015+0000] {dag.py:3096} INFO - Sync 1 DAGs
[2024-10-18T08:26:11.029+0000] {logging_mixin.py:188} INFO - [2024-10-18T08:26:11.029+0000] {dag.py:3954} INFO - Setting next_dagrun for tutorial to 2024-10-17 00:00:00+00:00, run_after=2024-10-18 00:00:00+00:00
[2024-10-18T08:26:11.041+0000] {processor.py:183} INFO - Processing /home/airflow/.local/lib/python3.12/site-packages/airflow/example_dags/tutorial.py took 0.047 seconds
[2024-10-18T08:26:41.081+0000] {processor.py:161} INFO - Started process (PID=617) to work on /home/airflow/.local/lib/python3.12/site-packages/airflow/example_dags/tutorial.py
[2024-10-18T08:26:41.082+0000] {processor.py:830} INFO - Processing file /home/airflow/.local/lib/python3.12/site-packages/airflow/example_dags/tutorial.py for tasks to queue
[2024-10-18T08:26:41.083+0000] {logging_mixin.py:188} INFO - [2024-10-18T08:26:41.083+0000] {dagbag.py:545} INFO - Filling up the DagBag from /home/airflow/.local/lib/python3.12/site-packages/airflow/example_dags/tutorial.py
[2024-10-18T08:26:41.088+0000] {processor.py:840} INFO - DAG(s) 'tutorial' retrieved from /home/airflow/.local/lib/python3.12/site-packages/airflow/example_dags/tutorial.py
[2024-10-18T08:26:41.101+0000] {logging_mixin.py:188} INFO - [2024-10-18T08:26:41.101+0000] {dag.py:3096} INFO - Sync 1 DAGs
[2024-10-18T08:26:41.116+0000] {logging_mixin.py:188} INFO - [2024-10-18T08:26:41.116+0000] {dag.py:3954} INFO - Setting next_dagrun for tutorial to 2024-10-17 00:00:00+00:00, run_after=2024-10-18 00:00:00+00:00
[2024-10-18T08:26:41.129+0000] {processor.py:183} INFO - Processing /home/airflow/.local/lib/python3.12/site-packages/airflow/example_dags/tutorial.py took 0.052 seconds
[2024-10-18T08:31:20.207+0000] {processor.py:161} INFO - Started process (PID=97) to work on /home/airflow/.local/lib/python3.12/site-packages/airflow/example_dags/tutorial.py
[2024-10-18T08:31:20.209+0000] {processor.py:830} INFO - Processing file /home/airflow/.local/lib/python3.12/site-packages/airflow/example_dags/tutorial.py for tasks to queue
[2024-10-18T08:31:20.210+0000] {logging_mixin.py:188} INFO - [2024-10-18T08:31:20.210+0000] {dagbag.py:545} INFO - Filling up the DagBag from /home/airflow/.local/lib/python3.12/site-packages/airflow/example_dags/tutorial.py
[2024-10-18T08:31:20.223+0000] {processor.py:840} INFO - DAG(s) 'tutorial' retrieved from /home/airflow/.local/lib/python3.12/site-packages/airflow/example_dags/tutorial.py
[2024-10-18T08:31:20.237+0000] {logging_mixin.py:188} INFO - [2024-10-18T08:31:20.237+0000] {dag.py:3096} INFO - Sync 1 DAGs
[2024-10-18T08:31:20.268+0000] {logging_mixin.py:188} INFO - [2024-10-18T08:31:20.268+0000] {dag.py:3954} INFO - Setting next_dagrun for tutorial to 2024-10-17 00:00:00+00:00, run_after=2024-10-18 00:00:00+00:00
[2024-10-18T08:31:20.285+0000] {processor.py:183} INFO - Processing /home/airflow/.local/lib/python3.12/site-packages/airflow/example_dags/tutorial.py took 0.086 seconds
[2024-10-18T08:31:51.604+0000] {processor.py:161} INFO - Started process (PID=156) to work on /home/airflow/.local/lib/python3.12/site-packages/airflow/example_dags/tutorial.py
[2024-10-18T08:31:51.605+0000] {processor.py:830} INFO - Processing file /home/airflow/.local/lib/python3.12/site-packages/airflow/example_dags/tutorial.py for tasks to queue
[2024-10-18T08:31:51.607+0000] {logging_mixin.py:188} INFO - [2024-10-18T08:31:51.606+0000] {dagbag.py:545} INFO - Filling up the DagBag from /home/airflow/.local/lib/python3.12/site-packages/airflow/example_dags/tutorial.py
[2024-10-18T08:31:51.611+0000] {processor.py:840} INFO - DAG(s) 'tutorial' retrieved from /home/airflow/.local/lib/python3.12/site-packages/airflow/example_dags/tutorial.py
[2024-10-18T08:31:51.691+0000] {logging_mixin.py:188} INFO - [2024-10-18T08:31:51.691+0000] {dag.py:3096} INFO - Sync 1 DAGs
[2024-10-18T08:31:51.704+0000] {logging_mixin.py:188} INFO - [2024-10-18T08:31:51.704+0000] {dag.py:3954} INFO - Setting next_dagrun for tutorial to 2024-10-17 00:00:00+00:00, run_after=2024-10-18 00:00:00+00:00
[2024-10-18T08:31:51.717+0000] {processor.py:183} INFO - Processing /home/airflow/.local/lib/python3.12/site-packages/airflow/example_dags/tutorial.py took 0.118 seconds
[2024-10-18T08:33:29.271+0000] {processor.py:161} INFO - Started process (PID=82) to work on /home/airflow/.local/lib/python3.12/site-packages/airflow/example_dags/tutorial.py
[2024-10-18T08:33:29.273+0000] {processor.py:830} INFO - Processing file /home/airflow/.local/lib/python3.12/site-packages/airflow/example_dags/tutorial.py for tasks to queue
[2024-10-18T08:33:29.275+0000] {logging_mixin.py:188} INFO - [2024-10-18T08:33:29.275+0000] {dagbag.py:545} INFO - Filling up the DagBag from /home/airflow/.local/lib/python3.12/site-packages/airflow/example_dags/tutorial.py
[2024-10-18T08:33:29.286+0000] {processor.py:840} INFO - DAG(s) 'tutorial' retrieved from /home/airflow/.local/lib/python3.12/site-packages/airflow/example_dags/tutorial.py
[2024-10-18T08:33:29.309+0000] {logging_mixin.py:188} INFO - [2024-10-18T08:33:29.309+0000] {dag.py:3096} INFO - Sync 1 DAGs
[2024-10-18T08:33:29.333+0000] {logging_mixin.py:188} INFO - [2024-10-18T08:33:29.333+0000] {dag.py:3954} INFO - Setting next_dagrun for tutorial to 2024-10-17 00:00:00+00:00, run_after=2024-10-18 00:00:00+00:00
[2024-10-18T08:33:29.349+0000] {processor.py:183} INFO - Processing /home/airflow/.local/lib/python3.12/site-packages/airflow/example_dags/tutorial.py took 0.084 seconds
[2024-10-18T08:35:26.191+0000] {processor.py:161} INFO - Started process (PID=96) to work on /home/airflow/.local/lib/python3.12/site-packages/airflow/example_dags/tutorial.py
[2024-10-18T08:35:26.196+0000] {processor.py:830} INFO - Processing file /home/airflow/.local/lib/python3.12/site-packages/airflow/example_dags/tutorial.py for tasks to queue
[2024-10-18T08:35:26.198+0000] {logging_mixin.py:188} INFO - [2024-10-18T08:35:26.198+0000] {dagbag.py:545} INFO - Filling up the DagBag from /home/airflow/.local/lib/python3.12/site-packages/airflow/example_dags/tutorial.py
[2024-10-18T08:35:26.210+0000] {processor.py:840} INFO - DAG(s) 'tutorial' retrieved from /home/airflow/.local/lib/python3.12/site-packages/airflow/example_dags/tutorial.py
[2024-10-18T08:35:26.230+0000] {logging_mixin.py:188} INFO - [2024-10-18T08:35:26.230+0000] {dag.py:3096} INFO - Sync 1 DAGs
[2024-10-18T08:35:26.272+0000] {logging_mixin.py:188} INFO - [2024-10-18T08:35:26.272+0000] {dag.py:3954} INFO - Setting next_dagrun for tutorial to 2024-10-17 00:00:00+00:00, run_after=2024-10-18 00:00:00+00:00
[2024-10-18T08:35:26.298+0000] {processor.py:183} INFO - Processing /home/airflow/.local/lib/python3.12/site-packages/airflow/example_dags/tutorial.py took 0.117 seconds
[2024-10-18T08:35:57.322+0000] {processor.py:161} INFO - Started process (PID=155) to work on /home/airflow/.local/lib/python3.12/site-packages/airflow/example_dags/tutorial.py
[2024-10-18T08:35:57.323+0000] {processor.py:830} INFO - Processing file /home/airflow/.local/lib/python3.12/site-packages/airflow/example_dags/tutorial.py for tasks to queue
[2024-10-18T08:35:57.324+0000] {logging_mixin.py:188} INFO - [2024-10-18T08:35:57.324+0000] {dagbag.py:545} INFO - Filling up the DagBag from /home/airflow/.local/lib/python3.12/site-packages/airflow/example_dags/tutorial.py
[2024-10-18T08:35:57.328+0000] {processor.py:840} INFO - DAG(s) 'tutorial' retrieved from /home/airflow/.local/lib/python3.12/site-packages/airflow/example_dags/tutorial.py
[2024-10-18T08:35:57.394+0000] {logging_mixin.py:188} INFO - [2024-10-18T08:35:57.394+0000] {dag.py:3096} INFO - Sync 1 DAGs
[2024-10-18T08:35:57.407+0000] {logging_mixin.py:188} INFO - [2024-10-18T08:35:57.407+0000] {dag.py:3954} INFO - Setting next_dagrun for tutorial to 2024-10-17 00:00:00+00:00, run_after=2024-10-18 00:00:00+00:00
[2024-10-18T08:35:57.419+0000] {processor.py:183} INFO - Processing /home/airflow/.local/lib/python3.12/site-packages/airflow/example_dags/tutorial.py took 0.101 seconds
[2024-10-18T08:36:27.858+0000] {processor.py:161} INFO - Started process (PID=214) to work on /home/airflow/.local/lib/python3.12/site-packages/airflow/example_dags/tutorial.py
[2024-10-18T08:36:27.859+0000] {processor.py:830} INFO - Processing file /home/airflow/.local/lib/python3.12/site-packages/airflow/example_dags/tutorial.py for tasks to queue
[2024-10-18T08:36:27.862+0000] {logging_mixin.py:188} INFO - [2024-10-18T08:36:27.861+0000] {dagbag.py:545} INFO - Filling up the DagBag from /home/airflow/.local/lib/python3.12/site-packages/airflow/example_dags/tutorial.py
[2024-10-18T08:36:27.869+0000] {processor.py:840} INFO - DAG(s) 'tutorial' retrieved from /home/airflow/.local/lib/python3.12/site-packages/airflow/example_dags/tutorial.py
[2024-10-18T08:36:27.887+0000] {logging_mixin.py:188} INFO - [2024-10-18T08:36:27.886+0000] {dag.py:3096} INFO - Sync 1 DAGs
[2024-10-18T08:36:27.910+0000] {logging_mixin.py:188} INFO - [2024-10-18T08:36:27.910+0000] {dag.py:3954} INFO - Setting next_dagrun for tutorial to 2024-10-17 00:00:00+00:00, run_after=2024-10-18 00:00:00+00:00
[2024-10-18T08:36:27.929+0000] {processor.py:183} INFO - Processing /home/airflow/.local/lib/python3.12/site-packages/airflow/example_dags/tutorial.py took 0.077 seconds
[2024-10-18T08:36:58.798+0000] {processor.py:161} INFO - Started process (PID=273) to work on /home/airflow/.local/lib/python3.12/site-packages/airflow/example_dags/tutorial.py
[2024-10-18T08:36:58.798+0000] {processor.py:830} INFO - Processing file /home/airflow/.local/lib/python3.12/site-packages/airflow/example_dags/tutorial.py for tasks to queue
[2024-10-18T08:36:58.800+0000] {logging_mixin.py:188} INFO - [2024-10-18T08:36:58.800+0000] {dagbag.py:545} INFO - Filling up the DagBag from /home/airflow/.local/lib/python3.12/site-packages/airflow/example_dags/tutorial.py
[2024-10-18T08:36:58.805+0000] {processor.py:840} INFO - DAG(s) 'tutorial' retrieved from /home/airflow/.local/lib/python3.12/site-packages/airflow/example_dags/tutorial.py
[2024-10-18T08:36:58.821+0000] {logging_mixin.py:188} INFO - [2024-10-18T08:36:58.821+0000] {dag.py:3096} INFO - Sync 1 DAGs
[2024-10-18T08:36:58.842+0000] {logging_mixin.py:188} INFO - [2024-10-18T08:36:58.842+0000] {dag.py:3954} INFO - Setting next_dagrun for tutorial to 2024-10-17 00:00:00+00:00, run_after=2024-10-18 00:00:00+00:00
[2024-10-18T08:36:58.858+0000] {processor.py:183} INFO - Processing /home/airflow/.local/lib/python3.12/site-packages/airflow/example_dags/tutorial.py took 0.066 seconds
[2024-10-18T08:37:29.174+0000] {processor.py:161} INFO - Started process (PID=332) to work on /home/airflow/.local/lib/python3.12/site-packages/airflow/example_dags/tutorial.py
[2024-10-18T08:37:29.175+0000] {processor.py:830} INFO - Processing file /home/airflow/.local/lib/python3.12/site-packages/airflow/example_dags/tutorial.py for tasks to queue
[2024-10-18T08:37:29.176+0000] {logging_mixin.py:188} INFO - [2024-10-18T08:37:29.176+0000] {dagbag.py:545} INFO - Filling up the DagBag from /home/airflow/.local/lib/python3.12/site-packages/airflow/example_dags/tutorial.py
[2024-10-18T08:37:29.180+0000] {processor.py:840} INFO - DAG(s) 'tutorial' retrieved from /home/airflow/.local/lib/python3.12/site-packages/airflow/example_dags/tutorial.py
[2024-10-18T08:37:29.194+0000] {logging_mixin.py:188} INFO - [2024-10-18T08:37:29.193+0000] {dag.py:3096} INFO - Sync 1 DAGs
[2024-10-18T08:37:29.209+0000] {logging_mixin.py:188} INFO - [2024-10-18T08:37:29.209+0000] {dag.py:3954} INFO - Setting next_dagrun for tutorial to 2024-10-17 00:00:00+00:00, run_after=2024-10-18 00:00:00+00:00
[2024-10-18T08:37:29.224+0000] {processor.py:183} INFO - Processing /home/airflow/.local/lib/python3.12/site-packages/airflow/example_dags/tutorial.py took 0.054 seconds
[2024-10-18T08:37:59.369+0000] {processor.py:161} INFO - Started process (PID=392) to work on /home/airflow/.local/lib/python3.12/site-packages/airflow/example_dags/tutorial.py
[2024-10-18T08:37:59.370+0000] {processor.py:830} INFO - Processing file /home/airflow/.local/lib/python3.12/site-packages/airflow/example_dags/tutorial.py for tasks to queue
[2024-10-18T08:37:59.371+0000] {logging_mixin.py:188} INFO - [2024-10-18T08:37:59.371+0000] {dagbag.py:545} INFO - Filling up the DagBag from /home/airflow/.local/lib/python3.12/site-packages/airflow/example_dags/tutorial.py
[2024-10-18T08:37:59.374+0000] {processor.py:840} INFO - DAG(s) 'tutorial' retrieved from /home/airflow/.local/lib/python3.12/site-packages/airflow/example_dags/tutorial.py
[2024-10-18T08:37:59.386+0000] {logging_mixin.py:188} INFO - [2024-10-18T08:37:59.385+0000] {dag.py:3096} INFO - Sync 1 DAGs
[2024-10-18T08:37:59.399+0000] {logging_mixin.py:188} INFO - [2024-10-18T08:37:59.399+0000] {dag.py:3954} INFO - Setting next_dagrun for tutorial to 2024-10-17 00:00:00+00:00, run_after=2024-10-18 00:00:00+00:00
[2024-10-18T08:37:59.411+0000] {processor.py:183} INFO - Processing /home/airflow/.local/lib/python3.12/site-packages/airflow/example_dags/tutorial.py took 0.046 seconds
[2024-10-18T08:38:29.664+0000] {processor.py:161} INFO - Started process (PID=450) to work on /home/airflow/.local/lib/python3.12/site-packages/airflow/example_dags/tutorial.py
[2024-10-18T08:38:29.665+0000] {processor.py:830} INFO - Processing file /home/airflow/.local/lib/python3.12/site-packages/airflow/example_dags/tutorial.py for tasks to queue
[2024-10-18T08:38:29.667+0000] {logging_mixin.py:188} INFO - [2024-10-18T08:38:29.666+0000] {dagbag.py:545} INFO - Filling up the DagBag from /home/airflow/.local/lib/python3.12/site-packages/airflow/example_dags/tutorial.py
[2024-10-18T08:38:29.671+0000] {processor.py:840} INFO - DAG(s) 'tutorial' retrieved from /home/airflow/.local/lib/python3.12/site-packages/airflow/example_dags/tutorial.py
[2024-10-18T08:38:29.684+0000] {logging_mixin.py:188} INFO - [2024-10-18T08:38:29.684+0000] {dag.py:3096} INFO - Sync 1 DAGs
[2024-10-18T08:38:29.699+0000] {logging_mixin.py:188} INFO - [2024-10-18T08:38:29.699+0000] {dag.py:3954} INFO - Setting next_dagrun for tutorial to 2024-10-17 00:00:00+00:00, run_after=2024-10-18 00:00:00+00:00
[2024-10-18T08:38:29.713+0000] {processor.py:183} INFO - Processing /home/airflow/.local/lib/python3.12/site-packages/airflow/example_dags/tutorial.py took 0.052 seconds
[2024-10-18T08:38:59.909+0000] {processor.py:161} INFO - Started process (PID=509) to work on /home/airflow/.local/lib/python3.12/site-packages/airflow/example_dags/tutorial.py
[2024-10-18T08:38:59.910+0000] {processor.py:830} INFO - Processing file /home/airflow/.local/lib/python3.12/site-packages/airflow/example_dags/tutorial.py for tasks to queue
[2024-10-18T08:38:59.911+0000] {logging_mixin.py:188} INFO - [2024-10-18T08:38:59.910+0000] {dagbag.py:545} INFO - Filling up the DagBag from /home/airflow/.local/lib/python3.12/site-packages/airflow/example_dags/tutorial.py
[2024-10-18T08:38:59.914+0000] {processor.py:840} INFO - DAG(s) 'tutorial' retrieved from /home/airflow/.local/lib/python3.12/site-packages/airflow/example_dags/tutorial.py
[2024-10-18T08:38:59.927+0000] {logging_mixin.py:188} INFO - [2024-10-18T08:38:59.927+0000] {dag.py:3096} INFO - Sync 1 DAGs
[2024-10-18T08:38:59.942+0000] {logging_mixin.py:188} INFO - [2024-10-18T08:38:59.942+0000] {dag.py:3954} INFO - Setting next_dagrun for tutorial to 2024-10-17 00:00:00+00:00, run_after=2024-10-18 00:00:00+00:00
[2024-10-18T08:38:59.958+0000] {processor.py:183} INFO - Processing /home/airflow/.local/lib/python3.12/site-packages/airflow/example_dags/tutorial.py took 0.052 seconds
[2024-10-18T08:40:04.567+0000] {processor.py:161} INFO - Started process (PID=95) to work on /home/airflow/.local/lib/python3.12/site-packages/airflow/example_dags/tutorial.py
[2024-10-18T08:40:04.568+0000] {processor.py:830} INFO - Processing file /home/airflow/.local/lib/python3.12/site-packages/airflow/example_dags/tutorial.py for tasks to queue
[2024-10-18T08:40:04.570+0000] {logging_mixin.py:188} INFO - [2024-10-18T08:40:04.569+0000] {dagbag.py:545} INFO - Filling up the DagBag from /home/airflow/.local/lib/python3.12/site-packages/airflow/example_dags/tutorial.py
[2024-10-18T08:40:04.576+0000] {processor.py:840} INFO - DAG(s) 'tutorial' retrieved from /home/airflow/.local/lib/python3.12/site-packages/airflow/example_dags/tutorial.py
[2024-10-18T08:40:04.586+0000] {logging_mixin.py:188} INFO - [2024-10-18T08:40:04.586+0000] {dag.py:3096} INFO - Sync 1 DAGs
[2024-10-18T08:40:04.608+0000] {logging_mixin.py:188} INFO - [2024-10-18T08:40:04.608+0000] {dag.py:3954} INFO - Setting next_dagrun for tutorial to 2024-10-17 00:00:00+00:00, run_after=2024-10-18 00:00:00+00:00
[2024-10-18T08:40:04.629+0000] {processor.py:183} INFO - Processing /home/airflow/.local/lib/python3.12/site-packages/airflow/example_dags/tutorial.py took 0.073 seconds
[2024-10-18T08:40:35.415+0000] {processor.py:161} INFO - Started process (PID=160) to work on /home/airflow/.local/lib/python3.12/site-packages/airflow/example_dags/tutorial.py
[2024-10-18T08:40:35.416+0000] {processor.py:830} INFO - Processing file /home/airflow/.local/lib/python3.12/site-packages/airflow/example_dags/tutorial.py for tasks to queue
[2024-10-18T08:40:35.417+0000] {logging_mixin.py:188} INFO - [2024-10-18T08:40:35.417+0000] {dagbag.py:545} INFO - Filling up the DagBag from /home/airflow/.local/lib/python3.12/site-packages/airflow/example_dags/tutorial.py
[2024-10-18T08:40:35.420+0000] {processor.py:840} INFO - DAG(s) 'tutorial' retrieved from /home/airflow/.local/lib/python3.12/site-packages/airflow/example_dags/tutorial.py
[2024-10-18T08:40:35.490+0000] {logging_mixin.py:188} INFO - [2024-10-18T08:40:35.490+0000] {dag.py:3096} INFO - Sync 1 DAGs
[2024-10-18T08:40:35.503+0000] {logging_mixin.py:188} INFO - [2024-10-18T08:40:35.502+0000] {dag.py:3954} INFO - Setting next_dagrun for tutorial to 2024-10-17 00:00:00+00:00, run_after=2024-10-18 00:00:00+00:00
[2024-10-18T08:40:35.515+0000] {processor.py:183} INFO - Processing /home/airflow/.local/lib/python3.12/site-packages/airflow/example_dags/tutorial.py took 0.103 seconds
[2024-10-18T08:41:05.552+0000] {processor.py:161} INFO - Started process (PID=219) to work on /home/airflow/.local/lib/python3.12/site-packages/airflow/example_dags/tutorial.py
[2024-10-18T08:41:05.553+0000] {processor.py:830} INFO - Processing file /home/airflow/.local/lib/python3.12/site-packages/airflow/example_dags/tutorial.py for tasks to queue
[2024-10-18T08:41:05.554+0000] {logging_mixin.py:188} INFO - [2024-10-18T08:41:05.554+0000] {dagbag.py:545} INFO - Filling up the DagBag from /home/airflow/.local/lib/python3.12/site-packages/airflow/example_dags/tutorial.py
[2024-10-18T08:41:05.559+0000] {processor.py:840} INFO - DAG(s) 'tutorial' retrieved from /home/airflow/.local/lib/python3.12/site-packages/airflow/example_dags/tutorial.py
[2024-10-18T08:41:05.576+0000] {logging_mixin.py:188} INFO - [2024-10-18T08:41:05.576+0000] {dag.py:3096} INFO - Sync 1 DAGs
[2024-10-18T08:41:05.596+0000] {logging_mixin.py:188} INFO - [2024-10-18T08:41:05.596+0000] {dag.py:3954} INFO - Setting next_dagrun for tutorial to 2024-10-17 00:00:00+00:00, run_after=2024-10-18 00:00:00+00:00
[2024-10-18T08:41:05.613+0000] {processor.py:183} INFO - Processing /home/airflow/.local/lib/python3.12/site-packages/airflow/example_dags/tutorial.py took 0.066 seconds
