[2024-10-21T08:13:11.821+0000] {processor.py:161} INFO - Started process (PID=298) to work on /opt/airflow/dags/hello_jupyter_dag.py
[2024-10-21T08:13:11.821+0000] {processor.py:830} INFO - Processing file /opt/airflow/dags/hello_jupyter_dag.py for tasks to queue
[2024-10-21T08:13:11.822+0000] {logging_mixin.py:188} INFO - [2024-10-21T08:13:11.822+0000] {dagbag.py:545} INFO - Filling up the DagBag from /opt/airflow/dags/hello_jupyter_dag.py
[2024-10-21T08:13:11.824+0000] {logging_mixin.py:188} INFO - [2024-10-21T08:13:11.823+0000] {dagbag.py:355} ERROR - Failed to import: /opt/airflow/dags/hello_jupyter_dag.py
Traceback (most recent call last):
  File "/home/airflow/.local/lib/python3.12/site-packages/airflow/models/dagbag.py", line 351, in parse
    loader.exec_module(new_module)
  File "<frozen importlib._bootstrap_external>", line 995, in exec_module
  File "<frozen importlib._bootstrap>", line 488, in _call_with_frames_removed
  File "/opt/airflow/dags/hello_jupyter_dag.py", line 9, in <module>
    default_args = {{
                   ^^
TypeError: unhashable type: 'dict'
[2024-10-21T08:13:11.824+0000] {processor.py:842} WARNING - No viable dags retrieved from /opt/airflow/dags/hello_jupyter_dag.py
[2024-10-21T08:13:11.837+0000] {processor.py:183} INFO - Processing /opt/airflow/dags/hello_jupyter_dag.py took 0.021 seconds
[2024-10-21T08:13:41.968+0000] {processor.py:161} INFO - Started process (PID=306) to work on /opt/airflow/dags/hello_jupyter_dag.py
[2024-10-21T08:13:41.968+0000] {processor.py:830} INFO - Processing file /opt/airflow/dags/hello_jupyter_dag.py for tasks to queue
[2024-10-21T08:13:41.969+0000] {logging_mixin.py:188} INFO - [2024-10-21T08:13:41.968+0000] {dagbag.py:545} INFO - Filling up the DagBag from /opt/airflow/dags/hello_jupyter_dag.py
[2024-10-21T08:13:41.971+0000] {logging_mixin.py:188} INFO - [2024-10-21T08:13:41.970+0000] {dagbag.py:355} ERROR - Failed to import: /opt/airflow/dags/hello_jupyter_dag.py
Traceback (most recent call last):
  File "/home/airflow/.local/lib/python3.12/site-packages/airflow/models/dagbag.py", line 351, in parse
    loader.exec_module(new_module)
  File "<frozen importlib._bootstrap_external>", line 995, in exec_module
  File "<frozen importlib._bootstrap>", line 488, in _call_with_frames_removed
  File "/opt/airflow/dags/hello_jupyter_dag.py", line 9, in <module>
    default_args = {{
                   ^^
TypeError: unhashable type: 'dict'
[2024-10-21T08:13:41.971+0000] {processor.py:842} WARNING - No viable dags retrieved from /opt/airflow/dags/hello_jupyter_dag.py
[2024-10-21T08:13:41.986+0000] {processor.py:183} INFO - Processing /opt/airflow/dags/hello_jupyter_dag.py took 0.022 seconds
[2024-10-21T08:14:12.112+0000] {processor.py:161} INFO - Started process (PID=314) to work on /opt/airflow/dags/hello_jupyter_dag.py
[2024-10-21T08:14:12.113+0000] {processor.py:830} INFO - Processing file /opt/airflow/dags/hello_jupyter_dag.py for tasks to queue
[2024-10-21T08:14:12.113+0000] {logging_mixin.py:188} INFO - [2024-10-21T08:14:12.113+0000] {dagbag.py:545} INFO - Filling up the DagBag from /opt/airflow/dags/hello_jupyter_dag.py
[2024-10-21T08:14:12.115+0000] {logging_mixin.py:188} INFO - [2024-10-21T08:14:12.115+0000] {dagbag.py:355} ERROR - Failed to import: /opt/airflow/dags/hello_jupyter_dag.py
Traceback (most recent call last):
  File "/home/airflow/.local/lib/python3.12/site-packages/airflow/models/dagbag.py", line 351, in parse
    loader.exec_module(new_module)
  File "<frozen importlib._bootstrap_external>", line 995, in exec_module
  File "<frozen importlib._bootstrap>", line 488, in _call_with_frames_removed
  File "/opt/airflow/dags/hello_jupyter_dag.py", line 9, in <module>
    default_args = {{
                   ^^
TypeError: unhashable type: 'dict'
[2024-10-21T08:14:12.116+0000] {processor.py:842} WARNING - No viable dags retrieved from /opt/airflow/dags/hello_jupyter_dag.py
[2024-10-21T08:14:12.130+0000] {processor.py:183} INFO - Processing /opt/airflow/dags/hello_jupyter_dag.py took 0.022 seconds
[2024-10-21T08:14:42.261+0000] {processor.py:161} INFO - Started process (PID=322) to work on /opt/airflow/dags/hello_jupyter_dag.py
[2024-10-21T08:14:42.261+0000] {processor.py:830} INFO - Processing file /opt/airflow/dags/hello_jupyter_dag.py for tasks to queue
[2024-10-21T08:14:42.262+0000] {logging_mixin.py:188} INFO - [2024-10-21T08:14:42.262+0000] {dagbag.py:545} INFO - Filling up the DagBag from /opt/airflow/dags/hello_jupyter_dag.py
[2024-10-21T08:14:42.264+0000] {logging_mixin.py:188} INFO - [2024-10-21T08:14:42.263+0000] {dagbag.py:355} ERROR - Failed to import: /opt/airflow/dags/hello_jupyter_dag.py
Traceback (most recent call last):
  File "/home/airflow/.local/lib/python3.12/site-packages/airflow/models/dagbag.py", line 351, in parse
    loader.exec_module(new_module)
  File "<frozen importlib._bootstrap_external>", line 995, in exec_module
  File "<frozen importlib._bootstrap>", line 488, in _call_with_frames_removed
  File "/opt/airflow/dags/hello_jupyter_dag.py", line 9, in <module>
    default_args = {{
                   ^^
TypeError: unhashable type: 'dict'
[2024-10-21T08:14:42.264+0000] {processor.py:842} WARNING - No viable dags retrieved from /opt/airflow/dags/hello_jupyter_dag.py
[2024-10-21T08:14:42.278+0000] {processor.py:183} INFO - Processing /opt/airflow/dags/hello_jupyter_dag.py took 0.022 seconds
[2024-10-21T08:15:12.419+0000] {processor.py:161} INFO - Started process (PID=330) to work on /opt/airflow/dags/hello_jupyter_dag.py
[2024-10-21T08:15:12.421+0000] {processor.py:830} INFO - Processing file /opt/airflow/dags/hello_jupyter_dag.py for tasks to queue
[2024-10-21T08:15:12.421+0000] {logging_mixin.py:188} INFO - [2024-10-21T08:15:12.421+0000] {dagbag.py:545} INFO - Filling up the DagBag from /opt/airflow/dags/hello_jupyter_dag.py
[2024-10-21T08:15:12.423+0000] {logging_mixin.py:188} INFO - [2024-10-21T08:15:12.423+0000] {dagbag.py:355} ERROR - Failed to import: /opt/airflow/dags/hello_jupyter_dag.py
Traceback (most recent call last):
  File "/home/airflow/.local/lib/python3.12/site-packages/airflow/models/dagbag.py", line 351, in parse
    loader.exec_module(new_module)
  File "<frozen importlib._bootstrap_external>", line 995, in exec_module
  File "<frozen importlib._bootstrap>", line 488, in _call_with_frames_removed
  File "/opt/airflow/dags/hello_jupyter_dag.py", line 9, in <module>
    default_args = {{
                   ^^
TypeError: unhashable type: 'dict'
[2024-10-21T08:15:12.424+0000] {processor.py:842} WARNING - No viable dags retrieved from /opt/airflow/dags/hello_jupyter_dag.py
[2024-10-21T08:15:12.437+0000] {processor.py:183} INFO - Processing /opt/airflow/dags/hello_jupyter_dag.py took 0.021 seconds
[2024-10-21T08:23:12.586+0000] {processor.py:161} INFO - Started process (PID=437) to work on /opt/airflow/dags/hello_jupyter_dag.py
[2024-10-21T08:23:12.587+0000] {processor.py:830} INFO - Processing file /opt/airflow/dags/hello_jupyter_dag.py for tasks to queue
[2024-10-21T08:23:12.588+0000] {logging_mixin.py:188} INFO - [2024-10-21T08:23:12.588+0000] {dagbag.py:545} INFO - Filling up the DagBag from /opt/airflow/dags/hello_jupyter_dag.py
[2024-10-21T08:23:12.596+0000] {processor.py:840} INFO - DAG(s) 'hello_jupyter_dag' retrieved from /opt/airflow/dags/hello_jupyter_dag.py
[2024-10-21T08:23:12.682+0000] {logging_mixin.py:188} INFO - [2024-10-21T08:23:12.681+0000] {override.py:1829} INFO - Created Permission View: can delete on DAG:hello_jupyter_dag
[2024-10-21T08:23:12.688+0000] {logging_mixin.py:188} INFO - [2024-10-21T08:23:12.687+0000] {override.py:1829} INFO - Created Permission View: can read on DAG:hello_jupyter_dag
[2024-10-21T08:23:12.692+0000] {logging_mixin.py:188} INFO - [2024-10-21T08:23:12.692+0000] {override.py:1829} INFO - Created Permission View: can edit on DAG:hello_jupyter_dag
[2024-10-21T08:23:12.692+0000] {logging_mixin.py:188} INFO - [2024-10-21T08:23:12.692+0000] {dag.py:3096} INFO - Sync 1 DAGs
[2024-10-21T08:23:12.700+0000] {logging_mixin.py:188} INFO - [2024-10-21T08:23:12.699+0000] {dag.py:3118} INFO - Creating ORM DAG for hello_jupyter_dag
[2024-10-21T08:23:12.706+0000] {logging_mixin.py:188} INFO - [2024-10-21T08:23:12.706+0000] {dag.py:3954} INFO - Setting next_dagrun for hello_jupyter_dag to 2023-10-21 00:00:00+00:00, run_after=2023-10-21 00:00:00+00:00
[2024-10-21T08:23:12.719+0000] {processor.py:183} INFO - Processing /opt/airflow/dags/hello_jupyter_dag.py took 0.137 seconds
[2024-10-21T08:23:42.764+0000] {processor.py:161} INFO - Started process (PID=451) to work on /opt/airflow/dags/hello_jupyter_dag.py
[2024-10-21T08:23:42.765+0000] {processor.py:830} INFO - Processing file /opt/airflow/dags/hello_jupyter_dag.py for tasks to queue
[2024-10-21T08:23:42.766+0000] {logging_mixin.py:188} INFO - [2024-10-21T08:23:42.766+0000] {dagbag.py:545} INFO - Filling up the DagBag from /opt/airflow/dags/hello_jupyter_dag.py
[2024-10-21T08:23:42.776+0000] {processor.py:840} INFO - DAG(s) 'hello_jupyter_dag' retrieved from /opt/airflow/dags/hello_jupyter_dag.py
[2024-10-21T08:23:42.800+0000] {logging_mixin.py:188} INFO - [2024-10-21T08:23:42.800+0000] {dag.py:3096} INFO - Sync 1 DAGs
[2024-10-21T08:23:42.821+0000] {logging_mixin.py:188} INFO - [2024-10-21T08:23:42.821+0000] {dag.py:3954} INFO - Setting next_dagrun for hello_jupyter_dag to 2023-10-21 00:00:00+00:00, run_after=2023-10-21 00:00:00+00:00
[2024-10-21T08:23:42.838+0000] {processor.py:183} INFO - Processing /opt/airflow/dags/hello_jupyter_dag.py took 0.080 seconds
[2024-10-21T08:24:12.894+0000] {processor.py:161} INFO - Started process (PID=459) to work on /opt/airflow/dags/hello_jupyter_dag.py
[2024-10-21T08:24:12.895+0000] {processor.py:830} INFO - Processing file /opt/airflow/dags/hello_jupyter_dag.py for tasks to queue
[2024-10-21T08:24:12.896+0000] {logging_mixin.py:188} INFO - [2024-10-21T08:24:12.895+0000] {dagbag.py:545} INFO - Filling up the DagBag from /opt/airflow/dags/hello_jupyter_dag.py
[2024-10-21T08:24:12.902+0000] {processor.py:840} INFO - DAG(s) 'hello_jupyter_dag' retrieved from /opt/airflow/dags/hello_jupyter_dag.py
[2024-10-21T08:24:12.920+0000] {logging_mixin.py:188} INFO - [2024-10-21T08:24:12.920+0000] {dag.py:3096} INFO - Sync 1 DAGs
[2024-10-21T08:24:12.935+0000] {logging_mixin.py:188} INFO - [2024-10-21T08:24:12.935+0000] {dag.py:3954} INFO - Setting next_dagrun for hello_jupyter_dag to 2023-10-21 00:00:00+00:00, run_after=2023-10-21 00:00:00+00:00
[2024-10-21T08:24:12.952+0000] {processor.py:183} INFO - Processing /opt/airflow/dags/hello_jupyter_dag.py took 0.063 seconds
[2024-10-21T08:24:43.094+0000] {processor.py:161} INFO - Started process (PID=467) to work on /opt/airflow/dags/hello_jupyter_dag.py
[2024-10-21T08:24:43.094+0000] {processor.py:830} INFO - Processing file /opt/airflow/dags/hello_jupyter_dag.py for tasks to queue
[2024-10-21T08:24:43.095+0000] {logging_mixin.py:188} INFO - [2024-10-21T08:24:43.095+0000] {dagbag.py:545} INFO - Filling up the DagBag from /opt/airflow/dags/hello_jupyter_dag.py
[2024-10-21T08:24:43.102+0000] {processor.py:840} INFO - DAG(s) 'hello_jupyter_dag' retrieved from /opt/airflow/dags/hello_jupyter_dag.py
[2024-10-21T08:24:43.120+0000] {logging_mixin.py:188} INFO - [2024-10-21T08:24:43.120+0000] {dag.py:3096} INFO - Sync 1 DAGs
[2024-10-21T08:24:43.136+0000] {logging_mixin.py:188} INFO - [2024-10-21T08:24:43.136+0000] {dag.py:3954} INFO - Setting next_dagrun for hello_jupyter_dag to 2023-10-21 00:00:00+00:00, run_after=2023-10-21 00:00:00+00:00
[2024-10-21T08:24:43.153+0000] {processor.py:183} INFO - Processing /opt/airflow/dags/hello_jupyter_dag.py took 0.064 seconds
[2024-10-21T08:25:13.278+0000] {processor.py:161} INFO - Started process (PID=475) to work on /opt/airflow/dags/hello_jupyter_dag.py
[2024-10-21T08:25:13.279+0000] {processor.py:830} INFO - Processing file /opt/airflow/dags/hello_jupyter_dag.py for tasks to queue
[2024-10-21T08:25:13.280+0000] {logging_mixin.py:188} INFO - [2024-10-21T08:25:13.279+0000] {dagbag.py:545} INFO - Filling up the DagBag from /opt/airflow/dags/hello_jupyter_dag.py
[2024-10-21T08:25:13.286+0000] {processor.py:840} INFO - DAG(s) 'hello_jupyter_dag' retrieved from /opt/airflow/dags/hello_jupyter_dag.py
[2024-10-21T08:25:13.304+0000] {logging_mixin.py:188} INFO - [2024-10-21T08:25:13.304+0000] {dag.py:3096} INFO - Sync 1 DAGs
[2024-10-21T08:25:13.320+0000] {logging_mixin.py:188} INFO - [2024-10-21T08:25:13.320+0000] {dag.py:3954} INFO - Setting next_dagrun for hello_jupyter_dag to 2023-10-21 00:00:00+00:00, run_after=2023-10-21 00:00:00+00:00
[2024-10-21T08:25:13.336+0000] {processor.py:183} INFO - Processing /opt/airflow/dags/hello_jupyter_dag.py took 0.063 seconds
[2024-10-21T08:25:43.477+0000] {processor.py:161} INFO - Started process (PID=483) to work on /opt/airflow/dags/hello_jupyter_dag.py
[2024-10-21T08:25:43.477+0000] {processor.py:830} INFO - Processing file /opt/airflow/dags/hello_jupyter_dag.py for tasks to queue
[2024-10-21T08:25:43.478+0000] {logging_mixin.py:188} INFO - [2024-10-21T08:25:43.478+0000] {dagbag.py:545} INFO - Filling up the DagBag from /opt/airflow/dags/hello_jupyter_dag.py
[2024-10-21T08:25:43.484+0000] {processor.py:840} INFO - DAG(s) 'hello_jupyter_dag' retrieved from /opt/airflow/dags/hello_jupyter_dag.py
[2024-10-21T08:25:43.502+0000] {logging_mixin.py:188} INFO - [2024-10-21T08:25:43.502+0000] {dag.py:3096} INFO - Sync 1 DAGs
[2024-10-21T08:25:43.517+0000] {logging_mixin.py:188} INFO - [2024-10-21T08:25:43.517+0000] {dag.py:3954} INFO - Setting next_dagrun for hello_jupyter_dag to 2023-10-21 00:00:00+00:00, run_after=2023-10-21 00:00:00+00:00
[2024-10-21T08:25:43.535+0000] {processor.py:183} INFO - Processing /opt/airflow/dags/hello_jupyter_dag.py took 0.062 seconds
[2024-10-21T08:26:13.662+0000] {processor.py:161} INFO - Started process (PID=491) to work on /opt/airflow/dags/hello_jupyter_dag.py
[2024-10-21T08:26:13.663+0000] {processor.py:830} INFO - Processing file /opt/airflow/dags/hello_jupyter_dag.py for tasks to queue
[2024-10-21T08:26:13.664+0000] {logging_mixin.py:188} INFO - [2024-10-21T08:26:13.663+0000] {dagbag.py:545} INFO - Filling up the DagBag from /opt/airflow/dags/hello_jupyter_dag.py
[2024-10-21T08:26:13.670+0000] {processor.py:840} INFO - DAG(s) 'hello_jupyter_dag' retrieved from /opt/airflow/dags/hello_jupyter_dag.py
[2024-10-21T08:26:13.688+0000] {logging_mixin.py:188} INFO - [2024-10-21T08:26:13.688+0000] {dag.py:3096} INFO - Sync 1 DAGs
[2024-10-21T08:26:13.703+0000] {logging_mixin.py:188} INFO - [2024-10-21T08:26:13.703+0000] {dag.py:3954} INFO - Setting next_dagrun for hello_jupyter_dag to 2023-10-21 00:00:00+00:00, run_after=2023-10-21 00:00:00+00:00
[2024-10-21T08:26:13.720+0000] {processor.py:183} INFO - Processing /opt/airflow/dags/hello_jupyter_dag.py took 0.062 seconds
[2024-10-21T08:26:43.848+0000] {processor.py:161} INFO - Started process (PID=499) to work on /opt/airflow/dags/hello_jupyter_dag.py
[2024-10-21T08:26:43.848+0000] {processor.py:830} INFO - Processing file /opt/airflow/dags/hello_jupyter_dag.py for tasks to queue
[2024-10-21T08:26:43.849+0000] {logging_mixin.py:188} INFO - [2024-10-21T08:26:43.849+0000] {dagbag.py:545} INFO - Filling up the DagBag from /opt/airflow/dags/hello_jupyter_dag.py
[2024-10-21T08:26:43.855+0000] {processor.py:840} INFO - DAG(s) 'hello_jupyter_dag' retrieved from /opt/airflow/dags/hello_jupyter_dag.py
[2024-10-21T08:26:43.873+0000] {logging_mixin.py:188} INFO - [2024-10-21T08:26:43.873+0000] {dag.py:3096} INFO - Sync 1 DAGs
[2024-10-21T08:26:43.888+0000] {logging_mixin.py:188} INFO - [2024-10-21T08:26:43.888+0000] {dag.py:3954} INFO - Setting next_dagrun for hello_jupyter_dag to 2023-10-21 00:00:00+00:00, run_after=2023-10-21 00:00:00+00:00
[2024-10-21T08:26:43.903+0000] {processor.py:183} INFO - Processing /opt/airflow/dags/hello_jupyter_dag.py took 0.059 seconds
[2024-10-21T08:27:14.027+0000] {processor.py:161} INFO - Started process (PID=507) to work on /opt/airflow/dags/hello_jupyter_dag.py
[2024-10-21T08:27:14.028+0000] {processor.py:830} INFO - Processing file /opt/airflow/dags/hello_jupyter_dag.py for tasks to queue
[2024-10-21T08:27:14.028+0000] {logging_mixin.py:188} INFO - [2024-10-21T08:27:14.028+0000] {dagbag.py:545} INFO - Filling up the DagBag from /opt/airflow/dags/hello_jupyter_dag.py
[2024-10-21T08:27:14.035+0000] {processor.py:840} INFO - DAG(s) 'hello_jupyter_dag' retrieved from /opt/airflow/dags/hello_jupyter_dag.py
[2024-10-21T08:27:14.053+0000] {logging_mixin.py:188} INFO - [2024-10-21T08:27:14.052+0000] {dag.py:3096} INFO - Sync 1 DAGs
[2024-10-21T08:27:14.068+0000] {logging_mixin.py:188} INFO - [2024-10-21T08:27:14.068+0000] {dag.py:3954} INFO - Setting next_dagrun for hello_jupyter_dag to 2023-10-21 00:00:00+00:00, run_after=2023-10-21 00:00:00+00:00
[2024-10-21T08:27:14.085+0000] {processor.py:183} INFO - Processing /opt/airflow/dags/hello_jupyter_dag.py took 0.062 seconds
[2024-10-21T08:27:44.205+0000] {processor.py:161} INFO - Started process (PID=515) to work on /opt/airflow/dags/hello_jupyter_dag.py
[2024-10-21T08:27:44.206+0000] {processor.py:830} INFO - Processing file /opt/airflow/dags/hello_jupyter_dag.py for tasks to queue
[2024-10-21T08:27:44.207+0000] {logging_mixin.py:188} INFO - [2024-10-21T08:27:44.206+0000] {dagbag.py:545} INFO - Filling up the DagBag from /opt/airflow/dags/hello_jupyter_dag.py
[2024-10-21T08:27:44.215+0000] {processor.py:840} INFO - DAG(s) 'hello_jupyter_dag' retrieved from /opt/airflow/dags/hello_jupyter_dag.py
[2024-10-21T08:27:44.232+0000] {logging_mixin.py:188} INFO - [2024-10-21T08:27:44.232+0000] {dag.py:3096} INFO - Sync 1 DAGs
[2024-10-21T08:27:44.247+0000] {logging_mixin.py:188} INFO - [2024-10-21T08:27:44.247+0000] {dag.py:3954} INFO - Setting next_dagrun for hello_jupyter_dag to 2023-10-21 00:00:00+00:00, run_after=2023-10-21 00:00:00+00:00
[2024-10-21T08:27:44.259+0000] {processor.py:183} INFO - Processing /opt/airflow/dags/hello_jupyter_dag.py took 0.059 seconds
[2024-10-21T08:28:14.412+0000] {processor.py:161} INFO - Started process (PID=524) to work on /opt/airflow/dags/hello_jupyter_dag.py
[2024-10-21T08:28:14.413+0000] {processor.py:830} INFO - Processing file /opt/airflow/dags/hello_jupyter_dag.py for tasks to queue
[2024-10-21T08:28:14.414+0000] {logging_mixin.py:188} INFO - [2024-10-21T08:28:14.414+0000] {dagbag.py:545} INFO - Filling up the DagBag from /opt/airflow/dags/hello_jupyter_dag.py
[2024-10-21T08:28:14.421+0000] {processor.py:840} INFO - DAG(s) 'hello_jupyter_dag' retrieved from /opt/airflow/dags/hello_jupyter_dag.py
[2024-10-21T08:28:14.430+0000] {logging_mixin.py:188} INFO - [2024-10-21T08:28:14.430+0000] {dag.py:3096} INFO - Sync 1 DAGs
[2024-10-21T08:28:14.445+0000] {logging_mixin.py:188} INFO - [2024-10-21T08:28:14.445+0000] {dag.py:3954} INFO - Setting next_dagrun for hello_jupyter_dag to 2023-10-21 00:00:00+00:00, run_after=2023-10-21 00:00:00+00:00
[2024-10-21T08:28:14.459+0000] {processor.py:183} INFO - Processing /opt/airflow/dags/hello_jupyter_dag.py took 0.051 seconds
[2024-10-21T08:28:44.594+0000] {processor.py:161} INFO - Started process (PID=533) to work on /opt/airflow/dags/hello_jupyter_dag.py
[2024-10-21T08:28:44.594+0000] {processor.py:830} INFO - Processing file /opt/airflow/dags/hello_jupyter_dag.py for tasks to queue
[2024-10-21T08:28:44.595+0000] {logging_mixin.py:188} INFO - [2024-10-21T08:28:44.594+0000] {dagbag.py:545} INFO - Filling up the DagBag from /opt/airflow/dags/hello_jupyter_dag.py
[2024-10-21T08:28:44.601+0000] {processor.py:840} INFO - DAG(s) 'hello_jupyter_dag' retrieved from /opt/airflow/dags/hello_jupyter_dag.py
[2024-10-21T08:28:44.677+0000] {logging_mixin.py:188} INFO - [2024-10-21T08:28:44.677+0000] {dag.py:3096} INFO - Sync 1 DAGs
[2024-10-21T08:28:44.690+0000] {logging_mixin.py:188} INFO - [2024-10-21T08:28:44.690+0000] {dag.py:3954} INFO - Setting next_dagrun for hello_jupyter_dag to 2023-10-21 00:00:00+00:00, run_after=2023-10-21 00:00:00+00:00
[2024-10-21T08:28:44.707+0000] {processor.py:183} INFO - Processing /opt/airflow/dags/hello_jupyter_dag.py took 0.118 seconds
[2024-10-21T08:29:07.750+0000] {processor.py:161} INFO - Started process (PID=535) to work on /opt/airflow/dags/hello_jupyter_dag.py
[2024-10-21T08:29:07.751+0000] {processor.py:830} INFO - Processing file /opt/airflow/dags/hello_jupyter_dag.py for tasks to queue
[2024-10-21T08:29:07.751+0000] {logging_mixin.py:188} INFO - [2024-10-21T08:29:07.751+0000] {dagbag.py:545} INFO - Filling up the DagBag from /opt/airflow/dags/hello_jupyter_dag.py
[2024-10-21T08:29:07.758+0000] {processor.py:840} INFO - DAG(s) 'test_hello_airflow_dag' retrieved from /opt/airflow/dags/hello_jupyter_dag.py
[2024-10-21T08:29:07.838+0000] {logging_mixin.py:188} INFO - [2024-10-21T08:29:07.837+0000] {override.py:1829} INFO - Created Permission View: can delete on DAG:test_hello_airflow_dag
[2024-10-21T08:29:07.846+0000] {logging_mixin.py:188} INFO - [2024-10-21T08:29:07.845+0000] {override.py:1829} INFO - Created Permission View: can read on DAG:test_hello_airflow_dag
[2024-10-21T08:29:07.851+0000] {logging_mixin.py:188} INFO - [2024-10-21T08:29:07.851+0000] {override.py:1829} INFO - Created Permission View: can edit on DAG:test_hello_airflow_dag
[2024-10-21T08:29:07.851+0000] {logging_mixin.py:188} INFO - [2024-10-21T08:29:07.851+0000] {dag.py:3096} INFO - Sync 1 DAGs
[2024-10-21T08:29:07.859+0000] {logging_mixin.py:188} INFO - [2024-10-21T08:29:07.859+0000] {dag.py:3118} INFO - Creating ORM DAG for test_hello_airflow_dag
[2024-10-21T08:29:07.865+0000] {logging_mixin.py:188} INFO - [2024-10-21T08:29:07.865+0000] {dag.py:3954} INFO - Setting next_dagrun for test_hello_airflow_dag to 2024-10-21 00:00:00+00:00, run_after=2024-10-22 00:00:00+00:00
[2024-10-21T08:29:07.878+0000] {processor.py:183} INFO - Processing /opt/airflow/dags/hello_jupyter_dag.py took 0.133 seconds
[2024-10-21T08:29:37.966+0000] {processor.py:161} INFO - Started process (PID=544) to work on /opt/airflow/dags/hello_jupyter_dag.py
[2024-10-21T08:29:37.967+0000] {processor.py:830} INFO - Processing file /opt/airflow/dags/hello_jupyter_dag.py for tasks to queue
[2024-10-21T08:29:37.968+0000] {logging_mixin.py:188} INFO - [2024-10-21T08:29:37.967+0000] {dagbag.py:545} INFO - Filling up the DagBag from /opt/airflow/dags/hello_jupyter_dag.py
[2024-10-21T08:29:37.974+0000] {processor.py:840} INFO - DAG(s) 'test_hello_airflow_dag' retrieved from /opt/airflow/dags/hello_jupyter_dag.py
[2024-10-21T08:29:37.992+0000] {logging_mixin.py:188} INFO - [2024-10-21T08:29:37.992+0000] {dag.py:3096} INFO - Sync 1 DAGs
[2024-10-21T08:29:38.008+0000] {logging_mixin.py:188} INFO - [2024-10-21T08:29:38.007+0000] {dag.py:3954} INFO - Setting next_dagrun for test_hello_airflow_dag to 2024-10-21 00:00:00+00:00, run_after=2024-10-22 00:00:00+00:00
[2024-10-21T08:29:38.024+0000] {processor.py:183} INFO - Processing /opt/airflow/dags/hello_jupyter_dag.py took 0.062 seconds
[2024-10-21T08:30:08.211+0000] {processor.py:161} INFO - Started process (PID=553) to work on /opt/airflow/dags/hello_jupyter_dag.py
[2024-10-21T08:30:08.212+0000] {processor.py:830} INFO - Processing file /opt/airflow/dags/hello_jupyter_dag.py for tasks to queue
[2024-10-21T08:30:08.212+0000] {logging_mixin.py:188} INFO - [2024-10-21T08:30:08.212+0000] {dagbag.py:545} INFO - Filling up the DagBag from /opt/airflow/dags/hello_jupyter_dag.py
[2024-10-21T08:30:08.218+0000] {processor.py:840} INFO - DAG(s) 'test_hello_airflow_dag' retrieved from /opt/airflow/dags/hello_jupyter_dag.py
[2024-10-21T08:30:08.236+0000] {logging_mixin.py:188} INFO - [2024-10-21T08:30:08.236+0000] {dag.py:3096} INFO - Sync 1 DAGs
[2024-10-21T08:30:08.252+0000] {logging_mixin.py:188} INFO - [2024-10-21T08:30:08.251+0000] {dag.py:3954} INFO - Setting next_dagrun for test_hello_airflow_dag to 2024-10-21 00:00:00+00:00, run_after=2024-10-22 00:00:00+00:00
[2024-10-21T08:30:08.269+0000] {processor.py:183} INFO - Processing /opt/airflow/dags/hello_jupyter_dag.py took 0.063 seconds
[2024-10-21T08:30:38.407+0000] {processor.py:161} INFO - Started process (PID=562) to work on /opt/airflow/dags/hello_jupyter_dag.py
[2024-10-21T08:30:38.409+0000] {processor.py:830} INFO - Processing file /opt/airflow/dags/hello_jupyter_dag.py for tasks to queue
[2024-10-21T08:30:38.409+0000] {logging_mixin.py:188} INFO - [2024-10-21T08:30:38.409+0000] {dagbag.py:545} INFO - Filling up the DagBag from /opt/airflow/dags/hello_jupyter_dag.py
[2024-10-21T08:30:38.418+0000] {processor.py:840} INFO - DAG(s) 'test_hello_airflow_dag' retrieved from /opt/airflow/dags/hello_jupyter_dag.py
[2024-10-21T08:30:38.445+0000] {logging_mixin.py:188} INFO - [2024-10-21T08:30:38.444+0000] {dag.py:3096} INFO - Sync 1 DAGs
[2024-10-21T08:30:38.462+0000] {logging_mixin.py:188} INFO - [2024-10-21T08:30:38.461+0000] {dag.py:3954} INFO - Setting next_dagrun for test_hello_airflow_dag to 2024-10-21 00:00:00+00:00, run_after=2024-10-22 00:00:00+00:00
[2024-10-21T08:30:38.474+0000] {processor.py:183} INFO - Processing /opt/airflow/dags/hello_jupyter_dag.py took 0.073 seconds
[2024-10-21T08:31:08.642+0000] {processor.py:161} INFO - Started process (PID=571) to work on /opt/airflow/dags/hello_jupyter_dag.py
[2024-10-21T08:31:08.643+0000] {processor.py:830} INFO - Processing file /opt/airflow/dags/hello_jupyter_dag.py for tasks to queue
[2024-10-21T08:31:08.644+0000] {logging_mixin.py:188} INFO - [2024-10-21T08:31:08.643+0000] {dagbag.py:545} INFO - Filling up the DagBag from /opt/airflow/dags/hello_jupyter_dag.py
[2024-10-21T08:31:08.650+0000] {processor.py:840} INFO - DAG(s) 'test_hello_airflow_dag' retrieved from /opt/airflow/dags/hello_jupyter_dag.py
[2024-10-21T08:31:08.668+0000] {logging_mixin.py:188} INFO - [2024-10-21T08:31:08.667+0000] {dag.py:3096} INFO - Sync 1 DAGs
[2024-10-21T08:31:08.683+0000] {logging_mixin.py:188} INFO - [2024-10-21T08:31:08.683+0000] {dag.py:3954} INFO - Setting next_dagrun for test_hello_airflow_dag to 2024-10-21 00:00:00+00:00, run_after=2024-10-22 00:00:00+00:00
[2024-10-21T08:31:08.699+0000] {processor.py:183} INFO - Processing /opt/airflow/dags/hello_jupyter_dag.py took 0.062 seconds
[2024-10-21T08:31:38.833+0000] {processor.py:161} INFO - Started process (PID=580) to work on /opt/airflow/dags/hello_jupyter_dag.py
[2024-10-21T08:31:38.834+0000] {processor.py:830} INFO - Processing file /opt/airflow/dags/hello_jupyter_dag.py for tasks to queue
[2024-10-21T08:31:38.834+0000] {logging_mixin.py:188} INFO - [2024-10-21T08:31:38.834+0000] {dagbag.py:545} INFO - Filling up the DagBag from /opt/airflow/dags/hello_jupyter_dag.py
[2024-10-21T08:31:38.841+0000] {processor.py:840} INFO - DAG(s) 'test_hello_airflow_dag' retrieved from /opt/airflow/dags/hello_jupyter_dag.py
[2024-10-21T08:31:38.860+0000] {logging_mixin.py:188} INFO - [2024-10-21T08:31:38.860+0000] {dag.py:3096} INFO - Sync 1 DAGs
[2024-10-21T08:31:38.875+0000] {logging_mixin.py:188} INFO - [2024-10-21T08:31:38.875+0000] {dag.py:3954} INFO - Setting next_dagrun for test_hello_airflow_dag to 2024-10-21 00:00:00+00:00, run_after=2024-10-22 00:00:00+00:00
[2024-10-21T08:31:38.887+0000] {processor.py:183} INFO - Processing /opt/airflow/dags/hello_jupyter_dag.py took 0.058 seconds
[2024-10-21T08:32:09.052+0000] {processor.py:161} INFO - Started process (PID=589) to work on /opt/airflow/dags/hello_jupyter_dag.py
[2024-10-21T08:32:09.053+0000] {processor.py:830} INFO - Processing file /opt/airflow/dags/hello_jupyter_dag.py for tasks to queue
[2024-10-21T08:32:09.054+0000] {logging_mixin.py:188} INFO - [2024-10-21T08:32:09.054+0000] {dagbag.py:545} INFO - Filling up the DagBag from /opt/airflow/dags/hello_jupyter_dag.py
[2024-10-21T08:32:09.061+0000] {processor.py:840} INFO - DAG(s) 'test_hello_airflow_dag' retrieved from /opt/airflow/dags/hello_jupyter_dag.py
[2024-10-21T08:32:09.078+0000] {logging_mixin.py:188} INFO - [2024-10-21T08:32:09.078+0000] {dag.py:3096} INFO - Sync 1 DAGs
[2024-10-21T08:32:09.093+0000] {logging_mixin.py:188} INFO - [2024-10-21T08:32:09.093+0000] {dag.py:3954} INFO - Setting next_dagrun for test_hello_airflow_dag to 2024-10-21 00:00:00+00:00, run_after=2024-10-22 00:00:00+00:00
[2024-10-21T08:32:09.105+0000] {processor.py:183} INFO - Processing /opt/airflow/dags/hello_jupyter_dag.py took 0.056 seconds
[2024-10-21T08:32:39.244+0000] {processor.py:161} INFO - Started process (PID=598) to work on /opt/airflow/dags/hello_jupyter_dag.py
[2024-10-21T08:32:39.246+0000] {processor.py:830} INFO - Processing file /opt/airflow/dags/hello_jupyter_dag.py for tasks to queue
[2024-10-21T08:32:39.246+0000] {logging_mixin.py:188} INFO - [2024-10-21T08:32:39.246+0000] {dagbag.py:545} INFO - Filling up the DagBag from /opt/airflow/dags/hello_jupyter_dag.py
[2024-10-21T08:32:39.254+0000] {processor.py:840} INFO - DAG(s) 'test_hello_airflow_dag' retrieved from /opt/airflow/dags/hello_jupyter_dag.py
[2024-10-21T08:32:39.328+0000] {logging_mixin.py:188} INFO - [2024-10-21T08:32:39.328+0000] {dag.py:3096} INFO - Sync 1 DAGs
[2024-10-21T08:32:39.336+0000] {logging_mixin.py:188} INFO - [2024-10-21T08:32:39.336+0000] {dag.py:3118} INFO - Creating ORM DAG for test_hello_airflow_dag
[2024-10-21T08:32:39.343+0000] {logging_mixin.py:188} INFO - [2024-10-21T08:32:39.343+0000] {dag.py:3954} INFO - Setting next_dagrun for test_hello_airflow_dag to 2024-10-21 00:00:00+00:00, run_after=2024-10-22 00:00:00+00:00
[2024-10-21T08:32:39.355+0000] {processor.py:183} INFO - Processing /opt/airflow/dags/hello_jupyter_dag.py took 0.116 seconds
