[2024-10-21T08:53:48.117+0000] {local_task_job_runner.py:120} INFO - ::group::Pre task execution logs
[2024-10-21T08:53:48.132+0000] {taskinstance.py:2076} INFO - Dependencies all met for dep_context=non-requeueable deps ti=<TaskInstance: gogo_dag.go scheduled__2023-10-21T00:00:00+00:00 [queued]>
[2024-10-21T08:53:48.137+0000] {taskinstance.py:2076} INFO - Dependencies all met for dep_context=requeueable deps ti=<TaskInstance: gogo_dag.go scheduled__2023-10-21T00:00:00+00:00 [queued]>
[2024-10-21T08:53:48.137+0000] {taskinstance.py:2306} INFO - Starting attempt 1 of 1
[2024-10-21T08:53:48.146+0000] {taskinstance.py:2330} INFO - Executing <Task(PythonOperator): go> on 2023-10-21 00:00:00+00:00
[2024-10-21T08:53:48.151+0000] {warnings.py:110} WARNING - /home/***/.local/lib/python3.12/site-packages/***/task/task_runner/standard_task_runner.py:61: DeprecationWarning: This process (pid=791) is multi-threaded, use of fork() may lead to deadlocks in the child.
  pid = os.fork()

[2024-10-21T08:53:48.152+0000] {standard_task_runner.py:63} INFO - Started process 792 to run task
[2024-10-21T08:53:48.152+0000] {standard_task_runner.py:90} INFO - Running: ['***', 'tasks', 'run', 'gogo_dag', 'go', 'scheduled__2023-10-21T00:00:00+00:00', '--job-id', '26', '--raw', '--subdir', 'DAGS_FOLDER/.ipynb_checkpoints/gogo-checkpoint.py', '--cfg-path', '/tmp/tmpe1u5sg7g']
[2024-10-21T08:53:48.153+0000] {standard_task_runner.py:91} INFO - Job 26: Subtask go
[2024-10-21T08:53:48.183+0000] {task_command.py:426} INFO - Running <TaskInstance: gogo_dag.go scheduled__2023-10-21T00:00:00+00:00 [running]> on host c9817c06c59a
[2024-10-21T08:53:48.232+0000] {taskinstance.py:2648} INFO - Exporting env vars: AIRFLOW_CTX_DAG_OWNER='***' AIRFLOW_CTX_DAG_ID='gogo_dag' AIRFLOW_CTX_TASK_ID='go' AIRFLOW_CTX_EXECUTION_DATE='2023-10-21T00:00:00+00:00' AIRFLOW_CTX_TRY_NUMBER='1' AIRFLOW_CTX_DAG_RUN_ID='scheduled__2023-10-21T00:00:00+00:00'
[2024-10-21T08:53:48.233+0000] {taskinstance.py:430} INFO - ::endgroup::
[2024-10-21T08:53:48.241+0000] {logging_mixin.py:188} INFO - go going
[2024-10-21T08:53:48.242+0000] {python.py:237} INFO - Done. Returned value was: None
[2024-10-21T08:53:48.242+0000] {taskinstance.py:441} INFO - ::group::Post task execution logs
[2024-10-21T08:53:48.248+0000] {taskinstance.py:1206} INFO - Marking task as SUCCESS. dag_id=gogo_dag, task_id=go, run_id=scheduled__2023-10-21T00:00:00+00:00, execution_date=20231021T000000, start_date=20241021T085348, end_date=20241021T085348
[2024-10-21T08:53:48.284+0000] {local_task_job_runner.py:240} INFO - Task exited with return code 0
[2024-10-21T08:53:48.299+0000] {taskinstance.py:3498} INFO - 0 downstream tasks scheduled from follow-on schedule check
[2024-10-21T08:53:48.300+0000] {local_task_job_runner.py:222} INFO - ::endgroup::
